13:52:54.367 [main                     ] DEBUG Logger               - Configured Logger
13:52:54.392 [main                     ] DEBUG GameApplication      - Logging settings
Title: Untitled
Version: 0.0
Width: 800
Height: 480
Fullscreen: false
Intro: false
Profiling: false
Single step:false
App Mode: DEVELOPER
Menu Key: ESCAPE
Stage Style: DECORATED
Scene Factory: class com.almasb.fxgl.app.scene.SceneFactory

13:52:54.687 [JavaFX Application Thread] DEBUG FXGLApplication      - Initializing FXGL
13:52:54.693 [JavaFX Application Thread] INFO  Engine               - FXGL-17.1 (24.03.2022 17.34) on WINDOWS (J:19.0.1 FX:19-ea)
13:52:54.693 [JavaFX Application Thread] DEBUG Engine               - JRE Vendor Name: Oracle Corporation
13:52:54.694 [JavaFX Application Thread] DEBUG Engine               - Running on OS: Windows 11 version 10.0
13:52:54.694 [JavaFX Application Thread] DEBUG Engine               - Architecture: amd64
13:52:54.694 [JavaFX Application Thread] INFO  Engine               - Source code and latest versions at: https://github.com/AlmasB/FXGL
13:52:54.694 [JavaFX Application Thread] INFO  Engine               -       Ask questions and discuss at: https://github.com/AlmasB/FXGL/discussions
13:52:54.694 [JavaFX Application Thread] INFO  Engine               -              Join the FXGL chat at: https://gitter.im/AlmasB/FXGL
13:52:54.780 [JavaFX Application Thread] DEBUG PrimaryStageWindow   - Creating a JavaFX scene
13:52:54.827 [JavaFX Application Thread] DEBUG PrimaryStageWindow   - Target settings size: 800.0 x 480.0
13:52:54.828 [JavaFX Application Thread] DEBUG PrimaryStageWindow   - Scaled scene size:    800.0 x 480.0
13:52:54.828 [JavaFX Application Thread] DEBUG PrimaryStageWindow   - Scaled ratio: (1.0, 1.0)
13:52:54.829 [JavaFX Application Thread] DEBUG PrimaryStageWindow   - Set initial scene to FXGLStartupScene
13:52:54.835 [JavaFX Application Thread] DEBUG PrimaryStageWindow   - Opening main window
13:52:54.922 [JavaFX Application Thread] DEBUG PrimaryStageWindow   - Window border size: (14.66668701171875, 37.33331298828125)
13:52:54.922 [JavaFX Application Thread] DEBUG PrimaryStageWindow   - Scaled size: 800.0 x 480.0
13:52:54.923 [JavaFX Application Thread] DEBUG PrimaryStageWindow   - Scaled ratio: (1.0, 1.0)
13:52:54.923 [JavaFX Application Thread] DEBUG PrimaryStageWindow   - Scene size: 800.0 x 480.0
13:52:54.923 [JavaFX Application Thread] DEBUG PrimaryStageWindow   - Stage size: 814.6666870117188 x 517.3333129882812
13:52:54.932 [FXGL Background Thread 1 ] DEBUG Engine               - Initializing environment variables
13:52:54.986 [FXGL Background Thread 1 ] DEBUG FXGLAssetLoaderServi - User app class for loading assets: class com.example.demo.PlantsApp
13:52:54.986 [FXGL Background Thread 1 ] DEBUG GameApplicationServi - Applying CSS: fxgl_dark.css
13:52:54.987 [FXGL Background Thread 1 ] DEBUG FXGLAssetLoaderServi - Loading from file system: jar:file:///C:/Users/tangu/.m2/repository/com/github/almasb/fxgl/17.1/fxgl-17.1.jar!/fxglassets/ui/css/fxgl_dark.css
13:52:55.032 [FXGL Background Thread 1 ] DEBUG GameApplicationServi - Initializing application scenes
13:52:55.073 [FXGL Background Thread 1 ] DEBUG GameWorld            - Game world initialized
13:52:55.149 [FXGL Background Thread 1 ] DEBUG PhysicsWorld         - Physics world initialized: appHeight=480, physics.ppm=50,0
13:52:55.149 [FXGL Background Thread 1 ] DEBUG PhysicsWorld         - Using strategy: BRUTE_FORCE
13:52:55.154 [FXGL Background Thread 1 ] DEBUG GameScene            - Game scene initialized: 800x480
13:52:55.167 [FXGL Background Thread 1 ] WARN  FXGL.DefaultMenu     - FXGLDefaultMenu is not designed for resolutions < 800x600
13:52:55.167 [FXGL Background Thread 1 ] DEBUG FXGL.DefaultMenu     - createMenuBodyGameMenu()
13:52:55.182 [FXGL Background Thread 1 ] DEBUG FXGL.DefaultMenu     - createOptionsMenu()
13:52:55.192 [FXGL Background Thread 1 ] DEBUG FXGLAssetLoaderServi - Loading from file system: jar:file:///C:/Users/tangu/.m2/repository/com/github/almasb/fxgl/17.1/fxgl-17.1.jar!/fxglassets/textures/particles/smoke.png
13:52:55.285 [FXGL Background Thread 1 ] DEBUG FXGLAssetLoaderServi - Loading from file system: jar:file:///C:/Users/tangu/.m2/repository/com/github/almasb/fxgl/17.1/fxgl-17.1.jar!/fxglassets/textures/particles/trace_horizontal.png
13:52:55.320 [FXGL Background Thread 1 ] DEBUG GameApplicationServi - Application scenes initialized
13:52:55.335 [FXGL Background Thread 1 ] DEBUG SystemBundleService  - Loading FXGL system data
13:52:55.339 [FXGL Background Thread 1 ] WARN  SystemBundleService  - Failed to load: java.io.FileNotFoundException: C:\Users\tangu\Desktop\Challengeweek\IPOSE_challengeweek\demo\system\fxgl.bundle (The system cannot find the file specified)
13:52:55.339 [FXGL Background Thread 1 ] DEBUG SystemBundleService  - Loading default FXGL system data
13:52:55.340 [FXGL Background Thread 1 ] DEBUG UpdaterService       - Checking for updates
13:52:55.345 [FXGL Background Thread 4 ] DEBUG FXGLApplication      - Loading fonts
13:52:55.345 [FXGL Background Thread 1 ] DEBUG FXGLApplication      - Loading default localization
13:52:55.346 [FXGL Background Thread 4 ] DEBUG FXGLAssetLoaderServi - Loading from file system: jar:file:///C:/Users/tangu/.m2/repository/com/github/almasb/fxgl/17.1/fxgl-17.1.jar!/fxglassets/ui/fonts/VarelaRound-Regular.ttf
13:52:55.346 [FXGL Background Thread 1 ] DEBUG FXGLAssetLoaderServi - Loading from file system: jar:file:///C:/Users/tangu/.m2/repository/com/github/almasb/fxgl/17.1/fxgl-17.1.jar!/fxglassets/languages/english.lang
13:52:55.366 [FXGL Background Thread 1 ] INFO  FXGLApplication      - FXGL initialization took: 0,435 sec
13:52:55.369 [JavaFX Application Thread] DEBUG FXGLAssetLoaderServi - Loading from file system: jar:file:///C:/Users/tangu/.m2/repository/com/github/almasb/fxgl/17.1/fxgl-17.1.jar!/fxglassets/textures/fxgl_icon.png
13:52:55.393 [JavaFX Application Thread] DEBUG FXGLAssetLoaderServi - Loading from file system: jar:file:///C:/Users/tangu/.m2/repository/com/github/almasb/fxgl/17.1/fxgl-17.1.jar!/fxglassets/textures/fxgl_default_cursor.png
13:52:55.407 [JavaFX Application Thread] DEBUG Input                - Registered new binding: Screenshot - CTRL+8
13:52:55.407 [JavaFX Application Thread] DEBUG Input                - Registered new binding: System info dump - CTRL+9
13:52:55.408 [JavaFX Application Thread] DEBUG Input                - Registered new binding: Restart - CTRL+R
13:52:55.409 [JavaFX Application Thread] DEBUG Input                - Registered new binding: Toggle Debug Camera - CTRL+7
13:52:55.411 [JavaFX Application Thread] DEBUG LoopRunner           - Starting loop
13:52:55.411 [JavaFX Application Thread] DEBUG LoopRunner           - Initializing JavaFX AnimationTimerLoop
13:52:55.413 [JavaFX Application Thread] DEBUG GameApplicationServi - Starting new game
13:52:55.413 [JavaFX Application Thread] DEBUG Input                - Clearing active input actions
13:52:55.424 [JavaFX Application Thread] DEBUG GameApplicationServi - Removing overlay from FXGLStartupScene and adding to FXGLLoadingScene
13:52:55.424 [JavaFX Application Thread] DEBUG PrimaryStageWindow   - FXGLStartupScene -> FXGLLoadingScene
13:52:55.424 [JavaFX Application Thread] DEBUG GameApplicationServi - Clearing previous game
13:52:55.425 [JavaFX Application Thread] DEBUG GameScene            - Clearing game scene
13:52:55.425 [JavaFX Application Thread] DEBUG GameWorld            - Clearing game world
13:52:55.425 [JavaFX Application Thread] DEBUG PhysicsWorld         - Clearing physics world
13:52:55.427 [FXGL Background Thread 1 ] DEBUG FXGLApplication      - Initializing game
13:52:55.433 [FXGL Background Thread 1 ] INFO  FXGLApplication      - Game initialization took: 0,006 sec
13:52:55.463 [JavaFX Application Thread] DEBUG Input                - Clearing active input actions
13:52:55.473 [JavaFX Application Thread] DEBUG GameApplicationServi - Removing overlay from FXGLLoadingScene and adding to GameScene
13:52:55.473 [JavaFX Application Thread] DEBUG PrimaryStageWindow   - FXGLLoadingScene -> GameScene
13:52:55.481 [FXGL Background Thread 4 ] DEBUG FXGLAssetLoaderServi - Loading from file system: jar:file:///C:/Users/tangu/.m2/repository/com/github/almasb/fxgl/17.1/fxgl-17.1.jar!/fxglassets/ui/fonts/Abel-Regular.ttf
13:52:55.493 [FXGL Background Thread 4 ] DEBUG FXGLAssetLoaderServi - Loading from file system: jar:file:///C:/Users/tangu/.m2/repository/com/github/almasb/fxgl/17.1/fxgl-17.1.jar!/fxglassets/ui/fonts/TerminalLandMono-Regular.otf
13:52:55.505 [FXGL Background Thread 4 ] DEBUG FXGLAssetLoaderServi - Loading from file system: jar:file:///C:/Users/tangu/.m2/repository/com/github/almasb/fxgl/17.1/fxgl-17.1.jar!/fxglassets/ui/fonts/Courier-Prime.ttf
13:52:55.616 [JavaFX Application Thread] DEBUG FXGLApplication      - Registering font factories with UI factory
13:52:55.746 [FXGL Background Thread 2 ] INFO  UpdaterService       - Your current version:  17.1
13:52:55.746 [FXGL Background Thread 2 ] INFO  UpdaterService       - Latest stable version: 17.3
13:52:58.344 [FXGL Background Thread 3 ] DEBUG Engine               - Logging environment variables
13:52:58.345 [FXGL Background Thread 3 ] DEBUG Engine               - achievements: []
13:52:58.345 [FXGL Background Thread 3 ] DEBUG Engine               - actualHeight: 480.0
13:52:58.345 [FXGL Background Thread 3 ] DEBUG Engine               - actualHeightProperty: ReadOnlyDoubleProperty [value: 480.0]
13:52:58.345 [FXGL Background Thread 3 ] DEBUG Engine               - actualWidth: 800.0
13:52:58.345 [FXGL Background Thread 3 ] DEBUG Engine               - actualWidthProperty: ReadOnlyDoubleProperty [value: 800.0]
13:52:58.345 [FXGL Background Thread 3 ] DEBUG Engine               - appIcon: fxgl_icon.png
13:52:58.345 [FXGL Background Thread 3 ] DEBUG Engine               - applicationMode: DEVELOPER
13:52:58.345 [FXGL Background Thread 3 ] DEBUG Engine               - cSSList: [fxgl_dark.css]
13:52:58.345 [FXGL Background Thread 3 ] DEBUG Engine               - collisionDetectionStrategy: BRUTE_FORCE
13:52:58.345 [FXGL Background Thread 3 ] DEBUG Engine               - configClass: Optional.empty
13:52:58.346 [FXGL Background Thread 3 ] DEBUG Engine               - credits: []
13:52:58.346 [FXGL Background Thread 3 ] DEBUG Engine               - defaultCursor: CursorInfo(imageName=fxgl_default_cursor.png, hotspotX=7.0, hotspotY=6.0)
13:52:58.346 [FXGL Background Thread 3 ] DEBUG Engine               - devBBoxColorProperty: ObjectProperty [value: 0xff0000ff]
13:52:58.346 [FXGL Background Thread 3 ] DEBUG Engine               - devEnableDebugCameraProperty: BooleanProperty [value: false]
13:52:58.346 [FXGL Background Thread 3 ] DEBUG Engine               - devSensorColorProperty: ObjectProperty [value: 0xffff00ff]
13:52:58.347 [FXGL Background Thread 3 ] DEBUG Engine               - devShowBBoxProperty: BooleanProperty [value: false]
13:52:58.347 [FXGL Background Thread 3 ] DEBUG Engine               - devShowPositionProperty: BooleanProperty [value: false]
13:52:58.347 [FXGL Background Thread 3 ] DEBUG Engine               - enabledMenuItems: []
13:52:58.347 [FXGL Background Thread 3 ] DEBUG Engine               - engineServices: [class com.almasb.fxgl.app.services.FXGLAssetLoaderService, class com.almasb.fxgl.app.FXGLApplication$GameApplicationService, class com.almasb.fxgl.app.services.FXGLDialogService, class com.almasb.fxgl.app.services.IOTaskExecutorService, class com.almasb.fxgl.io.FileSystemService, class com.almasb.fxgl.localization.LocalizationService, class com.almasb.fxgl.app.services.SystemBundleService, class com.almasb.fxgl.profile.SaveLoadService, class com.almasb.fxgl.ui.FXGLUIFactoryServiceProvider, class com.almasb.fxgl.ui.FXGLDialogFactoryServiceProvider, class com.almasb.fxgl.audio.AudioPlayer, class com.almasb.fxgl.notification.impl.NotificationServiceProvider, class com.almasb.fxgl.achievement.AchievementService, class com.almasb.fxgl.cutscene.CutsceneService, class com.almasb.fxgl.minigames.MiniGameService, class com.almasb.fxgl.net.NetService, class com.almasb.fxgl.app.services.UpdaterService, class com.almasb.fxgl.dev.DevService]
13:52:58.347 [FXGL Background Thread 3 ] DEBUG Engine               - fontGame: Abel-Regular.ttf
13:52:58.347 [FXGL Background Thread 3 ] DEBUG Engine               - fontMono: TerminalLandMono-Regular.otf
13:52:58.347 [FXGL Background Thread 3 ] DEBUG Engine               - fontText: Courier-Prime.ttf
13:52:58.347 [FXGL Background Thread 3 ] DEBUG Engine               - fontUI: VarelaRound-Regular.ttf
13:52:58.347 [FXGL Background Thread 3 ] DEBUG Engine               - fullScreen: BooleanProperty [value: false]
13:52:58.347 [FXGL Background Thread 3 ] DEBUG Engine               - gameDifficulty: MEDIUM
13:52:58.347 [FXGL Background Thread 3 ] DEBUG Engine               - gameDifficultyProperty: ObjectProperty [value: MEDIUM]
13:52:58.348 [FXGL Background Thread 3 ] DEBUG Engine               - globalMusicVolume: 0.5
13:52:58.348 [FXGL Background Thread 3 ] DEBUG Engine               - globalMusicVolumeProperty: DoubleProperty [value: 0.5]
13:52:58.348 [FXGL Background Thread 3 ] DEBUG Engine               - globalSoundVolume: 0.5
13:52:58.348 [FXGL Background Thread 3 ] DEBUG Engine               - globalSoundVolumeProperty: DoubleProperty [value: 0.5]
13:52:58.348 [FXGL Background Thread 3 ] DEBUG Engine               - height: 480
13:52:58.348 [FXGL Background Thread 3 ] DEBUG Engine               - is3D: false
13:52:58.348 [FXGL Background Thread 3 ] DEBUG Engine               - isAndroid: false
13:52:58.348 [FXGL Background Thread 3 ] DEBUG Engine               - isBrowser: false
13:52:58.348 [FXGL Background Thread 3 ] DEBUG Engine               - isClickFeedbackEnabled: false
13:52:58.348 [FXGL Background Thread 3 ] DEBUG Engine               - isCloseConfirmation: false
13:52:58.348 [FXGL Background Thread 3 ] DEBUG Engine               - isDesktop: true
13:52:58.349 [FXGL Background Thread 3 ] DEBUG Engine               - isDeveloperMenuEnabled: false
13:52:58.349 [FXGL Background Thread 3 ] DEBUG Engine               - isEmbedded: false
13:52:58.349 [FXGL Background Thread 3 ] DEBUG Engine               - isEntityPreloadEnabled: true
13:52:58.349 [FXGL Background Thread 3 ] DEBUG Engine               - isExperimentalTiledLargeMap: false
13:52:58.349 [FXGL Background Thread 3 ] DEBUG Engine               - isFileSystemWriteAllowed: true
13:52:58.349 [FXGL Background Thread 3 ] DEBUG Engine               - isFullScreenAllowed: false
13:52:58.349 [FXGL Background Thread 3 ] DEBUG Engine               - isFullScreenFromStart: false
13:52:58.349 [FXGL Background Thread 3 ] DEBUG Engine               - isGameMenuEnabled: true
13:52:58.349 [FXGL Background Thread 3 ] DEBUG Engine               - isIOS: false
13:52:58.349 [FXGL Background Thread 3 ] DEBUG Engine               - isIntroEnabled: false
13:52:58.349 [FXGL Background Thread 3 ] DEBUG Engine               - isLinux: false
13:52:58.349 [FXGL Background Thread 3 ] DEBUG Engine               - isMac: false
13:52:58.349 [FXGL Background Thread 3 ] DEBUG Engine               - isMainMenuEnabled: false
13:52:58.349 [FXGL Background Thread 3 ] DEBUG Engine               - isManualResizeEnabled: false
13:52:58.349 [FXGL Background Thread 3 ] DEBUG Engine               - isMobile: false
13:52:58.349 [FXGL Background Thread 3 ] DEBUG Engine               - isNative: false
13:52:58.350 [FXGL Background Thread 3 ] DEBUG Engine               - isPauseMusicWhenMinimized: true
13:52:58.350 [FXGL Background Thread 3 ] DEBUG Engine               - isPreserveResizeRatio: false
13:52:58.350 [FXGL Background Thread 3 ] DEBUG Engine               - isProfilingEnabled: false
13:52:58.350 [FXGL Background Thread 3 ] DEBUG Engine               - isScaleAffectedOnResize: true
13:52:58.350 [FXGL Background Thread 3 ] DEBUG Engine               - isSingleStep: false
13:52:58.350 [FXGL Background Thread 3 ] DEBUG Engine               - isUserProfileEnabled: false
13:52:58.350 [FXGL Background Thread 3 ] DEBUG Engine               - isWindows: true
13:52:58.350 [FXGL Background Thread 3 ] DEBUG Engine               - language: ObjectProperty [value: ENGLISH]
13:52:58.350 [FXGL Background Thread 3 ] DEBUG Engine               - menuKey: ESCAPE
13:52:58.350 [FXGL Background Thread 3 ] DEBUG Engine               - mouseSensitivity: 0.2
13:52:58.350 [FXGL Background Thread 3 ] DEBUG Engine               - notificationViewClass: class com.almasb.fxgl.notification.view.XboxNotificationView
13:52:58.350 [FXGL Background Thread 3 ] DEBUG Engine               - pixelsPerMeter: 50.0
13:52:58.350 [FXGL Background Thread 3 ] DEBUG Engine               - platform: WINDOWS
13:52:58.351 [FXGL Background Thread 3 ] DEBUG Engine               - prefHeightProperty: ReadOnlyDoubleProperty [value: 480.0]
13:52:58.351 [FXGL Background Thread 3 ] DEBUG Engine               - prefWidthProperty: ReadOnlyDoubleProperty [value: 800.0]
13:52:58.351 [FXGL Background Thread 3 ] DEBUG Engine               - profileDir: profiles/
13:52:58.351 [FXGL Background Thread 3 ] DEBUG Engine               - profileName: StringProperty [value: DEFAULT]
13:52:58.351 [FXGL Background Thread 3 ] DEBUG Engine               - randomSeed: -1
13:52:58.351 [FXGL Background Thread 3 ] DEBUG Engine               - runtimeInfo: RuntimeInfo(platform=WINDOWS, version=17.1, build=24.03.2022 17.34)
13:52:58.351 [FXGL Background Thread 3 ] DEBUG Engine               - saveFileExt: sav
13:52:58.351 [FXGL Background Thread 3 ] DEBUG Engine               - scaledHeightProp$fxgl: DoubleProperty [bound, value: 480.0]
13:52:58.351 [FXGL Background Thread 3 ] DEBUG Engine               - scaledWidthProp$fxgl: DoubleProperty [bound, value: 800.0]
13:52:58.351 [FXGL Background Thread 3 ] DEBUG Engine               - sceneFactory: com.almasb.fxgl.app.scene.SceneFactory@36411ac
13:52:58.352 [FXGL Background Thread 3 ] DEBUG Engine               - secondsIn24h: 60
13:52:58.352 [FXGL Background Thread 3 ] DEBUG Engine               - soundMenuBack: menu/back.wav
13:52:58.352 [FXGL Background Thread 3 ] DEBUG Engine               - soundMenuPress: menu/press.wav
13:52:58.352 [FXGL Background Thread 3 ] DEBUG Engine               - soundMenuSelect: menu/select.wav
13:52:58.352 [FXGL Background Thread 3 ] DEBUG Engine               - soundNotification: core/notification.wav
13:52:58.352 [FXGL Background Thread 3 ] DEBUG Engine               - stageStyle: DECORATED
13:52:58.352 [FXGL Background Thread 3 ] DEBUG Engine               - supportedLanguages: [ENGLISH, FRENCH, GERMAN, HUNGARIAN, RUSSIAN]
13:52:58.352 [FXGL Background Thread 3 ] DEBUG Engine               - ticksPerSecond: -1
13:52:58.352 [FXGL Background Thread 3 ] DEBUG Engine               - title: Untitled
13:52:58.352 [FXGL Background Thread 3 ] DEBUG Engine               - urlGithub: https://github.com/AlmasB/FXGL
13:52:58.352 [FXGL Background Thread 3 ] DEBUG Engine               - urlLeaderboard: http://fxgl-top.herokuapp.com/
13:52:58.352 [FXGL Background Thread 3 ] DEBUG Engine               - urlPOM: https://raw.githubusercontent.com/AlmasB/FXGL/release/README.md
13:52:58.352 [FXGL Background Thread 3 ] DEBUG Engine               - userAppClass: class com.example.demo.PlantsApp
13:52:58.352 [FXGL Background Thread 3 ] DEBUG Engine               - version: 0.0
13:52:58.352 [FXGL Background Thread 3 ] DEBUG Engine               - versionCheckDays: 7
13:52:58.352 [FXGL Background Thread 3 ] DEBUG Engine               - width: 800
13:52:58.352 [FXGL Background Thread 3 ] DEBUG Engine               - Logging services
13:52:58.352 [FXGL Background Thread 3 ] DEBUG Engine               - class com.almasb.fxgl.app.services.FXGLAssetLoaderService
13:52:58.353 [FXGL Background Thread 3 ] DEBUG Engine               - class com.almasb.fxgl.app.FXGLApplication$GameApplicationService
13:52:58.353 [FXGL Background Thread 3 ] DEBUG Engine               - class com.almasb.fxgl.app.services.FXGLDialogService
13:52:58.353 [FXGL Background Thread 3 ] DEBUG Engine               - class com.almasb.fxgl.app.services.IOTaskExecutorService
13:52:58.353 [FXGL Background Thread 3 ] DEBUG Engine               - class com.almasb.fxgl.io.FileSystemService
13:52:58.353 [FXGL Background Thread 3 ] DEBUG Engine               - class com.almasb.fxgl.localization.LocalizationService
13:52:58.353 [FXGL Background Thread 3 ] DEBUG Engine               - class com.almasb.fxgl.app.services.SystemBundleService
13:52:58.353 [FXGL Background Thread 3 ] DEBUG Engine               - class com.almasb.fxgl.profile.SaveLoadService
13:52:58.353 [FXGL Background Thread 3 ] DEBUG Engine               - class com.almasb.fxgl.ui.FXGLUIFactoryServiceProvider
13:52:58.353 [FXGL Background Thread 3 ] DEBUG Engine               - class com.almasb.fxgl.ui.FXGLDialogFactoryServiceProvider
13:52:58.353 [FXGL Background Thread 3 ] DEBUG Engine               - class com.almasb.fxgl.audio.AudioPlayer
13:52:58.353 [FXGL Background Thread 3 ] DEBUG Engine               - class com.almasb.fxgl.notification.impl.NotificationServiceProvider
13:52:58.353 [FXGL Background Thread 3 ] DEBUG Engine               - class com.almasb.fxgl.achievement.AchievementService
13:52:58.353 [FXGL Background Thread 3 ] DEBUG Engine               - class com.almasb.fxgl.cutscene.CutsceneService
13:52:58.353 [FXGL Background Thread 3 ] DEBUG Engine               - class com.almasb.fxgl.minigames.MiniGameService
13:52:58.353 [FXGL Background Thread 3 ] DEBUG Engine               - class com.almasb.fxgl.net.NetService
13:52:58.353 [FXGL Background Thread 3 ] DEBUG Engine               - class com.almasb.fxgl.app.services.UpdaterService
13:52:58.353 [FXGL Background Thread 3 ] DEBUG Engine               - class com.almasb.fxgl.dev.DevService
13:53:02.288 [JavaFX Application Thread] DEBUG FXGLApplication      - Exiting FXGL
13:53:02.289 [JavaFX Application Thread] DEBUG LoopRunner           - Stopping loop
13:53:02.289 [JavaFX Application Thread] DEBUG SystemBundleService  - Saving FXGL system data
13:53:02.292 [JavaFX Application Thread] DEBUG FileSystemAccess     - Writing to: C:\Users\tangu\Desktop\Challengeweek\IPOSE_challengeweek\demo\system\fxgl.bundle
13:53:02.302 [JavaFX Application Thread] DEBUG Async                - Shutting down background threads
13:53:02.302 [JavaFX Application Thread] DEBUG PrimaryStageWindow   - Closing main window
13:53:02.325 [JavaFX Application Thread] DEBUG Logger               - Closing Logger
