15:58:42.626 [main                     ] DEBUG Logger               - Configured Logger
15:58:42.655 [main                     ] DEBUG GameApplication      - Logging settings
Title: Untitled
Version: 0.0
Width: 1280
Height: 640
Fullscreen: false
Intro: false
Profiling: false
Single step:false
App Mode: DEVELOPER
Menu Key: ESCAPE
Stage Style: DECORATED
Scene Factory: class com.almasb.fxgl.app.scene.SceneFactory

15:58:42.957 [JavaFX Application Thread] DEBUG FXGLApplication      - Initializing FXGL
15:58:42.962 [JavaFX Application Thread] INFO  Engine               - FXGL-17.1 (24.03.2022 17.34) on WINDOWS (J:19.0.1 FX:19-ea)
15:58:42.962 [JavaFX Application Thread] DEBUG Engine               - JRE Vendor Name: Oracle Corporation
15:58:42.963 [JavaFX Application Thread] DEBUG Engine               - Running on OS: Windows 11 version 10.0
15:58:42.963 [JavaFX Application Thread] DEBUG Engine               - Architecture: amd64
15:58:42.963 [JavaFX Application Thread] INFO  Engine               - Source code and latest versions at: https://github.com/AlmasB/FXGL
15:58:42.963 [JavaFX Application Thread] INFO  Engine               -       Ask questions and discuss at: https://github.com/AlmasB/FXGL/discussions
15:58:42.963 [JavaFX Application Thread] INFO  Engine               -              Join the FXGL chat at: https://gitter.im/AlmasB/FXGL
15:58:43.045 [JavaFX Application Thread] DEBUG PrimaryStageWindow   - Creating a JavaFX scene
15:58:43.090 [JavaFX Application Thread] DEBUG PrimaryStageWindow   - Target settings size: 1280.0 x 640.0
15:58:43.091 [JavaFX Application Thread] DEBUG PrimaryStageWindow   - Scaled scene size:    1280.0 x 640.0
15:58:43.091 [JavaFX Application Thread] DEBUG PrimaryStageWindow   - Scaled ratio: (1.0, 1.0)
15:58:43.092 [JavaFX Application Thread] DEBUG PrimaryStageWindow   - Set initial scene to FXGLStartupScene
15:58:43.098 [JavaFX Application Thread] DEBUG PrimaryStageWindow   - Opening main window
15:58:43.170 [JavaFX Application Thread] DEBUG PrimaryStageWindow   - Window border size: (14.6666259765625, 37.33331298828125)
15:58:43.170 [JavaFX Application Thread] DEBUG PrimaryStageWindow   - Scaled size: 1280.0 x 640.0
15:58:43.171 [JavaFX Application Thread] DEBUG PrimaryStageWindow   - Scaled ratio: (1.0, 1.0)
15:58:43.171 [JavaFX Application Thread] DEBUG PrimaryStageWindow   - Scene size: 1280.0 x 640.0
15:58:43.171 [JavaFX Application Thread] DEBUG PrimaryStageWindow   - Stage size: 1294.6666259765625 x 677.3333129882812
15:58:43.179 [FXGL Background Thread 1 ] DEBUG Engine               - Initializing environment variables
15:58:43.234 [FXGL Background Thread 1 ] DEBUG FXGLAssetLoaderServi - User app class for loading assets: class com.example.demo.PlantsApp
15:58:43.234 [FXGL Background Thread 1 ] DEBUG GameApplicationServi - Applying CSS: fxgl_dark.css
15:58:43.235 [FXGL Background Thread 1 ] DEBUG FXGLAssetLoaderServi - Loading from file system: jar:file:///C:/Users/tangu/.m2/repository/com/github/almasb/fxgl/17.1/fxgl-17.1.jar!/fxglassets/ui/css/fxgl_dark.css
15:58:43.281 [FXGL Background Thread 1 ] DEBUG GameApplicationServi - Initializing application scenes
15:58:43.344 [FXGL Background Thread 1 ] DEBUG GameWorld            - Game world initialized
15:58:43.426 [FXGL Background Thread 1 ] DEBUG PhysicsWorld         - Physics world initialized: appHeight=640, physics.ppm=50,0
15:58:43.426 [FXGL Background Thread 1 ] DEBUG PhysicsWorld         - Using strategy: BRUTE_FORCE
15:58:43.430 [FXGL Background Thread 1 ] DEBUG GameScene            - Game scene initialized: 1280x640
15:58:43.442 [FXGL Background Thread 1 ] DEBUG FXGL.DefaultMenu     - createMenuBodyGameMenu()
15:58:43.455 [FXGL Background Thread 1 ] DEBUG FXGL.DefaultMenu     - createOptionsMenu()
15:58:43.464 [FXGL Background Thread 1 ] DEBUG FXGLAssetLoaderServi - Loading from file system: jar:file:///C:/Users/tangu/.m2/repository/com/github/almasb/fxgl/17.1/fxgl-17.1.jar!/fxglassets/textures/particles/smoke.png
15:58:43.579 [FXGL Background Thread 1 ] DEBUG FXGLAssetLoaderServi - Loading from file system: jar:file:///C:/Users/tangu/.m2/repository/com/github/almasb/fxgl/17.1/fxgl-17.1.jar!/fxglassets/textures/particles/trace_horizontal.png
15:58:43.609 [FXGL Background Thread 1 ] DEBUG GameApplicationServi - Application scenes initialized
15:58:43.620 [FXGL Background Thread 1 ] DEBUG SystemBundleService  - Loading FXGL system data
15:58:43.624 [FXGL Background Thread 1 ] DEBUG FileSystemAccess     - Reading from: C:\Users\tangu\Desktop\Challengeweek\IPOSE_challengeweek\demo\system\fxgl.bundle
15:58:43.631 [FXGL Background Thread 1 ] DEBUG SystemBundleService  - Bundle FXGL: {}
15:58:43.631 [FXGL Background Thread 1 ] DEBUG UpdaterService       - Checking for updates
15:58:43.638 [FXGL Background Thread 4 ] DEBUG FXGLApplication      - Loading fonts
15:58:43.638 [FXGL Background Thread 4 ] DEBUG FXGLAssetLoaderServi - Loading from file system: jar:file:///C:/Users/tangu/.m2/repository/com/github/almasb/fxgl/17.1/fxgl-17.1.jar!/fxglassets/ui/fonts/VarelaRound-Regular.ttf
15:58:43.638 [FXGL Background Thread 1 ] DEBUG FXGLApplication      - Loading default localization
15:58:43.640 [FXGL Background Thread 1 ] DEBUG FXGLAssetLoaderServi - Loading from file system: jar:file:///C:/Users/tangu/.m2/repository/com/github/almasb/fxgl/17.1/fxgl-17.1.jar!/fxglassets/languages/english.lang
15:58:43.669 [FXGL Background Thread 1 ] INFO  FXGLApplication      - FXGL initialization took: 0,490 sec
15:58:43.681 [JavaFX Application Thread] DEBUG Input                - Registered new binding: action0 - D
15:58:43.681 [JavaFX Application Thread] DEBUG Input                - Registered new binding: action1 - A
15:58:43.682 [JavaFX Application Thread] DEBUG Input                - Registered new binding: action2 - W
15:58:43.682 [JavaFX Application Thread] DEBUG Input                - Registered new binding: action3 - S
15:58:43.683 [JavaFX Application Thread] DEBUG FXGLAssetLoaderServi - Loading from file system: jar:file:///C:/Users/tangu/.m2/repository/com/github/almasb/fxgl/17.1/fxgl-17.1.jar!/fxglassets/textures/fxgl_icon.png
15:58:43.702 [JavaFX Application Thread] DEBUG FXGLAssetLoaderServi - Loading from file system: jar:file:///C:/Users/tangu/.m2/repository/com/github/almasb/fxgl/17.1/fxgl-17.1.jar!/fxglassets/textures/fxgl_default_cursor.png
15:58:43.705 [JavaFX Application Thread] DEBUG Input                - Registered new binding: Screenshot - CTRL+8
15:58:43.705 [JavaFX Application Thread] DEBUG Input                - Registered new binding: System info dump - CTRL+9
15:58:43.706 [JavaFX Application Thread] DEBUG Input                - Registered new binding: Restart - CTRL+R
15:58:43.707 [JavaFX Application Thread] DEBUG Input                - Registered new binding: Toggle Debug Camera - CTRL+7
15:58:43.709 [JavaFX Application Thread] DEBUG LoopRunner           - Starting loop
15:58:43.709 [JavaFX Application Thread] DEBUG LoopRunner           - Initializing JavaFX AnimationTimerLoop
15:58:43.711 [JavaFX Application Thread] DEBUG GameApplicationServi - Starting new game
15:58:43.712 [JavaFX Application Thread] DEBUG Input                - Clearing active input actions
15:58:43.723 [JavaFX Application Thread] DEBUG GameApplicationServi - Removing overlay from FXGLStartupScene and adding to FXGLLoadingScene
15:58:43.724 [JavaFX Application Thread] DEBUG PrimaryStageWindow   - FXGLStartupScene -> FXGLLoadingScene
15:58:43.724 [JavaFX Application Thread] DEBUG GameApplicationServi - Clearing previous game
15:58:43.724 [JavaFX Application Thread] DEBUG GameScene            - Clearing game scene
15:58:43.724 [JavaFX Application Thread] DEBUG GameWorld            - Clearing game world
15:58:43.724 [JavaFX Application Thread] DEBUG PhysicsWorld         - Clearing physics world
15:58:43.726 [FXGL Background Thread 1 ] DEBUG FXGLApplication      - Initializing game
15:58:43.776 [FXGL Background Thread 4 ] DEBUG FXGLAssetLoaderServi - Loading from file system: jar:file:///C:/Users/tangu/.m2/repository/com/github/almasb/fxgl/17.1/fxgl-17.1.jar!/fxglassets/ui/fonts/Abel-Regular.ttf
15:58:43.791 [FXGL Background Thread 4 ] DEBUG FXGLAssetLoaderServi - Loading from file system: jar:file:///C:/Users/tangu/.m2/repository/com/github/almasb/fxgl/17.1/fxgl-17.1.jar!/fxglassets/ui/fonts/TerminalLandMono-Regular.otf
15:58:43.807 [FXGL Background Thread 1 ] WARN  TMXLevelLoader       - TiledMap generated from 1.10.1. Supported version: 1.4.2. Some features may not be parsed fully.
15:58:43.813 [FXGL Background Thread 4 ] DEBUG FXGLAssetLoaderServi - Loading from file system: jar:file:///C:/Users/tangu/.m2/repository/com/github/almasb/fxgl/17.1/fxgl-17.1.jar!/fxglassets/ui/fonts/Courier-Prime.ttf
15:58:43.816 [FXGL Background Thread 1 ] DEBUG TMXLevelLoader       - Parsed TiledMap: file:/C:/Users/tangu/Desktop/Challengeweek/IPOSE_challengeweek/demo/target/classes/assets/levels/grid.tmx
15:58:43.816 [FXGL Background Thread 1 ] DEBUG TMXLevelLoader       - Creating tile layer entities
15:58:43.818 [FXGL Background Thread 1 ] DEBUG TilesetLoader        - Loading view for layer Tile Layer 1
15:58:43.821 [FXGL Background Thread 1 ] DEBUG TilesetLoader        - Created buffer with size 1280.0x640.0
15:58:43.865 [JavaFX Application Thread] DEBUG FXGLApplication      - Registering font factories with UI factory
15:58:43.896 [FXGL Background Thread 1 ] DEBUG TMXLevelLoader       - Creating object layer entities
15:58:43.914 [FXGL Background Thread 1 ] DEBUG GameWorld            - Clearing removable entities
15:58:43.915 [FXGL Background Thread 1 ] DEBUG GameWorld            - Setting level: com.almasb.fxgl.entity.level.Level@475c3675
15:58:43.927 [FXGL Background Thread 1 ] INFO  FXGLApplication      - Game initialization took: 0,201 sec
15:58:43.936 [JavaFX Application Thread] DEBUG Input                - Clearing active input actions
15:58:43.950 [JavaFX Application Thread] DEBUG GameApplicationServi - Removing overlay from FXGLLoadingScene and adding to GameScene
15:58:43.950 [JavaFX Application Thread] DEBUG PrimaryStageWindow   - FXGLLoadingScene -> GameScene
15:58:44.034 [FXGL Background Thread 2 ] INFO  UpdaterService       - Your current version:  17.1
15:58:44.034 [FXGL Background Thread 2 ] INFO  UpdaterService       - Latest stable version: 17.3
15:58:46.636 [FXGL Background Thread 3 ] DEBUG Engine               - Logging environment variables
15:58:46.636 [FXGL Background Thread 3 ] DEBUG Engine               - achievements: []
15:58:46.636 [FXGL Background Thread 3 ] DEBUG Engine               - actualHeight: 640.0
15:58:46.636 [FXGL Background Thread 3 ] DEBUG Engine               - actualHeightProperty: ReadOnlyDoubleProperty [value: 640.0]
15:58:46.637 [FXGL Background Thread 3 ] DEBUG Engine               - actualWidth: 1280.0
15:58:46.637 [FXGL Background Thread 3 ] DEBUG Engine               - actualWidthProperty: ReadOnlyDoubleProperty [value: 1280.0]
15:58:46.637 [FXGL Background Thread 3 ] DEBUG Engine               - appIcon: fxgl_icon.png
15:58:46.637 [FXGL Background Thread 3 ] DEBUG Engine               - applicationMode: DEVELOPER
15:58:46.637 [FXGL Background Thread 3 ] DEBUG Engine               - cSSList: [fxgl_dark.css]
15:58:46.637 [FXGL Background Thread 3 ] DEBUG Engine               - collisionDetectionStrategy: BRUTE_FORCE
15:58:46.637 [FXGL Background Thread 3 ] DEBUG Engine               - configClass: Optional.empty
15:58:46.637 [FXGL Background Thread 3 ] DEBUG Engine               - credits: []
15:58:46.637 [FXGL Background Thread 3 ] DEBUG Engine               - defaultCursor: CursorInfo(imageName=fxgl_default_cursor.png, hotspotX=7.0, hotspotY=6.0)
15:58:46.637 [FXGL Background Thread 3 ] DEBUG Engine               - devBBoxColorProperty: ObjectProperty [value: 0xff0000ff]
15:58:46.637 [FXGL Background Thread 3 ] DEBUG Engine               - devEnableDebugCameraProperty: BooleanProperty [value: false]
15:58:46.637 [FXGL Background Thread 3 ] DEBUG Engine               - devSensorColorProperty: ObjectProperty [value: 0xffff00ff]
15:58:46.637 [FXGL Background Thread 3 ] DEBUG Engine               - devShowBBoxProperty: BooleanProperty [value: false]
15:58:46.637 [FXGL Background Thread 3 ] DEBUG Engine               - devShowPositionProperty: BooleanProperty [value: false]
15:58:46.638 [FXGL Background Thread 3 ] DEBUG Engine               - enabledMenuItems: []
15:58:46.638 [FXGL Background Thread 3 ] DEBUG Engine               - engineServices: [class com.almasb.fxgl.app.services.FXGLAssetLoaderService, class com.almasb.fxgl.app.FXGLApplication$GameApplicationService, class com.almasb.fxgl.app.services.FXGLDialogService, class com.almasb.fxgl.app.services.IOTaskExecutorService, class com.almasb.fxgl.io.FileSystemService, class com.almasb.fxgl.localization.LocalizationService, class com.almasb.fxgl.app.services.SystemBundleService, class com.almasb.fxgl.profile.SaveLoadService, class com.almasb.fxgl.ui.FXGLUIFactoryServiceProvider, class com.almasb.fxgl.ui.FXGLDialogFactoryServiceProvider, class com.almasb.fxgl.audio.AudioPlayer, class com.almasb.fxgl.notification.impl.NotificationServiceProvider, class com.almasb.fxgl.achievement.AchievementService, class com.almasb.fxgl.cutscene.CutsceneService, class com.almasb.fxgl.minigames.MiniGameService, class com.almasb.fxgl.net.NetService, class com.almasb.fxgl.app.services.UpdaterService, class com.almasb.fxgl.dev.DevService]
15:58:46.638 [FXGL Background Thread 3 ] DEBUG Engine               - fontGame: Abel-Regular.ttf
15:58:46.638 [FXGL Background Thread 3 ] DEBUG Engine               - fontMono: TerminalLandMono-Regular.otf
15:58:46.638 [FXGL Background Thread 3 ] DEBUG Engine               - fontText: Courier-Prime.ttf
15:58:46.638 [FXGL Background Thread 3 ] DEBUG Engine               - fontUI: VarelaRound-Regular.ttf
15:58:46.638 [FXGL Background Thread 3 ] DEBUG Engine               - fullScreen: BooleanProperty [value: false]
15:58:46.638 [FXGL Background Thread 3 ] DEBUG Engine               - gameDifficulty: MEDIUM
15:58:46.638 [FXGL Background Thread 3 ] DEBUG Engine               - gameDifficultyProperty: ObjectProperty [value: MEDIUM]
15:58:46.638 [FXGL Background Thread 3 ] DEBUG Engine               - globalMusicVolume: 0.5
15:58:46.638 [FXGL Background Thread 3 ] DEBUG Engine               - globalMusicVolumeProperty: DoubleProperty [value: 0.5]
15:58:46.638 [FXGL Background Thread 3 ] DEBUG Engine               - globalSoundVolume: 0.5
15:58:46.638 [FXGL Background Thread 3 ] DEBUG Engine               - globalSoundVolumeProperty: DoubleProperty [value: 0.5]
15:58:46.638 [FXGL Background Thread 3 ] DEBUG Engine               - height: 640
15:58:46.638 [FXGL Background Thread 3 ] DEBUG Engine               - is3D: false
15:58:46.638 [FXGL Background Thread 3 ] DEBUG Engine               - isAndroid: false
15:58:46.638 [FXGL Background Thread 3 ] DEBUG Engine               - isBrowser: false
15:58:46.638 [FXGL Background Thread 3 ] DEBUG Engine               - isClickFeedbackEnabled: false
15:58:46.638 [FXGL Background Thread 3 ] DEBUG Engine               - isCloseConfirmation: false
15:58:46.638 [FXGL Background Thread 3 ] DEBUG Engine               - isDesktop: true
15:58:46.638 [FXGL Background Thread 3 ] DEBUG Engine               - isDeveloperMenuEnabled: false
15:58:46.638 [FXGL Background Thread 3 ] DEBUG Engine               - isEmbedded: false
15:58:46.638 [FXGL Background Thread 3 ] DEBUG Engine               - isEntityPreloadEnabled: true
15:58:46.639 [FXGL Background Thread 3 ] DEBUG Engine               - isExperimentalTiledLargeMap: false
15:58:46.639 [FXGL Background Thread 3 ] DEBUG Engine               - isFileSystemWriteAllowed: true
15:58:46.639 [FXGL Background Thread 3 ] DEBUG Engine               - isFullScreenAllowed: false
15:58:46.639 [FXGL Background Thread 3 ] DEBUG Engine               - isFullScreenFromStart: false
15:58:46.639 [FXGL Background Thread 3 ] DEBUG Engine               - isGameMenuEnabled: true
15:58:46.639 [FXGL Background Thread 3 ] DEBUG Engine               - isIOS: false
15:58:46.639 [FXGL Background Thread 3 ] DEBUG Engine               - isIntroEnabled: false
15:58:46.639 [FXGL Background Thread 3 ] DEBUG Engine               - isLinux: false
15:58:46.639 [FXGL Background Thread 3 ] DEBUG Engine               - isMac: false
15:58:46.639 [FXGL Background Thread 3 ] DEBUG Engine               - isMainMenuEnabled: false
15:58:46.639 [FXGL Background Thread 3 ] DEBUG Engine               - isManualResizeEnabled: false
15:58:46.639 [FXGL Background Thread 3 ] DEBUG Engine               - isMobile: false
15:58:46.639 [FXGL Background Thread 3 ] DEBUG Engine               - isNative: false
15:58:46.639 [FXGL Background Thread 3 ] DEBUG Engine               - isPauseMusicWhenMinimized: true
15:58:46.639 [FXGL Background Thread 3 ] DEBUG Engine               - isPreserveResizeRatio: false
15:58:46.639 [FXGL Background Thread 3 ] DEBUG Engine               - isProfilingEnabled: false
15:58:46.639 [FXGL Background Thread 3 ] DEBUG Engine               - isScaleAffectedOnResize: true
15:58:46.639 [FXGL Background Thread 3 ] DEBUG Engine               - isSingleStep: false
15:58:46.639 [FXGL Background Thread 3 ] DEBUG Engine               - isUserProfileEnabled: false
15:58:46.639 [FXGL Background Thread 3 ] DEBUG Engine               - isWindows: true
15:58:46.640 [FXGL Background Thread 3 ] DEBUG Engine               - language: ObjectProperty [value: ENGLISH]
15:58:46.640 [FXGL Background Thread 3 ] DEBUG Engine               - menuKey: ESCAPE
15:58:46.640 [FXGL Background Thread 3 ] DEBUG Engine               - mouseSensitivity: 0.2
15:58:46.640 [FXGL Background Thread 3 ] DEBUG Engine               - notificationViewClass: class com.almasb.fxgl.notification.view.XboxNotificationView
15:58:46.640 [FXGL Background Thread 3 ] DEBUG Engine               - pixelsPerMeter: 50.0
15:58:46.640 [FXGL Background Thread 3 ] DEBUG Engine               - platform: WINDOWS
15:58:46.640 [FXGL Background Thread 3 ] DEBUG Engine               - prefHeightProperty: ReadOnlyDoubleProperty [value: 640.0]
15:58:46.640 [FXGL Background Thread 3 ] DEBUG Engine               - prefWidthProperty: ReadOnlyDoubleProperty [value: 1280.0]
15:58:46.640 [FXGL Background Thread 3 ] DEBUG Engine               - profileDir: profiles/
15:58:46.640 [FXGL Background Thread 3 ] DEBUG Engine               - profileName: StringProperty [value: DEFAULT]
15:58:46.640 [FXGL Background Thread 3 ] DEBUG Engine               - randomSeed: -1
15:58:46.641 [FXGL Background Thread 3 ] DEBUG Engine               - runtimeInfo: RuntimeInfo(platform=WINDOWS, version=17.1, build=24.03.2022 17.34)
15:58:46.641 [FXGL Background Thread 3 ] DEBUG Engine               - saveFileExt: sav
15:58:46.641 [FXGL Background Thread 3 ] DEBUG Engine               - scaledHeightProp$fxgl: DoubleProperty [bound, value: 640.0]
15:58:46.641 [FXGL Background Thread 3 ] DEBUG Engine               - scaledWidthProp$fxgl: DoubleProperty [bound, value: 1280.0]
15:58:46.641 [FXGL Background Thread 3 ] DEBUG Engine               - sceneFactory: com.almasb.fxgl.app.scene.SceneFactory@5b266c9c
15:58:46.641 [FXGL Background Thread 3 ] DEBUG Engine               - secondsIn24h: 60
15:58:46.641 [FXGL Background Thread 3 ] DEBUG Engine               - soundMenuBack: menu/back.wav
15:58:46.641 [FXGL Background Thread 3 ] DEBUG Engine               - soundMenuPress: menu/press.wav
15:58:46.641 [FXGL Background Thread 3 ] DEBUG Engine               - soundMenuSelect: menu/select.wav
15:58:46.641 [FXGL Background Thread 3 ] DEBUG Engine               - soundNotification: core/notification.wav
15:58:46.641 [FXGL Background Thread 3 ] DEBUG Engine               - stageStyle: DECORATED
15:58:46.641 [FXGL Background Thread 3 ] DEBUG Engine               - supportedLanguages: [ENGLISH, FRENCH, GERMAN, HUNGARIAN, RUSSIAN]
15:58:46.641 [FXGL Background Thread 3 ] DEBUG Engine               - ticksPerSecond: -1
15:58:46.641 [FXGL Background Thread 3 ] DEBUG Engine               - title: Untitled
15:58:46.641 [FXGL Background Thread 3 ] DEBUG Engine               - urlGithub: https://github.com/AlmasB/FXGL
15:58:46.641 [FXGL Background Thread 3 ] DEBUG Engine               - urlLeaderboard: http://fxgl-top.herokuapp.com/
15:58:46.641 [FXGL Background Thread 3 ] DEBUG Engine               - urlPOM: https://raw.githubusercontent.com/AlmasB/FXGL/release/README.md
15:58:46.641 [FXGL Background Thread 3 ] DEBUG Engine               - userAppClass: class com.example.demo.PlantsApp
15:58:46.641 [FXGL Background Thread 3 ] DEBUG Engine               - version: 0.0
15:58:46.641 [FXGL Background Thread 3 ] DEBUG Engine               - versionCheckDays: 7
15:58:46.642 [FXGL Background Thread 3 ] DEBUG Engine               - width: 1280
15:58:46.642 [FXGL Background Thread 3 ] DEBUG Engine               - Logging services
15:58:46.642 [FXGL Background Thread 3 ] DEBUG Engine               - class com.almasb.fxgl.app.services.FXGLAssetLoaderService
15:58:46.642 [FXGL Background Thread 3 ] DEBUG Engine               - class com.almasb.fxgl.app.FXGLApplication$GameApplicationService
15:58:46.642 [FXGL Background Thread 3 ] DEBUG Engine               - class com.almasb.fxgl.app.services.FXGLDialogService
15:58:46.642 [FXGL Background Thread 3 ] DEBUG Engine               - class com.almasb.fxgl.app.services.IOTaskExecutorService
15:58:46.642 [FXGL Background Thread 3 ] DEBUG Engine               - class com.almasb.fxgl.io.FileSystemService
15:58:46.642 [FXGL Background Thread 3 ] DEBUG Engine               - class com.almasb.fxgl.localization.LocalizationService
15:58:46.642 [FXGL Background Thread 3 ] DEBUG Engine               - class com.almasb.fxgl.app.services.SystemBundleService
15:58:46.642 [FXGL Background Thread 3 ] DEBUG Engine               - class com.almasb.fxgl.profile.SaveLoadService
15:58:46.642 [FXGL Background Thread 3 ] DEBUG Engine               - class com.almasb.fxgl.ui.FXGLUIFactoryServiceProvider
15:58:46.642 [FXGL Background Thread 3 ] DEBUG Engine               - class com.almasb.fxgl.ui.FXGLDialogFactoryServiceProvider
15:58:46.642 [FXGL Background Thread 3 ] DEBUG Engine               - class com.almasb.fxgl.audio.AudioPlayer
15:58:46.642 [FXGL Background Thread 3 ] DEBUG Engine               - class com.almasb.fxgl.notification.impl.NotificationServiceProvider
15:58:46.642 [FXGL Background Thread 3 ] DEBUG Engine               - class com.almasb.fxgl.achievement.AchievementService
15:58:46.642 [FXGL Background Thread 3 ] DEBUG Engine               - class com.almasb.fxgl.cutscene.CutsceneService
15:58:46.642 [FXGL Background Thread 3 ] DEBUG Engine               - class com.almasb.fxgl.minigames.MiniGameService
15:58:46.642 [FXGL Background Thread 3 ] DEBUG Engine               - class com.almasb.fxgl.net.NetService
15:58:46.642 [FXGL Background Thread 3 ] DEBUG Engine               - class com.almasb.fxgl.app.services.UpdaterService
15:58:46.642 [FXGL Background Thread 3 ] DEBUG Engine               - class com.almasb.fxgl.dev.DevService
15:58:47.721 [JavaFX Application Thread] DEBUG FXGLApplication      - Exiting FXGL
15:58:47.721 [JavaFX Application Thread] DEBUG LoopRunner           - Stopping loop
15:58:47.722 [JavaFX Application Thread] DEBUG SystemBundleService  - Saving FXGL system data
15:58:47.724 [JavaFX Application Thread] DEBUG FileSystemAccess     - Writing to: C:\Users\tangu\Desktop\Challengeweek\IPOSE_challengeweek\demo\system\fxgl.bundle
15:58:47.725 [JavaFX Application Thread] DEBUG Async                - Shutting down background threads
15:58:47.726 [JavaFX Application Thread] DEBUG PrimaryStageWindow   - Closing main window
15:58:47.738 [JavaFX Application Thread] DEBUG Logger               - Closing Logger
