13:39:37.499 [main                     ] DEBUG Logger               - Configured Logger
13:39:37.520 [main                     ] DEBUG GameApplication      - Logging settings
Title: Untitled
Version: 0.0
Width: 800
Height: 480
Fullscreen: false
Intro: false
Profiling: false
Single step:false
App Mode: DEVELOPER
Menu Key: ESCAPE
Stage Style: DECORATED
Scene Factory: class com.almasb.fxgl.app.scene.SceneFactory

13:39:37.820 [JavaFX Application Thread] DEBUG FXGLApplication      - Initializing FXGL
13:39:37.825 [JavaFX Application Thread] INFO  Engine               - FXGL-17.1 (24.03.2022 17.34) on WINDOWS (J:19.0.1 FX:19-ea)
13:39:37.826 [JavaFX Application Thread] DEBUG Engine               - JRE Vendor Name: Oracle Corporation
13:39:37.826 [JavaFX Application Thread] DEBUG Engine               - Running on OS: Windows 11 version 10.0
13:39:37.826 [JavaFX Application Thread] DEBUG Engine               - Architecture: amd64
13:39:37.826 [JavaFX Application Thread] INFO  Engine               - Source code and latest versions at: https://github.com/AlmasB/FXGL
13:39:37.827 [JavaFX Application Thread] INFO  Engine               -       Ask questions and discuss at: https://github.com/AlmasB/FXGL/discussions
13:39:37.827 [JavaFX Application Thread] INFO  Engine               -              Join the FXGL chat at: https://gitter.im/AlmasB/FXGL
13:39:37.914 [JavaFX Application Thread] DEBUG PrimaryStageWindow   - Creating a JavaFX scene
13:39:37.958 [JavaFX Application Thread] DEBUG PrimaryStageWindow   - Target settings size: 800.0 x 480.0
13:39:37.959 [JavaFX Application Thread] DEBUG PrimaryStageWindow   - Scaled scene size:    800.0 x 480.0
13:39:37.959 [JavaFX Application Thread] DEBUG PrimaryStageWindow   - Scaled ratio: (1.0, 1.0)
13:39:37.961 [JavaFX Application Thread] DEBUG PrimaryStageWindow   - Set initial scene to FXGLStartupScene
13:39:37.968 [JavaFX Application Thread] DEBUG PrimaryStageWindow   - Opening main window
13:39:38.061 [JavaFX Application Thread] DEBUG PrimaryStageWindow   - Window border size: (14.66668701171875, 37.33331298828125)
13:39:38.062 [JavaFX Application Thread] DEBUG PrimaryStageWindow   - Scaled size: 800.0 x 480.0
13:39:38.062 [JavaFX Application Thread] DEBUG PrimaryStageWindow   - Scaled ratio: (1.0, 1.0)
13:39:38.062 [JavaFX Application Thread] DEBUG PrimaryStageWindow   - Scene size: 800.0 x 480.0
13:39:38.063 [JavaFX Application Thread] DEBUG PrimaryStageWindow   - Stage size: 814.6666870117188 x 517.3333129882812
13:39:38.072 [FXGL Background Thread 1 ] DEBUG Engine               - Initializing environment variables
13:39:38.132 [FXGL Background Thread 1 ] DEBUG FXGLAssetLoaderServi - User app class for loading assets: class com.example.demo.PlantsApp
13:39:38.132 [FXGL Background Thread 1 ] DEBUG GameApplicationServi - Applying CSS: fxgl_dark.css
13:39:38.133 [FXGL Background Thread 1 ] DEBUG FXGLAssetLoaderServi - Loading from file system: jar:file:///C:/Users/tangu/.m2/repository/com/github/almasb/fxgl/17.1/fxgl-17.1.jar!/fxglassets/ui/css/fxgl_dark.css
13:39:38.183 [FXGL Background Thread 1 ] DEBUG GameApplicationServi - Initializing application scenes
13:39:38.253 [FXGL Background Thread 1 ] DEBUG GameWorld            - Game world initialized
13:39:38.329 [FXGL Background Thread 1 ] DEBUG PhysicsWorld         - Physics world initialized: appHeight=480, physics.ppm=50,0
13:39:38.330 [FXGL Background Thread 1 ] DEBUG PhysicsWorld         - Using strategy: BRUTE_FORCE
13:39:38.336 [FXGL Background Thread 1 ] DEBUG GameScene            - Game scene initialized: 800x480
13:39:38.350 [FXGL Background Thread 1 ] WARN  FXGL.DefaultMenu     - FXGLDefaultMenu is not designed for resolutions < 800x600
13:39:38.351 [FXGL Background Thread 1 ] DEBUG FXGL.DefaultMenu     - createMenuBodyGameMenu()
13:39:38.365 [FXGL Background Thread 1 ] DEBUG FXGL.DefaultMenu     - createOptionsMenu()
13:39:38.377 [FXGL Background Thread 1 ] DEBUG FXGLAssetLoaderServi - Loading from file system: jar:file:///C:/Users/tangu/.m2/repository/com/github/almasb/fxgl/17.1/fxgl-17.1.jar!/fxglassets/textures/particles/smoke.png
13:39:38.473 [FXGL Background Thread 1 ] DEBUG FXGLAssetLoaderServi - Loading from file system: jar:file:///C:/Users/tangu/.m2/repository/com/github/almasb/fxgl/17.1/fxgl-17.1.jar!/fxglassets/textures/particles/trace_horizontal.png
13:39:38.500 [FXGL Background Thread 1 ] DEBUG GameApplicationServi - Application scenes initialized
13:39:38.512 [FXGL Background Thread 1 ] DEBUG SystemBundleService  - Loading FXGL system data
13:39:38.515 [FXGL Background Thread 1 ] WARN  SystemBundleService  - Failed to load: java.io.FileNotFoundException: C:\Users\tangu\Desktop\Challengeweek\IPOSE_challengeweek\demo\system\fxgl.bundle (The system cannot find the file specified)
13:39:38.515 [FXGL Background Thread 1 ] DEBUG SystemBundleService  - Loading default FXGL system data
13:39:38.515 [FXGL Background Thread 1 ] DEBUG UpdaterService       - Checking for updates
13:39:38.521 [FXGL Background Thread 1 ] DEBUG FXGLApplication      - Loading default localization
13:39:38.521 [FXGL Background Thread 4 ] DEBUG FXGLApplication      - Loading fonts
13:39:38.521 [FXGL Background Thread 4 ] DEBUG FXGLAssetLoaderServi - Loading from file system: jar:file:///C:/Users/tangu/.m2/repository/com/github/almasb/fxgl/17.1/fxgl-17.1.jar!/fxglassets/ui/fonts/VarelaRound-Regular.ttf
13:39:38.521 [FXGL Background Thread 1 ] DEBUG FXGLAssetLoaderServi - Loading from file system: jar:file:///C:/Users/tangu/.m2/repository/com/github/almasb/fxgl/17.1/fxgl-17.1.jar!/fxglassets/languages/english.lang
13:39:38.544 [FXGL Background Thread 1 ] INFO  FXGLApplication      - FXGL initialization took: 0,471 sec
13:39:38.546 [JavaFX Application Thread] DEBUG FXGLAssetLoaderServi - Loading from file system: jar:file:///C:/Users/tangu/.m2/repository/com/github/almasb/fxgl/17.1/fxgl-17.1.jar!/fxglassets/textures/fxgl_icon.png
13:39:38.566 [JavaFX Application Thread] DEBUG FXGLAssetLoaderServi - Loading from file system: jar:file:///C:/Users/tangu/.m2/repository/com/github/almasb/fxgl/17.1/fxgl-17.1.jar!/fxglassets/textures/fxgl_default_cursor.png
13:39:38.579 [JavaFX Application Thread] DEBUG Input                - Registered new binding: Screenshot - CTRL+8
13:39:38.580 [JavaFX Application Thread] DEBUG Input                - Registered new binding: System info dump - CTRL+9
13:39:38.580 [JavaFX Application Thread] DEBUG Input                - Registered new binding: Restart - CTRL+R
13:39:38.581 [JavaFX Application Thread] DEBUG Input                - Registered new binding: Toggle Debug Camera - CTRL+7
13:39:38.584 [JavaFX Application Thread] DEBUG LoopRunner           - Starting loop
13:39:38.584 [JavaFX Application Thread] DEBUG LoopRunner           - Initializing JavaFX AnimationTimerLoop
13:39:38.585 [JavaFX Application Thread] DEBUG GameApplicationServi - Starting new game
13:39:38.586 [JavaFX Application Thread] DEBUG Input                - Clearing active input actions
13:39:38.597 [JavaFX Application Thread] DEBUG GameApplicationServi - Removing overlay from FXGLStartupScene and adding to FXGLLoadingScene
13:39:38.597 [JavaFX Application Thread] DEBUG PrimaryStageWindow   - FXGLStartupScene -> FXGLLoadingScene
13:39:38.598 [JavaFX Application Thread] DEBUG GameApplicationServi - Clearing previous game
13:39:38.598 [JavaFX Application Thread] DEBUG GameScene            - Clearing game scene
13:39:38.598 [JavaFX Application Thread] DEBUG GameWorld            - Clearing game world
13:39:38.598 [JavaFX Application Thread] DEBUG PhysicsWorld         - Clearing physics world
13:39:38.601 [FXGL Background Thread 1 ] DEBUG FXGLApplication      - Initializing game
13:39:38.614 [FXGL Background Thread 1 ] WARN  FXGLAssetLoaderServi - Asset "/assets/levels/test.tmx" was not found!
13:39:38.646 [JavaFX Application Thread] DEBUG LoopRunner           - Stopping loop
13:39:38.651 [JavaFX Application Thread] FATAL FXGLApplication      - Uncaught Exception:
java.lang.RuntimeException: Initialization failed
	at com.almasb.fxgl.all@17.1/com.almasb.fxgl.app.FXGLApplication$InitAppTask.failed(FXGLApplication.kt:343)
	at javafx.graphics@19-ea/javafx.concurrent.Task.setState(Task.java:710)
	at javafx.graphics@19-ea/javafx.concurrent.Task$TaskCallable.lambda$call$2(Task.java:1456)
	at javafx.graphics@19-ea/com.sun.javafx.application.PlatformImpl.lambda$runLater$10(PlatformImpl.java:457)
	at java.base/java.security.AccessController.doPrivileged(AccessController.java:399)
	at javafx.graphics@19-ea/com.sun.javafx.application.PlatformImpl.lambda$runLater$11(PlatformImpl.java:456)
	at javafx.graphics@19-ea/com.sun.glass.ui.InvokeLaterDispatcher$Future.run(InvokeLaterDispatcher.java:96)
	at javafx.graphics@19-ea/com.sun.glass.ui.win.WinApplication._runLoop(Native Method)
	at javafx.graphics@19-ea/com.sun.glass.ui.win.WinApplication.lambda$runLoop$3(WinApplication.java:184)
	at java.base/java.lang.Thread.run(Thread.java:1589)
Caused by: java.lang.IllegalArgumentException: Loading level failed. Asset not found: test.tmx
	at com.almasb.fxgl.all@17.1/com.almasb.fxgl.app.services.FXGLAssetLoaderService.loadLevel(FXGLAssetLoaderService.kt:443)
	at com.almasb.fxgl.all@17.1/com.almasb.fxgl.dsl.FXGL$Companion.setLevelFromMap(FXGL.kt:634)
	at com.almasb.fxgl.all@17.1/com.almasb.fxgl.dsl.FXGL.setLevelFromMap(FXGL.kt)
	at com.example.demo/com.example.demo.PlantsApp.initGame(PlantsApp.java:20)
	at com.almasb.fxgl.all@17.1/com.almasb.fxgl.app.FXGLApplication$InitAppTask.initGame(FXGLApplication.kt:339)
	at com.almasb.fxgl.all@17.1/com.almasb.fxgl.app.FXGLApplication$InitAppTask.call(FXGLApplication.kt:319)
	at com.almasb.fxgl.all@17.1/com.almasb.fxgl.app.FXGLApplication$InitAppTask.call(FXGLApplication.kt:311)
	at javafx.graphics@19-ea/javafx.concurrent.Task$TaskCallable.call(Task.java:1426)
	at java.base/java.util.concurrent.FutureTask.run(FutureTask.java:317)
	at java.base/java.util.concurrent.Executors$RunnableAdapter.call(Executors.java:577)
	at java.base/java.util.concurrent.FutureTask.run(FutureTask.java:317)
	at java.base/java.util.concurrent.ThreadPoolExecutor.runWorker(ThreadPoolExecutor.java:1144)
	at java.base/java.util.concurrent.ThreadPoolExecutor$Worker.run(ThreadPoolExecutor.java:642)
	... 1 more

13:39:38.651 [JavaFX Application Thread] FATAL FXGLApplication      - Application will now exit
13:39:38.655 [FXGL Background Thread 4 ] DEBUG FXGLAssetLoaderServi - Loading from file system: jar:file:///C:/Users/tangu/.m2/repository/com/github/almasb/fxgl/17.1/fxgl-17.1.jar!/fxglassets/ui/fonts/Abel-Regular.ttf
13:39:38.698 [FXGL Background Thread 4 ] DEBUG FXGLAssetLoaderServi - Loading from file system: jar:file:///C:/Users/tangu/.m2/repository/com/github/almasb/fxgl/17.1/fxgl-17.1.jar!/fxglassets/ui/fonts/TerminalLandMono-Regular.otf
13:39:38.700 [JavaFX Application Thread] DEBUG PrimaryStageWindow   - Push state: ErrorSubScene
13:39:38.700 [JavaFX Application Thread] DEBUG Input                - Clearing active input actions
13:39:38.709 [JavaFX Application Thread] DEBUG GameApplicationServi - Removing overlay from FXGLLoadingScene and adding to ErrorSubScene
13:39:38.710 [JavaFX Application Thread] DEBUG PrimaryStageWindow   - FXGLLoadingScene -> ErrorSubScene
13:39:38.721 [FXGL Background Thread 4 ] DEBUG FXGLAssetLoaderServi - Loading from file system: jar:file:///C:/Users/tangu/.m2/repository/com/github/almasb/fxgl/17.1/fxgl-17.1.jar!/fxglassets/ui/fonts/Courier-Prime.ttf
13:39:38.944 [FXGL Background Thread 2 ] INFO  UpdaterService       - Your current version:  17.1
13:39:38.945 [FXGL Background Thread 2 ] INFO  UpdaterService       - Latest stable version: 17.3
13:39:38.973 [JavaFX Application Thread] DEBUG FXGLApplication      - Registering font factories with UI factory
13:39:40.926 [JavaFX Application Thread] DEBUG FXGLApplication      - Exiting FXGL
13:39:40.926 [JavaFX Application Thread] DEBUG Async                - Shutting down background threads
13:39:40.927 [JavaFX Application Thread] DEBUG PrimaryStageWindow   - Closing main window
13:39:40.954 [JavaFX Application Thread] DEBUG Logger               - Closing Logger
