13:39:11.750 [main                     ] DEBUG Logger               - Configured Logger
13:39:11.783 [main                     ] DEBUG GameApplication      - Logging settings
Title: Untitled
Version: 0.0
Width: 800
Height: 480
Fullscreen: false
Intro: false
Profiling: false
Single step:false
App Mode: DEVELOPER
Menu Key: ESCAPE
Stage Style: DECORATED
Scene Factory: class com.almasb.fxgl.app.scene.SceneFactory

13:39:12.096 [JavaFX Application Thread] DEBUG FXGLApplication      - Initializing FXGL
13:39:12.100 [JavaFX Application Thread] INFO  Engine               - FXGL-17.1 (24.03.2022 17.34) on WINDOWS (J:19.0.1 FX:19-ea)
13:39:12.101 [JavaFX Application Thread] DEBUG Engine               - JRE Vendor Name: Oracle Corporation
13:39:12.101 [JavaFX Application Thread] DEBUG Engine               - Running on OS: Windows 11 version 10.0
13:39:12.101 [JavaFX Application Thread] DEBUG Engine               - Architecture: amd64
13:39:12.101 [JavaFX Application Thread] INFO  Engine               - Source code and latest versions at: https://github.com/AlmasB/FXGL
13:39:12.101 [JavaFX Application Thread] INFO  Engine               -       Ask questions and discuss at: https://github.com/AlmasB/FXGL/discussions
13:39:12.102 [JavaFX Application Thread] INFO  Engine               -              Join the FXGL chat at: https://gitter.im/AlmasB/FXGL
13:39:12.186 [JavaFX Application Thread] DEBUG PrimaryStageWindow   - Creating a JavaFX scene
13:39:12.228 [JavaFX Application Thread] DEBUG PrimaryStageWindow   - Target settings size: 800.0 x 480.0
13:39:12.228 [JavaFX Application Thread] DEBUG PrimaryStageWindow   - Scaled scene size:    800.0 x 480.0
13:39:12.229 [JavaFX Application Thread] DEBUG PrimaryStageWindow   - Scaled ratio: (1.0, 1.0)
13:39:12.230 [JavaFX Application Thread] DEBUG PrimaryStageWindow   - Set initial scene to FXGLStartupScene
13:39:12.236 [JavaFX Application Thread] DEBUG PrimaryStageWindow   - Opening main window
13:39:12.323 [JavaFX Application Thread] DEBUG PrimaryStageWindow   - Window border size: (14.66668701171875, 37.33331298828125)
13:39:12.324 [JavaFX Application Thread] DEBUG PrimaryStageWindow   - Scaled size: 800.0 x 480.0
13:39:12.324 [JavaFX Application Thread] DEBUG PrimaryStageWindow   - Scaled ratio: (1.0, 1.0)
13:39:12.324 [JavaFX Application Thread] DEBUG PrimaryStageWindow   - Scene size: 800.0 x 480.0
13:39:12.325 [JavaFX Application Thread] DEBUG PrimaryStageWindow   - Stage size: 814.6666870117188 x 517.3333129882812
13:39:12.333 [FXGL Background Thread 1 ] DEBUG Engine               - Initializing environment variables
13:39:12.392 [FXGL Background Thread 1 ] DEBUG FXGLAssetLoaderServi - User app class for loading assets: class com.example.demo.PlantsApp
13:39:12.392 [FXGL Background Thread 1 ] DEBUG GameApplicationServi - Applying CSS: fxgl_dark.css
13:39:12.393 [FXGL Background Thread 1 ] DEBUG FXGLAssetLoaderServi - Loading from file system: jar:file:///C:/Users/tangu/.m2/repository/com/github/almasb/fxgl/17.1/fxgl-17.1.jar!/fxglassets/ui/css/fxgl_dark.css
13:39:12.444 [FXGL Background Thread 1 ] DEBUG GameApplicationServi - Initializing application scenes
13:39:12.489 [FXGL Background Thread 1 ] DEBUG GameWorld            - Game world initialized
13:39:12.566 [FXGL Background Thread 1 ] DEBUG PhysicsWorld         - Physics world initialized: appHeight=480, physics.ppm=50,0
13:39:12.566 [FXGL Background Thread 1 ] DEBUG PhysicsWorld         - Using strategy: BRUTE_FORCE
13:39:12.572 [FXGL Background Thread 1 ] DEBUG GameScene            - Game scene initialized: 800x480
13:39:12.586 [FXGL Background Thread 1 ] WARN  FXGL.DefaultMenu     - FXGLDefaultMenu is not designed for resolutions < 800x600
13:39:12.586 [FXGL Background Thread 1 ] DEBUG FXGL.DefaultMenu     - createMenuBodyGameMenu()
13:39:12.601 [FXGL Background Thread 1 ] DEBUG FXGL.DefaultMenu     - createOptionsMenu()
13:39:12.613 [FXGL Background Thread 1 ] DEBUG FXGLAssetLoaderServi - Loading from file system: jar:file:///C:/Users/tangu/.m2/repository/com/github/almasb/fxgl/17.1/fxgl-17.1.jar!/fxglassets/textures/particles/smoke.png
13:39:12.709 [FXGL Background Thread 1 ] DEBUG FXGLAssetLoaderServi - Loading from file system: jar:file:///C:/Users/tangu/.m2/repository/com/github/almasb/fxgl/17.1/fxgl-17.1.jar!/fxglassets/textures/particles/trace_horizontal.png
13:39:12.746 [FXGL Background Thread 1 ] DEBUG GameApplicationServi - Application scenes initialized
13:39:12.760 [FXGL Background Thread 1 ] DEBUG SystemBundleService  - Loading FXGL system data
13:39:12.765 [FXGL Background Thread 1 ] WARN  SystemBundleService  - Failed to load: java.io.FileNotFoundException: C:\Users\tangu\Desktop\Challengeweek\IPOSE_challengeweek\demo\system\fxgl.bundle (The system cannot find the file specified)
13:39:12.765 [FXGL Background Thread 1 ] DEBUG SystemBundleService  - Loading default FXGL system data
13:39:12.766 [FXGL Background Thread 1 ] DEBUG UpdaterService       - Checking for updates
13:39:12.771 [FXGL Background Thread 4 ] DEBUG FXGLApplication      - Loading fonts
13:39:12.771 [FXGL Background Thread 1 ] DEBUG FXGLApplication      - Loading default localization
13:39:12.771 [FXGL Background Thread 4 ] DEBUG FXGLAssetLoaderServi - Loading from file system: jar:file:///C:/Users/tangu/.m2/repository/com/github/almasb/fxgl/17.1/fxgl-17.1.jar!/fxglassets/ui/fonts/VarelaRound-Regular.ttf
13:39:12.772 [FXGL Background Thread 1 ] DEBUG FXGLAssetLoaderServi - Loading from file system: jar:file:///C:/Users/tangu/.m2/repository/com/github/almasb/fxgl/17.1/fxgl-17.1.jar!/fxglassets/languages/english.lang
13:39:12.798 [FXGL Background Thread 1 ] INFO  FXGLApplication      - FXGL initialization took: 0,465 sec
13:39:12.800 [JavaFX Application Thread] DEBUG FXGLAssetLoaderServi - Loading from file system: jar:file:///C:/Users/tangu/.m2/repository/com/github/almasb/fxgl/17.1/fxgl-17.1.jar!/fxglassets/textures/fxgl_icon.png
13:39:12.826 [JavaFX Application Thread] DEBUG FXGLAssetLoaderServi - Loading from file system: jar:file:///C:/Users/tangu/.m2/repository/com/github/almasb/fxgl/17.1/fxgl-17.1.jar!/fxglassets/textures/fxgl_default_cursor.png
13:39:12.841 [JavaFX Application Thread] DEBUG Input                - Registered new binding: Screenshot - CTRL+8
13:39:12.841 [JavaFX Application Thread] DEBUG Input                - Registered new binding: System info dump - CTRL+9
13:39:12.842 [JavaFX Application Thread] DEBUG Input                - Registered new binding: Restart - CTRL+R
13:39:12.842 [JavaFX Application Thread] DEBUG Input                - Registered new binding: Toggle Debug Camera - CTRL+7
13:39:12.845 [JavaFX Application Thread] DEBUG LoopRunner           - Starting loop
13:39:12.845 [JavaFX Application Thread] DEBUG LoopRunner           - Initializing JavaFX AnimationTimerLoop
13:39:12.847 [JavaFX Application Thread] DEBUG GameApplicationServi - Starting new game
13:39:12.848 [JavaFX Application Thread] DEBUG Input                - Clearing active input actions
13:39:12.862 [JavaFX Application Thread] DEBUG GameApplicationServi - Removing overlay from FXGLStartupScene and adding to FXGLLoadingScene
13:39:12.862 [JavaFX Application Thread] DEBUG PrimaryStageWindow   - FXGLStartupScene -> FXGLLoadingScene
13:39:12.863 [JavaFX Application Thread] DEBUG GameApplicationServi - Clearing previous game
13:39:12.863 [JavaFX Application Thread] DEBUG GameScene            - Clearing game scene
13:39:12.863 [JavaFX Application Thread] DEBUG GameWorld            - Clearing game world
13:39:12.863 [JavaFX Application Thread] DEBUG PhysicsWorld         - Clearing physics world
13:39:12.865 [FXGL Background Thread 1 ] DEBUG FXGLApplication      - Initializing game
13:39:12.879 [FXGL Background Thread 1 ] WARN  FXGLAssetLoaderServi - Asset "/assets/levels/grid.tmx" was not found!
13:39:12.919 [JavaFX Application Thread] DEBUG LoopRunner           - Stopping loop
13:39:12.922 [JavaFX Application Thread] FATAL FXGLApplication      - Uncaught Exception:
java.lang.RuntimeException: Initialization failed
	at com.almasb.fxgl.all@17.1/com.almasb.fxgl.app.FXGLApplication$InitAppTask.failed(FXGLApplication.kt:343)
	at javafx.graphics@19-ea/javafx.concurrent.Task.setState(Task.java:710)
	at javafx.graphics@19-ea/javafx.concurrent.Task$TaskCallable.lambda$call$2(Task.java:1456)
	at javafx.graphics@19-ea/com.sun.javafx.application.PlatformImpl.lambda$runLater$10(PlatformImpl.java:457)
	at java.base/java.security.AccessController.doPrivileged(AccessController.java:399)
	at javafx.graphics@19-ea/com.sun.javafx.application.PlatformImpl.lambda$runLater$11(PlatformImpl.java:456)
	at javafx.graphics@19-ea/com.sun.glass.ui.InvokeLaterDispatcher$Future.run(InvokeLaterDispatcher.java:96)
	at javafx.graphics@19-ea/com.sun.glass.ui.win.WinApplication._runLoop(Native Method)
	at javafx.graphics@19-ea/com.sun.glass.ui.win.WinApplication.lambda$runLoop$3(WinApplication.java:184)
	at java.base/java.lang.Thread.run(Thread.java:1589)
Caused by: java.lang.IllegalArgumentException: Loading level failed. Asset not found: grid.tmx
	at com.almasb.fxgl.all@17.1/com.almasb.fxgl.app.services.FXGLAssetLoaderService.loadLevel(FXGLAssetLoaderService.kt:443)
	at com.almasb.fxgl.all@17.1/com.almasb.fxgl.dsl.FXGL$Companion.setLevelFromMap(FXGL.kt:634)
	at com.almasb.fxgl.all@17.1/com.almasb.fxgl.dsl.FXGL.setLevelFromMap(FXGL.kt)
	at com.example.demo/com.example.demo.PlantsApp.initGame(PlantsApp.java:20)
	at com.almasb.fxgl.all@17.1/com.almasb.fxgl.app.FXGLApplication$InitAppTask.initGame(FXGLApplication.kt:339)
	at com.almasb.fxgl.all@17.1/com.almasb.fxgl.app.FXGLApplication$InitAppTask.call(FXGLApplication.kt:319)
	at com.almasb.fxgl.all@17.1/com.almasb.fxgl.app.FXGLApplication$InitAppTask.call(FXGLApplication.kt:311)
	at javafx.graphics@19-ea/javafx.concurrent.Task$TaskCallable.call(Task.java:1426)
	at java.base/java.util.concurrent.FutureTask.run(FutureTask.java:317)
	at java.base/java.util.concurrent.Executors$RunnableAdapter.call(Executors.java:577)
	at java.base/java.util.concurrent.FutureTask.run(FutureTask.java:317)
	at java.base/java.util.concurrent.ThreadPoolExecutor.runWorker(ThreadPoolExecutor.java:1144)
	at java.base/java.util.concurrent.ThreadPoolExecutor$Worker.run(ThreadPoolExecutor.java:642)
	... 1 more

13:39:12.922 [JavaFX Application Thread] FATAL FXGLApplication      - Application will now exit
13:39:12.947 [FXGL Background Thread 4 ] DEBUG FXGLAssetLoaderServi - Loading from file system: jar:file:///C:/Users/tangu/.m2/repository/com/github/almasb/fxgl/17.1/fxgl-17.1.jar!/fxglassets/ui/fonts/Abel-Regular.ttf
13:39:12.958 [JavaFX Application Thread] DEBUG PrimaryStageWindow   - Push state: ErrorSubScene
13:39:12.959 [JavaFX Application Thread] DEBUG Input                - Clearing active input actions
13:39:12.966 [JavaFX Application Thread] DEBUG GameApplicationServi - Removing overlay from FXGLLoadingScene and adding to ErrorSubScene
13:39:12.967 [JavaFX Application Thread] DEBUG PrimaryStageWindow   - FXGLLoadingScene -> ErrorSubScene
13:39:13.021 [FXGL Background Thread 4 ] DEBUG FXGLAssetLoaderServi - Loading from file system: jar:file:///C:/Users/tangu/.m2/repository/com/github/almasb/fxgl/17.1/fxgl-17.1.jar!/fxglassets/ui/fonts/TerminalLandMono-Regular.otf
13:39:13.049 [FXGL Background Thread 4 ] DEBUG FXGLAssetLoaderServi - Loading from file system: jar:file:///C:/Users/tangu/.m2/repository/com/github/almasb/fxgl/17.1/fxgl-17.1.jar!/fxglassets/ui/fonts/Courier-Prime.ttf
13:39:13.236 [JavaFX Application Thread] DEBUG FXGLApplication      - Registering font factories with UI factory
13:39:13.239 [FXGL Background Thread 2 ] INFO  UpdaterService       - Your current version:  17.1
13:39:13.240 [FXGL Background Thread 2 ] INFO  UpdaterService       - Latest stable version: 17.3
13:39:15.769 [FXGL Background Thread 3 ] DEBUG Engine               - Logging environment variables
13:39:15.770 [FXGL Background Thread 3 ] DEBUG Engine               - achievements: []
13:39:15.770 [FXGL Background Thread 3 ] DEBUG Engine               - actualHeight: 480.0
13:39:15.771 [FXGL Background Thread 3 ] DEBUG Engine               - actualHeightProperty: ReadOnlyDoubleProperty [value: 480.0]
13:39:15.771 [FXGL Background Thread 3 ] DEBUG Engine               - actualWidth: 800.0
13:39:15.771 [FXGL Background Thread 3 ] DEBUG Engine               - actualWidthProperty: ReadOnlyDoubleProperty [value: 800.0]
13:39:15.771 [FXGL Background Thread 3 ] DEBUG Engine               - appIcon: fxgl_icon.png
13:39:15.771 [FXGL Background Thread 3 ] DEBUG Engine               - applicationMode: DEVELOPER
13:39:15.771 [FXGL Background Thread 3 ] DEBUG Engine               - cSSList: [fxgl_dark.css]
13:39:15.772 [FXGL Background Thread 3 ] DEBUG Engine               - collisionDetectionStrategy: BRUTE_FORCE
13:39:15.772 [FXGL Background Thread 3 ] DEBUG Engine               - configClass: Optional.empty
13:39:15.772 [FXGL Background Thread 3 ] DEBUG Engine               - credits: []
13:39:15.773 [FXGL Background Thread 3 ] DEBUG Engine               - defaultCursor: CursorInfo(imageName=fxgl_default_cursor.png, hotspotX=7.0, hotspotY=6.0)
13:39:15.773 [FXGL Background Thread 3 ] DEBUG Engine               - devBBoxColorProperty: ObjectProperty [value: 0xff0000ff]
13:39:15.773 [FXGL Background Thread 3 ] DEBUG Engine               - devEnableDebugCameraProperty: BooleanProperty [value: false]
13:39:15.773 [FXGL Background Thread 3 ] DEBUG Engine               - devSensorColorProperty: ObjectProperty [value: 0xffff00ff]
13:39:15.773 [FXGL Background Thread 3 ] DEBUG Engine               - devShowBBoxProperty: BooleanProperty [value: false]
13:39:15.774 [FXGL Background Thread 3 ] DEBUG Engine               - devShowPositionProperty: BooleanProperty [value: false]
13:39:15.774 [FXGL Background Thread 3 ] DEBUG Engine               - enabledMenuItems: []
13:39:15.774 [FXGL Background Thread 3 ] DEBUG Engine               - engineServices: [class com.almasb.fxgl.app.services.FXGLAssetLoaderService, class com.almasb.fxgl.app.FXGLApplication$GameApplicationService, class com.almasb.fxgl.app.services.FXGLDialogService, class com.almasb.fxgl.app.services.IOTaskExecutorService, class com.almasb.fxgl.io.FileSystemService, class com.almasb.fxgl.localization.LocalizationService, class com.almasb.fxgl.app.services.SystemBundleService, class com.almasb.fxgl.profile.SaveLoadService, class com.almasb.fxgl.ui.FXGLUIFactoryServiceProvider, class com.almasb.fxgl.ui.FXGLDialogFactoryServiceProvider, class com.almasb.fxgl.audio.AudioPlayer, class com.almasb.fxgl.notification.impl.NotificationServiceProvider, class com.almasb.fxgl.achievement.AchievementService, class com.almasb.fxgl.cutscene.CutsceneService, class com.almasb.fxgl.minigames.MiniGameService, class com.almasb.fxgl.net.NetService, class com.almasb.fxgl.app.services.UpdaterService, class com.almasb.fxgl.dev.DevService]
13:39:15.774 [FXGL Background Thread 3 ] DEBUG Engine               - fontGame: Abel-Regular.ttf
13:39:15.774 [FXGL Background Thread 3 ] DEBUG Engine               - fontMono: TerminalLandMono-Regular.otf
13:39:15.774 [FXGL Background Thread 3 ] DEBUG Engine               - fontText: Courier-Prime.ttf
13:39:15.774 [FXGL Background Thread 3 ] DEBUG Engine               - fontUI: VarelaRound-Regular.ttf
13:39:15.774 [FXGL Background Thread 3 ] DEBUG Engine               - fullScreen: BooleanProperty [value: false]
13:39:15.775 [FXGL Background Thread 3 ] DEBUG Engine               - gameDifficulty: MEDIUM
13:39:15.775 [FXGL Background Thread 3 ] DEBUG Engine               - gameDifficultyProperty: ObjectProperty [value: MEDIUM]
13:39:15.775 [FXGL Background Thread 3 ] DEBUG Engine               - globalMusicVolume: 0.5
13:39:15.775 [FXGL Background Thread 3 ] DEBUG Engine               - globalMusicVolumeProperty: DoubleProperty [value: 0.5]
13:39:15.775 [FXGL Background Thread 3 ] DEBUG Engine               - globalSoundVolume: 0.5
13:39:15.775 [FXGL Background Thread 3 ] DEBUG Engine               - globalSoundVolumeProperty: DoubleProperty [value: 0.5]
13:39:15.775 [FXGL Background Thread 3 ] DEBUG Engine               - height: 480
13:39:15.776 [FXGL Background Thread 3 ] DEBUG Engine               - is3D: false
13:39:15.776 [FXGL Background Thread 3 ] DEBUG Engine               - isAndroid: false
13:39:15.776 [FXGL Background Thread 3 ] DEBUG Engine               - isBrowser: false
13:39:15.776 [FXGL Background Thread 3 ] DEBUG Engine               - isClickFeedbackEnabled: false
13:39:15.776 [FXGL Background Thread 3 ] DEBUG Engine               - isCloseConfirmation: false
13:39:15.776 [FXGL Background Thread 3 ] DEBUG Engine               - isDesktop: true
13:39:15.776 [FXGL Background Thread 3 ] DEBUG Engine               - isDeveloperMenuEnabled: false
13:39:15.777 [FXGL Background Thread 3 ] DEBUG Engine               - isEmbedded: false
13:39:15.777 [FXGL Background Thread 3 ] DEBUG Engine               - isEntityPreloadEnabled: true
13:39:15.777 [FXGL Background Thread 3 ] DEBUG Engine               - isExperimentalTiledLargeMap: false
13:39:15.777 [FXGL Background Thread 3 ] DEBUG Engine               - isFileSystemWriteAllowed: true
13:39:15.777 [FXGL Background Thread 3 ] DEBUG Engine               - isFullScreenAllowed: false
13:39:15.777 [FXGL Background Thread 3 ] DEBUG Engine               - isFullScreenFromStart: false
13:39:15.777 [FXGL Background Thread 3 ] DEBUG Engine               - isGameMenuEnabled: true
13:39:15.778 [FXGL Background Thread 3 ] DEBUG Engine               - isIOS: false
13:39:15.778 [FXGL Background Thread 3 ] DEBUG Engine               - isIntroEnabled: false
13:39:15.778 [FXGL Background Thread 3 ] DEBUG Engine               - isLinux: false
13:39:15.778 [FXGL Background Thread 3 ] DEBUG Engine               - isMac: false
13:39:15.778 [FXGL Background Thread 3 ] DEBUG Engine               - isMainMenuEnabled: false
13:39:15.778 [FXGL Background Thread 3 ] DEBUG Engine               - isManualResizeEnabled: false
13:39:15.779 [FXGL Background Thread 3 ] DEBUG Engine               - isMobile: false
13:39:15.779 [FXGL Background Thread 3 ] DEBUG Engine               - isNative: false
13:39:15.779 [FXGL Background Thread 3 ] DEBUG Engine               - isPauseMusicWhenMinimized: true
13:39:15.779 [FXGL Background Thread 3 ] DEBUG Engine               - isPreserveResizeRatio: false
13:39:15.779 [FXGL Background Thread 3 ] DEBUG Engine               - isProfilingEnabled: false
13:39:15.779 [FXGL Background Thread 3 ] DEBUG Engine               - isScaleAffectedOnResize: true
13:39:15.779 [FXGL Background Thread 3 ] DEBUG Engine               - isSingleStep: false
13:39:15.779 [FXGL Background Thread 3 ] DEBUG Engine               - isUserProfileEnabled: false
13:39:15.779 [FXGL Background Thread 3 ] DEBUG Engine               - isWindows: true
13:39:15.779 [FXGL Background Thread 3 ] DEBUG Engine               - language: ObjectProperty [value: ENGLISH]
13:39:15.779 [FXGL Background Thread 3 ] DEBUG Engine               - menuKey: ESCAPE
13:39:15.780 [FXGL Background Thread 3 ] DEBUG Engine               - mouseSensitivity: 0.2
13:39:15.780 [FXGL Background Thread 3 ] DEBUG Engine               - notificationViewClass: class com.almasb.fxgl.notification.view.XboxNotificationView
13:39:15.780 [FXGL Background Thread 3 ] DEBUG Engine               - pixelsPerMeter: 50.0
13:39:15.780 [FXGL Background Thread 3 ] DEBUG Engine               - platform: WINDOWS
13:39:15.780 [FXGL Background Thread 3 ] DEBUG Engine               - prefHeightProperty: ReadOnlyDoubleProperty [value: 480.0]
13:39:15.780 [FXGL Background Thread 3 ] DEBUG Engine               - prefWidthProperty: ReadOnlyDoubleProperty [value: 800.0]
13:39:15.780 [FXGL Background Thread 3 ] DEBUG Engine               - profileDir: profiles/
13:39:15.780 [FXGL Background Thread 3 ] DEBUG Engine               - profileName: StringProperty [value: DEFAULT]
13:39:15.780 [FXGL Background Thread 3 ] DEBUG Engine               - randomSeed: -1
13:39:15.780 [FXGL Background Thread 3 ] DEBUG Engine               - runtimeInfo: RuntimeInfo(platform=WINDOWS, version=17.1, build=24.03.2022 17.34)
13:39:15.781 [FXGL Background Thread 3 ] DEBUG Engine               - saveFileExt: sav
13:39:15.781 [FXGL Background Thread 3 ] DEBUG Engine               - scaledHeightProp$fxgl: DoubleProperty [bound, value: 480.0]
13:39:15.781 [FXGL Background Thread 3 ] DEBUG Engine               - scaledWidthProp$fxgl: DoubleProperty [bound, value: 800.0]
13:39:15.781 [FXGL Background Thread 3 ] DEBUG Engine               - sceneFactory: com.almasb.fxgl.app.scene.SceneFactory@ff565b7
13:39:15.781 [FXGL Background Thread 3 ] DEBUG Engine               - secondsIn24h: 60
13:39:15.781 [FXGL Background Thread 3 ] DEBUG Engine               - soundMenuBack: menu/back.wav
13:39:15.781 [FXGL Background Thread 3 ] DEBUG Engine               - soundMenuPress: menu/press.wav
13:39:15.781 [FXGL Background Thread 3 ] DEBUG Engine               - soundMenuSelect: menu/select.wav
13:39:15.781 [FXGL Background Thread 3 ] DEBUG Engine               - soundNotification: core/notification.wav
13:39:15.781 [FXGL Background Thread 3 ] DEBUG Engine               - stageStyle: DECORATED
13:39:15.781 [FXGL Background Thread 3 ] DEBUG Engine               - supportedLanguages: [ENGLISH, FRENCH, GERMAN, HUNGARIAN, RUSSIAN]
13:39:15.781 [FXGL Background Thread 3 ] DEBUG Engine               - ticksPerSecond: -1
13:39:15.781 [FXGL Background Thread 3 ] DEBUG Engine               - title: Untitled
13:39:15.781 [FXGL Background Thread 3 ] DEBUG Engine               - urlGithub: https://github.com/AlmasB/FXGL
13:39:15.781 [FXGL Background Thread 3 ] DEBUG Engine               - urlLeaderboard: http://fxgl-top.herokuapp.com/
13:39:15.782 [FXGL Background Thread 3 ] DEBUG Engine               - urlPOM: https://raw.githubusercontent.com/AlmasB/FXGL/release/README.md
13:39:15.782 [FXGL Background Thread 3 ] DEBUG Engine               - userAppClass: class com.example.demo.PlantsApp
13:39:15.782 [FXGL Background Thread 3 ] DEBUG Engine               - version: 0.0
13:39:15.782 [FXGL Background Thread 3 ] DEBUG Engine               - versionCheckDays: 7
13:39:15.782 [FXGL Background Thread 3 ] DEBUG Engine               - width: 800
13:39:15.782 [FXGL Background Thread 3 ] DEBUG Engine               - Logging services
13:39:15.782 [FXGL Background Thread 3 ] DEBUG Engine               - class com.almasb.fxgl.app.services.FXGLAssetLoaderService
13:39:15.782 [FXGL Background Thread 3 ] DEBUG Engine               - class com.almasb.fxgl.app.FXGLApplication$GameApplicationService
13:39:15.782 [FXGL Background Thread 3 ] DEBUG Engine               - class com.almasb.fxgl.app.services.FXGLDialogService
13:39:15.782 [FXGL Background Thread 3 ] DEBUG Engine               - class com.almasb.fxgl.app.services.IOTaskExecutorService
13:39:15.782 [FXGL Background Thread 3 ] DEBUG Engine               - class com.almasb.fxgl.io.FileSystemService
13:39:15.782 [FXGL Background Thread 3 ] DEBUG Engine               - class com.almasb.fxgl.localization.LocalizationService
13:39:15.782 [FXGL Background Thread 3 ] DEBUG Engine               - class com.almasb.fxgl.app.services.SystemBundleService
13:39:15.782 [FXGL Background Thread 3 ] DEBUG Engine               - class com.almasb.fxgl.profile.SaveLoadService
13:39:15.782 [FXGL Background Thread 3 ] DEBUG Engine               - class com.almasb.fxgl.ui.FXGLUIFactoryServiceProvider
13:39:15.783 [FXGL Background Thread 3 ] DEBUG Engine               - class com.almasb.fxgl.ui.FXGLDialogFactoryServiceProvider
13:39:15.783 [FXGL Background Thread 3 ] DEBUG Engine               - class com.almasb.fxgl.audio.AudioPlayer
13:39:15.783 [FXGL Background Thread 3 ] DEBUG Engine               - class com.almasb.fxgl.notification.impl.NotificationServiceProvider
13:39:15.783 [FXGL Background Thread 3 ] DEBUG Engine               - class com.almasb.fxgl.achievement.AchievementService
13:39:15.783 [FXGL Background Thread 3 ] DEBUG Engine               - class com.almasb.fxgl.cutscene.CutsceneService
13:39:15.783 [FXGL Background Thread 3 ] DEBUG Engine               - class com.almasb.fxgl.minigames.MiniGameService
13:39:15.783 [FXGL Background Thread 3 ] DEBUG Engine               - class com.almasb.fxgl.net.NetService
13:39:15.783 [FXGL Background Thread 3 ] DEBUG Engine               - class com.almasb.fxgl.app.services.UpdaterService
13:39:15.783 [FXGL Background Thread 3 ] DEBUG Engine               - class com.almasb.fxgl.dev.DevService
13:39:28.761 [JavaFX Application Thread] DEBUG FXGLApplication      - Exiting FXGL
13:39:28.761 [JavaFX Application Thread] DEBUG Async                - Shutting down background threads
13:39:28.761 [JavaFX Application Thread] DEBUG PrimaryStageWindow   - Closing main window
13:39:28.809 [JavaFX Application Thread] DEBUG Logger               - Closing Logger
