14:03:49.450 [main                     ] DEBUG Logger               - Configured Logger
14:03:49.489 [main                     ] DEBUG GameApplication      - Logging settings
Title: Untitled
Version: 0.0
Width: 800
Height: 480
Fullscreen: false
Intro: false
Profiling: false
Single step:false
App Mode: DEVELOPER
Menu Key: ESCAPE
Stage Style: DECORATED
Scene Factory: class com.almasb.fxgl.app.scene.SceneFactory

14:03:49.831 [JavaFX Application Thread] DEBUG FXGLApplication      - Initializing FXGL
14:03:49.835 [JavaFX Application Thread] INFO  Engine               - FXGL-17.1 (24.03.2022 17.34) on WINDOWS (J:19.0.1 FX:19-ea)
14:03:49.836 [JavaFX Application Thread] DEBUG Engine               - JRE Vendor Name: Oracle Corporation
14:03:49.836 [JavaFX Application Thread] DEBUG Engine               - Running on OS: Windows 11 version 10.0
14:03:49.836 [JavaFX Application Thread] DEBUG Engine               - Architecture: amd64
14:03:49.836 [JavaFX Application Thread] INFO  Engine               - Source code and latest versions at: https://github.com/AlmasB/FXGL
14:03:49.837 [JavaFX Application Thread] INFO  Engine               -       Ask questions and discuss at: https://github.com/AlmasB/FXGL/discussions
14:03:49.837 [JavaFX Application Thread] INFO  Engine               -              Join the FXGL chat at: https://gitter.im/AlmasB/FXGL
14:03:49.953 [JavaFX Application Thread] DEBUG PrimaryStageWindow   - Creating a JavaFX scene
14:03:50.008 [JavaFX Application Thread] DEBUG PrimaryStageWindow   - Target settings size: 800.0 x 480.0
14:03:50.008 [JavaFX Application Thread] DEBUG PrimaryStageWindow   - Scaled scene size:    800.0 x 480.0
14:03:50.008 [JavaFX Application Thread] DEBUG PrimaryStageWindow   - Scaled ratio: (1.0, 1.0)
14:03:50.009 [JavaFX Application Thread] DEBUG PrimaryStageWindow   - Set initial scene to FXGLStartupScene
14:03:50.017 [JavaFX Application Thread] DEBUG PrimaryStageWindow   - Opening main window
14:03:50.127 [JavaFX Application Thread] DEBUG PrimaryStageWindow   - Window border size: (14.66668701171875, 37.33331298828125)
14:03:50.127 [JavaFX Application Thread] DEBUG PrimaryStageWindow   - Scaled size: 800.0 x 480.0
14:03:50.128 [JavaFX Application Thread] DEBUG PrimaryStageWindow   - Scaled ratio: (1.0, 1.0)
14:03:50.128 [JavaFX Application Thread] DEBUG PrimaryStageWindow   - Scene size: 800.0 x 480.0
14:03:50.128 [JavaFX Application Thread] DEBUG PrimaryStageWindow   - Stage size: 814.6666870117188 x 517.3333129882812
14:03:50.136 [FXGL Background Thread 1 ] DEBUG Engine               - Initializing environment variables
14:03:50.195 [FXGL Background Thread 1 ] DEBUG FXGLAssetLoaderServi - User app class for loading assets: class com.example.demo.PlantsApp
14:03:50.195 [FXGL Background Thread 1 ] DEBUG GameApplicationServi - Applying CSS: fxgl_dark.css
14:03:50.196 [FXGL Background Thread 1 ] DEBUG FXGLAssetLoaderServi - Loading from file system: jar:file:///C:/Users/tangu/.m2/repository/com/github/almasb/fxgl/17.1/fxgl-17.1.jar!/fxglassets/ui/css/fxgl_dark.css
14:03:50.249 [FXGL Background Thread 1 ] DEBUG GameApplicationServi - Initializing application scenes
14:03:50.286 [FXGL Background Thread 1 ] DEBUG GameWorld            - Game world initialized
14:03:50.369 [FXGL Background Thread 1 ] DEBUG PhysicsWorld         - Physics world initialized: appHeight=480, physics.ppm=50,0
14:03:50.370 [FXGL Background Thread 1 ] DEBUG PhysicsWorld         - Using strategy: BRUTE_FORCE
14:03:50.375 [FXGL Background Thread 1 ] DEBUG GameScene            - Game scene initialized: 800x480
14:03:50.390 [FXGL Background Thread 1 ] WARN  FXGL.DefaultMenu     - FXGLDefaultMenu is not designed for resolutions < 800x600
14:03:50.390 [FXGL Background Thread 1 ] DEBUG FXGL.DefaultMenu     - createMenuBodyGameMenu()
14:03:50.406 [FXGL Background Thread 1 ] DEBUG FXGL.DefaultMenu     - createOptionsMenu()
14:03:50.417 [FXGL Background Thread 1 ] DEBUG FXGLAssetLoaderServi - Loading from file system: jar:file:///C:/Users/tangu/.m2/repository/com/github/almasb/fxgl/17.1/fxgl-17.1.jar!/fxglassets/textures/particles/smoke.png
14:03:50.517 [FXGL Background Thread 1 ] DEBUG FXGLAssetLoaderServi - Loading from file system: jar:file:///C:/Users/tangu/.m2/repository/com/github/almasb/fxgl/17.1/fxgl-17.1.jar!/fxglassets/textures/particles/trace_horizontal.png
14:03:50.552 [FXGL Background Thread 1 ] DEBUG GameApplicationServi - Application scenes initialized
14:03:50.566 [FXGL Background Thread 1 ] DEBUG SystemBundleService  - Loading FXGL system data
14:03:50.570 [FXGL Background Thread 1 ] DEBUG FileSystemAccess     - Reading from: C:\Users\tangu\Desktop\Challengeweek\IPOSE_challengeweek\demo\system\fxgl.bundle
14:03:50.583 [FXGL Background Thread 1 ] DEBUG SystemBundleService  - Bundle FXGL: {}
14:03:50.583 [FXGL Background Thread 1 ] DEBUG UpdaterService       - Checking for updates
14:03:50.589 [FXGL Background Thread 4 ] DEBUG FXGLApplication      - Loading fonts
14:03:50.590 [FXGL Background Thread 4 ] DEBUG FXGLAssetLoaderServi - Loading from file system: jar:file:///C:/Users/tangu/.m2/repository/com/github/almasb/fxgl/17.1/fxgl-17.1.jar!/fxglassets/ui/fonts/VarelaRound-Regular.ttf
14:03:50.590 [FXGL Background Thread 1 ] DEBUG FXGLApplication      - Loading default localization
14:03:50.592 [FXGL Background Thread 1 ] DEBUG FXGLAssetLoaderServi - Loading from file system: jar:file:///C:/Users/tangu/.m2/repository/com/github/almasb/fxgl/17.1/fxgl-17.1.jar!/fxglassets/languages/english.lang
14:03:50.619 [FXGL Background Thread 1 ] INFO  FXGLApplication      - FXGL initialization took: 0,482 sec
14:03:50.621 [JavaFX Application Thread] DEBUG FXGLAssetLoaderServi - Loading from file system: jar:file:///C:/Users/tangu/.m2/repository/com/github/almasb/fxgl/17.1/fxgl-17.1.jar!/fxglassets/textures/fxgl_icon.png
14:03:50.643 [JavaFX Application Thread] DEBUG FXGLAssetLoaderServi - Loading from file system: jar:file:///C:/Users/tangu/.m2/repository/com/github/almasb/fxgl/17.1/fxgl-17.1.jar!/fxglassets/textures/fxgl_default_cursor.png
14:03:50.657 [JavaFX Application Thread] DEBUG Input                - Registered new binding: Screenshot - CTRL+8
14:03:50.657 [JavaFX Application Thread] DEBUG Input                - Registered new binding: System info dump - CTRL+9
14:03:50.658 [JavaFX Application Thread] DEBUG Input                - Registered new binding: Restart - CTRL+R
14:03:50.659 [JavaFX Application Thread] DEBUG Input                - Registered new binding: Toggle Debug Camera - CTRL+7
14:03:50.662 [JavaFX Application Thread] DEBUG LoopRunner           - Starting loop
14:03:50.662 [JavaFX Application Thread] DEBUG LoopRunner           - Initializing JavaFX AnimationTimerLoop
14:03:50.664 [JavaFX Application Thread] DEBUG GameApplicationServi - Starting new game
14:03:50.664 [JavaFX Application Thread] DEBUG Input                - Clearing active input actions
14:03:50.677 [JavaFX Application Thread] DEBUG GameApplicationServi - Removing overlay from FXGLStartupScene and adding to FXGLLoadingScene
14:03:50.678 [JavaFX Application Thread] DEBUG PrimaryStageWindow   - FXGLStartupScene -> FXGLLoadingScene
14:03:50.678 [JavaFX Application Thread] DEBUG GameApplicationServi - Clearing previous game
14:03:50.678 [JavaFX Application Thread] DEBUG GameScene            - Clearing game scene
14:03:50.678 [JavaFX Application Thread] DEBUG GameWorld            - Clearing game world
14:03:50.678 [JavaFX Application Thread] DEBUG PhysicsWorld         - Clearing physics world
14:03:50.680 [FXGL Background Thread 1 ] DEBUG FXGLApplication      - Initializing game
14:03:50.690 [FXGL Background Thread 1 ] WARN  FXGLAssetLoaderServi - Asset "/assets/levels/grid.tmx" was not found!
14:03:50.733 [JavaFX Application Thread] DEBUG LoopRunner           - Stopping loop
14:03:50.736 [JavaFX Application Thread] FATAL FXGLApplication      - Uncaught Exception:
java.lang.RuntimeException: Initialization failed
	at com.almasb.fxgl.all@17.1/com.almasb.fxgl.app.FXGLApplication$InitAppTask.failed(FXGLApplication.kt:343)
	at javafx.graphics@19-ea/javafx.concurrent.Task.setState(Task.java:710)
	at javafx.graphics@19-ea/javafx.concurrent.Task$TaskCallable.lambda$call$2(Task.java:1456)
	at javafx.graphics@19-ea/com.sun.javafx.application.PlatformImpl.lambda$runLater$10(PlatformImpl.java:457)
	at java.base/java.security.AccessController.doPrivileged(AccessController.java:399)
	at javafx.graphics@19-ea/com.sun.javafx.application.PlatformImpl.lambda$runLater$11(PlatformImpl.java:456)
	at javafx.graphics@19-ea/com.sun.glass.ui.InvokeLaterDispatcher$Future.run(InvokeLaterDispatcher.java:96)
	at javafx.graphics@19-ea/com.sun.glass.ui.win.WinApplication._runLoop(Native Method)
	at javafx.graphics@19-ea/com.sun.glass.ui.win.WinApplication.lambda$runLoop$3(WinApplication.java:184)
	at java.base/java.lang.Thread.run(Thread.java:1589)
Caused by: java.lang.IllegalArgumentException: Loading level failed. Asset not found: grid.tmx
	at com.almasb.fxgl.all@17.1/com.almasb.fxgl.app.services.FXGLAssetLoaderService.loadLevel(FXGLAssetLoaderService.kt:443)
	at com.example.demo/com.example.demo.PlantsApp.initGame(PlantsApp.java:21)
	at com.almasb.fxgl.all@17.1/com.almasb.fxgl.app.FXGLApplication$InitAppTask.initGame(FXGLApplication.kt:339)
	at com.almasb.fxgl.all@17.1/com.almasb.fxgl.app.FXGLApplication$InitAppTask.call(FXGLApplication.kt:319)
	at com.almasb.fxgl.all@17.1/com.almasb.fxgl.app.FXGLApplication$InitAppTask.call(FXGLApplication.kt:311)
	at javafx.graphics@19-ea/javafx.concurrent.Task$TaskCallable.call(Task.java:1426)
	at java.base/java.util.concurrent.FutureTask.run(FutureTask.java:317)
	at java.base/java.util.concurrent.Executors$RunnableAdapter.call(Executors.java:577)
	at java.base/java.util.concurrent.FutureTask.run(FutureTask.java:317)
	at java.base/java.util.concurrent.ThreadPoolExecutor.runWorker(ThreadPoolExecutor.java:1144)
	at java.base/java.util.concurrent.ThreadPoolExecutor$Worker.run(ThreadPoolExecutor.java:642)
	... 1 more

14:03:50.738 [JavaFX Application Thread] FATAL FXGLApplication      - Application will now exit
14:03:50.766 [JavaFX Application Thread] DEBUG PrimaryStageWindow   - Push state: ErrorSubScene
14:03:50.766 [JavaFX Application Thread] DEBUG Input                - Clearing active input actions
14:03:50.770 [FXGL Background Thread 4 ] DEBUG FXGLAssetLoaderServi - Loading from file system: jar:file:///C:/Users/tangu/.m2/repository/com/github/almasb/fxgl/17.1/fxgl-17.1.jar!/fxglassets/ui/fonts/Abel-Regular.ttf
14:03:50.781 [JavaFX Application Thread] DEBUG GameApplicationServi - Removing overlay from FXGLLoadingScene and adding to ErrorSubScene
14:03:50.782 [JavaFX Application Thread] DEBUG PrimaryStageWindow   - FXGLLoadingScene -> ErrorSubScene
14:03:50.788 [FXGL Background Thread 4 ] DEBUG FXGLAssetLoaderServi - Loading from file system: jar:file:///C:/Users/tangu/.m2/repository/com/github/almasb/fxgl/17.1/fxgl-17.1.jar!/fxglassets/ui/fonts/TerminalLandMono-Regular.otf
14:03:50.822 [FXGL Background Thread 4 ] DEBUG FXGLAssetLoaderServi - Loading from file system: jar:file:///C:/Users/tangu/.m2/repository/com/github/almasb/fxgl/17.1/fxgl-17.1.jar!/fxglassets/ui/fonts/Courier-Prime.ttf
14:03:51.002 [FXGL Background Thread 2 ] INFO  UpdaterService       - Your current version:  17.1
14:03:51.002 [FXGL Background Thread 2 ] INFO  UpdaterService       - Latest stable version: 17.3
14:03:51.040 [JavaFX Application Thread] DEBUG FXGLApplication      - Registering font factories with UI factory
14:03:53.587 [FXGL Background Thread 3 ] DEBUG Engine               - Logging environment variables
14:03:53.588 [FXGL Background Thread 3 ] DEBUG Engine               - achievements: []
14:03:53.588 [FXGL Background Thread 3 ] DEBUG Engine               - actualHeight: 480.0
14:03:53.588 [FXGL Background Thread 3 ] DEBUG Engine               - actualHeightProperty: ReadOnlyDoubleProperty [value: 480.0]
14:03:53.588 [FXGL Background Thread 3 ] DEBUG Engine               - actualWidth: 800.0
14:03:53.588 [FXGL Background Thread 3 ] DEBUG Engine               - actualWidthProperty: ReadOnlyDoubleProperty [value: 800.0]
14:03:53.588 [FXGL Background Thread 3 ] DEBUG Engine               - appIcon: fxgl_icon.png
14:03:53.588 [FXGL Background Thread 3 ] DEBUG Engine               - applicationMode: DEVELOPER
14:03:53.588 [FXGL Background Thread 3 ] DEBUG Engine               - cSSList: [fxgl_dark.css]
14:03:53.588 [FXGL Background Thread 3 ] DEBUG Engine               - collisionDetectionStrategy: BRUTE_FORCE
14:03:53.588 [FXGL Background Thread 3 ] DEBUG Engine               - configClass: Optional.empty
14:03:53.589 [FXGL Background Thread 3 ] DEBUG Engine               - credits: []
14:03:53.589 [FXGL Background Thread 3 ] DEBUG Engine               - defaultCursor: CursorInfo(imageName=fxgl_default_cursor.png, hotspotX=7.0, hotspotY=6.0)
14:03:53.589 [FXGL Background Thread 3 ] DEBUG Engine               - devBBoxColorProperty: ObjectProperty [value: 0xff0000ff]
14:03:53.589 [FXGL Background Thread 3 ] DEBUG Engine               - devEnableDebugCameraProperty: BooleanProperty [value: false]
14:03:53.589 [FXGL Background Thread 3 ] DEBUG Engine               - devSensorColorProperty: ObjectProperty [value: 0xffff00ff]
14:03:53.589 [FXGL Background Thread 3 ] DEBUG Engine               - devShowBBoxProperty: BooleanProperty [value: false]
14:03:53.589 [FXGL Background Thread 3 ] DEBUG Engine               - devShowPositionProperty: BooleanProperty [value: false]
14:03:53.589 [FXGL Background Thread 3 ] DEBUG Engine               - enabledMenuItems: []
14:03:53.590 [FXGL Background Thread 3 ] DEBUG Engine               - engineServices: [class com.almasb.fxgl.app.services.FXGLAssetLoaderService, class com.almasb.fxgl.app.FXGLApplication$GameApplicationService, class com.almasb.fxgl.app.services.FXGLDialogService, class com.almasb.fxgl.app.services.IOTaskExecutorService, class com.almasb.fxgl.io.FileSystemService, class com.almasb.fxgl.localization.LocalizationService, class com.almasb.fxgl.app.services.SystemBundleService, class com.almasb.fxgl.profile.SaveLoadService, class com.almasb.fxgl.ui.FXGLUIFactoryServiceProvider, class com.almasb.fxgl.ui.FXGLDialogFactoryServiceProvider, class com.almasb.fxgl.audio.AudioPlayer, class com.almasb.fxgl.notification.impl.NotificationServiceProvider, class com.almasb.fxgl.achievement.AchievementService, class com.almasb.fxgl.cutscene.CutsceneService, class com.almasb.fxgl.minigames.MiniGameService, class com.almasb.fxgl.net.NetService, class com.almasb.fxgl.app.services.UpdaterService, class com.almasb.fxgl.dev.DevService]
14:03:53.590 [FXGL Background Thread 3 ] DEBUG Engine               - fontGame: Abel-Regular.ttf
14:03:53.590 [FXGL Background Thread 3 ] DEBUG Engine               - fontMono: TerminalLandMono-Regular.otf
14:03:53.590 [FXGL Background Thread 3 ] DEBUG Engine               - fontText: Courier-Prime.ttf
14:03:53.590 [FXGL Background Thread 3 ] DEBUG Engine               - fontUI: VarelaRound-Regular.ttf
14:03:53.590 [FXGL Background Thread 3 ] DEBUG Engine               - fullScreen: BooleanProperty [value: false]
14:03:53.590 [FXGL Background Thread 3 ] DEBUG Engine               - gameDifficulty: MEDIUM
14:03:53.590 [FXGL Background Thread 3 ] DEBUG Engine               - gameDifficultyProperty: ObjectProperty [value: MEDIUM]
14:03:53.590 [FXGL Background Thread 3 ] DEBUG Engine               - globalMusicVolume: 0.5
14:03:53.590 [FXGL Background Thread 3 ] DEBUG Engine               - globalMusicVolumeProperty: DoubleProperty [value: 0.5]
14:03:53.590 [FXGL Background Thread 3 ] DEBUG Engine               - globalSoundVolume: 0.5
14:03:53.590 [FXGL Background Thread 3 ] DEBUG Engine               - globalSoundVolumeProperty: DoubleProperty [value: 0.5]
14:03:53.590 [FXGL Background Thread 3 ] DEBUG Engine               - height: 480
14:03:53.590 [FXGL Background Thread 3 ] DEBUG Engine               - is3D: false
14:03:53.590 [FXGL Background Thread 3 ] DEBUG Engine               - isAndroid: false
14:03:53.590 [FXGL Background Thread 3 ] DEBUG Engine               - isBrowser: false
14:03:53.590 [FXGL Background Thread 3 ] DEBUG Engine               - isClickFeedbackEnabled: false
14:03:53.591 [FXGL Background Thread 3 ] DEBUG Engine               - isCloseConfirmation: false
14:03:53.591 [FXGL Background Thread 3 ] DEBUG Engine               - isDesktop: true
14:03:53.591 [FXGL Background Thread 3 ] DEBUG Engine               - isDeveloperMenuEnabled: false
14:03:53.591 [FXGL Background Thread 3 ] DEBUG Engine               - isEmbedded: false
14:03:53.591 [FXGL Background Thread 3 ] DEBUG Engine               - isEntityPreloadEnabled: true
14:03:53.591 [FXGL Background Thread 3 ] DEBUG Engine               - isExperimentalTiledLargeMap: false
14:03:53.591 [FXGL Background Thread 3 ] DEBUG Engine               - isFileSystemWriteAllowed: true
14:03:53.591 [FXGL Background Thread 3 ] DEBUG Engine               - isFullScreenAllowed: false
14:03:53.591 [FXGL Background Thread 3 ] DEBUG Engine               - isFullScreenFromStart: false
14:03:53.591 [FXGL Background Thread 3 ] DEBUG Engine               - isGameMenuEnabled: true
14:03:53.591 [FXGL Background Thread 3 ] DEBUG Engine               - isIOS: false
14:03:53.591 [FXGL Background Thread 3 ] DEBUG Engine               - isIntroEnabled: false
14:03:53.591 [FXGL Background Thread 3 ] DEBUG Engine               - isLinux: false
14:03:53.591 [FXGL Background Thread 3 ] DEBUG Engine               - isMac: false
14:03:53.591 [FXGL Background Thread 3 ] DEBUG Engine               - isMainMenuEnabled: false
14:03:53.591 [FXGL Background Thread 3 ] DEBUG Engine               - isManualResizeEnabled: false
14:03:53.592 [FXGL Background Thread 3 ] DEBUG Engine               - isMobile: false
14:03:53.592 [FXGL Background Thread 3 ] DEBUG Engine               - isNative: false
14:03:53.592 [FXGL Background Thread 3 ] DEBUG Engine               - isPauseMusicWhenMinimized: true
14:03:53.592 [FXGL Background Thread 3 ] DEBUG Engine               - isPreserveResizeRatio: false
14:03:53.592 [FXGL Background Thread 3 ] DEBUG Engine               - isProfilingEnabled: false
14:03:53.592 [FXGL Background Thread 3 ] DEBUG Engine               - isScaleAffectedOnResize: true
14:03:53.592 [FXGL Background Thread 3 ] DEBUG Engine               - isSingleStep: false
14:03:53.592 [FXGL Background Thread 3 ] DEBUG Engine               - isUserProfileEnabled: false
14:03:53.592 [FXGL Background Thread 3 ] DEBUG Engine               - isWindows: true
14:03:53.592 [FXGL Background Thread 3 ] DEBUG Engine               - language: ObjectProperty [value: ENGLISH]
14:03:53.592 [FXGL Background Thread 3 ] DEBUG Engine               - menuKey: ESCAPE
14:03:53.592 [FXGL Background Thread 3 ] DEBUG Engine               - mouseSensitivity: 0.2
14:03:53.592 [FXGL Background Thread 3 ] DEBUG Engine               - notificationViewClass: class com.almasb.fxgl.notification.view.XboxNotificationView
14:03:53.592 [FXGL Background Thread 3 ] DEBUG Engine               - pixelsPerMeter: 50.0
14:03:53.592 [FXGL Background Thread 3 ] DEBUG Engine               - platform: WINDOWS
14:03:53.592 [FXGL Background Thread 3 ] DEBUG Engine               - prefHeightProperty: ReadOnlyDoubleProperty [value: 480.0]
14:03:53.593 [FXGL Background Thread 3 ] DEBUG Engine               - prefWidthProperty: ReadOnlyDoubleProperty [value: 800.0]
14:03:53.593 [FXGL Background Thread 3 ] DEBUG Engine               - profileDir: profiles/
14:03:53.593 [FXGL Background Thread 3 ] DEBUG Engine               - profileName: StringProperty [value: DEFAULT]
14:03:53.593 [FXGL Background Thread 3 ] DEBUG Engine               - randomSeed: -1
14:03:53.593 [FXGL Background Thread 3 ] DEBUG Engine               - runtimeInfo: RuntimeInfo(platform=WINDOWS, version=17.1, build=24.03.2022 17.34)
14:03:53.593 [FXGL Background Thread 3 ] DEBUG Engine               - saveFileExt: sav
14:03:53.593 [FXGL Background Thread 3 ] DEBUG Engine               - scaledHeightProp$fxgl: DoubleProperty [bound, value: 480.0]
14:03:53.593 [FXGL Background Thread 3 ] DEBUG Engine               - scaledWidthProp$fxgl: DoubleProperty [bound, value: 800.0]
14:03:53.593 [FXGL Background Thread 3 ] DEBUG Engine               - sceneFactory: com.almasb.fxgl.app.scene.SceneFactory@2e9d0767
14:03:53.593 [FXGL Background Thread 3 ] DEBUG Engine               - secondsIn24h: 60
14:03:53.594 [FXGL Background Thread 3 ] DEBUG Engine               - soundMenuBack: menu/back.wav
14:03:53.594 [FXGL Background Thread 3 ] DEBUG Engine               - soundMenuPress: menu/press.wav
14:03:53.594 [FXGL Background Thread 3 ] DEBUG Engine               - soundMenuSelect: menu/select.wav
14:03:53.594 [FXGL Background Thread 3 ] DEBUG Engine               - soundNotification: core/notification.wav
14:03:53.594 [FXGL Background Thread 3 ] DEBUG Engine               - stageStyle: DECORATED
14:03:53.594 [FXGL Background Thread 3 ] DEBUG Engine               - supportedLanguages: [ENGLISH, FRENCH, GERMAN, HUNGARIAN, RUSSIAN]
14:03:53.594 [FXGL Background Thread 3 ] DEBUG Engine               - ticksPerSecond: -1
14:03:53.594 [FXGL Background Thread 3 ] DEBUG Engine               - title: Untitled
14:03:53.594 [FXGL Background Thread 3 ] DEBUG Engine               - urlGithub: https://github.com/AlmasB/FXGL
14:03:53.594 [FXGL Background Thread 3 ] DEBUG Engine               - urlLeaderboard: http://fxgl-top.herokuapp.com/
14:03:53.594 [FXGL Background Thread 3 ] DEBUG Engine               - urlPOM: https://raw.githubusercontent.com/AlmasB/FXGL/release/README.md
14:03:53.594 [FXGL Background Thread 3 ] DEBUG Engine               - userAppClass: class com.example.demo.PlantsApp
14:03:53.594 [FXGL Background Thread 3 ] DEBUG Engine               - version: 0.0
14:03:53.594 [FXGL Background Thread 3 ] DEBUG Engine               - versionCheckDays: 7
14:03:53.594 [FXGL Background Thread 3 ] DEBUG Engine               - width: 800
14:03:53.594 [FXGL Background Thread 3 ] DEBUG Engine               - Logging services
14:03:53.594 [FXGL Background Thread 3 ] DEBUG Engine               - class com.almasb.fxgl.app.services.FXGLAssetLoaderService
14:03:53.594 [FXGL Background Thread 3 ] DEBUG Engine               - class com.almasb.fxgl.app.FXGLApplication$GameApplicationService
14:03:53.594 [FXGL Background Thread 3 ] DEBUG Engine               - class com.almasb.fxgl.app.services.FXGLDialogService
14:03:53.594 [FXGL Background Thread 3 ] DEBUG Engine               - class com.almasb.fxgl.app.services.IOTaskExecutorService
14:03:53.594 [FXGL Background Thread 3 ] DEBUG Engine               - class com.almasb.fxgl.io.FileSystemService
14:03:53.594 [FXGL Background Thread 3 ] DEBUG Engine               - class com.almasb.fxgl.localization.LocalizationService
14:03:53.594 [FXGL Background Thread 3 ] DEBUG Engine               - class com.almasb.fxgl.app.services.SystemBundleService
14:03:53.595 [FXGL Background Thread 3 ] DEBUG Engine               - class com.almasb.fxgl.profile.SaveLoadService
14:03:53.595 [FXGL Background Thread 3 ] DEBUG Engine               - class com.almasb.fxgl.ui.FXGLUIFactoryServiceProvider
14:03:53.595 [FXGL Background Thread 3 ] DEBUG Engine               - class com.almasb.fxgl.ui.FXGLDialogFactoryServiceProvider
14:03:53.595 [FXGL Background Thread 3 ] DEBUG Engine               - class com.almasb.fxgl.audio.AudioPlayer
14:03:53.595 [FXGL Background Thread 3 ] DEBUG Engine               - class com.almasb.fxgl.notification.impl.NotificationServiceProvider
14:03:53.595 [FXGL Background Thread 3 ] DEBUG Engine               - class com.almasb.fxgl.achievement.AchievementService
14:03:53.595 [FXGL Background Thread 3 ] DEBUG Engine               - class com.almasb.fxgl.cutscene.CutsceneService
14:03:53.595 [FXGL Background Thread 3 ] DEBUG Engine               - class com.almasb.fxgl.minigames.MiniGameService
14:03:53.595 [FXGL Background Thread 3 ] DEBUG Engine               - class com.almasb.fxgl.net.NetService
14:03:53.595 [FXGL Background Thread 3 ] DEBUG Engine               - class com.almasb.fxgl.app.services.UpdaterService
14:03:53.595 [FXGL Background Thread 3 ] DEBUG Engine               - class com.almasb.fxgl.dev.DevService
14:03:54.400 [JavaFX Application Thread] DEBUG FXGLApplication      - Exiting FXGL
14:03:54.400 [JavaFX Application Thread] DEBUG Async                - Shutting down background threads
14:03:54.400 [JavaFX Application Thread] DEBUG PrimaryStageWindow   - Closing main window
14:03:54.425 [JavaFX Application Thread] DEBUG Logger               - Closing Logger
