16:09:58.584 [main                     ] DEBUG Logger               - Configured Logger
16:09:58.619 [main                     ] DEBUG GameApplication      - Logging settings
Title: Untitled
Version: 0.0
Width: 1280
Height: 640
Fullscreen: false
Intro: false
Profiling: false
Single step:false
App Mode: DEVELOPER
Menu Key: ESCAPE
Stage Style: DECORATED
Scene Factory: class com.almasb.fxgl.app.scene.SceneFactory

16:09:58.896 [JavaFX Application Thread] DEBUG FXGLApplication      - Initializing FXGL
16:09:58.900 [JavaFX Application Thread] INFO  Engine               - FXGL-17.1 (24.03.2022 17.34) on WINDOWS (J:19.0.1 FX:19-ea)
16:09:58.901 [JavaFX Application Thread] DEBUG Engine               - JRE Vendor Name: Oracle Corporation
16:09:58.901 [JavaFX Application Thread] DEBUG Engine               - Running on OS: Windows 11 version 10.0
16:09:58.901 [JavaFX Application Thread] DEBUG Engine               - Architecture: amd64
16:09:58.902 [JavaFX Application Thread] INFO  Engine               - Source code and latest versions at: https://github.com/AlmasB/FXGL
16:09:58.902 [JavaFX Application Thread] INFO  Engine               -       Ask questions and discuss at: https://github.com/AlmasB/FXGL/discussions
16:09:58.902 [JavaFX Application Thread] INFO  Engine               -              Join the FXGL chat at: https://gitter.im/AlmasB/FXGL
16:09:58.974 [JavaFX Application Thread] DEBUG PrimaryStageWindow   - Creating a JavaFX scene
16:09:59.015 [JavaFX Application Thread] DEBUG PrimaryStageWindow   - Target settings size: 1280.0 x 640.0
16:09:59.015 [JavaFX Application Thread] DEBUG PrimaryStageWindow   - Scaled scene size:    1280.0 x 640.0
16:09:59.016 [JavaFX Application Thread] DEBUG PrimaryStageWindow   - Scaled ratio: (1.0, 1.0)
16:09:59.017 [JavaFX Application Thread] DEBUG PrimaryStageWindow   - Set initial scene to FXGLStartupScene
16:09:59.025 [JavaFX Application Thread] DEBUG PrimaryStageWindow   - Opening main window
16:09:59.114 [JavaFX Application Thread] DEBUG PrimaryStageWindow   - Window border size: (14.6666259765625, 37.33331298828125)
16:09:59.114 [JavaFX Application Thread] DEBUG PrimaryStageWindow   - Scaled size: 1280.0 x 640.0
16:09:59.114 [JavaFX Application Thread] DEBUG PrimaryStageWindow   - Scaled ratio: (1.0, 1.0)
16:09:59.114 [JavaFX Application Thread] DEBUG PrimaryStageWindow   - Scene size: 1280.0 x 640.0
16:09:59.116 [JavaFX Application Thread] DEBUG PrimaryStageWindow   - Stage size: 1294.6666259765625 x 677.3333129882812
16:09:59.122 [FXGL Background Thread 1 ] DEBUG Engine               - Initializing environment variables
16:09:59.179 [FXGL Background Thread 1 ] DEBUG FXGLAssetLoaderServi - User app class for loading assets: class com.example.demo.PlantsApp
16:09:59.179 [FXGL Background Thread 1 ] DEBUG GameApplicationServi - Applying CSS: fxgl_dark.css
16:09:59.180 [FXGL Background Thread 1 ] DEBUG FXGLAssetLoaderServi - Loading from file system: jar:file:///C:/Users/tangu/.m2/repository/com/github/almasb/fxgl/17.1/fxgl-17.1.jar!/fxglassets/ui/css/fxgl_dark.css
16:09:59.228 [FXGL Background Thread 1 ] DEBUG GameApplicationServi - Initializing application scenes
16:09:59.262 [FXGL Background Thread 1 ] DEBUG GameWorld            - Game world initialized
16:09:59.338 [FXGL Background Thread 1 ] DEBUG PhysicsWorld         - Physics world initialized: appHeight=640, physics.ppm=50,0
16:09:59.339 [FXGL Background Thread 1 ] DEBUG PhysicsWorld         - Using strategy: BRUTE_FORCE
16:09:59.344 [FXGL Background Thread 1 ] DEBUG GameScene            - Game scene initialized: 1280x640
16:09:59.356 [FXGL Background Thread 1 ] DEBUG FXGL.DefaultMenu     - createMenuBodyGameMenu()
16:09:59.370 [FXGL Background Thread 1 ] DEBUG FXGL.DefaultMenu     - createOptionsMenu()
16:09:59.381 [FXGL Background Thread 1 ] DEBUG FXGLAssetLoaderServi - Loading from file system: jar:file:///C:/Users/tangu/.m2/repository/com/github/almasb/fxgl/17.1/fxgl-17.1.jar!/fxglassets/textures/particles/smoke.png
16:09:59.475 [FXGL Background Thread 1 ] DEBUG FXGLAssetLoaderServi - Loading from file system: jar:file:///C:/Users/tangu/.m2/repository/com/github/almasb/fxgl/17.1/fxgl-17.1.jar!/fxglassets/textures/particles/trace_horizontal.png
16:09:59.524 [FXGL Background Thread 1 ] DEBUG GameApplicationServi - Application scenes initialized
16:09:59.539 [FXGL Background Thread 1 ] DEBUG SystemBundleService  - Loading FXGL system data
16:09:59.544 [FXGL Background Thread 1 ] DEBUG FileSystemAccess     - Reading from: C:\Users\tangu\Desktop\Challengeweek\IPOSE_challengeweek\demo\system\fxgl.bundle
16:09:59.552 [FXGL Background Thread 1 ] DEBUG SystemBundleService  - Bundle FXGL: {}
16:09:59.552 [FXGL Background Thread 1 ] DEBUG UpdaterService       - Checking for updates
16:09:59.556 [FXGL Background Thread 4 ] DEBUG FXGLApplication      - Loading fonts
16:09:59.557 [FXGL Background Thread 1 ] DEBUG FXGLApplication      - Loading default localization
16:09:59.557 [FXGL Background Thread 4 ] DEBUG FXGLAssetLoaderServi - Loading from file system: jar:file:///C:/Users/tangu/.m2/repository/com/github/almasb/fxgl/17.1/fxgl-17.1.jar!/fxglassets/ui/fonts/VarelaRound-Regular.ttf
16:09:59.557 [FXGL Background Thread 1 ] DEBUG FXGLAssetLoaderServi - Loading from file system: jar:file:///C:/Users/tangu/.m2/repository/com/github/almasb/fxgl/17.1/fxgl-17.1.jar!/fxglassets/languages/english.lang
16:09:59.582 [FXGL Background Thread 1 ] INFO  FXGLApplication      - FXGL initialization took: 0,459 sec
16:09:59.593 [JavaFX Application Thread] DEBUG Input                - Registered new binding: action0 - D
16:09:59.594 [JavaFX Application Thread] DEBUG Input                - Registered new binding: action1 - A
16:09:59.595 [JavaFX Application Thread] DEBUG Input                - Registered new binding: action2 - W
16:09:59.595 [JavaFX Application Thread] DEBUG Input                - Registered new binding: action3 - S
16:09:59.596 [JavaFX Application Thread] DEBUG FXGLAssetLoaderServi - Loading from file system: jar:file:///C:/Users/tangu/.m2/repository/com/github/almasb/fxgl/17.1/fxgl-17.1.jar!/fxglassets/textures/fxgl_icon.png
16:09:59.624 [JavaFX Application Thread] DEBUG FXGLAssetLoaderServi - Loading from file system: jar:file:///C:/Users/tangu/.m2/repository/com/github/almasb/fxgl/17.1/fxgl-17.1.jar!/fxglassets/textures/fxgl_default_cursor.png
16:09:59.628 [JavaFX Application Thread] DEBUG Input                - Registered new binding: Screenshot - CTRL+8
16:09:59.629 [JavaFX Application Thread] DEBUG Input                - Registered new binding: System info dump - CTRL+9
16:09:59.629 [JavaFX Application Thread] DEBUG Input                - Registered new binding: Restart - CTRL+R
16:09:59.630 [JavaFX Application Thread] DEBUG Input                - Registered new binding: Toggle Debug Camera - CTRL+7
16:09:59.633 [JavaFX Application Thread] DEBUG LoopRunner           - Starting loop
16:09:59.633 [JavaFX Application Thread] DEBUG LoopRunner           - Initializing JavaFX AnimationTimerLoop
16:09:59.634 [JavaFX Application Thread] DEBUG GameApplicationServi - Starting new game
16:09:59.635 [JavaFX Application Thread] DEBUG Input                - Clearing active input actions
16:09:59.647 [JavaFX Application Thread] DEBUG GameApplicationServi - Removing overlay from FXGLStartupScene and adding to FXGLLoadingScene
16:09:59.647 [JavaFX Application Thread] DEBUG PrimaryStageWindow   - FXGLStartupScene -> FXGLLoadingScene
16:09:59.647 [JavaFX Application Thread] DEBUG GameApplicationServi - Clearing previous game
16:09:59.647 [JavaFX Application Thread] DEBUG GameScene            - Clearing game scene
16:09:59.647 [JavaFX Application Thread] DEBUG GameWorld            - Clearing game world
16:09:59.648 [JavaFX Application Thread] DEBUG PhysicsWorld         - Clearing physics world
16:09:59.651 [FXGL Background Thread 1 ] DEBUG FXGLApplication      - Initializing game
16:09:59.668 [FXGL Background Thread 4 ] DEBUG FXGLAssetLoaderServi - Loading from file system: jar:file:///C:/Users/tangu/.m2/repository/com/github/almasb/fxgl/17.1/fxgl-17.1.jar!/fxglassets/ui/fonts/Abel-Regular.ttf
16:09:59.679 [FXGL Background Thread 4 ] DEBUG FXGLAssetLoaderServi - Loading from file system: jar:file:///C:/Users/tangu/.m2/repository/com/github/almasb/fxgl/17.1/fxgl-17.1.jar!/fxglassets/ui/fonts/TerminalLandMono-Regular.otf
16:09:59.698 [FXGL Background Thread 4 ] DEBUG FXGLAssetLoaderServi - Loading from file system: jar:file:///C:/Users/tangu/.m2/repository/com/github/almasb/fxgl/17.1/fxgl-17.1.jar!/fxglassets/ui/fonts/Courier-Prime.ttf
16:09:59.711 [FXGL Background Thread 1 ] WARN  TMXLevelLoader       - TiledMap generated from 1.10.1. Supported version: 1.4.2. Some features may not be parsed fully.
16:09:59.716 [JavaFX Application Thread] DEBUG FXGLApplication      - Registering font factories with UI factory
16:09:59.729 [FXGL Background Thread 1 ] DEBUG TMXLevelLoader       - Parsed TiledMap: file:/C:/Users/tangu/Desktop/Challengeweek/IPOSE_challengeweek/demo/target/classes/assets/levels/grid.tmx
16:09:59.730 [FXGL Background Thread 1 ] DEBUG TMXLevelLoader       - Creating tile layer entities
16:09:59.731 [FXGL Background Thread 1 ] DEBUG TilesetLoader        - Loading view for layer Tile Layer 1
16:09:59.733 [FXGL Background Thread 1 ] DEBUG TilesetLoader        - Created buffer with size 1280.0x640.0
16:09:59.854 [FXGL Background Thread 1 ] DEBUG TMXLevelLoader       - Creating object layer entities
16:09:59.894 [FXGL Background Thread 1 ] DEBUG GameWorld            - Clearing removable entities
16:09:59.895 [FXGL Background Thread 1 ] DEBUG GameWorld            - Setting level: com.almasb.fxgl.entity.level.Level@52fceae1
16:09:59.911 [FXGL Background Thread 1 ] INFO  FXGLApplication      - Game initialization took: 0,260 sec
16:09:59.912 [JavaFX Application Thread] DEBUG Input                - Clearing active input actions
16:09:59.924 [JavaFX Application Thread] DEBUG GameApplicationServi - Removing overlay from FXGLLoadingScene and adding to GameScene
16:09:59.925 [JavaFX Application Thread] DEBUG PrimaryStageWindow   - FXGLLoadingScene -> GameScene
16:09:59.996 [FXGL Background Thread 2 ] INFO  UpdaterService       - Your current version:  17.1
16:09:59.997 [FXGL Background Thread 2 ] INFO  UpdaterService       - Latest stable version: 17.3
16:10:01.073 [JavaFX Application Thread] DEBUG FXGLAssetLoaderServi - Loading from file system: file:/C:/Users/tangu/Desktop/Challengeweek/IPOSE_challengeweek/demo/target/classes/assets/textures/vincent_zombie.png
16:10:01.083 [JavaFX Application Thread] WARN  GameWorld            - Entity is already attached to world
16:10:01.084 [JavaFX Application Thread] DEBUG FXGLAssetLoaderServi - Loading from file system: file:/C:/Users/tangu/Desktop/Challengeweek/IPOSE_challengeweek/demo/target/classes/assets/textures/charlotte_zombie.png
16:10:02.557 [FXGL Background Thread 3 ] DEBUG Engine               - Logging environment variables
16:10:02.557 [FXGL Background Thread 3 ] DEBUG Engine               - achievements: []
16:10:02.557 [FXGL Background Thread 3 ] DEBUG Engine               - actualHeight: 640.0
16:10:02.558 [FXGL Background Thread 3 ] DEBUG Engine               - actualHeightProperty: ReadOnlyDoubleProperty [value: 640.0]
16:10:02.558 [FXGL Background Thread 3 ] DEBUG Engine               - actualWidth: 1280.0
16:10:02.558 [FXGL Background Thread 3 ] DEBUG Engine               - actualWidthProperty: ReadOnlyDoubleProperty [value: 1280.0]
16:10:02.558 [FXGL Background Thread 3 ] DEBUG Engine               - appIcon: fxgl_icon.png
16:10:02.558 [FXGL Background Thread 3 ] DEBUG Engine               - applicationMode: DEVELOPER
16:10:02.558 [FXGL Background Thread 3 ] DEBUG Engine               - cSSList: [fxgl_dark.css]
16:10:02.558 [FXGL Background Thread 3 ] DEBUG Engine               - collisionDetectionStrategy: BRUTE_FORCE
16:10:02.558 [FXGL Background Thread 3 ] DEBUG Engine               - configClass: Optional.empty
16:10:02.558 [FXGL Background Thread 3 ] DEBUG Engine               - credits: []
16:10:02.558 [FXGL Background Thread 3 ] DEBUG Engine               - defaultCursor: CursorInfo(imageName=fxgl_default_cursor.png, hotspotX=7.0, hotspotY=6.0)
16:10:02.558 [FXGL Background Thread 3 ] DEBUG Engine               - devBBoxColorProperty: ObjectProperty [value: 0xff0000ff]
16:10:02.558 [FXGL Background Thread 3 ] DEBUG Engine               - devEnableDebugCameraProperty: BooleanProperty [value: false]
16:10:02.558 [FXGL Background Thread 3 ] DEBUG Engine               - devSensorColorProperty: ObjectProperty [value: 0xffff00ff]
16:10:02.558 [FXGL Background Thread 3 ] DEBUG Engine               - devShowBBoxProperty: BooleanProperty [value: false]
16:10:02.559 [FXGL Background Thread 3 ] DEBUG Engine               - devShowPositionProperty: BooleanProperty [value: false]
16:10:02.559 [FXGL Background Thread 3 ] DEBUG Engine               - enabledMenuItems: []
16:10:02.559 [FXGL Background Thread 3 ] DEBUG Engine               - engineServices: [class com.almasb.fxgl.app.services.FXGLAssetLoaderService, class com.almasb.fxgl.app.FXGLApplication$GameApplicationService, class com.almasb.fxgl.app.services.FXGLDialogService, class com.almasb.fxgl.app.services.IOTaskExecutorService, class com.almasb.fxgl.io.FileSystemService, class com.almasb.fxgl.localization.LocalizationService, class com.almasb.fxgl.app.services.SystemBundleService, class com.almasb.fxgl.profile.SaveLoadService, class com.almasb.fxgl.ui.FXGLUIFactoryServiceProvider, class com.almasb.fxgl.ui.FXGLDialogFactoryServiceProvider, class com.almasb.fxgl.audio.AudioPlayer, class com.almasb.fxgl.notification.impl.NotificationServiceProvider, class com.almasb.fxgl.achievement.AchievementService, class com.almasb.fxgl.cutscene.CutsceneService, class com.almasb.fxgl.minigames.MiniGameService, class com.almasb.fxgl.net.NetService, class com.almasb.fxgl.app.services.UpdaterService, class com.almasb.fxgl.dev.DevService]
16:10:02.559 [FXGL Background Thread 3 ] DEBUG Engine               - fontGame: Abel-Regular.ttf
16:10:02.559 [FXGL Background Thread 3 ] DEBUG Engine               - fontMono: TerminalLandMono-Regular.otf
16:10:02.559 [FXGL Background Thread 3 ] DEBUG Engine               - fontText: Courier-Prime.ttf
16:10:02.559 [FXGL Background Thread 3 ] DEBUG Engine               - fontUI: VarelaRound-Regular.ttf
16:10:02.559 [FXGL Background Thread 3 ] DEBUG Engine               - fullScreen: BooleanProperty [value: false]
16:10:02.559 [FXGL Background Thread 3 ] DEBUG Engine               - gameDifficulty: MEDIUM
16:10:02.559 [FXGL Background Thread 3 ] DEBUG Engine               - gameDifficultyProperty: ObjectProperty [value: MEDIUM]
16:10:02.559 [FXGL Background Thread 3 ] DEBUG Engine               - globalMusicVolume: 0.5
16:10:02.559 [FXGL Background Thread 3 ] DEBUG Engine               - globalMusicVolumeProperty: DoubleProperty [value: 0.5]
16:10:02.559 [FXGL Background Thread 3 ] DEBUG Engine               - globalSoundVolume: 0.5
16:10:02.559 [FXGL Background Thread 3 ] DEBUG Engine               - globalSoundVolumeProperty: DoubleProperty [value: 0.5]
16:10:02.559 [FXGL Background Thread 3 ] DEBUG Engine               - height: 640
16:10:02.559 [FXGL Background Thread 3 ] DEBUG Engine               - is3D: false
16:10:02.559 [FXGL Background Thread 3 ] DEBUG Engine               - isAndroid: false
16:10:02.559 [FXGL Background Thread 3 ] DEBUG Engine               - isBrowser: false
16:10:02.559 [FXGL Background Thread 3 ] DEBUG Engine               - isClickFeedbackEnabled: false
16:10:02.559 [FXGL Background Thread 3 ] DEBUG Engine               - isCloseConfirmation: false
16:10:02.559 [FXGL Background Thread 3 ] DEBUG Engine               - isDesktop: true
16:10:02.559 [FXGL Background Thread 3 ] DEBUG Engine               - isDeveloperMenuEnabled: false
16:10:02.559 [FXGL Background Thread 3 ] DEBUG Engine               - isEmbedded: false
16:10:02.559 [FXGL Background Thread 3 ] DEBUG Engine               - isEntityPreloadEnabled: true
16:10:02.559 [FXGL Background Thread 3 ] DEBUG Engine               - isExperimentalTiledLargeMap: false
16:10:02.560 [FXGL Background Thread 3 ] DEBUG Engine               - isFileSystemWriteAllowed: true
16:10:02.560 [FXGL Background Thread 3 ] DEBUG Engine               - isFullScreenAllowed: false
16:10:02.560 [FXGL Background Thread 3 ] DEBUG Engine               - isFullScreenFromStart: false
16:10:02.560 [FXGL Background Thread 3 ] DEBUG Engine               - isGameMenuEnabled: true
16:10:02.560 [FXGL Background Thread 3 ] DEBUG Engine               - isIOS: false
16:10:02.560 [FXGL Background Thread 3 ] DEBUG Engine               - isIntroEnabled: false
16:10:02.560 [FXGL Background Thread 3 ] DEBUG Engine               - isLinux: false
16:10:02.560 [FXGL Background Thread 3 ] DEBUG Engine               - isMac: false
16:10:02.560 [FXGL Background Thread 3 ] DEBUG Engine               - isMainMenuEnabled: false
16:10:02.560 [FXGL Background Thread 3 ] DEBUG Engine               - isManualResizeEnabled: false
16:10:02.560 [FXGL Background Thread 3 ] DEBUG Engine               - isMobile: false
16:10:02.560 [FXGL Background Thread 3 ] DEBUG Engine               - isNative: false
16:10:02.560 [FXGL Background Thread 3 ] DEBUG Engine               - isPauseMusicWhenMinimized: true
16:10:02.560 [FXGL Background Thread 3 ] DEBUG Engine               - isPreserveResizeRatio: false
16:10:02.560 [FXGL Background Thread 3 ] DEBUG Engine               - isProfilingEnabled: false
16:10:02.560 [FXGL Background Thread 3 ] DEBUG Engine               - isScaleAffectedOnResize: true
16:10:02.560 [FXGL Background Thread 3 ] DEBUG Engine               - isSingleStep: false
16:10:02.560 [FXGL Background Thread 3 ] DEBUG Engine               - isUserProfileEnabled: false
16:10:02.560 [FXGL Background Thread 3 ] DEBUG Engine               - isWindows: true
16:10:02.560 [FXGL Background Thread 3 ] DEBUG Engine               - language: ObjectProperty [value: ENGLISH]
16:10:02.560 [FXGL Background Thread 3 ] DEBUG Engine               - menuKey: ESCAPE
16:10:02.560 [FXGL Background Thread 3 ] DEBUG Engine               - mouseSensitivity: 0.2
16:10:02.560 [FXGL Background Thread 3 ] DEBUG Engine               - notificationViewClass: class com.almasb.fxgl.notification.view.XboxNotificationView
16:10:02.560 [FXGL Background Thread 3 ] DEBUG Engine               - pixelsPerMeter: 50.0
16:10:02.560 [FXGL Background Thread 3 ] DEBUG Engine               - platform: WINDOWS
16:10:02.560 [FXGL Background Thread 3 ] DEBUG Engine               - prefHeightProperty: ReadOnlyDoubleProperty [value: 640.0]
16:10:02.560 [FXGL Background Thread 3 ] DEBUG Engine               - prefWidthProperty: ReadOnlyDoubleProperty [value: 1280.0]
16:10:02.560 [FXGL Background Thread 3 ] DEBUG Engine               - profileDir: profiles/
16:10:02.560 [FXGL Background Thread 3 ] DEBUG Engine               - profileName: StringProperty [value: DEFAULT]
16:10:02.561 [FXGL Background Thread 3 ] DEBUG Engine               - randomSeed: -1
16:10:02.561 [FXGL Background Thread 3 ] DEBUG Engine               - runtimeInfo: RuntimeInfo(platform=WINDOWS, version=17.1, build=24.03.2022 17.34)
16:10:02.561 [FXGL Background Thread 3 ] DEBUG Engine               - saveFileExt: sav
16:10:02.561 [FXGL Background Thread 3 ] DEBUG Engine               - scaledHeightProp$fxgl: DoubleProperty [bound, value: 640.0]
16:10:02.561 [FXGL Background Thread 3 ] DEBUG Engine               - scaledWidthProp$fxgl: DoubleProperty [bound, value: 1280.0]
16:10:02.561 [FXGL Background Thread 3 ] DEBUG Engine               - sceneFactory: com.almasb.fxgl.app.scene.SceneFactory@58b21755
16:10:02.561 [FXGL Background Thread 3 ] DEBUG Engine               - secondsIn24h: 60
16:10:02.561 [FXGL Background Thread 3 ] DEBUG Engine               - soundMenuBack: menu/back.wav
16:10:02.561 [FXGL Background Thread 3 ] DEBUG Engine               - soundMenuPress: menu/press.wav
16:10:02.561 [FXGL Background Thread 3 ] DEBUG Engine               - soundMenuSelect: menu/select.wav
16:10:02.561 [FXGL Background Thread 3 ] DEBUG Engine               - soundNotification: core/notification.wav
16:10:02.562 [FXGL Background Thread 3 ] DEBUG Engine               - stageStyle: DECORATED
16:10:02.562 [FXGL Background Thread 3 ] DEBUG Engine               - supportedLanguages: [ENGLISH, FRENCH, GERMAN, HUNGARIAN, RUSSIAN]
16:10:02.562 [FXGL Background Thread 3 ] DEBUG Engine               - ticksPerSecond: -1
16:10:02.562 [FXGL Background Thread 3 ] DEBUG Engine               - title: Untitled
16:10:02.562 [FXGL Background Thread 3 ] DEBUG Engine               - urlGithub: https://github.com/AlmasB/FXGL
16:10:02.562 [FXGL Background Thread 3 ] DEBUG Engine               - urlLeaderboard: http://fxgl-top.herokuapp.com/
16:10:02.562 [FXGL Background Thread 3 ] DEBUG Engine               - urlPOM: https://raw.githubusercontent.com/AlmasB/FXGL/release/README.md
16:10:02.562 [FXGL Background Thread 3 ] DEBUG Engine               - userAppClass: class com.example.demo.PlantsApp
16:10:02.562 [FXGL Background Thread 3 ] DEBUG Engine               - version: 0.0
16:10:02.562 [FXGL Background Thread 3 ] DEBUG Engine               - versionCheckDays: 7
16:10:02.562 [FXGL Background Thread 3 ] DEBUG Engine               - width: 1280
16:10:02.562 [FXGL Background Thread 3 ] DEBUG Engine               - Logging services
16:10:02.562 [FXGL Background Thread 3 ] DEBUG Engine               - class com.almasb.fxgl.app.services.FXGLAssetLoaderService
16:10:02.562 [FXGL Background Thread 3 ] DEBUG Engine               - class com.almasb.fxgl.app.FXGLApplication$GameApplicationService
16:10:02.562 [FXGL Background Thread 3 ] DEBUG Engine               - class com.almasb.fxgl.app.services.FXGLDialogService
16:10:02.562 [FXGL Background Thread 3 ] DEBUG Engine               - class com.almasb.fxgl.app.services.IOTaskExecutorService
16:10:02.562 [FXGL Background Thread 3 ] DEBUG Engine               - class com.almasb.fxgl.io.FileSystemService
16:10:02.562 [FXGL Background Thread 3 ] DEBUG Engine               - class com.almasb.fxgl.localization.LocalizationService
16:10:02.562 [FXGL Background Thread 3 ] DEBUG Engine               - class com.almasb.fxgl.app.services.SystemBundleService
16:10:02.562 [FXGL Background Thread 3 ] DEBUG Engine               - class com.almasb.fxgl.profile.SaveLoadService
16:10:02.562 [FXGL Background Thread 3 ] DEBUG Engine               - class com.almasb.fxgl.ui.FXGLUIFactoryServiceProvider
16:10:02.562 [FXGL Background Thread 3 ] DEBUG Engine               - class com.almasb.fxgl.ui.FXGLDialogFactoryServiceProvider
16:10:02.562 [FXGL Background Thread 3 ] DEBUG Engine               - class com.almasb.fxgl.audio.AudioPlayer
16:10:02.562 [FXGL Background Thread 3 ] DEBUG Engine               - class com.almasb.fxgl.notification.impl.NotificationServiceProvider
16:10:02.562 [FXGL Background Thread 3 ] DEBUG Engine               - class com.almasb.fxgl.achievement.AchievementService
16:10:02.562 [FXGL Background Thread 3 ] DEBUG Engine               - class com.almasb.fxgl.cutscene.CutsceneService
16:10:02.562 [FXGL Background Thread 3 ] DEBUG Engine               - class com.almasb.fxgl.minigames.MiniGameService
16:10:02.562 [FXGL Background Thread 3 ] DEBUG Engine               - class com.almasb.fxgl.net.NetService
16:10:02.562 [FXGL Background Thread 3 ] DEBUG Engine               - class com.almasb.fxgl.app.services.UpdaterService
16:10:02.562 [FXGL Background Thread 3 ] DEBUG Engine               - class com.almasb.fxgl.dev.DevService
16:10:24.154 [JavaFX Application Thread] DEBUG FXGLApplication      - Exiting FXGL
16:10:24.155 [JavaFX Application Thread] DEBUG LoopRunner           - Stopping loop
16:10:24.155 [JavaFX Application Thread] DEBUG SystemBundleService  - Saving FXGL system data
16:10:24.155 [JavaFX Application Thread] DEBUG FileSystemAccess     - Writing to: C:\Users\tangu\Desktop\Challengeweek\IPOSE_challengeweek\demo\system\fxgl.bundle
16:10:24.158 [JavaFX Application Thread] DEBUG Async                - Shutting down background threads
16:10:24.158 [JavaFX Application Thread] DEBUG PrimaryStageWindow   - Closing main window
16:10:24.168 [JavaFX Application Thread] DEBUG Logger               - Closing Logger
