15:59:13.815 [main                     ] DEBUG Logger               - Configured Logger
15:59:13.839 [main                     ] DEBUG GameApplication      - Logging settings
Title: Untitled
Version: 0.0
Width: 1280
Height: 640
Fullscreen: false
Intro: false
Profiling: false
Single step:false
App Mode: DEVELOPER
Menu Key: ESCAPE
Stage Style: DECORATED
Scene Factory: class com.almasb.fxgl.app.scene.SceneFactory

15:59:14.089 [JavaFX Application Thread] DEBUG FXGLApplication      - Initializing FXGL
15:59:14.093 [JavaFX Application Thread] INFO  Engine               - FXGL-17.1 (24.03.2022 17.34) on WINDOWS (J:19.0.1 FX:19-ea)
15:59:14.094 [JavaFX Application Thread] DEBUG Engine               - JRE Vendor Name: Oracle Corporation
15:59:14.094 [JavaFX Application Thread] DEBUG Engine               - Running on OS: Windows 11 version 10.0
15:59:14.094 [JavaFX Application Thread] DEBUG Engine               - Architecture: amd64
15:59:14.094 [JavaFX Application Thread] INFO  Engine               - Source code and latest versions at: https://github.com/AlmasB/FXGL
15:59:14.094 [JavaFX Application Thread] INFO  Engine               -       Ask questions and discuss at: https://github.com/AlmasB/FXGL/discussions
15:59:14.095 [JavaFX Application Thread] INFO  Engine               -              Join the FXGL chat at: https://gitter.im/AlmasB/FXGL
15:59:14.169 [JavaFX Application Thread] DEBUG PrimaryStageWindow   - Creating a JavaFX scene
15:59:14.203 [JavaFX Application Thread] DEBUG PrimaryStageWindow   - Target settings size: 1280.0 x 640.0
15:59:14.203 [JavaFX Application Thread] DEBUG PrimaryStageWindow   - Scaled scene size:    1280.0 x 640.0
15:59:14.203 [JavaFX Application Thread] DEBUG PrimaryStageWindow   - Scaled ratio: (1.0, 1.0)
15:59:14.204 [JavaFX Application Thread] DEBUG PrimaryStageWindow   - Set initial scene to FXGLStartupScene
15:59:14.209 [JavaFX Application Thread] DEBUG PrimaryStageWindow   - Opening main window
15:59:14.279 [JavaFX Application Thread] DEBUG PrimaryStageWindow   - Window border size: (14.6666259765625, 37.33331298828125)
15:59:14.280 [JavaFX Application Thread] DEBUG PrimaryStageWindow   - Scaled size: 1280.0 x 640.0
15:59:14.280 [JavaFX Application Thread] DEBUG PrimaryStageWindow   - Scaled ratio: (1.0, 1.0)
15:59:14.280 [JavaFX Application Thread] DEBUG PrimaryStageWindow   - Scene size: 1280.0 x 640.0
15:59:14.280 [JavaFX Application Thread] DEBUG PrimaryStageWindow   - Stage size: 1294.6666259765625 x 677.3333129882812
15:59:14.287 [FXGL Background Thread 1 ] DEBUG Engine               - Initializing environment variables
15:59:14.336 [FXGL Background Thread 1 ] DEBUG FXGLAssetLoaderServi - User app class for loading assets: class com.example.demo.PlantsApp
15:59:14.337 [FXGL Background Thread 1 ] DEBUG GameApplicationServi - Applying CSS: fxgl_dark.css
15:59:14.338 [FXGL Background Thread 1 ] DEBUG FXGLAssetLoaderServi - Loading from file system: jar:file:///C:/Users/tangu/.m2/repository/com/github/almasb/fxgl/17.1/fxgl-17.1.jar!/fxglassets/ui/css/fxgl_dark.css
15:59:14.378 [FXGL Background Thread 1 ] DEBUG GameApplicationServi - Initializing application scenes
15:59:14.412 [FXGL Background Thread 1 ] DEBUG GameWorld            - Game world initialized
15:59:14.488 [FXGL Background Thread 1 ] DEBUG PhysicsWorld         - Physics world initialized: appHeight=640, physics.ppm=50,0
15:59:14.489 [FXGL Background Thread 1 ] DEBUG PhysicsWorld         - Using strategy: BRUTE_FORCE
15:59:14.493 [FXGL Background Thread 1 ] DEBUG GameScene            - Game scene initialized: 1280x640
15:59:14.508 [FXGL Background Thread 1 ] DEBUG FXGL.DefaultMenu     - createMenuBodyGameMenu()
15:59:14.520 [FXGL Background Thread 1 ] DEBUG FXGL.DefaultMenu     - createOptionsMenu()
15:59:14.530 [FXGL Background Thread 1 ] DEBUG FXGLAssetLoaderServi - Loading from file system: jar:file:///C:/Users/tangu/.m2/repository/com/github/almasb/fxgl/17.1/fxgl-17.1.jar!/fxglassets/textures/particles/smoke.png
15:59:14.613 [FXGL Background Thread 1 ] DEBUG FXGLAssetLoaderServi - Loading from file system: jar:file:///C:/Users/tangu/.m2/repository/com/github/almasb/fxgl/17.1/fxgl-17.1.jar!/fxglassets/textures/particles/trace_horizontal.png
15:59:14.647 [FXGL Background Thread 1 ] DEBUG GameApplicationServi - Application scenes initialized
15:59:14.661 [FXGL Background Thread 1 ] DEBUG SystemBundleService  - Loading FXGL system data
15:59:14.665 [FXGL Background Thread 1 ] DEBUG FileSystemAccess     - Reading from: C:\Users\tangu\Desktop\Challengeweek\IPOSE_challengeweek\demo\system\fxgl.bundle
15:59:14.677 [FXGL Background Thread 1 ] DEBUG SystemBundleService  - Bundle FXGL: {}
15:59:14.677 [FXGL Background Thread 1 ] DEBUG UpdaterService       - Checking for updates
15:59:14.682 [FXGL Background Thread 4 ] DEBUG FXGLApplication      - Loading fonts
15:59:14.682 [FXGL Background Thread 1 ] DEBUG FXGLApplication      - Loading default localization
15:59:14.682 [FXGL Background Thread 4 ] DEBUG FXGLAssetLoaderServi - Loading from file system: jar:file:///C:/Users/tangu/.m2/repository/com/github/almasb/fxgl/17.1/fxgl-17.1.jar!/fxglassets/ui/fonts/VarelaRound-Regular.ttf
15:59:14.683 [FXGL Background Thread 1 ] DEBUG FXGLAssetLoaderServi - Loading from file system: jar:file:///C:/Users/tangu/.m2/repository/com/github/almasb/fxgl/17.1/fxgl-17.1.jar!/fxglassets/languages/english.lang
15:59:14.707 [FXGL Background Thread 1 ] INFO  FXGLApplication      - FXGL initialization took: 0,419 sec
15:59:14.719 [JavaFX Application Thread] DEBUG Input                - Registered new binding: action0 - D
15:59:14.720 [JavaFX Application Thread] DEBUG Input                - Registered new binding: action1 - A
15:59:14.720 [JavaFX Application Thread] DEBUG Input                - Registered new binding: action2 - W
15:59:14.720 [JavaFX Application Thread] DEBUG Input                - Registered new binding: action3 - S
15:59:14.722 [JavaFX Application Thread] DEBUG FXGLAssetLoaderServi - Loading from file system: jar:file:///C:/Users/tangu/.m2/repository/com/github/almasb/fxgl/17.1/fxgl-17.1.jar!/fxglassets/textures/fxgl_icon.png
15:59:14.747 [JavaFX Application Thread] DEBUG FXGLAssetLoaderServi - Loading from file system: jar:file:///C:/Users/tangu/.m2/repository/com/github/almasb/fxgl/17.1/fxgl-17.1.jar!/fxglassets/textures/fxgl_default_cursor.png
15:59:14.749 [JavaFX Application Thread] DEBUG Input                - Registered new binding: Screenshot - CTRL+8
15:59:14.750 [JavaFX Application Thread] DEBUG Input                - Registered new binding: System info dump - CTRL+9
15:59:14.750 [JavaFX Application Thread] DEBUG Input                - Registered new binding: Restart - CTRL+R
15:59:14.750 [JavaFX Application Thread] DEBUG Input                - Registered new binding: Toggle Debug Camera - CTRL+7
15:59:14.755 [JavaFX Application Thread] DEBUG LoopRunner           - Starting loop
15:59:14.755 [JavaFX Application Thread] DEBUG LoopRunner           - Initializing JavaFX AnimationTimerLoop
15:59:14.759 [JavaFX Application Thread] DEBUG GameApplicationServi - Starting new game
15:59:14.760 [JavaFX Application Thread] DEBUG Input                - Clearing active input actions
15:59:14.773 [JavaFX Application Thread] DEBUG GameApplicationServi - Removing overlay from FXGLStartupScene and adding to FXGLLoadingScene
15:59:14.773 [JavaFX Application Thread] DEBUG PrimaryStageWindow   - FXGLStartupScene -> FXGLLoadingScene
15:59:14.773 [JavaFX Application Thread] DEBUG GameApplicationServi - Clearing previous game
15:59:14.773 [JavaFX Application Thread] DEBUG GameScene            - Clearing game scene
15:59:14.773 [JavaFX Application Thread] DEBUG GameWorld            - Clearing game world
15:59:14.775 [JavaFX Application Thread] DEBUG PhysicsWorld         - Clearing physics world
15:59:14.777 [FXGL Background Thread 1 ] DEBUG FXGLApplication      - Initializing game
15:59:14.827 [FXGL Background Thread 4 ] DEBUG FXGLAssetLoaderServi - Loading from file system: jar:file:///C:/Users/tangu/.m2/repository/com/github/almasb/fxgl/17.1/fxgl-17.1.jar!/fxglassets/ui/fonts/Abel-Regular.ttf
15:59:14.843 [FXGL Background Thread 1 ] WARN  TMXLevelLoader       - TiledMap generated from 1.10.1. Supported version: 1.4.2. Some features may not be parsed fully.
15:59:14.847 [FXGL Background Thread 4 ] DEBUG FXGLAssetLoaderServi - Loading from file system: jar:file:///C:/Users/tangu/.m2/repository/com/github/almasb/fxgl/17.1/fxgl-17.1.jar!/fxglassets/ui/fonts/TerminalLandMono-Regular.otf
15:59:14.856 [FXGL Background Thread 1 ] DEBUG TMXLevelLoader       - Parsed TiledMap: file:/C:/Users/tangu/Desktop/Challengeweek/IPOSE_challengeweek/demo/target/classes/assets/levels/grid.tmx
15:59:14.857 [FXGL Background Thread 1 ] DEBUG TMXLevelLoader       - Creating tile layer entities
15:59:14.859 [FXGL Background Thread 1 ] DEBUG TilesetLoader        - Loading view for layer Tile Layer 1
15:59:14.860 [FXGL Background Thread 4 ] DEBUG FXGLAssetLoaderServi - Loading from file system: jar:file:///C:/Users/tangu/.m2/repository/com/github/almasb/fxgl/17.1/fxgl-17.1.jar!/fxglassets/ui/fonts/Courier-Prime.ttf
15:59:14.860 [FXGL Background Thread 1 ] DEBUG TilesetLoader        - Created buffer with size 1280.0x640.0
15:59:14.932 [JavaFX Application Thread] DEBUG FXGLApplication      - Registering font factories with UI factory
15:59:14.951 [FXGL Background Thread 1 ] DEBUG TMXLevelLoader       - Creating object layer entities
15:59:14.981 [FXGL Background Thread 1 ] DEBUG GameWorld            - Clearing removable entities
15:59:14.982 [FXGL Background Thread 1 ] DEBUG GameWorld            - Setting level: com.almasb.fxgl.entity.level.Level@7cff7b9
15:59:14.996 [FXGL Background Thread 1 ] INFO  FXGLApplication      - Game initialization took: 0,219 sec
15:59:14.997 [JavaFX Application Thread] DEBUG Input                - Clearing active input actions
15:59:15.018 [JavaFX Application Thread] DEBUG GameApplicationServi - Removing overlay from FXGLLoadingScene and adding to GameScene
15:59:15.018 [JavaFX Application Thread] DEBUG PrimaryStageWindow   - FXGLLoadingScene -> GameScene
15:59:15.061 [FXGL Background Thread 2 ] INFO  UpdaterService       - Your current version:  17.1
15:59:15.061 [FXGL Background Thread 2 ] INFO  UpdaterService       - Latest stable version: 17.3
15:59:16.859 [JavaFX Application Thread] DEBUG FXGLAssetLoaderServi - Loading from file system: file:/C:/Users/tangu/Desktop/Challengeweek/IPOSE_challengeweek/demo/target/classes/assets/textures/vincent_zombie.png
15:59:16.875 [JavaFX Application Thread] WARN  Entity               - Entity already has component: com.almasb.fxgl.physics.PhysicsComponent
15:59:16.876 [JavaFX Application Thread] DEBUG FXGLAssetLoaderServi - Loading from file system: file:/C:/Users/tangu/Desktop/Challengeweek/IPOSE_challengeweek/demo/target/classes/assets/textures/charlotte_zombie.png
15:59:17.680 [FXGL Background Thread 3 ] DEBUG Engine               - Logging environment variables
15:59:17.681 [FXGL Background Thread 3 ] DEBUG Engine               - achievements: []
15:59:17.681 [FXGL Background Thread 3 ] DEBUG Engine               - actualHeight: 640.0
15:59:17.681 [FXGL Background Thread 3 ] DEBUG Engine               - actualHeightProperty: ReadOnlyDoubleProperty [value: 640.0]
15:59:17.681 [FXGL Background Thread 3 ] DEBUG Engine               - actualWidth: 1280.0
15:59:17.682 [FXGL Background Thread 3 ] DEBUG Engine               - actualWidthProperty: ReadOnlyDoubleProperty [value: 1280.0]
15:59:17.682 [FXGL Background Thread 3 ] DEBUG Engine               - appIcon: fxgl_icon.png
15:59:17.682 [FXGL Background Thread 3 ] DEBUG Engine               - applicationMode: DEVELOPER
15:59:17.682 [FXGL Background Thread 3 ] DEBUG Engine               - cSSList: [fxgl_dark.css]
15:59:17.682 [FXGL Background Thread 3 ] DEBUG Engine               - collisionDetectionStrategy: BRUTE_FORCE
15:59:17.682 [FXGL Background Thread 3 ] DEBUG Engine               - configClass: Optional.empty
15:59:17.682 [FXGL Background Thread 3 ] DEBUG Engine               - credits: []
15:59:17.683 [FXGL Background Thread 3 ] DEBUG Engine               - defaultCursor: CursorInfo(imageName=fxgl_default_cursor.png, hotspotX=7.0, hotspotY=6.0)
15:59:17.683 [FXGL Background Thread 3 ] DEBUG Engine               - devBBoxColorProperty: ObjectProperty [value: 0xff0000ff]
15:59:17.683 [FXGL Background Thread 3 ] DEBUG Engine               - devEnableDebugCameraProperty: BooleanProperty [value: false]
15:59:17.683 [FXGL Background Thread 3 ] DEBUG Engine               - devSensorColorProperty: ObjectProperty [value: 0xffff00ff]
15:59:17.683 [FXGL Background Thread 3 ] DEBUG Engine               - devShowBBoxProperty: BooleanProperty [value: false]
15:59:17.683 [FXGL Background Thread 3 ] DEBUG Engine               - devShowPositionProperty: BooleanProperty [value: false]
15:59:17.683 [FXGL Background Thread 3 ] DEBUG Engine               - enabledMenuItems: []
15:59:17.683 [FXGL Background Thread 3 ] DEBUG Engine               - engineServices: [class com.almasb.fxgl.app.services.FXGLAssetLoaderService, class com.almasb.fxgl.app.FXGLApplication$GameApplicationService, class com.almasb.fxgl.app.services.FXGLDialogService, class com.almasb.fxgl.app.services.IOTaskExecutorService, class com.almasb.fxgl.io.FileSystemService, class com.almasb.fxgl.localization.LocalizationService, class com.almasb.fxgl.app.services.SystemBundleService, class com.almasb.fxgl.profile.SaveLoadService, class com.almasb.fxgl.ui.FXGLUIFactoryServiceProvider, class com.almasb.fxgl.ui.FXGLDialogFactoryServiceProvider, class com.almasb.fxgl.audio.AudioPlayer, class com.almasb.fxgl.notification.impl.NotificationServiceProvider, class com.almasb.fxgl.achievement.AchievementService, class com.almasb.fxgl.cutscene.CutsceneService, class com.almasb.fxgl.minigames.MiniGameService, class com.almasb.fxgl.net.NetService, class com.almasb.fxgl.app.services.UpdaterService, class com.almasb.fxgl.dev.DevService]
15:59:17.684 [FXGL Background Thread 3 ] DEBUG Engine               - fontGame: Abel-Regular.ttf
15:59:17.684 [FXGL Background Thread 3 ] DEBUG Engine               - fontMono: TerminalLandMono-Regular.otf
15:59:17.684 [FXGL Background Thread 3 ] DEBUG Engine               - fontText: Courier-Prime.ttf
15:59:17.684 [FXGL Background Thread 3 ] DEBUG Engine               - fontUI: VarelaRound-Regular.ttf
15:59:17.684 [FXGL Background Thread 3 ] DEBUG Engine               - fullScreen: BooleanProperty [value: false]
15:59:17.684 [FXGL Background Thread 3 ] DEBUG Engine               - gameDifficulty: MEDIUM
15:59:17.684 [FXGL Background Thread 3 ] DEBUG Engine               - gameDifficultyProperty: ObjectProperty [value: MEDIUM]
15:59:17.684 [FXGL Background Thread 3 ] DEBUG Engine               - globalMusicVolume: 0.5
15:59:17.684 [FXGL Background Thread 3 ] DEBUG Engine               - globalMusicVolumeProperty: DoubleProperty [value: 0.5]
15:59:17.684 [FXGL Background Thread 3 ] DEBUG Engine               - globalSoundVolume: 0.5
15:59:17.684 [FXGL Background Thread 3 ] DEBUG Engine               - globalSoundVolumeProperty: DoubleProperty [value: 0.5]
15:59:17.684 [FXGL Background Thread 3 ] DEBUG Engine               - height: 640
15:59:17.684 [FXGL Background Thread 3 ] DEBUG Engine               - is3D: false
15:59:17.684 [FXGL Background Thread 3 ] DEBUG Engine               - isAndroid: false
15:59:17.684 [FXGL Background Thread 3 ] DEBUG Engine               - isBrowser: false
15:59:17.684 [FXGL Background Thread 3 ] DEBUG Engine               - isClickFeedbackEnabled: false
15:59:17.684 [FXGL Background Thread 3 ] DEBUG Engine               - isCloseConfirmation: false
15:59:17.685 [FXGL Background Thread 3 ] DEBUG Engine               - isDesktop: true
15:59:17.685 [FXGL Background Thread 3 ] DEBUG Engine               - isDeveloperMenuEnabled: false
15:59:17.685 [FXGL Background Thread 3 ] DEBUG Engine               - isEmbedded: false
15:59:17.685 [FXGL Background Thread 3 ] DEBUG Engine               - isEntityPreloadEnabled: true
15:59:17.685 [FXGL Background Thread 3 ] DEBUG Engine               - isExperimentalTiledLargeMap: false
15:59:17.685 [FXGL Background Thread 3 ] DEBUG Engine               - isFileSystemWriteAllowed: true
15:59:17.685 [FXGL Background Thread 3 ] DEBUG Engine               - isFullScreenAllowed: false
15:59:17.685 [FXGL Background Thread 3 ] DEBUG Engine               - isFullScreenFromStart: false
15:59:17.685 [FXGL Background Thread 3 ] DEBUG Engine               - isGameMenuEnabled: true
15:59:17.685 [FXGL Background Thread 3 ] DEBUG Engine               - isIOS: false
15:59:17.685 [FXGL Background Thread 3 ] DEBUG Engine               - isIntroEnabled: false
15:59:17.685 [FXGL Background Thread 3 ] DEBUG Engine               - isLinux: false
15:59:17.685 [FXGL Background Thread 3 ] DEBUG Engine               - isMac: false
15:59:17.685 [FXGL Background Thread 3 ] DEBUG Engine               - isMainMenuEnabled: false
15:59:17.685 [FXGL Background Thread 3 ] DEBUG Engine               - isManualResizeEnabled: false
15:59:17.685 [FXGL Background Thread 3 ] DEBUG Engine               - isMobile: false
15:59:17.685 [FXGL Background Thread 3 ] DEBUG Engine               - isNative: false
15:59:17.686 [FXGL Background Thread 3 ] DEBUG Engine               - isPauseMusicWhenMinimized: true
15:59:17.686 [FXGL Background Thread 3 ] DEBUG Engine               - isPreserveResizeRatio: false
15:59:17.686 [FXGL Background Thread 3 ] DEBUG Engine               - isProfilingEnabled: false
15:59:17.686 [FXGL Background Thread 3 ] DEBUG Engine               - isScaleAffectedOnResize: true
15:59:17.686 [FXGL Background Thread 3 ] DEBUG Engine               - isSingleStep: false
15:59:17.686 [FXGL Background Thread 3 ] DEBUG Engine               - isUserProfileEnabled: false
15:59:17.686 [FXGL Background Thread 3 ] DEBUG Engine               - isWindows: true
15:59:17.686 [FXGL Background Thread 3 ] DEBUG Engine               - language: ObjectProperty [value: ENGLISH]
15:59:17.686 [FXGL Background Thread 3 ] DEBUG Engine               - menuKey: ESCAPE
15:59:17.686 [FXGL Background Thread 3 ] DEBUG Engine               - mouseSensitivity: 0.2
15:59:17.686 [FXGL Background Thread 3 ] DEBUG Engine               - notificationViewClass: class com.almasb.fxgl.notification.view.XboxNotificationView
15:59:17.686 [FXGL Background Thread 3 ] DEBUG Engine               - pixelsPerMeter: 50.0
15:59:17.686 [FXGL Background Thread 3 ] DEBUG Engine               - platform: WINDOWS
15:59:17.686 [FXGL Background Thread 3 ] DEBUG Engine               - prefHeightProperty: ReadOnlyDoubleProperty [value: 640.0]
15:59:17.690 [FXGL Background Thread 3 ] DEBUG Engine               - prefWidthProperty: ReadOnlyDoubleProperty [value: 1280.0]
15:59:17.690 [FXGL Background Thread 3 ] DEBUG Engine               - profileDir: profiles/
15:59:17.690 [FXGL Background Thread 3 ] DEBUG Engine               - profileName: StringProperty [value: DEFAULT]
15:59:17.690 [FXGL Background Thread 3 ] DEBUG Engine               - randomSeed: -1
15:59:17.691 [FXGL Background Thread 3 ] DEBUG Engine               - runtimeInfo: RuntimeInfo(platform=WINDOWS, version=17.1, build=24.03.2022 17.34)
15:59:17.691 [FXGL Background Thread 3 ] DEBUG Engine               - saveFileExt: sav
15:59:17.691 [FXGL Background Thread 3 ] DEBUG Engine               - scaledHeightProp$fxgl: DoubleProperty [bound, value: 640.0]
15:59:17.691 [FXGL Background Thread 3 ] DEBUG Engine               - scaledWidthProp$fxgl: DoubleProperty [bound, value: 1280.0]
15:59:17.691 [FXGL Background Thread 3 ] DEBUG Engine               - sceneFactory: com.almasb.fxgl.app.scene.SceneFactory@74138c1b
15:59:17.691 [FXGL Background Thread 3 ] DEBUG Engine               - secondsIn24h: 60
15:59:17.691 [FXGL Background Thread 3 ] DEBUG Engine               - soundMenuBack: menu/back.wav
15:59:17.691 [FXGL Background Thread 3 ] DEBUG Engine               - soundMenuPress: menu/press.wav
15:59:17.691 [FXGL Background Thread 3 ] DEBUG Engine               - soundMenuSelect: menu/select.wav
15:59:17.691 [FXGL Background Thread 3 ] DEBUG Engine               - soundNotification: core/notification.wav
15:59:17.691 [FXGL Background Thread 3 ] DEBUG Engine               - stageStyle: DECORATED
15:59:17.691 [FXGL Background Thread 3 ] DEBUG Engine               - supportedLanguages: [ENGLISH, FRENCH, GERMAN, HUNGARIAN, RUSSIAN]
15:59:17.691 [FXGL Background Thread 3 ] DEBUG Engine               - ticksPerSecond: -1
15:59:17.692 [FXGL Background Thread 3 ] DEBUG Engine               - title: Untitled
15:59:17.692 [FXGL Background Thread 3 ] DEBUG Engine               - urlGithub: https://github.com/AlmasB/FXGL
15:59:17.692 [FXGL Background Thread 3 ] DEBUG Engine               - urlLeaderboard: http://fxgl-top.herokuapp.com/
15:59:17.692 [FXGL Background Thread 3 ] DEBUG Engine               - urlPOM: https://raw.githubusercontent.com/AlmasB/FXGL/release/README.md
15:59:17.692 [FXGL Background Thread 3 ] DEBUG Engine               - userAppClass: class com.example.demo.PlantsApp
15:59:17.692 [FXGL Background Thread 3 ] DEBUG Engine               - version: 0.0
15:59:17.692 [FXGL Background Thread 3 ] DEBUG Engine               - versionCheckDays: 7
15:59:17.692 [FXGL Background Thread 3 ] DEBUG Engine               - width: 1280
15:59:17.692 [FXGL Background Thread 3 ] DEBUG Engine               - Logging services
15:59:17.692 [FXGL Background Thread 3 ] DEBUG Engine               - class com.almasb.fxgl.app.services.FXGLAssetLoaderService
15:59:17.692 [FXGL Background Thread 3 ] DEBUG Engine               - class com.almasb.fxgl.app.FXGLApplication$GameApplicationService
15:59:17.692 [FXGL Background Thread 3 ] DEBUG Engine               - class com.almasb.fxgl.app.services.FXGLDialogService
15:59:17.692 [FXGL Background Thread 3 ] DEBUG Engine               - class com.almasb.fxgl.app.services.IOTaskExecutorService
15:59:17.692 [FXGL Background Thread 3 ] DEBUG Engine               - class com.almasb.fxgl.io.FileSystemService
15:59:17.692 [FXGL Background Thread 3 ] DEBUG Engine               - class com.almasb.fxgl.localization.LocalizationService
15:59:17.692 [FXGL Background Thread 3 ] DEBUG Engine               - class com.almasb.fxgl.app.services.SystemBundleService
15:59:17.692 [FXGL Background Thread 3 ] DEBUG Engine               - class com.almasb.fxgl.profile.SaveLoadService
15:59:17.692 [FXGL Background Thread 3 ] DEBUG Engine               - class com.almasb.fxgl.ui.FXGLUIFactoryServiceProvider
15:59:17.692 [FXGL Background Thread 3 ] DEBUG Engine               - class com.almasb.fxgl.ui.FXGLDialogFactoryServiceProvider
15:59:17.692 [FXGL Background Thread 3 ] DEBUG Engine               - class com.almasb.fxgl.audio.AudioPlayer
15:59:17.692 [FXGL Background Thread 3 ] DEBUG Engine               - class com.almasb.fxgl.notification.impl.NotificationServiceProvider
15:59:17.692 [FXGL Background Thread 3 ] DEBUG Engine               - class com.almasb.fxgl.achievement.AchievementService
15:59:17.692 [FXGL Background Thread 3 ] DEBUG Engine               - class com.almasb.fxgl.cutscene.CutsceneService
15:59:17.692 [FXGL Background Thread 3 ] DEBUG Engine               - class com.almasb.fxgl.minigames.MiniGameService
15:59:17.692 [FXGL Background Thread 3 ] DEBUG Engine               - class com.almasb.fxgl.net.NetService
15:59:17.692 [FXGL Background Thread 3 ] DEBUG Engine               - class com.almasb.fxgl.app.services.UpdaterService
15:59:17.692 [FXGL Background Thread 3 ] DEBUG Engine               - class com.almasb.fxgl.dev.DevService
15:59:30.736 [JavaFX Application Thread] DEBUG FXGLApplication      - Exiting FXGL
15:59:30.737 [JavaFX Application Thread] DEBUG LoopRunner           - Stopping loop
15:59:30.737 [JavaFX Application Thread] DEBUG SystemBundleService  - Saving FXGL system data
15:59:30.738 [JavaFX Application Thread] DEBUG FileSystemAccess     - Writing to: C:\Users\tangu\Desktop\Challengeweek\IPOSE_challengeweek\demo\system\fxgl.bundle
15:59:30.740 [JavaFX Application Thread] DEBUG Async                - Shutting down background threads
15:59:30.740 [JavaFX Application Thread] DEBUG PrimaryStageWindow   - Closing main window
15:59:30.751 [JavaFX Application Thread] DEBUG Logger               - Closing Logger
