09:00:56.096 [main                     ] DEBUG Logger               - Configured Logger
09:00:56.123 [main                     ] DEBUG GameApplication      - Logging settings
Title: Teachers vs Students
Version: 0.0
Width: 800
Height: 600
Fullscreen: false
Intro: false
Profiling: false
Single step:false
App Mode: DEVELOPER
Menu Key: ESCAPE
Stage Style: DECORATED
Scene Factory: class com.almasb.fxgl.app.scene.SceneFactory

09:00:56.477 [JavaFX Application Thread] DEBUG FXGLApplication      - Initializing FXGL
09:00:56.482 [JavaFX Application Thread] INFO  Engine               - FXGL-17.1 (24.03.2022 17.34) on WINDOWS (J:19.0.1 FX:19-ea)
09:00:56.483 [JavaFX Application Thread] DEBUG Engine               - JRE Vendor Name: Oracle Corporation
09:00:56.483 [JavaFX Application Thread] DEBUG Engine               - Running on OS: Windows 11 version 10.0
09:00:56.483 [JavaFX Application Thread] DEBUG Engine               - Architecture: amd64
09:00:56.483 [JavaFX Application Thread] INFO  Engine               - Source code and latest versions at: https://github.com/AlmasB/FXGL
09:00:56.483 [JavaFX Application Thread] INFO  Engine               -       Ask questions and discuss at: https://github.com/AlmasB/FXGL/discussions
09:00:56.483 [JavaFX Application Thread] INFO  Engine               -              Join the FXGL chat at: https://gitter.im/AlmasB/FXGL
09:00:56.559 [JavaFX Application Thread] DEBUG PrimaryStageWindow   - Creating a JavaFX scene
09:00:56.598 [JavaFX Application Thread] DEBUG PrimaryStageWindow   - Target settings size: 800.0 x 600.0
09:00:56.598 [JavaFX Application Thread] DEBUG PrimaryStageWindow   - Scaled scene size:    800.0 x 600.0
09:00:56.598 [JavaFX Application Thread] DEBUG PrimaryStageWindow   - Scaled ratio: (1.0, 1.0)
09:00:56.599 [JavaFX Application Thread] DEBUG PrimaryStageWindow   - Set initial scene to FXGLStartupScene
09:00:56.606 [JavaFX Application Thread] DEBUG PrimaryStageWindow   - Opening main window
09:00:56.707 [JavaFX Application Thread] DEBUG PrimaryStageWindow   - Window border size: (14.4000244140625, 37.5999755859375)
09:00:56.707 [JavaFX Application Thread] DEBUG PrimaryStageWindow   - Scaled size: 800.0 x 600.0
09:00:56.708 [JavaFX Application Thread] DEBUG PrimaryStageWindow   - Scaled ratio: (1.0, 1.0)
09:00:56.708 [JavaFX Application Thread] DEBUG PrimaryStageWindow   - Scene size: 800.0 x 600.0
09:00:56.708 [JavaFX Application Thread] DEBUG PrimaryStageWindow   - Stage size: 814.4000244140625 x 637.5999755859375
09:00:56.716 [FXGL Background Thread 1 ] DEBUG Engine               - Initializing environment variables
09:00:56.766 [FXGL Background Thread 1 ] DEBUG FXGLAssetLoaderServi - User app class for loading assets: class org.hsleiden.challengeweek.docenten_vs_studenten.Game
09:00:56.766 [FXGL Background Thread 1 ] DEBUG GameApplicationServi - Applying CSS: fxgl_dark.css
09:00:56.767 [FXGL Background Thread 1 ] DEBUG FXGLAssetLoaderServi - Loading from file system: jar:file:///C:/Users/Daniel/.m2/repository/com/github/almasb/fxgl/17.1/fxgl-17.1.jar!/fxglassets/ui/css/fxgl_dark.css
09:00:56.813 [FXGL Background Thread 1 ] DEBUG GameApplicationServi - Initializing application scenes
09:00:56.862 [FXGL Background Thread 1 ] DEBUG GameWorld            - Game world initialized
09:00:56.931 [FXGL Background Thread 1 ] DEBUG PhysicsWorld         - Physics world initialized: appHeight=600, physics.ppm=50,0
09:00:56.931 [FXGL Background Thread 1 ] DEBUG PhysicsWorld         - Using strategy: BRUTE_FORCE
09:00:56.936 [FXGL Background Thread 1 ] DEBUG GameScene            - Game scene initialized: 800x600
09:00:56.949 [FXGL Background Thread 1 ] DEBUG FXGL.DefaultMenu     - createMenuBodyGameMenu()
09:00:56.961 [FXGL Background Thread 1 ] DEBUG FXGL.DefaultMenu     - createOptionsMenu()
09:00:56.972 [FXGL Background Thread 1 ] DEBUG FXGLAssetLoaderServi - Loading from file system: jar:file:///C:/Users/Daniel/.m2/repository/com/github/almasb/fxgl/17.1/fxgl-17.1.jar!/fxglassets/textures/particles/smoke.png
09:00:57.082 [FXGL Background Thread 1 ] DEBUG FXGLAssetLoaderServi - Loading from file system: jar:file:///C:/Users/Daniel/.m2/repository/com/github/almasb/fxgl/17.1/fxgl-17.1.jar!/fxglassets/textures/particles/trace_horizontal.png
09:00:57.114 [FXGL Background Thread 1 ] DEBUG GameApplicationServi - Application scenes initialized
09:00:57.126 [FXGL Background Thread 1 ] DEBUG SystemBundleService  - Loading FXGL system data
09:00:57.130 [FXGL Background Thread 1 ] DEBUG FileSystemAccess     - Reading from: C:\Users\Daniel\IdeaProjects\IPOSE_challengeweek\system\fxgl.bundle
09:00:57.140 [FXGL Background Thread 1 ] DEBUG SystemBundleService  - Bundle FXGL: {}
09:00:57.140 [FXGL Background Thread 1 ] DEBUG UpdaterService       - Checking for updates
09:00:57.145 [FXGL Background Thread 4 ] DEBUG FXGLApplication      - Loading fonts
09:00:57.145 [FXGL Background Thread 1 ] DEBUG FXGLApplication      - Loading default localization
09:00:57.145 [FXGL Background Thread 4 ] DEBUG FXGLAssetLoaderServi - Loading from file system: jar:file:///C:/Users/Daniel/.m2/repository/com/github/almasb/fxgl/17.1/fxgl-17.1.jar!/fxglassets/ui/fonts/VarelaRound-Regular.ttf
09:00:57.146 [FXGL Background Thread 1 ] DEBUG FXGLAssetLoaderServi - Loading from file system: jar:file:///C:/Users/Daniel/.m2/repository/com/github/almasb/fxgl/17.1/fxgl-17.1.jar!/fxglassets/languages/english.lang
09:00:57.170 [FXGL Background Thread 1 ] INFO  FXGLApplication      - FXGL initialization took: 0,454 sec
09:00:57.181 [JavaFX Application Thread] DEBUG Input                - Registered new binding: action0 - D
09:00:57.182 [JavaFX Application Thread] DEBUG Input                - Registered new binding: action1 - A
09:00:57.182 [JavaFX Application Thread] DEBUG Input                - Registered new binding: action2 - W
09:00:57.183 [JavaFX Application Thread] DEBUG Input                - Registered new binding: action3 - S
09:00:57.183 [JavaFX Application Thread] DEBUG FXGLAssetLoaderServi - Loading from file system: jar:file:///C:/Users/Daniel/.m2/repository/com/github/almasb/fxgl/17.1/fxgl-17.1.jar!/fxglassets/textures/fxgl_icon.png
09:00:57.205 [JavaFX Application Thread] DEBUG FXGLAssetLoaderServi - Loading from file system: jar:file:///C:/Users/Daniel/.m2/repository/com/github/almasb/fxgl/17.1/fxgl-17.1.jar!/fxglassets/textures/fxgl_default_cursor.png
09:00:57.207 [JavaFX Application Thread] DEBUG Input                - Registered new binding: Screenshot - CTRL+8
09:00:57.208 [JavaFX Application Thread] DEBUG Input                - Registered new binding: System info dump - CTRL+9
09:00:57.209 [JavaFX Application Thread] DEBUG Input                - Registered new binding: Restart - CTRL+R
09:00:57.210 [JavaFX Application Thread] DEBUG Input                - Registered new binding: Toggle Debug Camera - CTRL+7
09:00:57.210 [FXGL Background Thread 4 ] DEBUG FXGLAssetLoaderServi - Loading from file system: jar:file:///C:/Users/Daniel/.m2/repository/com/github/almasb/fxgl/17.1/fxgl-17.1.jar!/fxglassets/ui/fonts/Abel-Regular.ttf
09:00:57.213 [JavaFX Application Thread] DEBUG LoopRunner           - Starting loop
09:00:57.214 [JavaFX Application Thread] DEBUG LoopRunner           - Initializing JavaFX AnimationTimerLoop
09:00:57.216 [JavaFX Application Thread] DEBUG GameApplicationServi - Starting new game
09:00:57.217 [JavaFX Application Thread] DEBUG Input                - Clearing active input actions
09:00:57.217 [FXGL Background Thread 4 ] DEBUG FXGLAssetLoaderServi - Loading from file system: jar:file:///C:/Users/Daniel/.m2/repository/com/github/almasb/fxgl/17.1/fxgl-17.1.jar!/fxglassets/ui/fonts/TerminalLandMono-Regular.otf
09:00:57.224 [FXGL Background Thread 4 ] DEBUG FXGLAssetLoaderServi - Loading from file system: jar:file:///C:/Users/Daniel/.m2/repository/com/github/almasb/fxgl/17.1/fxgl-17.1.jar!/fxglassets/ui/fonts/Courier-Prime.ttf
09:00:57.234 [JavaFX Application Thread] DEBUG GameApplicationServi - Removing overlay from FXGLStartupScene and adding to FXGLLoadingScene
09:00:57.235 [JavaFX Application Thread] DEBUG PrimaryStageWindow   - FXGLStartupScene -> FXGLLoadingScene
09:00:57.235 [JavaFX Application Thread] DEBUG GameApplicationServi - Clearing previous game
09:00:57.235 [JavaFX Application Thread] DEBUG GameScene            - Clearing game scene
09:00:57.235 [JavaFX Application Thread] DEBUG GameWorld            - Clearing game world
09:00:57.235 [JavaFX Application Thread] DEBUG PhysicsWorld         - Clearing physics world
09:00:57.237 [FXGL Background Thread 4 ] DEBUG FXGLApplication      - Initializing game
09:00:57.281 [FXGL Background Thread 4 ] INFO  FXGLApplication      - Game initialization took: 0,044 sec
09:00:57.300 [JavaFX Application Thread] DEBUG FXGLApplication      - Registering font factories with UI factory
09:00:57.308 [JavaFX Application Thread] DEBUG Input                - Clearing active input actions
09:00:57.320 [JavaFX Application Thread] DEBUG GameApplicationServi - Removing overlay from FXGLLoadingScene and adding to GameScene
09:00:57.321 [JavaFX Application Thread] DEBUG PrimaryStageWindow   - FXGLLoadingScene -> GameScene
09:00:57.613 [FXGL Background Thread 2 ] INFO  UpdaterService       - Your current version:  17.1
09:00:57.614 [FXGL Background Thread 2 ] INFO  UpdaterService       - Latest stable version: 17.3
09:01:00.145 [FXGL Background Thread 3 ] DEBUG Engine               - Logging environment variables
09:01:00.146 [FXGL Background Thread 3 ] DEBUG Engine               - achievements: []
09:01:00.146 [FXGL Background Thread 3 ] DEBUG Engine               - actualHeight: 600.0
09:01:00.146 [FXGL Background Thread 3 ] DEBUG Engine               - actualHeightProperty: ReadOnlyDoubleProperty [value: 600.0]
09:01:00.146 [FXGL Background Thread 3 ] DEBUG Engine               - actualWidth: 800.0
09:01:00.146 [FXGL Background Thread 3 ] DEBUG Engine               - actualWidthProperty: ReadOnlyDoubleProperty [value: 800.0]
09:01:00.146 [FXGL Background Thread 3 ] DEBUG Engine               - appIcon: fxgl_icon.png
09:01:00.146 [FXGL Background Thread 3 ] DEBUG Engine               - applicationMode: DEVELOPER
09:01:00.146 [FXGL Background Thread 3 ] DEBUG Engine               - cSSList: [fxgl_dark.css]
09:01:00.146 [FXGL Background Thread 3 ] DEBUG Engine               - collisionDetectionStrategy: BRUTE_FORCE
09:01:00.146 [FXGL Background Thread 3 ] DEBUG Engine               - configClass: Optional.empty
09:01:00.146 [FXGL Background Thread 3 ] DEBUG Engine               - credits: []
09:01:00.147 [FXGL Background Thread 3 ] DEBUG Engine               - defaultCursor: CursorInfo(imageName=fxgl_default_cursor.png, hotspotX=7.0, hotspotY=6.0)
09:01:00.147 [FXGL Background Thread 3 ] DEBUG Engine               - devBBoxColorProperty: ObjectProperty [value: 0xff0000ff]
09:01:00.147 [FXGL Background Thread 3 ] DEBUG Engine               - devEnableDebugCameraProperty: BooleanProperty [value: false]
09:01:00.148 [FXGL Background Thread 3 ] DEBUG Engine               - devSensorColorProperty: ObjectProperty [value: 0xffff00ff]
09:01:00.148 [FXGL Background Thread 3 ] DEBUG Engine               - devShowBBoxProperty: BooleanProperty [value: false]
09:01:00.148 [FXGL Background Thread 3 ] DEBUG Engine               - devShowPositionProperty: BooleanProperty [value: false]
09:01:00.148 [FXGL Background Thread 3 ] DEBUG Engine               - enabledMenuItems: []
09:01:00.148 [FXGL Background Thread 3 ] DEBUG Engine               - engineServices: [class com.almasb.fxgl.app.services.FXGLAssetLoaderService, class com.almasb.fxgl.app.FXGLApplication$GameApplicationService, class com.almasb.fxgl.app.services.FXGLDialogService, class com.almasb.fxgl.app.services.IOTaskExecutorService, class com.almasb.fxgl.io.FileSystemService, class com.almasb.fxgl.localization.LocalizationService, class com.almasb.fxgl.app.services.SystemBundleService, class com.almasb.fxgl.profile.SaveLoadService, class com.almasb.fxgl.ui.FXGLUIFactoryServiceProvider, class com.almasb.fxgl.ui.FXGLDialogFactoryServiceProvider, class com.almasb.fxgl.audio.AudioPlayer, class com.almasb.fxgl.notification.impl.NotificationServiceProvider, class com.almasb.fxgl.achievement.AchievementService, class com.almasb.fxgl.cutscene.CutsceneService, class com.almasb.fxgl.minigames.MiniGameService, class com.almasb.fxgl.net.NetService, class com.almasb.fxgl.app.services.UpdaterService, class com.almasb.fxgl.dev.DevService]
09:01:00.148 [FXGL Background Thread 3 ] DEBUG Engine               - fontGame: Abel-Regular.ttf
09:01:00.148 [FXGL Background Thread 3 ] DEBUG Engine               - fontMono: TerminalLandMono-Regular.otf
09:01:00.148 [FXGL Background Thread 3 ] DEBUG Engine               - fontText: Courier-Prime.ttf
09:01:00.148 [FXGL Background Thread 3 ] DEBUG Engine               - fontUI: VarelaRound-Regular.ttf
09:01:00.148 [FXGL Background Thread 3 ] DEBUG Engine               - fullScreen: BooleanProperty [value: false]
09:01:00.148 [FXGL Background Thread 3 ] DEBUG Engine               - gameDifficulty: MEDIUM
09:01:00.148 [FXGL Background Thread 3 ] DEBUG Engine               - gameDifficultyProperty: ObjectProperty [value: MEDIUM]
09:01:00.148 [FXGL Background Thread 3 ] DEBUG Engine               - globalMusicVolume: 0.5
09:01:00.148 [FXGL Background Thread 3 ] DEBUG Engine               - globalMusicVolumeProperty: DoubleProperty [value: 0.5]
09:01:00.148 [FXGL Background Thread 3 ] DEBUG Engine               - globalSoundVolume: 0.5
09:01:00.148 [FXGL Background Thread 3 ] DEBUG Engine               - globalSoundVolumeProperty: DoubleProperty [value: 0.5]
09:01:00.148 [FXGL Background Thread 3 ] DEBUG Engine               - height: 600
09:01:00.148 [FXGL Background Thread 3 ] DEBUG Engine               - is3D: false
09:01:00.148 [FXGL Background Thread 3 ] DEBUG Engine               - isAndroid: false
09:01:00.149 [FXGL Background Thread 3 ] DEBUG Engine               - isBrowser: false
09:01:00.149 [FXGL Background Thread 3 ] DEBUG Engine               - isClickFeedbackEnabled: false
09:01:00.149 [FXGL Background Thread 3 ] DEBUG Engine               - isCloseConfirmation: false
09:01:00.149 [FXGL Background Thread 3 ] DEBUG Engine               - isDesktop: true
09:01:00.149 [FXGL Background Thread 3 ] DEBUG Engine               - isDeveloperMenuEnabled: false
09:01:00.149 [FXGL Background Thread 3 ] DEBUG Engine               - isEmbedded: false
09:01:00.149 [FXGL Background Thread 3 ] DEBUG Engine               - isEntityPreloadEnabled: true
09:01:00.149 [FXGL Background Thread 3 ] DEBUG Engine               - isExperimentalTiledLargeMap: false
09:01:00.149 [FXGL Background Thread 3 ] DEBUG Engine               - isFileSystemWriteAllowed: true
09:01:00.149 [FXGL Background Thread 3 ] DEBUG Engine               - isFullScreenAllowed: false
09:01:00.149 [FXGL Background Thread 3 ] DEBUG Engine               - isFullScreenFromStart: false
09:01:00.149 [FXGL Background Thread 3 ] DEBUG Engine               - isGameMenuEnabled: true
09:01:00.149 [FXGL Background Thread 3 ] DEBUG Engine               - isIOS: false
09:01:00.149 [FXGL Background Thread 3 ] DEBUG Engine               - isIntroEnabled: false
09:01:00.149 [FXGL Background Thread 3 ] DEBUG Engine               - isLinux: false
09:01:00.149 [FXGL Background Thread 3 ] DEBUG Engine               - isMac: false
09:01:00.149 [FXGL Background Thread 3 ] DEBUG Engine               - isMainMenuEnabled: false
09:01:00.149 [FXGL Background Thread 3 ] DEBUG Engine               - isManualResizeEnabled: false
09:01:00.149 [FXGL Background Thread 3 ] DEBUG Engine               - isMobile: false
09:01:00.149 [FXGL Background Thread 3 ] DEBUG Engine               - isNative: false
09:01:00.149 [FXGL Background Thread 3 ] DEBUG Engine               - isPauseMusicWhenMinimized: true
09:01:00.149 [FXGL Background Thread 3 ] DEBUG Engine               - isPreserveResizeRatio: false
09:01:00.149 [FXGL Background Thread 3 ] DEBUG Engine               - isProfilingEnabled: false
09:01:00.149 [FXGL Background Thread 3 ] DEBUG Engine               - isScaleAffectedOnResize: true
09:01:00.149 [FXGL Background Thread 3 ] DEBUG Engine               - isSingleStep: false
09:01:00.150 [FXGL Background Thread 3 ] DEBUG Engine               - isUserProfileEnabled: false
09:01:00.150 [FXGL Background Thread 3 ] DEBUG Engine               - isWindows: true
09:01:00.150 [FXGL Background Thread 3 ] DEBUG Engine               - language: ObjectProperty [value: ENGLISH]
09:01:00.150 [FXGL Background Thread 3 ] DEBUG Engine               - menuKey: ESCAPE
09:01:00.150 [FXGL Background Thread 3 ] DEBUG Engine               - mouseSensitivity: 0.2
09:01:00.150 [FXGL Background Thread 3 ] DEBUG Engine               - notificationViewClass: class com.almasb.fxgl.notification.view.XboxNotificationView
09:01:00.150 [FXGL Background Thread 3 ] DEBUG Engine               - pixelsPerMeter: 50.0
09:01:00.150 [FXGL Background Thread 3 ] DEBUG Engine               - platform: WINDOWS
09:01:00.150 [FXGL Background Thread 3 ] DEBUG Engine               - prefHeightProperty: ReadOnlyDoubleProperty [value: 600.0]
09:01:00.150 [FXGL Background Thread 3 ] DEBUG Engine               - prefWidthProperty: ReadOnlyDoubleProperty [value: 800.0]
09:01:00.150 [FXGL Background Thread 3 ] DEBUG Engine               - profileDir: profiles/
09:01:00.150 [FXGL Background Thread 3 ] DEBUG Engine               - profileName: StringProperty [value: DEFAULT]
09:01:00.150 [FXGL Background Thread 3 ] DEBUG Engine               - randomSeed: -1
09:01:00.150 [FXGL Background Thread 3 ] DEBUG Engine               - runtimeInfo: RuntimeInfo(platform=WINDOWS, version=17.1, build=24.03.2022 17.34)
09:01:00.150 [FXGL Background Thread 3 ] DEBUG Engine               - saveFileExt: sav
09:01:00.151 [FXGL Background Thread 3 ] DEBUG Engine               - scaledHeightProp$fxgl: DoubleProperty [bound, value: 600.0]
09:01:00.151 [FXGL Background Thread 3 ] DEBUG Engine               - scaledWidthProp$fxgl: DoubleProperty [bound, value: 800.0]
09:01:00.151 [FXGL Background Thread 3 ] DEBUG Engine               - sceneFactory: com.almasb.fxgl.app.scene.SceneFactory@a17787e
09:01:00.151 [FXGL Background Thread 3 ] DEBUG Engine               - secondsIn24h: 60
09:01:00.151 [FXGL Background Thread 3 ] DEBUG Engine               - soundMenuBack: menu/back.wav
09:01:00.151 [FXGL Background Thread 3 ] DEBUG Engine               - soundMenuPress: menu/press.wav
09:01:00.151 [FXGL Background Thread 3 ] DEBUG Engine               - soundMenuSelect: menu/select.wav
09:01:00.151 [FXGL Background Thread 3 ] DEBUG Engine               - soundNotification: core/notification.wav
09:01:00.151 [FXGL Background Thread 3 ] DEBUG Engine               - stageStyle: DECORATED
09:01:00.151 [FXGL Background Thread 3 ] DEBUG Engine               - supportedLanguages: [ENGLISH, FRENCH, GERMAN, HUNGARIAN, RUSSIAN]
09:01:00.151 [FXGL Background Thread 3 ] DEBUG Engine               - ticksPerSecond: -1
09:01:00.151 [FXGL Background Thread 3 ] DEBUG Engine               - title: Teachers vs Students
09:01:00.151 [FXGL Background Thread 3 ] DEBUG Engine               - urlGithub: https://github.com/AlmasB/FXGL
09:01:00.151 [FXGL Background Thread 3 ] DEBUG Engine               - urlLeaderboard: http://fxgl-top.herokuapp.com/
09:01:00.151 [FXGL Background Thread 3 ] DEBUG Engine               - urlPOM: https://raw.githubusercontent.com/AlmasB/FXGL/release/README.md
09:01:00.151 [FXGL Background Thread 3 ] DEBUG Engine               - userAppClass: class org.hsleiden.challengeweek.docenten_vs_studenten.Game
09:01:00.151 [FXGL Background Thread 3 ] DEBUG Engine               - version: 0.0
09:01:00.151 [FXGL Background Thread 3 ] DEBUG Engine               - versionCheckDays: 7
09:01:00.151 [FXGL Background Thread 3 ] DEBUG Engine               - width: 800
09:01:00.151 [FXGL Background Thread 3 ] DEBUG Engine               - Logging services
09:01:00.151 [FXGL Background Thread 3 ] DEBUG Engine               - class com.almasb.fxgl.app.services.FXGLAssetLoaderService
09:01:00.151 [FXGL Background Thread 3 ] DEBUG Engine               - class com.almasb.fxgl.app.FXGLApplication$GameApplicationService
09:01:00.151 [FXGL Background Thread 3 ] DEBUG Engine               - class com.almasb.fxgl.app.services.FXGLDialogService
09:01:00.151 [FXGL Background Thread 3 ] DEBUG Engine               - class com.almasb.fxgl.app.services.IOTaskExecutorService
09:01:00.151 [FXGL Background Thread 3 ] DEBUG Engine               - class com.almasb.fxgl.io.FileSystemService
09:01:00.151 [FXGL Background Thread 3 ] DEBUG Engine               - class com.almasb.fxgl.localization.LocalizationService
09:01:00.152 [FXGL Background Thread 3 ] DEBUG Engine               - class com.almasb.fxgl.app.services.SystemBundleService
09:01:00.152 [FXGL Background Thread 3 ] DEBUG Engine               - class com.almasb.fxgl.profile.SaveLoadService
09:01:00.152 [FXGL Background Thread 3 ] DEBUG Engine               - class com.almasb.fxgl.ui.FXGLUIFactoryServiceProvider
09:01:00.152 [FXGL Background Thread 3 ] DEBUG Engine               - class com.almasb.fxgl.ui.FXGLDialogFactoryServiceProvider
09:01:00.152 [FXGL Background Thread 3 ] DEBUG Engine               - class com.almasb.fxgl.audio.AudioPlayer
09:01:00.152 [FXGL Background Thread 3 ] DEBUG Engine               - class com.almasb.fxgl.notification.impl.NotificationServiceProvider
09:01:00.152 [FXGL Background Thread 3 ] DEBUG Engine               - class com.almasb.fxgl.achievement.AchievementService
09:01:00.152 [FXGL Background Thread 3 ] DEBUG Engine               - class com.almasb.fxgl.cutscene.CutsceneService
09:01:00.152 [FXGL Background Thread 3 ] DEBUG Engine               - class com.almasb.fxgl.minigames.MiniGameService
09:01:00.152 [FXGL Background Thread 3 ] DEBUG Engine               - class com.almasb.fxgl.net.NetService
09:01:00.152 [FXGL Background Thread 3 ] DEBUG Engine               - class com.almasb.fxgl.app.services.UpdaterService
09:01:00.152 [FXGL Background Thread 3 ] DEBUG Engine               - class com.almasb.fxgl.dev.DevService
09:02:10.392 [JavaFX Application Thread] DEBUG FXGLApplication      - Exiting FXGL
09:02:10.392 [JavaFX Application Thread] DEBUG LoopRunner           - Stopping loop
09:02:10.392 [JavaFX Application Thread] DEBUG SystemBundleService  - Saving FXGL system data
09:02:10.394 [JavaFX Application Thread] DEBUG FileSystemAccess     - Writing to: C:\Users\Daniel\IdeaProjects\IPOSE_challengeweek\system\fxgl.bundle
09:02:10.396 [JavaFX Application Thread] DEBUG Async                - Shutting down background threads
09:02:10.396 [JavaFX Application Thread] DEBUG PrimaryStageWindow   - Closing main window
09:02:10.406 [JavaFX Application Thread] DEBUG Logger               - Closing Logger
