22:02:56.052 [main                     ] DEBUG Logger               - Configured Logger
22:02:56.098 [main                     ] DEBUG GameApplication      - Logging settings
Title: Teachers vs Students
Version: 0.0
Width: 800
Height: 600
Fullscreen: false
Intro: false
Profiling: false
Single step:false
App Mode: DEVELOPER
Menu Key: ESCAPE
Stage Style: DECORATED
Scene Factory: class com.almasb.fxgl.app.scene.SceneFactory

22:02:56.539 [JavaFX Application Thread] DEBUG FXGLApplication      - Initializing FXGL
22:02:56.547 [JavaFX Application Thread] INFO  Engine               - FXGL-17.1 (24.03.2022 17.34) on WINDOWS (J:19.0.1 FX:19-ea)
22:02:56.547 [JavaFX Application Thread] DEBUG Engine               - JRE Vendor Name: Oracle Corporation
22:02:56.548 [JavaFX Application Thread] DEBUG Engine               - Running on OS: Windows 11 version 10.0
22:02:56.548 [JavaFX Application Thread] DEBUG Engine               - Architecture: amd64
22:02:56.548 [JavaFX Application Thread] INFO  Engine               - Source code and latest versions at: https://github.com/AlmasB/FXGL
22:02:56.549 [JavaFX Application Thread] INFO  Engine               -       Ask questions and discuss at: https://github.com/AlmasB/FXGL/discussions
22:02:56.549 [JavaFX Application Thread] INFO  Engine               -              Join the FXGL chat at: https://gitter.im/AlmasB/FXGL
22:02:56.666 [JavaFX Application Thread] DEBUG PrimaryStageWindow   - Creating a JavaFX scene
22:02:56.726 [JavaFX Application Thread] DEBUG PrimaryStageWindow   - Target settings size: 800.0 x 600.0
22:02:56.726 [JavaFX Application Thread] DEBUG PrimaryStageWindow   - Scaled scene size:    800.0 x 600.0
22:02:56.726 [JavaFX Application Thread] DEBUG PrimaryStageWindow   - Scaled ratio: (1.0, 1.0)
22:02:56.728 [JavaFX Application Thread] DEBUG PrimaryStageWindow   - Set initial scene to FXGLStartupScene
22:02:56.737 [JavaFX Application Thread] DEBUG PrimaryStageWindow   - Opening main window
22:02:56.838 [JavaFX Application Thread] DEBUG PrimaryStageWindow   - Window border size: (14.4000244140625, 37.5999755859375)
22:02:56.838 [JavaFX Application Thread] DEBUG PrimaryStageWindow   - Scaled size: 800.0 x 600.0
22:02:56.839 [JavaFX Application Thread] DEBUG PrimaryStageWindow   - Scaled ratio: (1.0, 1.0)
22:02:56.839 [JavaFX Application Thread] DEBUG PrimaryStageWindow   - Scene size: 800.0 x 600.0
22:02:56.840 [JavaFX Application Thread] DEBUG PrimaryStageWindow   - Stage size: 814.4000244140625 x 637.5999755859375
22:02:56.852 [FXGL Background Thread 1 ] DEBUG Engine               - Initializing environment variables
22:02:56.927 [FXGL Background Thread 1 ] DEBUG FXGLAssetLoaderServi - User app class for loading assets: class org.hsleiden.challengeweek.docenten_vs_studenten.Game
22:02:56.928 [FXGL Background Thread 1 ] DEBUG GameApplicationServi - Applying CSS: fxgl_dark.css
22:02:56.929 [FXGL Background Thread 1 ] DEBUG FXGLAssetLoaderServi - Loading from file system: jar:file:///C:/Users/Daniel/.m2/repository/com/github/almasb/fxgl/17.1/fxgl-17.1.jar!/fxglassets/ui/css/fxgl_dark.css
22:02:56.994 [FXGL Background Thread 1 ] DEBUG GameApplicationServi - Initializing application scenes
22:02:57.052 [FXGL Background Thread 1 ] DEBUG GameWorld            - Game world initialized
22:02:57.150 [FXGL Background Thread 1 ] DEBUG PhysicsWorld         - Physics world initialized: appHeight=600, physics.ppm=50,0
22:02:57.151 [FXGL Background Thread 1 ] DEBUG PhysicsWorld         - Using strategy: BRUTE_FORCE
22:02:57.157 [FXGL Background Thread 1 ] DEBUG GameScene            - Game scene initialized: 800x600
22:02:57.174 [FXGL Background Thread 1 ] DEBUG FXGL.DefaultMenu     - createMenuBodyGameMenu()
22:02:57.191 [FXGL Background Thread 1 ] DEBUG FXGL.DefaultMenu     - createOptionsMenu()
22:02:57.205 [FXGL Background Thread 1 ] DEBUG FXGLAssetLoaderServi - Loading from file system: jar:file:///C:/Users/Daniel/.m2/repository/com/github/almasb/fxgl/17.1/fxgl-17.1.jar!/fxglassets/textures/particles/smoke.png
22:02:57.326 [FXGL Background Thread 1 ] DEBUG FXGLAssetLoaderServi - Loading from file system: jar:file:///C:/Users/Daniel/.m2/repository/com/github/almasb/fxgl/17.1/fxgl-17.1.jar!/fxglassets/textures/particles/trace_horizontal.png
22:02:57.372 [FXGL Background Thread 1 ] DEBUG GameApplicationServi - Application scenes initialized
22:02:57.390 [FXGL Background Thread 1 ] DEBUG SystemBundleService  - Loading FXGL system data
22:02:57.395 [FXGL Background Thread 1 ] DEBUG FileSystemAccess     - Reading from: C:\Users\Daniel\IdeaProjects\IPOSE_challengeweek\system\fxgl.bundle
22:02:57.408 [FXGL Background Thread 1 ] DEBUG SystemBundleService  - Bundle FXGL: {}
22:02:57.409 [FXGL Background Thread 1 ] DEBUG UpdaterService       - Checking for updates
22:02:57.413 [FXGL Background Thread 4 ] DEBUG FXGLApplication      - Loading fonts
22:02:57.414 [FXGL Background Thread 1 ] DEBUG FXGLApplication      - Loading default localization
22:02:57.414 [FXGL Background Thread 4 ] DEBUG FXGLAssetLoaderServi - Loading from file system: jar:file:///C:/Users/Daniel/.m2/repository/com/github/almasb/fxgl/17.1/fxgl-17.1.jar!/fxglassets/ui/fonts/VarelaRound-Regular.ttf
22:02:57.415 [FXGL Background Thread 1 ] DEBUG FXGLAssetLoaderServi - Loading from file system: jar:file:///C:/Users/Daniel/.m2/repository/com/github/almasb/fxgl/17.1/fxgl-17.1.jar!/fxglassets/languages/english.lang
22:02:57.440 [FXGL Background Thread 1 ] INFO  FXGLApplication      - FXGL initialization took: 0,587 sec
22:02:57.454 [JavaFX Application Thread] DEBUG Input                - Registered new binding: action0 - D
22:02:57.455 [JavaFX Application Thread] DEBUG Input                - Registered new binding: action1 - A
22:02:57.456 [JavaFX Application Thread] DEBUG Input                - Registered new binding: action2 - W
22:02:57.456 [JavaFX Application Thread] DEBUG Input                - Registered new binding: action3 - S
22:02:57.457 [JavaFX Application Thread] DEBUG FXGLAssetLoaderServi - Loading from file system: jar:file:///C:/Users/Daniel/.m2/repository/com/github/almasb/fxgl/17.1/fxgl-17.1.jar!/fxglassets/textures/fxgl_icon.png
22:02:57.489 [JavaFX Application Thread] DEBUG FXGLAssetLoaderServi - Loading from file system: jar:file:///C:/Users/Daniel/.m2/repository/com/github/almasb/fxgl/17.1/fxgl-17.1.jar!/fxglassets/textures/fxgl_default_cursor.png
22:02:57.489 [FXGL Background Thread 4 ] DEBUG FXGLAssetLoaderServi - Loading from file system: jar:file:///C:/Users/Daniel/.m2/repository/com/github/almasb/fxgl/17.1/fxgl-17.1.jar!/fxglassets/ui/fonts/Abel-Regular.ttf
22:02:57.493 [JavaFX Application Thread] DEBUG Input                - Registered new binding: Screenshot - CTRL+8
22:02:57.495 [JavaFX Application Thread] DEBUG Input                - Registered new binding: System info dump - CTRL+9
22:02:57.495 [JavaFX Application Thread] DEBUG Input                - Registered new binding: Restart - CTRL+R
22:02:57.496 [FXGL Background Thread 4 ] DEBUG FXGLAssetLoaderServi - Loading from file system: jar:file:///C:/Users/Daniel/.m2/repository/com/github/almasb/fxgl/17.1/fxgl-17.1.jar!/fxglassets/ui/fonts/TerminalLandMono-Regular.otf
22:02:57.497 [JavaFX Application Thread] DEBUG Input                - Registered new binding: Toggle Debug Camera - CTRL+7
22:02:57.500 [JavaFX Application Thread] DEBUG LoopRunner           - Starting loop
22:02:57.501 [JavaFX Application Thread] DEBUG LoopRunner           - Initializing JavaFX AnimationTimerLoop
22:02:57.501 [FXGL Background Thread 4 ] DEBUG FXGLAssetLoaderServi - Loading from file system: jar:file:///C:/Users/Daniel/.m2/repository/com/github/almasb/fxgl/17.1/fxgl-17.1.jar!/fxglassets/ui/fonts/Courier-Prime.ttf
22:02:57.503 [JavaFX Application Thread] DEBUG GameApplicationServi - Starting new game
22:02:57.504 [JavaFX Application Thread] DEBUG Input                - Clearing active input actions
22:02:57.525 [JavaFX Application Thread] DEBUG GameApplicationServi - Removing overlay from FXGLStartupScene and adding to FXGLLoadingScene
22:02:57.526 [JavaFX Application Thread] DEBUG PrimaryStageWindow   - FXGLStartupScene -> FXGLLoadingScene
22:02:57.526 [JavaFX Application Thread] DEBUG GameApplicationServi - Clearing previous game
22:02:57.526 [JavaFX Application Thread] DEBUG GameScene            - Clearing game scene
22:02:57.526 [JavaFX Application Thread] DEBUG GameWorld            - Clearing game world
22:02:57.526 [JavaFX Application Thread] DEBUG PhysicsWorld         - Clearing physics world
22:02:57.530 [JavaFX Application Thread] DEBUG FXGLApplication      - Registering font factories with UI factory
22:02:57.530 [FXGL Background Thread 4 ] DEBUG FXGLApplication      - Initializing game
22:02:57.621 [FXGL Background Thread 4 ] INFO  FXGLApplication      - Game initialization took: 0,091 sec
22:02:57.705 [JavaFX Application Thread] DEBUG Input                - Clearing active input actions
22:02:57.718 [JavaFX Application Thread] DEBUG GameApplicationServi - Removing overlay from FXGLLoadingScene and adding to GameScene
22:02:57.719 [JavaFX Application Thread] DEBUG PrimaryStageWindow   - FXGLLoadingScene -> GameScene
22:02:59.219 [FXGL Background Thread 2 ] INFO  UpdaterService       - Your current version:  17.1
22:02:59.220 [FXGL Background Thread 2 ] INFO  UpdaterService       - Latest stable version: 17.3
22:03:00.412 [FXGL Background Thread 3 ] DEBUG Engine               - Logging environment variables
22:03:00.413 [FXGL Background Thread 3 ] DEBUG Engine               - achievements: []
22:03:00.413 [FXGL Background Thread 3 ] DEBUG Engine               - actualHeight: 600.0
22:03:00.413 [FXGL Background Thread 3 ] DEBUG Engine               - actualHeightProperty: ReadOnlyDoubleProperty [value: 600.0]
22:03:00.414 [FXGL Background Thread 3 ] DEBUG Engine               - actualWidth: 800.0
22:03:00.414 [FXGL Background Thread 3 ] DEBUG Engine               - actualWidthProperty: ReadOnlyDoubleProperty [value: 800.0]
22:03:00.414 [FXGL Background Thread 3 ] DEBUG Engine               - appIcon: fxgl_icon.png
22:03:00.414 [FXGL Background Thread 3 ] DEBUG Engine               - applicationMode: DEVELOPER
22:03:00.414 [FXGL Background Thread 3 ] DEBUG Engine               - cSSList: [fxgl_dark.css]
22:03:00.415 [FXGL Background Thread 3 ] DEBUG Engine               - collisionDetectionStrategy: BRUTE_FORCE
22:03:00.415 [FXGL Background Thread 3 ] DEBUG Engine               - configClass: Optional.empty
22:03:00.415 [FXGL Background Thread 3 ] DEBUG Engine               - credits: []
22:03:00.417 [FXGL Background Thread 3 ] DEBUG Engine               - defaultCursor: CursorInfo(imageName=fxgl_default_cursor.png, hotspotX=7.0, hotspotY=6.0)
22:03:00.417 [FXGL Background Thread 3 ] DEBUG Engine               - devBBoxColorProperty: ObjectProperty [value: 0xff0000ff]
22:03:00.417 [FXGL Background Thread 3 ] DEBUG Engine               - devEnableDebugCameraProperty: BooleanProperty [value: false]
22:03:00.418 [FXGL Background Thread 3 ] DEBUG Engine               - devSensorColorProperty: ObjectProperty [value: 0xffff00ff]
22:03:00.418 [FXGL Background Thread 3 ] DEBUG Engine               - devShowBBoxProperty: BooleanProperty [value: false]
22:03:00.418 [FXGL Background Thread 3 ] DEBUG Engine               - devShowPositionProperty: BooleanProperty [value: false]
22:03:00.418 [FXGL Background Thread 3 ] DEBUG Engine               - enabledMenuItems: []
22:03:00.418 [FXGL Background Thread 3 ] DEBUG Engine               - engineServices: [class com.almasb.fxgl.app.services.FXGLAssetLoaderService, class com.almasb.fxgl.app.FXGLApplication$GameApplicationService, class com.almasb.fxgl.app.services.FXGLDialogService, class com.almasb.fxgl.app.services.IOTaskExecutorService, class com.almasb.fxgl.io.FileSystemService, class com.almasb.fxgl.localization.LocalizationService, class com.almasb.fxgl.app.services.SystemBundleService, class com.almasb.fxgl.profile.SaveLoadService, class com.almasb.fxgl.ui.FXGLUIFactoryServiceProvider, class com.almasb.fxgl.ui.FXGLDialogFactoryServiceProvider, class com.almasb.fxgl.audio.AudioPlayer, class com.almasb.fxgl.notification.impl.NotificationServiceProvider, class com.almasb.fxgl.achievement.AchievementService, class com.almasb.fxgl.cutscene.CutsceneService, class com.almasb.fxgl.minigames.MiniGameService, class com.almasb.fxgl.net.NetService, class com.almasb.fxgl.app.services.UpdaterService, class com.almasb.fxgl.dev.DevService]
22:03:00.418 [FXGL Background Thread 3 ] DEBUG Engine               - fontGame: Abel-Regular.ttf
22:03:00.418 [FXGL Background Thread 3 ] DEBUG Engine               - fontMono: TerminalLandMono-Regular.otf
22:03:00.418 [FXGL Background Thread 3 ] DEBUG Engine               - fontText: Courier-Prime.ttf
22:03:00.418 [FXGL Background Thread 3 ] DEBUG Engine               - fontUI: VarelaRound-Regular.ttf
22:03:00.418 [FXGL Background Thread 3 ] DEBUG Engine               - fullScreen: BooleanProperty [value: false]
22:03:00.419 [FXGL Background Thread 3 ] DEBUG Engine               - gameDifficulty: MEDIUM
22:03:00.419 [FXGL Background Thread 3 ] DEBUG Engine               - gameDifficultyProperty: ObjectProperty [value: MEDIUM]
22:03:00.419 [FXGL Background Thread 3 ] DEBUG Engine               - globalMusicVolume: 0.5
22:03:00.419 [FXGL Background Thread 3 ] DEBUG Engine               - globalMusicVolumeProperty: DoubleProperty [value: 0.5]
22:03:00.419 [FXGL Background Thread 3 ] DEBUG Engine               - globalSoundVolume: 0.5
22:03:00.419 [FXGL Background Thread 3 ] DEBUG Engine               - globalSoundVolumeProperty: DoubleProperty [value: 0.5]
22:03:00.419 [FXGL Background Thread 3 ] DEBUG Engine               - height: 600
22:03:00.419 [FXGL Background Thread 3 ] DEBUG Engine               - is3D: false
22:03:00.420 [FXGL Background Thread 3 ] DEBUG Engine               - isAndroid: false
22:03:00.420 [FXGL Background Thread 3 ] DEBUG Engine               - isBrowser: false
22:03:00.420 [FXGL Background Thread 3 ] DEBUG Engine               - isClickFeedbackEnabled: false
22:03:00.420 [FXGL Background Thread 3 ] DEBUG Engine               - isCloseConfirmation: false
22:03:00.420 [FXGL Background Thread 3 ] DEBUG Engine               - isDesktop: true
22:03:00.420 [FXGL Background Thread 3 ] DEBUG Engine               - isDeveloperMenuEnabled: false
22:03:00.420 [FXGL Background Thread 3 ] DEBUG Engine               - isEmbedded: false
22:03:00.420 [FXGL Background Thread 3 ] DEBUG Engine               - isEntityPreloadEnabled: true
22:03:00.420 [FXGL Background Thread 3 ] DEBUG Engine               - isExperimentalTiledLargeMap: false
22:03:00.420 [FXGL Background Thread 3 ] DEBUG Engine               - isFileSystemWriteAllowed: true
22:03:00.420 [FXGL Background Thread 3 ] DEBUG Engine               - isFullScreenAllowed: false
22:03:00.420 [FXGL Background Thread 3 ] DEBUG Engine               - isFullScreenFromStart: false
22:03:00.421 [FXGL Background Thread 3 ] DEBUG Engine               - isGameMenuEnabled: true
22:03:00.421 [FXGL Background Thread 3 ] DEBUG Engine               - isIOS: false
22:03:00.421 [FXGL Background Thread 3 ] DEBUG Engine               - isIntroEnabled: false
22:03:00.421 [FXGL Background Thread 3 ] DEBUG Engine               - isLinux: false
22:03:00.421 [FXGL Background Thread 3 ] DEBUG Engine               - isMac: false
22:03:00.421 [FXGL Background Thread 3 ] DEBUG Engine               - isMainMenuEnabled: false
22:03:00.421 [FXGL Background Thread 3 ] DEBUG Engine               - isManualResizeEnabled: false
22:03:00.421 [FXGL Background Thread 3 ] DEBUG Engine               - isMobile: false
22:03:00.422 [FXGL Background Thread 3 ] DEBUG Engine               - isNative: false
22:03:00.422 [FXGL Background Thread 3 ] DEBUG Engine               - isPauseMusicWhenMinimized: true
22:03:00.422 [FXGL Background Thread 3 ] DEBUG Engine               - isPreserveResizeRatio: false
22:03:00.422 [FXGL Background Thread 3 ] DEBUG Engine               - isProfilingEnabled: false
22:03:00.422 [FXGL Background Thread 3 ] DEBUG Engine               - isScaleAffectedOnResize: true
22:03:00.422 [FXGL Background Thread 3 ] DEBUG Engine               - isSingleStep: false
22:03:00.422 [FXGL Background Thread 3 ] DEBUG Engine               - isUserProfileEnabled: false
22:03:00.422 [FXGL Background Thread 3 ] DEBUG Engine               - isWindows: true
22:03:00.422 [FXGL Background Thread 3 ] DEBUG Engine               - language: ObjectProperty [value: ENGLISH]
22:03:00.422 [FXGL Background Thread 3 ] DEBUG Engine               - menuKey: ESCAPE
22:03:00.422 [FXGL Background Thread 3 ] DEBUG Engine               - mouseSensitivity: 0.2
22:03:00.422 [FXGL Background Thread 3 ] DEBUG Engine               - notificationViewClass: class com.almasb.fxgl.notification.view.XboxNotificationView
22:03:00.423 [FXGL Background Thread 3 ] DEBUG Engine               - pixelsPerMeter: 50.0
22:03:00.423 [FXGL Background Thread 3 ] DEBUG Engine               - platform: WINDOWS
22:03:00.423 [FXGL Background Thread 3 ] DEBUG Engine               - prefHeightProperty: ReadOnlyDoubleProperty [value: 600.0]
22:03:00.423 [FXGL Background Thread 3 ] DEBUG Engine               - prefWidthProperty: ReadOnlyDoubleProperty [value: 800.0]
22:03:00.423 [FXGL Background Thread 3 ] DEBUG Engine               - profileDir: profiles/
22:03:00.423 [FXGL Background Thread 3 ] DEBUG Engine               - profileName: StringProperty [value: DEFAULT]
22:03:00.423 [FXGL Background Thread 3 ] DEBUG Engine               - randomSeed: -1
22:03:00.424 [FXGL Background Thread 3 ] DEBUG Engine               - runtimeInfo: RuntimeInfo(platform=WINDOWS, version=17.1, build=24.03.2022 17.34)
22:03:00.424 [FXGL Background Thread 3 ] DEBUG Engine               - saveFileExt: sav
22:03:00.424 [FXGL Background Thread 3 ] DEBUG Engine               - scaledHeightProp$fxgl: DoubleProperty [bound, value: 600.0]
22:03:00.424 [FXGL Background Thread 3 ] DEBUG Engine               - scaledWidthProp$fxgl: DoubleProperty [bound, value: 800.0]
22:03:00.424 [FXGL Background Thread 3 ] DEBUG Engine               - sceneFactory: com.almasb.fxgl.app.scene.SceneFactory@4326a4c2
22:03:00.424 [FXGL Background Thread 3 ] DEBUG Engine               - secondsIn24h: 60
22:03:00.424 [FXGL Background Thread 3 ] DEBUG Engine               - soundMenuBack: menu/back.wav
22:03:00.424 [FXGL Background Thread 3 ] DEBUG Engine               - soundMenuPress: menu/press.wav
22:03:00.424 [FXGL Background Thread 3 ] DEBUG Engine               - soundMenuSelect: menu/select.wav
22:03:00.425 [FXGL Background Thread 3 ] DEBUG Engine               - soundNotification: core/notification.wav
22:03:00.425 [FXGL Background Thread 3 ] DEBUG Engine               - stageStyle: DECORATED
22:03:00.425 [FXGL Background Thread 3 ] DEBUG Engine               - supportedLanguages: [ENGLISH, FRENCH, GERMAN, HUNGARIAN, RUSSIAN]
22:03:00.425 [FXGL Background Thread 3 ] DEBUG Engine               - ticksPerSecond: -1
22:03:00.425 [FXGL Background Thread 3 ] DEBUG Engine               - title: Teachers vs Students
22:03:00.425 [FXGL Background Thread 3 ] DEBUG Engine               - urlGithub: https://github.com/AlmasB/FXGL
22:03:00.425 [FXGL Background Thread 3 ] DEBUG Engine               - urlLeaderboard: http://fxgl-top.herokuapp.com/
22:03:00.425 [FXGL Background Thread 3 ] DEBUG Engine               - urlPOM: https://raw.githubusercontent.com/AlmasB/FXGL/release/README.md
22:03:00.425 [FXGL Background Thread 3 ] DEBUG Engine               - userAppClass: class org.hsleiden.challengeweek.docenten_vs_studenten.Game
22:03:00.425 [FXGL Background Thread 3 ] DEBUG Engine               - version: 0.0
22:03:00.425 [FXGL Background Thread 3 ] DEBUG Engine               - versionCheckDays: 7
22:03:00.425 [FXGL Background Thread 3 ] DEBUG Engine               - width: 800
22:03:00.425 [FXGL Background Thread 3 ] DEBUG Engine               - Logging services
22:03:00.425 [FXGL Background Thread 3 ] DEBUG Engine               - class com.almasb.fxgl.app.services.FXGLAssetLoaderService
22:03:00.425 [FXGL Background Thread 3 ] DEBUG Engine               - class com.almasb.fxgl.app.FXGLApplication$GameApplicationService
22:03:00.426 [FXGL Background Thread 3 ] DEBUG Engine               - class com.almasb.fxgl.app.services.FXGLDialogService
22:03:00.426 [FXGL Background Thread 3 ] DEBUG Engine               - class com.almasb.fxgl.app.services.IOTaskExecutorService
22:03:00.426 [FXGL Background Thread 3 ] DEBUG Engine               - class com.almasb.fxgl.io.FileSystemService
22:03:00.426 [FXGL Background Thread 3 ] DEBUG Engine               - class com.almasb.fxgl.localization.LocalizationService
22:03:00.426 [FXGL Background Thread 3 ] DEBUG Engine               - class com.almasb.fxgl.app.services.SystemBundleService
22:03:00.426 [FXGL Background Thread 3 ] DEBUG Engine               - class com.almasb.fxgl.profile.SaveLoadService
22:03:00.426 [FXGL Background Thread 3 ] DEBUG Engine               - class com.almasb.fxgl.ui.FXGLUIFactoryServiceProvider
22:03:00.426 [FXGL Background Thread 3 ] DEBUG Engine               - class com.almasb.fxgl.ui.FXGLDialogFactoryServiceProvider
22:03:00.426 [FXGL Background Thread 3 ] DEBUG Engine               - class com.almasb.fxgl.audio.AudioPlayer
22:03:00.426 [FXGL Background Thread 3 ] DEBUG Engine               - class com.almasb.fxgl.notification.impl.NotificationServiceProvider
22:03:00.426 [FXGL Background Thread 3 ] DEBUG Engine               - class com.almasb.fxgl.achievement.AchievementService
22:03:00.426 [FXGL Background Thread 3 ] DEBUG Engine               - class com.almasb.fxgl.cutscene.CutsceneService
22:03:00.426 [FXGL Background Thread 3 ] DEBUG Engine               - class com.almasb.fxgl.minigames.MiniGameService
22:03:00.426 [FXGL Background Thread 3 ] DEBUG Engine               - class com.almasb.fxgl.net.NetService
22:03:00.426 [FXGL Background Thread 3 ] DEBUG Engine               - class com.almasb.fxgl.app.services.UpdaterService
22:03:00.426 [FXGL Background Thread 3 ] DEBUG Engine               - class com.almasb.fxgl.dev.DevService
22:03:34.052 [JavaFX Application Thread] DEBUG FXGLApplication      - Exiting FXGL
22:03:34.052 [JavaFX Application Thread] DEBUG LoopRunner           - Stopping loop
22:03:34.052 [JavaFX Application Thread] DEBUG SystemBundleService  - Saving FXGL system data
22:03:34.055 [JavaFX Application Thread] DEBUG FileSystemAccess     - Writing to: C:\Users\Daniel\IdeaProjects\IPOSE_challengeweek\system\fxgl.bundle
22:03:34.060 [JavaFX Application Thread] DEBUG Async                - Shutting down background threads
22:03:34.062 [JavaFX Application Thread] DEBUG PrimaryStageWindow   - Closing main window
22:03:34.098 [JavaFX Application Thread] DEBUG Logger               - Closing Logger
