22:26:42.432 [main                     ] DEBUG Logger               - Configured Logger
22:26:42.471 [main                     ] DEBUG GameApplication      - Logging settings
Title: Teachers vs Students
Version: 0.0
Width: 800
Height: 600
Fullscreen: false
Intro: false
Profiling: false
Single step:false
App Mode: DEVELOPER
Menu Key: ESCAPE
Stage Style: DECORATED
Scene Factory: class com.almasb.fxgl.app.scene.SceneFactory

22:26:42.936 [JavaFX Application Thread] DEBUG FXGLApplication      - Initializing FXGL
22:26:42.947 [JavaFX Application Thread] INFO  Engine               - FXGL-17.1 (24.03.2022 17.34) on WINDOWS (J:19.0.1 FX:19-ea)
22:26:42.948 [JavaFX Application Thread] DEBUG Engine               - JRE Vendor Name: Oracle Corporation
22:26:42.948 [JavaFX Application Thread] DEBUG Engine               - Running on OS: Windows 11 version 10.0
22:26:42.948 [JavaFX Application Thread] DEBUG Engine               - Architecture: amd64
22:26:42.949 [JavaFX Application Thread] INFO  Engine               - Source code and latest versions at: https://github.com/AlmasB/FXGL
22:26:42.949 [JavaFX Application Thread] INFO  Engine               -       Ask questions and discuss at: https://github.com/AlmasB/FXGL/discussions
22:26:42.949 [JavaFX Application Thread] INFO  Engine               -              Join the FXGL chat at: https://gitter.im/AlmasB/FXGL
22:26:43.062 [JavaFX Application Thread] DEBUG PrimaryStageWindow   - Creating a JavaFX scene
22:26:43.118 [JavaFX Application Thread] DEBUG PrimaryStageWindow   - Target settings size: 800.0 x 600.0
22:26:43.118 [JavaFX Application Thread] DEBUG PrimaryStageWindow   - Scaled scene size:    800.0 x 600.0
22:26:43.119 [JavaFX Application Thread] DEBUG PrimaryStageWindow   - Scaled ratio: (1.0, 1.0)
22:26:43.120 [JavaFX Application Thread] DEBUG PrimaryStageWindow   - Set initial scene to FXGLStartupScene
22:26:43.127 [JavaFX Application Thread] DEBUG PrimaryStageWindow   - Opening main window
22:26:43.226 [JavaFX Application Thread] DEBUG PrimaryStageWindow   - Window border size: (14.4000244140625, 37.5999755859375)
22:26:43.227 [JavaFX Application Thread] DEBUG PrimaryStageWindow   - Scaled size: 800.0 x 600.0
22:26:43.227 [JavaFX Application Thread] DEBUG PrimaryStageWindow   - Scaled ratio: (1.0, 1.0)
22:26:43.228 [JavaFX Application Thread] DEBUG PrimaryStageWindow   - Scene size: 800.0 x 600.0
22:26:43.228 [JavaFX Application Thread] DEBUG PrimaryStageWindow   - Stage size: 814.4000244140625 x 637.5999755859375
22:26:43.238 [FXGL Background Thread 1 ] DEBUG Engine               - Initializing environment variables
22:26:43.308 [FXGL Background Thread 1 ] DEBUG FXGLAssetLoaderServi - User app class for loading assets: class org.hsleiden.challengeweek.docenten_vs_studenten.Game
22:26:43.308 [FXGL Background Thread 1 ] DEBUG GameApplicationServi - Applying CSS: fxgl_dark.css
22:26:43.309 [FXGL Background Thread 1 ] DEBUG FXGLAssetLoaderServi - Loading from file system: jar:file:///C:/Users/Daniel/.m2/repository/com/github/almasb/fxgl/17.1/fxgl-17.1.jar!/fxglassets/ui/css/fxgl_dark.css
22:26:43.375 [FXGL Background Thread 1 ] DEBUG GameApplicationServi - Initializing application scenes
22:26:43.434 [FXGL Background Thread 1 ] DEBUG GameWorld            - Game world initialized
22:26:43.525 [FXGL Background Thread 1 ] DEBUG PhysicsWorld         - Physics world initialized: appHeight=600, physics.ppm=50,0
22:26:43.526 [FXGL Background Thread 1 ] DEBUG PhysicsWorld         - Using strategy: BRUTE_FORCE
22:26:43.531 [FXGL Background Thread 1 ] DEBUG GameScene            - Game scene initialized: 800x600
22:26:43.546 [FXGL Background Thread 1 ] DEBUG FXGL.DefaultMenu     - createMenuBodyGameMenu()
22:26:43.565 [FXGL Background Thread 1 ] DEBUG FXGL.DefaultMenu     - createOptionsMenu()
22:26:43.580 [FXGL Background Thread 1 ] DEBUG FXGLAssetLoaderServi - Loading from file system: jar:file:///C:/Users/Daniel/.m2/repository/com/github/almasb/fxgl/17.1/fxgl-17.1.jar!/fxglassets/textures/particles/smoke.png
22:26:43.699 [FXGL Background Thread 1 ] DEBUG FXGLAssetLoaderServi - Loading from file system: jar:file:///C:/Users/Daniel/.m2/repository/com/github/almasb/fxgl/17.1/fxgl-17.1.jar!/fxglassets/textures/particles/trace_horizontal.png
22:26:43.741 [FXGL Background Thread 1 ] DEBUG GameApplicationServi - Application scenes initialized
22:26:43.757 [FXGL Background Thread 1 ] DEBUG SystemBundleService  - Loading FXGL system data
22:26:43.763 [FXGL Background Thread 1 ] DEBUG FileSystemAccess     - Reading from: C:\Users\Daniel\IdeaProjects\IPOSE_challengeweek\system\fxgl.bundle
22:26:43.776 [FXGL Background Thread 1 ] DEBUG SystemBundleService  - Bundle FXGL: {}
22:26:43.776 [FXGL Background Thread 1 ] DEBUG UpdaterService       - Checking for updates
22:26:43.781 [FXGL Background Thread 4 ] DEBUG FXGLApplication      - Loading fonts
22:26:43.782 [FXGL Background Thread 1 ] DEBUG FXGLApplication      - Loading default localization
22:26:43.782 [FXGL Background Thread 4 ] DEBUG FXGLAssetLoaderServi - Loading from file system: jar:file:///C:/Users/Daniel/.m2/repository/com/github/almasb/fxgl/17.1/fxgl-17.1.jar!/fxglassets/ui/fonts/VarelaRound-Regular.ttf
22:26:43.783 [FXGL Background Thread 1 ] DEBUG FXGLAssetLoaderServi - Loading from file system: jar:file:///C:/Users/Daniel/.m2/repository/com/github/almasb/fxgl/17.1/fxgl-17.1.jar!/fxglassets/languages/english.lang
22:26:43.819 [FXGL Background Thread 1 ] INFO  FXGLApplication      - FXGL initialization took: 0,580 sec
22:26:43.833 [JavaFX Application Thread] DEBUG Input                - Registered new binding: action0 - D
22:26:43.834 [JavaFX Application Thread] DEBUG Input                - Registered new binding: action1 - A
22:26:43.834 [JavaFX Application Thread] DEBUG Input                - Registered new binding: action2 - W
22:26:43.835 [JavaFX Application Thread] DEBUG Input                - Registered new binding: action3 - S
22:26:43.835 [JavaFX Application Thread] DEBUG FXGLAssetLoaderServi - Loading from file system: jar:file:///C:/Users/Daniel/.m2/repository/com/github/almasb/fxgl/17.1/fxgl-17.1.jar!/fxglassets/textures/fxgl_icon.png
22:26:43.860 [FXGL Background Thread 4 ] DEBUG FXGLAssetLoaderServi - Loading from file system: jar:file:///C:/Users/Daniel/.m2/repository/com/github/almasb/fxgl/17.1/fxgl-17.1.jar!/fxglassets/ui/fonts/Abel-Regular.ttf
22:26:43.864 [JavaFX Application Thread] DEBUG FXGLAssetLoaderServi - Loading from file system: jar:file:///C:/Users/Daniel/.m2/repository/com/github/almasb/fxgl/17.1/fxgl-17.1.jar!/fxglassets/textures/fxgl_default_cursor.png
22:26:43.866 [FXGL Background Thread 4 ] DEBUG FXGLAssetLoaderServi - Loading from file system: jar:file:///C:/Users/Daniel/.m2/repository/com/github/almasb/fxgl/17.1/fxgl-17.1.jar!/fxglassets/ui/fonts/TerminalLandMono-Regular.otf
22:26:43.867 [JavaFX Application Thread] DEBUG Input                - Registered new binding: Screenshot - CTRL+8
22:26:43.868 [JavaFX Application Thread] DEBUG Input                - Registered new binding: System info dump - CTRL+9
22:26:43.868 [JavaFX Application Thread] DEBUG Input                - Registered new binding: Restart - CTRL+R
22:26:43.869 [JavaFX Application Thread] DEBUG Input                - Registered new binding: Toggle Debug Camera - CTRL+7
22:26:43.872 [FXGL Background Thread 4 ] DEBUG FXGLAssetLoaderServi - Loading from file system: jar:file:///C:/Users/Daniel/.m2/repository/com/github/almasb/fxgl/17.1/fxgl-17.1.jar!/fxglassets/ui/fonts/Courier-Prime.ttf
22:26:43.873 [JavaFX Application Thread] DEBUG LoopRunner           - Starting loop
22:26:43.873 [JavaFX Application Thread] DEBUG LoopRunner           - Initializing JavaFX AnimationTimerLoop
22:26:43.875 [JavaFX Application Thread] DEBUG GameApplicationServi - Starting new game
22:26:43.876 [JavaFX Application Thread] DEBUG Input                - Clearing active input actions
22:26:43.898 [JavaFX Application Thread] DEBUG GameApplicationServi - Removing overlay from FXGLStartupScene and adding to FXGLLoadingScene
22:26:43.898 [JavaFX Application Thread] DEBUG PrimaryStageWindow   - FXGLStartupScene -> FXGLLoadingScene
22:26:43.899 [JavaFX Application Thread] DEBUG GameApplicationServi - Clearing previous game
22:26:43.899 [JavaFX Application Thread] DEBUG GameScene            - Clearing game scene
22:26:43.899 [JavaFX Application Thread] DEBUG GameWorld            - Clearing game world
22:26:43.899 [JavaFX Application Thread] DEBUG PhysicsWorld         - Clearing physics world
22:26:43.902 [FXGL Background Thread 4 ] DEBUG FXGLApplication      - Initializing game
22:26:43.944 [FXGL Background Thread 4 ] WARN  FXGLAssetLoaderServi - Asset "/assets/textures/img/vincent_zombie.png" was not found!
22:26:43.945 [FXGL Background Thread 4 ] WARN  FXGLAssetLoaderServi - Failed to load IMAGE
22:26:43.976 [JavaFX Application Thread] DEBUG FXGLApplication      - Registering font factories with UI factory
22:26:44.103 [FXGL Background Thread 4 ] INFO  FXGLApplication      - Game initialization took: 0,200 sec
22:26:44.113 [JavaFX Application Thread] DEBUG Input                - Clearing active input actions
22:26:44.124 [JavaFX Application Thread] DEBUG GameApplicationServi - Removing overlay from FXGLLoadingScene and adding to GameScene
22:26:44.124 [JavaFX Application Thread] DEBUG PrimaryStageWindow   - FXGLLoadingScene -> GameScene
22:26:45.754 [FXGL Background Thread 2 ] INFO  UpdaterService       - Your current version:  17.1
22:26:45.755 [FXGL Background Thread 2 ] INFO  UpdaterService       - Latest stable version: 17.3
22:26:46.780 [FXGL Background Thread 3 ] DEBUG Engine               - Logging environment variables
22:26:46.781 [FXGL Background Thread 3 ] DEBUG Engine               - achievements: []
22:26:46.781 [FXGL Background Thread 3 ] DEBUG Engine               - actualHeight: 600.0
22:26:46.782 [FXGL Background Thread 3 ] DEBUG Engine               - actualHeightProperty: ReadOnlyDoubleProperty [value: 600.0]
22:26:46.782 [FXGL Background Thread 3 ] DEBUG Engine               - actualWidth: 800.0
22:26:46.782 [FXGL Background Thread 3 ] DEBUG Engine               - actualWidthProperty: ReadOnlyDoubleProperty [value: 800.0]
22:26:46.782 [FXGL Background Thread 3 ] DEBUG Engine               - appIcon: fxgl_icon.png
22:26:46.782 [FXGL Background Thread 3 ] DEBUG Engine               - applicationMode: DEVELOPER
22:26:46.782 [FXGL Background Thread 3 ] DEBUG Engine               - cSSList: [fxgl_dark.css]
22:26:46.782 [FXGL Background Thread 3 ] DEBUG Engine               - collisionDetectionStrategy: BRUTE_FORCE
22:26:46.782 [FXGL Background Thread 3 ] DEBUG Engine               - configClass: Optional.empty
22:26:46.782 [FXGL Background Thread 3 ] DEBUG Engine               - credits: []
22:26:46.787 [FXGL Background Thread 3 ] DEBUG Engine               - defaultCursor: CursorInfo(imageName=fxgl_default_cursor.png, hotspotX=7.0, hotspotY=6.0)
22:26:46.788 [FXGL Background Thread 3 ] DEBUG Engine               - devBBoxColorProperty: ObjectProperty [value: 0xff0000ff]
22:26:46.788 [FXGL Background Thread 3 ] DEBUG Engine               - devEnableDebugCameraProperty: BooleanProperty [value: false]
22:26:46.788 [FXGL Background Thread 3 ] DEBUG Engine               - devSensorColorProperty: ObjectProperty [value: 0xffff00ff]
22:26:46.788 [FXGL Background Thread 3 ] DEBUG Engine               - devShowBBoxProperty: BooleanProperty [value: false]
22:26:46.789 [FXGL Background Thread 3 ] DEBUG Engine               - devShowPositionProperty: BooleanProperty [value: false]
22:26:46.789 [FXGL Background Thread 3 ] DEBUG Engine               - enabledMenuItems: []
22:26:46.790 [FXGL Background Thread 3 ] DEBUG Engine               - engineServices: [class com.almasb.fxgl.app.services.FXGLAssetLoaderService, class com.almasb.fxgl.app.FXGLApplication$GameApplicationService, class com.almasb.fxgl.app.services.FXGLDialogService, class com.almasb.fxgl.app.services.IOTaskExecutorService, class com.almasb.fxgl.io.FileSystemService, class com.almasb.fxgl.localization.LocalizationService, class com.almasb.fxgl.app.services.SystemBundleService, class com.almasb.fxgl.profile.SaveLoadService, class com.almasb.fxgl.ui.FXGLUIFactoryServiceProvider, class com.almasb.fxgl.ui.FXGLDialogFactoryServiceProvider, class com.almasb.fxgl.audio.AudioPlayer, class com.almasb.fxgl.notification.impl.NotificationServiceProvider, class com.almasb.fxgl.achievement.AchievementService, class com.almasb.fxgl.cutscene.CutsceneService, class com.almasb.fxgl.minigames.MiniGameService, class com.almasb.fxgl.net.NetService, class com.almasb.fxgl.app.services.UpdaterService, class com.almasb.fxgl.dev.DevService]
22:26:46.790 [FXGL Background Thread 3 ] DEBUG Engine               - fontGame: Abel-Regular.ttf
22:26:46.790 [FXGL Background Thread 3 ] DEBUG Engine               - fontMono: TerminalLandMono-Regular.otf
22:26:46.790 [FXGL Background Thread 3 ] DEBUG Engine               - fontText: Courier-Prime.ttf
22:26:46.790 [FXGL Background Thread 3 ] DEBUG Engine               - fontUI: VarelaRound-Regular.ttf
22:26:46.790 [FXGL Background Thread 3 ] DEBUG Engine               - fullScreen: BooleanProperty [value: false]
22:26:46.790 [FXGL Background Thread 3 ] DEBUG Engine               - gameDifficulty: MEDIUM
22:26:46.790 [FXGL Background Thread 3 ] DEBUG Engine               - gameDifficultyProperty: ObjectProperty [value: MEDIUM]
22:26:46.791 [FXGL Background Thread 3 ] DEBUG Engine               - globalMusicVolume: 0.5
22:26:46.791 [FXGL Background Thread 3 ] DEBUG Engine               - globalMusicVolumeProperty: DoubleProperty [value: 0.5]
22:26:46.791 [FXGL Background Thread 3 ] DEBUG Engine               - globalSoundVolume: 0.5
22:26:46.791 [FXGL Background Thread 3 ] DEBUG Engine               - globalSoundVolumeProperty: DoubleProperty [value: 0.5]
22:26:46.791 [FXGL Background Thread 3 ] DEBUG Engine               - height: 600
22:26:46.791 [FXGL Background Thread 3 ] DEBUG Engine               - is3D: false
22:26:46.791 [FXGL Background Thread 3 ] DEBUG Engine               - isAndroid: false
22:26:46.791 [FXGL Background Thread 3 ] DEBUG Engine               - isBrowser: false
22:26:46.791 [FXGL Background Thread 3 ] DEBUG Engine               - isClickFeedbackEnabled: false
22:26:46.791 [FXGL Background Thread 3 ] DEBUG Engine               - isCloseConfirmation: false
22:26:46.791 [FXGL Background Thread 3 ] DEBUG Engine               - isDesktop: true
22:26:46.792 [FXGL Background Thread 3 ] DEBUG Engine               - isDeveloperMenuEnabled: false
22:26:46.792 [FXGL Background Thread 3 ] DEBUG Engine               - isEmbedded: false
22:26:46.792 [FXGL Background Thread 3 ] DEBUG Engine               - isEntityPreloadEnabled: true
22:26:46.792 [FXGL Background Thread 3 ] DEBUG Engine               - isExperimentalTiledLargeMap: false
22:26:46.792 [FXGL Background Thread 3 ] DEBUG Engine               - isFileSystemWriteAllowed: true
22:26:46.792 [FXGL Background Thread 3 ] DEBUG Engine               - isFullScreenAllowed: false
22:26:46.792 [FXGL Background Thread 3 ] DEBUG Engine               - isFullScreenFromStart: false
22:26:46.792 [FXGL Background Thread 3 ] DEBUG Engine               - isGameMenuEnabled: true
22:26:46.792 [FXGL Background Thread 3 ] DEBUG Engine               - isIOS: false
22:26:46.792 [FXGL Background Thread 3 ] DEBUG Engine               - isIntroEnabled: false
22:26:46.792 [FXGL Background Thread 3 ] DEBUG Engine               - isLinux: false
22:26:46.793 [FXGL Background Thread 3 ] DEBUG Engine               - isMac: false
22:26:46.793 [FXGL Background Thread 3 ] DEBUG Engine               - isMainMenuEnabled: false
22:26:46.793 [FXGL Background Thread 3 ] DEBUG Engine               - isManualResizeEnabled: false
22:26:46.793 [FXGL Background Thread 3 ] DEBUG Engine               - isMobile: false
22:26:46.793 [FXGL Background Thread 3 ] DEBUG Engine               - isNative: false
22:26:46.793 [FXGL Background Thread 3 ] DEBUG Engine               - isPauseMusicWhenMinimized: true
22:26:46.793 [FXGL Background Thread 3 ] DEBUG Engine               - isPreserveResizeRatio: false
22:26:46.793 [FXGL Background Thread 3 ] DEBUG Engine               - isProfilingEnabled: false
22:26:46.793 [FXGL Background Thread 3 ] DEBUG Engine               - isScaleAffectedOnResize: true
22:26:46.793 [FXGL Background Thread 3 ] DEBUG Engine               - isSingleStep: false
22:26:46.794 [FXGL Background Thread 3 ] DEBUG Engine               - isUserProfileEnabled: false
22:26:46.794 [FXGL Background Thread 3 ] DEBUG Engine               - isWindows: true
22:26:46.794 [FXGL Background Thread 3 ] DEBUG Engine               - language: ObjectProperty [value: ENGLISH]
22:26:46.794 [FXGL Background Thread 3 ] DEBUG Engine               - menuKey: ESCAPE
22:26:46.794 [FXGL Background Thread 3 ] DEBUG Engine               - mouseSensitivity: 0.2
22:26:46.794 [FXGL Background Thread 3 ] DEBUG Engine               - notificationViewClass: class com.almasb.fxgl.notification.view.XboxNotificationView
22:26:46.794 [FXGL Background Thread 3 ] DEBUG Engine               - pixelsPerMeter: 50.0
22:26:46.795 [FXGL Background Thread 3 ] DEBUG Engine               - platform: WINDOWS
22:26:46.795 [FXGL Background Thread 3 ] DEBUG Engine               - prefHeightProperty: ReadOnlyDoubleProperty [value: 600.0]
22:26:46.795 [FXGL Background Thread 3 ] DEBUG Engine               - prefWidthProperty: ReadOnlyDoubleProperty [value: 800.0]
22:26:46.795 [FXGL Background Thread 3 ] DEBUG Engine               - profileDir: profiles/
22:26:46.795 [FXGL Background Thread 3 ] DEBUG Engine               - profileName: StringProperty [value: DEFAULT]
22:26:46.795 [FXGL Background Thread 3 ] DEBUG Engine               - randomSeed: -1
22:26:46.797 [FXGL Background Thread 3 ] DEBUG Engine               - runtimeInfo: RuntimeInfo(platform=WINDOWS, version=17.1, build=24.03.2022 17.34)
22:26:46.797 [FXGL Background Thread 3 ] DEBUG Engine               - saveFileExt: sav
22:26:46.797 [FXGL Background Thread 3 ] DEBUG Engine               - scaledHeightProp$fxgl: DoubleProperty [bound, value: 600.0]
22:26:46.797 [FXGL Background Thread 3 ] DEBUG Engine               - scaledWidthProp$fxgl: DoubleProperty [bound, value: 800.0]
22:26:46.797 [FXGL Background Thread 3 ] DEBUG Engine               - sceneFactory: com.almasb.fxgl.app.scene.SceneFactory@5160151b
22:26:46.797 [FXGL Background Thread 3 ] DEBUG Engine               - secondsIn24h: 60
22:26:46.797 [FXGL Background Thread 3 ] DEBUG Engine               - soundMenuBack: menu/back.wav
22:26:46.797 [FXGL Background Thread 3 ] DEBUG Engine               - soundMenuPress: menu/press.wav
22:26:46.797 [FXGL Background Thread 3 ] DEBUG Engine               - soundMenuSelect: menu/select.wav
22:26:46.797 [FXGL Background Thread 3 ] DEBUG Engine               - soundNotification: core/notification.wav
22:26:46.798 [FXGL Background Thread 3 ] DEBUG Engine               - stageStyle: DECORATED
22:26:46.798 [FXGL Background Thread 3 ] DEBUG Engine               - supportedLanguages: [ENGLISH, FRENCH, GERMAN, HUNGARIAN, RUSSIAN]
22:26:46.798 [FXGL Background Thread 3 ] DEBUG Engine               - ticksPerSecond: -1
22:26:46.798 [FXGL Background Thread 3 ] DEBUG Engine               - title: Teachers vs Students
22:26:46.798 [FXGL Background Thread 3 ] DEBUG Engine               - urlGithub: https://github.com/AlmasB/FXGL
22:26:46.798 [FXGL Background Thread 3 ] DEBUG Engine               - urlLeaderboard: http://fxgl-top.herokuapp.com/
22:26:46.798 [FXGL Background Thread 3 ] DEBUG Engine               - urlPOM: https://raw.githubusercontent.com/AlmasB/FXGL/release/README.md
22:26:46.798 [FXGL Background Thread 3 ] DEBUG Engine               - userAppClass: class org.hsleiden.challengeweek.docenten_vs_studenten.Game
22:26:46.798 [FXGL Background Thread 3 ] DEBUG Engine               - version: 0.0
22:26:46.798 [FXGL Background Thread 3 ] DEBUG Engine               - versionCheckDays: 7
22:26:46.798 [FXGL Background Thread 3 ] DEBUG Engine               - width: 800
22:26:46.798 [FXGL Background Thread 3 ] DEBUG Engine               - Logging services
22:26:46.798 [FXGL Background Thread 3 ] DEBUG Engine               - class com.almasb.fxgl.app.services.FXGLAssetLoaderService
22:26:46.799 [FXGL Background Thread 3 ] DEBUG Engine               - class com.almasb.fxgl.app.FXGLApplication$GameApplicationService
22:26:46.799 [FXGL Background Thread 3 ] DEBUG Engine               - class com.almasb.fxgl.app.services.FXGLDialogService
22:26:46.799 [FXGL Background Thread 3 ] DEBUG Engine               - class com.almasb.fxgl.app.services.IOTaskExecutorService
22:26:46.799 [FXGL Background Thread 3 ] DEBUG Engine               - class com.almasb.fxgl.io.FileSystemService
22:26:46.799 [FXGL Background Thread 3 ] DEBUG Engine               - class com.almasb.fxgl.localization.LocalizationService
22:26:46.799 [FXGL Background Thread 3 ] DEBUG Engine               - class com.almasb.fxgl.app.services.SystemBundleService
22:26:46.799 [FXGL Background Thread 3 ] DEBUG Engine               - class com.almasb.fxgl.profile.SaveLoadService
22:26:46.799 [FXGL Background Thread 3 ] DEBUG Engine               - class com.almasb.fxgl.ui.FXGLUIFactoryServiceProvider
22:26:46.799 [FXGL Background Thread 3 ] DEBUG Engine               - class com.almasb.fxgl.ui.FXGLDialogFactoryServiceProvider
22:26:46.799 [FXGL Background Thread 3 ] DEBUG Engine               - class com.almasb.fxgl.audio.AudioPlayer
22:26:46.799 [FXGL Background Thread 3 ] DEBUG Engine               - class com.almasb.fxgl.notification.impl.NotificationServiceProvider
22:26:46.799 [FXGL Background Thread 3 ] DEBUG Engine               - class com.almasb.fxgl.achievement.AchievementService
22:26:46.799 [FXGL Background Thread 3 ] DEBUG Engine               - class com.almasb.fxgl.cutscene.CutsceneService
22:26:46.799 [FXGL Background Thread 3 ] DEBUG Engine               - class com.almasb.fxgl.minigames.MiniGameService
22:26:46.799 [FXGL Background Thread 3 ] DEBUG Engine               - class com.almasb.fxgl.net.NetService
22:26:46.799 [FXGL Background Thread 3 ] DEBUG Engine               - class com.almasb.fxgl.app.services.UpdaterService
22:26:46.799 [FXGL Background Thread 3 ] DEBUG Engine               - class com.almasb.fxgl.dev.DevService
22:26:51.372 [JavaFX Application Thread] DEBUG FXGLApplication      - Exiting FXGL
22:26:51.372 [JavaFX Application Thread] DEBUG LoopRunner           - Stopping loop
22:26:51.372 [JavaFX Application Thread] DEBUG SystemBundleService  - Saving FXGL system data
22:26:51.375 [JavaFX Application Thread] DEBUG FileSystemAccess     - Writing to: C:\Users\Daniel\IdeaProjects\IPOSE_challengeweek\system\fxgl.bundle
22:26:51.379 [JavaFX Application Thread] DEBUG Async                - Shutting down background threads
22:26:51.379 [JavaFX Application Thread] DEBUG PrimaryStageWindow   - Closing main window
22:26:51.412 [JavaFX Application Thread] DEBUG Logger               - Closing Logger
