13:06:52.059 [main                     ] DEBUG Logger               - Configured Logger
13:06:52.082 [main                     ] DEBUG GameApplication      - Logging settings
Title: Teachers vs Students
Version: 0.0
Width: 800
Height: 600
Fullscreen: false
Intro: false
Profiling: false
Single step:false
App Mode: DEVELOPER
Menu Key: ESCAPE
Stage Style: DECORATED
Scene Factory: class com.almasb.fxgl.app.scene.SceneFactory

13:06:52.378 [JavaFX Application Thread] DEBUG FXGLApplication      - Initializing FXGL
13:06:52.382 [JavaFX Application Thread] INFO  Engine               - FXGL-17.1 (24.03.2022 17.34) on WINDOWS (J:19.0.1 FX:19-ea)
13:06:52.383 [JavaFX Application Thread] DEBUG Engine               - JRE Vendor Name: Oracle Corporation
13:06:52.383 [JavaFX Application Thread] DEBUG Engine               - Running on OS: Windows 11 version 10.0
13:06:52.383 [JavaFX Application Thread] DEBUG Engine               - Architecture: amd64
13:06:52.383 [JavaFX Application Thread] INFO  Engine               - Source code and latest versions at: https://github.com/AlmasB/FXGL
13:06:52.383 [JavaFX Application Thread] INFO  Engine               -       Ask questions and discuss at: https://github.com/AlmasB/FXGL/discussions
13:06:52.383 [JavaFX Application Thread] INFO  Engine               -              Join the FXGL chat at: https://gitter.im/AlmasB/FXGL
13:06:52.453 [JavaFX Application Thread] DEBUG PrimaryStageWindow   - Creating a JavaFX scene
13:06:52.487 [JavaFX Application Thread] DEBUG PrimaryStageWindow   - Target settings size: 800.0 x 600.0
13:06:52.487 [JavaFX Application Thread] DEBUG PrimaryStageWindow   - Scaled scene size:    800.0 x 600.0
13:06:52.487 [JavaFX Application Thread] DEBUG PrimaryStageWindow   - Scaled ratio: (1.0, 1.0)
13:06:52.488 [JavaFX Application Thread] DEBUG PrimaryStageWindow   - Set initial scene to FXGLStartupScene
13:06:52.494 [JavaFX Application Thread] DEBUG PrimaryStageWindow   - Opening main window
13:06:52.556 [JavaFX Application Thread] DEBUG PrimaryStageWindow   - Window border size: (14.4000244140625, 37.5999755859375)
13:06:52.556 [JavaFX Application Thread] DEBUG PrimaryStageWindow   - Scaled size: 800.0 x 600.0
13:06:52.556 [JavaFX Application Thread] DEBUG PrimaryStageWindow   - Scaled ratio: (1.0, 1.0)
13:06:52.556 [JavaFX Application Thread] DEBUG PrimaryStageWindow   - Scene size: 800.0 x 600.0
13:06:52.557 [JavaFX Application Thread] DEBUG PrimaryStageWindow   - Stage size: 814.4000244140625 x 637.5999755859375
13:06:52.564 [FXGL Background Thread 1 ] DEBUG Engine               - Initializing environment variables
13:06:52.616 [FXGL Background Thread 1 ] DEBUG FXGLAssetLoaderServi - User app class for loading assets: class org.hsleiden.challengeweek.docenten_vs_studenten.Game
13:06:52.616 [FXGL Background Thread 1 ] DEBUG GameApplicationServi - Applying CSS: fxgl_dark.css
13:06:52.617 [FXGL Background Thread 1 ] DEBUG FXGLAssetLoaderServi - Loading from file system: jar:file:///C:/Users/Daniel/.m2/repository/com/github/almasb/fxgl/17.1/fxgl-17.1.jar!/fxglassets/ui/css/fxgl_dark.css
13:06:52.655 [FXGL Background Thread 1 ] DEBUG GameApplicationServi - Initializing application scenes
13:06:52.692 [FXGL Background Thread 1 ] DEBUG GameWorld            - Game world initialized
13:06:52.757 [FXGL Background Thread 1 ] DEBUG PhysicsWorld         - Physics world initialized: appHeight=600, physics.ppm=50,0
13:06:52.757 [FXGL Background Thread 1 ] DEBUG PhysicsWorld         - Using strategy: BRUTE_FORCE
13:06:52.762 [FXGL Background Thread 1 ] DEBUG GameScene            - Game scene initialized: 800x600
13:06:52.773 [FXGL Background Thread 1 ] DEBUG FXGL.DefaultMenu     - createMenuBodyGameMenu()
13:06:52.785 [FXGL Background Thread 1 ] DEBUG FXGL.DefaultMenu     - createOptionsMenu()
13:06:52.797 [FXGL Background Thread 1 ] DEBUG FXGLAssetLoaderServi - Loading from file system: jar:file:///C:/Users/Daniel/.m2/repository/com/github/almasb/fxgl/17.1/fxgl-17.1.jar!/fxglassets/textures/particles/smoke.png
13:06:52.864 [FXGL Background Thread 1 ] DEBUG FXGLAssetLoaderServi - Loading from file system: jar:file:///C:/Users/Daniel/.m2/repository/com/github/almasb/fxgl/17.1/fxgl-17.1.jar!/fxglassets/textures/particles/trace_horizontal.png
13:06:52.889 [FXGL Background Thread 1 ] DEBUG GameApplicationServi - Application scenes initialized
13:06:52.902 [FXGL Background Thread 1 ] DEBUG SystemBundleService  - Loading FXGL system data
13:06:52.906 [FXGL Background Thread 1 ] DEBUG FileSystemAccess     - Reading from: C:\Users\Daniel\IdeaProjects\IPOSE_challengeweek\system\fxgl.bundle
13:06:52.914 [FXGL Background Thread 1 ] DEBUG SystemBundleService  - Bundle FXGL: {}
13:06:52.914 [FXGL Background Thread 1 ] DEBUG UpdaterService       - Checking for updates
13:06:52.918 [FXGL Background Thread 4 ] DEBUG FXGLApplication      - Loading fonts
13:06:52.919 [FXGL Background Thread 1 ] DEBUG FXGLApplication      - Loading default localization
13:06:52.919 [FXGL Background Thread 4 ] DEBUG FXGLAssetLoaderServi - Loading from file system: jar:file:///C:/Users/Daniel/.m2/repository/com/github/almasb/fxgl/17.1/fxgl-17.1.jar!/fxglassets/ui/fonts/VarelaRound-Regular.ttf
13:06:52.920 [FXGL Background Thread 1 ] DEBUG FXGLAssetLoaderServi - Loading from file system: jar:file:///C:/Users/Daniel/.m2/repository/com/github/almasb/fxgl/17.1/fxgl-17.1.jar!/fxglassets/languages/english.lang
13:06:52.941 [FXGL Background Thread 1 ] INFO  FXGLApplication      - FXGL initialization took: 0,377 sec
13:06:52.950 [JavaFX Application Thread] DEBUG Input                - Registered new binding: action0 - D
13:06:52.951 [JavaFX Application Thread] DEBUG Input                - Registered new binding: action1 - A
13:06:52.952 [JavaFX Application Thread] DEBUG Input                - Registered new binding: action2 - W
13:06:52.952 [JavaFX Application Thread] DEBUG Input                - Registered new binding: action3 - S
13:06:52.953 [JavaFX Application Thread] DEBUG FXGLAssetLoaderServi - Loading from file system: jar:file:///C:/Users/Daniel/.m2/repository/com/github/almasb/fxgl/17.1/fxgl-17.1.jar!/fxglassets/textures/fxgl_icon.png
13:06:52.969 [JavaFX Application Thread] DEBUG FXGLAssetLoaderServi - Loading from file system: jar:file:///C:/Users/Daniel/.m2/repository/com/github/almasb/fxgl/17.1/fxgl-17.1.jar!/fxglassets/textures/fxgl_default_cursor.png
13:06:52.972 [JavaFX Application Thread] DEBUG Input                - Registered new binding: Screenshot - CTRL+8
13:06:52.973 [JavaFX Application Thread] DEBUG Input                - Registered new binding: System info dump - CTRL+9
13:06:52.974 [JavaFX Application Thread] DEBUG Input                - Registered new binding: Restart - CTRL+R
13:06:52.974 [JavaFX Application Thread] DEBUG Input                - Registered new binding: Toggle Debug Camera - CTRL+7
13:06:52.975 [FXGL Background Thread 4 ] DEBUG FXGLAssetLoaderServi - Loading from file system: jar:file:///C:/Users/Daniel/.m2/repository/com/github/almasb/fxgl/17.1/fxgl-17.1.jar!/fxglassets/ui/fonts/Abel-Regular.ttf
13:06:52.977 [JavaFX Application Thread] DEBUG LoopRunner           - Starting loop
13:06:52.977 [JavaFX Application Thread] DEBUG LoopRunner           - Initializing JavaFX AnimationTimerLoop
13:06:52.978 [JavaFX Application Thread] DEBUG GameApplicationServi - Starting new game
13:06:52.979 [JavaFX Application Thread] DEBUG Input                - Clearing active input actions
13:06:52.980 [FXGL Background Thread 4 ] DEBUG FXGLAssetLoaderServi - Loading from file system: jar:file:///C:/Users/Daniel/.m2/repository/com/github/almasb/fxgl/17.1/fxgl-17.1.jar!/fxglassets/ui/fonts/TerminalLandMono-Regular.otf
13:06:52.987 [FXGL Background Thread 4 ] DEBUG FXGLAssetLoaderServi - Loading from file system: jar:file:///C:/Users/Daniel/.m2/repository/com/github/almasb/fxgl/17.1/fxgl-17.1.jar!/fxglassets/ui/fonts/Courier-Prime.ttf
13:06:52.993 [JavaFX Application Thread] DEBUG GameApplicationServi - Removing overlay from FXGLStartupScene and adding to FXGLLoadingScene
13:06:52.994 [JavaFX Application Thread] DEBUG PrimaryStageWindow   - FXGLStartupScene -> FXGLLoadingScene
13:06:52.994 [JavaFX Application Thread] DEBUG GameApplicationServi - Clearing previous game
13:06:52.994 [JavaFX Application Thread] DEBUG GameScene            - Clearing game scene
13:06:52.994 [JavaFX Application Thread] DEBUG GameWorld            - Clearing game world
13:06:52.994 [JavaFX Application Thread] DEBUG PhysicsWorld         - Clearing physics world
13:06:52.996 [FXGL Background Thread 4 ] DEBUG FXGLApplication      - Initializing game
13:06:53.057 [JavaFX Application Thread] DEBUG FXGLApplication      - Registering font factories with UI factory
13:06:53.061 [FXGL Background Thread 4 ] INFO  FXGLApplication      - Game initialization took: 0,065 sec
13:06:53.112 [JavaFX Application Thread] DEBUG Input                - Clearing active input actions
13:06:53.119 [JavaFX Application Thread] DEBUG GameApplicationServi - Removing overlay from FXGLLoadingScene and adding to GameScene
13:06:53.120 [JavaFX Application Thread] DEBUG PrimaryStageWindow   - FXGLLoadingScene -> GameScene
13:06:53.311 [FXGL Background Thread 2 ] INFO  UpdaterService       - Your current version:  17.1
13:06:53.311 [FXGL Background Thread 2 ] INFO  UpdaterService       - Latest stable version: 17.3
13:06:53.637 [JavaFX Application Thread] DEBUG FXGLApplication      - Exiting FXGL
13:06:53.637 [JavaFX Application Thread] DEBUG LoopRunner           - Stopping loop
13:06:53.638 [JavaFX Application Thread] DEBUG SystemBundleService  - Saving FXGL system data
13:06:53.639 [JavaFX Application Thread] DEBUG FileSystemAccess     - Writing to: C:\Users\Daniel\IdeaProjects\IPOSE_challengeweek\system\fxgl.bundle
13:06:53.641 [JavaFX Application Thread] DEBUG Async                - Shutting down background threads
13:06:53.641 [JavaFX Application Thread] DEBUG PrimaryStageWindow   - Closing main window
13:06:53.652 [JavaFX Application Thread] DEBUG Logger               - Closing Logger
