09:53:56.575 [main                     ] DEBUG Logger               - Configured Logger
09:53:56.596 [main                     ] DEBUG GameApplication      - Logging settings
Title: Teachers vs Students
Version: 0.0
Width: 800
Height: 600
Fullscreen: false
Intro: false
Profiling: false
Single step:false
App Mode: DEVELOPER
Menu Key: ESCAPE
Stage Style: DECORATED
Scene Factory: class com.almasb.fxgl.app.scene.SceneFactory

09:53:56.879 [JavaFX Application Thread] DEBUG FXGLApplication      - Initializing FXGL
09:53:56.884 [JavaFX Application Thread] INFO  Engine               - FXGL-17.1 (24.03.2022 17.34) on WINDOWS (J:19.0.1 FX:19-ea)
09:53:56.884 [JavaFX Application Thread] DEBUG Engine               - JRE Vendor Name: Oracle Corporation
09:53:56.884 [JavaFX Application Thread] DEBUG Engine               - Running on OS: Windows 11 version 10.0
09:53:56.885 [JavaFX Application Thread] DEBUG Engine               - Architecture: amd64
09:53:56.885 [JavaFX Application Thread] INFO  Engine               - Source code and latest versions at: https://github.com/AlmasB/FXGL
09:53:56.885 [JavaFX Application Thread] INFO  Engine               -       Ask questions and discuss at: https://github.com/AlmasB/FXGL/discussions
09:53:56.885 [JavaFX Application Thread] INFO  Engine               -              Join the FXGL chat at: https://gitter.im/AlmasB/FXGL
09:53:56.954 [JavaFX Application Thread] DEBUG PrimaryStageWindow   - Creating a JavaFX scene
09:53:56.989 [JavaFX Application Thread] DEBUG PrimaryStageWindow   - Target settings size: 800.0 x 600.0
09:53:56.990 [JavaFX Application Thread] DEBUG PrimaryStageWindow   - Scaled scene size:    800.0 x 600.0
09:53:56.990 [JavaFX Application Thread] DEBUG PrimaryStageWindow   - Scaled ratio: (1.0, 1.0)
09:53:56.991 [JavaFX Application Thread] DEBUG PrimaryStageWindow   - Set initial scene to FXGLStartupScene
09:53:56.997 [JavaFX Application Thread] DEBUG PrimaryStageWindow   - Opening main window
09:53:57.059 [JavaFX Application Thread] DEBUG PrimaryStageWindow   - Window border size: (14.4000244140625, 37.5999755859375)
09:53:57.059 [JavaFX Application Thread] DEBUG PrimaryStageWindow   - Scaled size: 800.0 x 600.0
09:53:57.059 [JavaFX Application Thread] DEBUG PrimaryStageWindow   - Scaled ratio: (1.0, 1.0)
09:53:57.059 [JavaFX Application Thread] DEBUG PrimaryStageWindow   - Scene size: 800.0 x 600.0
09:53:57.059 [JavaFX Application Thread] DEBUG PrimaryStageWindow   - Stage size: 814.4000244140625 x 637.5999755859375
09:53:57.071 [FXGL Background Thread 1 ] DEBUG Engine               - Initializing environment variables
09:53:57.115 [FXGL Background Thread 1 ] DEBUG FXGLAssetLoaderServi - User app class for loading assets: class org.hsleiden.challengeweek.docenten_vs_studenten.Game
09:53:57.115 [FXGL Background Thread 1 ] DEBUG GameApplicationServi - Applying CSS: fxgl_dark.css
09:53:57.116 [FXGL Background Thread 1 ] DEBUG FXGLAssetLoaderServi - Loading from file system: jar:file:///C:/Users/Daniel/.m2/repository/com/github/almasb/fxgl/17.1/fxgl-17.1.jar!/fxglassets/ui/css/fxgl_dark.css
09:53:57.153 [FXGL Background Thread 1 ] DEBUG GameApplicationServi - Initializing application scenes
09:53:57.193 [FXGL Background Thread 1 ] DEBUG GameWorld            - Game world initialized
09:53:57.259 [FXGL Background Thread 1 ] DEBUG PhysicsWorld         - Physics world initialized: appHeight=600, physics.ppm=50,0
09:53:57.260 [FXGL Background Thread 1 ] DEBUG PhysicsWorld         - Using strategy: BRUTE_FORCE
09:53:57.264 [FXGL Background Thread 1 ] DEBUG GameScene            - Game scene initialized: 800x600
09:53:57.275 [FXGL Background Thread 1 ] DEBUG FXGL.DefaultMenu     - createMenuBodyGameMenu()
09:53:57.287 [FXGL Background Thread 1 ] DEBUG FXGL.DefaultMenu     - createOptionsMenu()
09:53:57.300 [FXGL Background Thread 1 ] DEBUG FXGLAssetLoaderServi - Loading from file system: jar:file:///C:/Users/Daniel/.m2/repository/com/github/almasb/fxgl/17.1/fxgl-17.1.jar!/fxglassets/textures/particles/smoke.png
09:53:57.381 [FXGL Background Thread 1 ] DEBUG FXGLAssetLoaderServi - Loading from file system: jar:file:///C:/Users/Daniel/.m2/repository/com/github/almasb/fxgl/17.1/fxgl-17.1.jar!/fxglassets/textures/particles/trace_horizontal.png
09:53:57.410 [FXGL Background Thread 1 ] DEBUG GameApplicationServi - Application scenes initialized
09:53:57.427 [FXGL Background Thread 1 ] DEBUG SystemBundleService  - Loading FXGL system data
09:53:57.432 [FXGL Background Thread 1 ] DEBUG FileSystemAccess     - Reading from: C:\Users\Daniel\IdeaProjects\IPOSE_challengeweek\system\fxgl.bundle
09:53:57.441 [FXGL Background Thread 1 ] DEBUG SystemBundleService  - Bundle FXGL: {}
09:53:57.441 [FXGL Background Thread 1 ] DEBUG UpdaterService       - Checking for updates
09:53:57.445 [FXGL Background Thread 4 ] DEBUG FXGLApplication      - Loading fonts
09:53:57.445 [FXGL Background Thread 1 ] DEBUG FXGLApplication      - Loading default localization
09:53:57.446 [FXGL Background Thread 4 ] DEBUG FXGLAssetLoaderServi - Loading from file system: jar:file:///C:/Users/Daniel/.m2/repository/com/github/almasb/fxgl/17.1/fxgl-17.1.jar!/fxglassets/ui/fonts/VarelaRound-Regular.ttf
09:53:57.447 [FXGL Background Thread 1 ] DEBUG FXGLAssetLoaderServi - Loading from file system: jar:file:///C:/Users/Daniel/.m2/repository/com/github/almasb/fxgl/17.1/fxgl-17.1.jar!/fxglassets/languages/english.lang
09:53:57.470 [FXGL Background Thread 1 ] INFO  FXGLApplication      - FXGL initialization took: 0,399 sec
09:53:57.482 [JavaFX Application Thread] DEBUG Input                - Registered new binding: action0 - D
09:53:57.483 [JavaFX Application Thread] DEBUG Input                - Registered new binding: action1 - A
09:53:57.484 [JavaFX Application Thread] DEBUG Input                - Registered new binding: action2 - W
09:53:57.484 [JavaFX Application Thread] DEBUG Input                - Registered new binding: action3 - S
09:53:57.485 [JavaFX Application Thread] DEBUG FXGLAssetLoaderServi - Loading from file system: jar:file:///C:/Users/Daniel/.m2/repository/com/github/almasb/fxgl/17.1/fxgl-17.1.jar!/fxglassets/textures/fxgl_icon.png
09:53:57.509 [JavaFX Application Thread] DEBUG FXGLAssetLoaderServi - Loading from file system: jar:file:///C:/Users/Daniel/.m2/repository/com/github/almasb/fxgl/17.1/fxgl-17.1.jar!/fxglassets/textures/fxgl_default_cursor.png
09:53:57.512 [JavaFX Application Thread] DEBUG Input                - Registered new binding: Screenshot - CTRL+8
09:53:57.513 [JavaFX Application Thread] DEBUG Input                - Registered new binding: System info dump - CTRL+9
09:53:57.514 [FXGL Background Thread 4 ] DEBUG FXGLAssetLoaderServi - Loading from file system: jar:file:///C:/Users/Daniel/.m2/repository/com/github/almasb/fxgl/17.1/fxgl-17.1.jar!/fxglassets/ui/fonts/Abel-Regular.ttf
09:53:57.514 [JavaFX Application Thread] DEBUG Input                - Registered new binding: Restart - CTRL+R
09:53:57.515 [JavaFX Application Thread] DEBUG Input                - Registered new binding: Toggle Debug Camera - CTRL+7
09:53:57.517 [JavaFX Application Thread] DEBUG LoopRunner           - Starting loop
09:53:57.517 [JavaFX Application Thread] DEBUG LoopRunner           - Initializing JavaFX AnimationTimerLoop
09:53:57.518 [JavaFX Application Thread] DEBUG GameApplicationServi - Starting new game
09:53:57.518 [FXGL Background Thread 4 ] DEBUG FXGLAssetLoaderServi - Loading from file system: jar:file:///C:/Users/Daniel/.m2/repository/com/github/almasb/fxgl/17.1/fxgl-17.1.jar!/fxglassets/ui/fonts/TerminalLandMono-Regular.otf
09:53:57.519 [JavaFX Application Thread] DEBUG Input                - Clearing active input actions
09:53:57.523 [FXGL Background Thread 4 ] DEBUG FXGLAssetLoaderServi - Loading from file system: jar:file:///C:/Users/Daniel/.m2/repository/com/github/almasb/fxgl/17.1/fxgl-17.1.jar!/fxglassets/ui/fonts/Courier-Prime.ttf
09:53:57.534 [JavaFX Application Thread] DEBUG GameApplicationServi - Removing overlay from FXGLStartupScene and adding to FXGLLoadingScene
09:53:57.535 [JavaFX Application Thread] DEBUG PrimaryStageWindow   - FXGLStartupScene -> FXGLLoadingScene
09:53:57.535 [JavaFX Application Thread] DEBUG GameApplicationServi - Clearing previous game
09:53:57.535 [JavaFX Application Thread] DEBUG GameScene            - Clearing game scene
09:53:57.535 [JavaFX Application Thread] DEBUG GameWorld            - Clearing game world
09:53:57.535 [JavaFX Application Thread] DEBUG PhysicsWorld         - Clearing physics world
09:53:57.537 [FXGL Background Thread 4 ] DEBUG FXGLApplication      - Initializing game
09:53:57.592 [FXGL Background Thread 4 ] INFO  FXGLApplication      - Game initialization took: 0,054 sec
09:53:57.594 [JavaFX Application Thread] DEBUG FXGLApplication      - Registering font factories with UI factory
09:53:57.603 [JavaFX Application Thread] DEBUG Input                - Clearing active input actions
09:53:57.613 [JavaFX Application Thread] DEBUG GameApplicationServi - Removing overlay from FXGLLoadingScene and adding to GameScene
09:53:57.614 [JavaFX Application Thread] DEBUG PrimaryStageWindow   - FXGLLoadingScene -> GameScene
09:53:57.893 [FXGL Background Thread 2 ] INFO  UpdaterService       - Your current version:  17.1
09:53:57.894 [FXGL Background Thread 2 ] INFO  UpdaterService       - Latest stable version: 17.3
09:54:00.444 [FXGL Background Thread 3 ] DEBUG Engine               - Logging environment variables
09:54:00.444 [FXGL Background Thread 3 ] DEBUG Engine               - achievements: []
09:54:00.445 [FXGL Background Thread 3 ] DEBUG Engine               - actualHeight: 600.0
09:54:00.445 [FXGL Background Thread 3 ] DEBUG Engine               - actualHeightProperty: ReadOnlyDoubleProperty [value: 600.0]
09:54:00.445 [FXGL Background Thread 3 ] DEBUG Engine               - actualWidth: 800.0
09:54:00.445 [FXGL Background Thread 3 ] DEBUG Engine               - actualWidthProperty: ReadOnlyDoubleProperty [value: 800.0]
09:54:00.445 [FXGL Background Thread 3 ] DEBUG Engine               - appIcon: fxgl_icon.png
09:54:00.445 [FXGL Background Thread 3 ] DEBUG Engine               - applicationMode: DEVELOPER
09:54:00.446 [FXGL Background Thread 3 ] DEBUG Engine               - cSSList: [fxgl_dark.css]
09:54:00.446 [FXGL Background Thread 3 ] DEBUG Engine               - collisionDetectionStrategy: BRUTE_FORCE
09:54:00.446 [FXGL Background Thread 3 ] DEBUG Engine               - configClass: Optional.empty
09:54:00.446 [FXGL Background Thread 3 ] DEBUG Engine               - credits: []
09:54:00.446 [FXGL Background Thread 3 ] DEBUG Engine               - defaultCursor: CursorInfo(imageName=fxgl_default_cursor.png, hotspotX=7.0, hotspotY=6.0)
09:54:00.447 [FXGL Background Thread 3 ] DEBUG Engine               - devBBoxColorProperty: ObjectProperty [value: 0xff0000ff]
09:54:00.447 [FXGL Background Thread 3 ] DEBUG Engine               - devEnableDebugCameraProperty: BooleanProperty [value: false]
09:54:00.447 [FXGL Background Thread 3 ] DEBUG Engine               - devSensorColorProperty: ObjectProperty [value: 0xffff00ff]
09:54:00.447 [FXGL Background Thread 3 ] DEBUG Engine               - devShowBBoxProperty: BooleanProperty [value: false]
09:54:00.447 [FXGL Background Thread 3 ] DEBUG Engine               - devShowPositionProperty: BooleanProperty [value: false]
09:54:00.447 [FXGL Background Thread 3 ] DEBUG Engine               - enabledMenuItems: []
09:54:00.447 [FXGL Background Thread 3 ] DEBUG Engine               - engineServices: [class com.almasb.fxgl.app.services.FXGLAssetLoaderService, class com.almasb.fxgl.app.FXGLApplication$GameApplicationService, class com.almasb.fxgl.app.services.FXGLDialogService, class com.almasb.fxgl.app.services.IOTaskExecutorService, class com.almasb.fxgl.io.FileSystemService, class com.almasb.fxgl.localization.LocalizationService, class com.almasb.fxgl.app.services.SystemBundleService, class com.almasb.fxgl.profile.SaveLoadService, class com.almasb.fxgl.ui.FXGLUIFactoryServiceProvider, class com.almasb.fxgl.ui.FXGLDialogFactoryServiceProvider, class com.almasb.fxgl.audio.AudioPlayer, class com.almasb.fxgl.notification.impl.NotificationServiceProvider, class com.almasb.fxgl.achievement.AchievementService, class com.almasb.fxgl.cutscene.CutsceneService, class com.almasb.fxgl.minigames.MiniGameService, class com.almasb.fxgl.net.NetService, class com.almasb.fxgl.app.services.UpdaterService, class com.almasb.fxgl.dev.DevService]
09:54:00.447 [FXGL Background Thread 3 ] DEBUG Engine               - fontGame: Abel-Regular.ttf
09:54:00.447 [FXGL Background Thread 3 ] DEBUG Engine               - fontMono: TerminalLandMono-Regular.otf
09:54:00.447 [FXGL Background Thread 3 ] DEBUG Engine               - fontText: Courier-Prime.ttf
09:54:00.447 [FXGL Background Thread 3 ] DEBUG Engine               - fontUI: VarelaRound-Regular.ttf
09:54:00.447 [FXGL Background Thread 3 ] DEBUG Engine               - fullScreen: BooleanProperty [value: false]
09:54:00.447 [FXGL Background Thread 3 ] DEBUG Engine               - gameDifficulty: MEDIUM
09:54:00.447 [FXGL Background Thread 3 ] DEBUG Engine               - gameDifficultyProperty: ObjectProperty [value: MEDIUM]
09:54:00.447 [FXGL Background Thread 3 ] DEBUG Engine               - globalMusicVolume: 0.5
09:54:00.447 [FXGL Background Thread 3 ] DEBUG Engine               - globalMusicVolumeProperty: DoubleProperty [value: 0.5]
09:54:00.448 [FXGL Background Thread 3 ] DEBUG Engine               - globalSoundVolume: 0.5
09:54:00.448 [FXGL Background Thread 3 ] DEBUG Engine               - globalSoundVolumeProperty: DoubleProperty [value: 0.5]
09:54:00.448 [FXGL Background Thread 3 ] DEBUG Engine               - height: 600
09:54:00.448 [FXGL Background Thread 3 ] DEBUG Engine               - is3D: false
09:54:00.448 [FXGL Background Thread 3 ] DEBUG Engine               - isAndroid: false
09:54:00.448 [FXGL Background Thread 3 ] DEBUG Engine               - isBrowser: false
09:54:00.448 [FXGL Background Thread 3 ] DEBUG Engine               - isClickFeedbackEnabled: false
09:54:00.448 [FXGL Background Thread 3 ] DEBUG Engine               - isCloseConfirmation: false
09:54:00.448 [FXGL Background Thread 3 ] DEBUG Engine               - isDesktop: true
09:54:00.448 [FXGL Background Thread 3 ] DEBUG Engine               - isDeveloperMenuEnabled: false
09:54:00.448 [FXGL Background Thread 3 ] DEBUG Engine               - isEmbedded: false
09:54:00.448 [FXGL Background Thread 3 ] DEBUG Engine               - isEntityPreloadEnabled: true
09:54:00.448 [FXGL Background Thread 3 ] DEBUG Engine               - isExperimentalTiledLargeMap: false
09:54:00.448 [FXGL Background Thread 3 ] DEBUG Engine               - isFileSystemWriteAllowed: true
09:54:00.448 [FXGL Background Thread 3 ] DEBUG Engine               - isFullScreenAllowed: false
09:54:00.448 [FXGL Background Thread 3 ] DEBUG Engine               - isFullScreenFromStart: false
09:54:00.448 [FXGL Background Thread 3 ] DEBUG Engine               - isGameMenuEnabled: true
09:54:00.448 [FXGL Background Thread 3 ] DEBUG Engine               - isIOS: false
09:54:00.448 [FXGL Background Thread 3 ] DEBUG Engine               - isIntroEnabled: false
09:54:00.449 [FXGL Background Thread 3 ] DEBUG Engine               - isLinux: false
09:54:00.449 [FXGL Background Thread 3 ] DEBUG Engine               - isMac: false
09:54:00.449 [FXGL Background Thread 3 ] DEBUG Engine               - isMainMenuEnabled: false
09:54:00.449 [FXGL Background Thread 3 ] DEBUG Engine               - isManualResizeEnabled: false
09:54:00.449 [FXGL Background Thread 3 ] DEBUG Engine               - isMobile: false
09:54:00.449 [FXGL Background Thread 3 ] DEBUG Engine               - isNative: false
09:54:00.449 [FXGL Background Thread 3 ] DEBUG Engine               - isPauseMusicWhenMinimized: true
09:54:00.449 [FXGL Background Thread 3 ] DEBUG Engine               - isPreserveResizeRatio: false
09:54:00.449 [FXGL Background Thread 3 ] DEBUG Engine               - isProfilingEnabled: false
09:54:00.449 [FXGL Background Thread 3 ] DEBUG Engine               - isScaleAffectedOnResize: true
09:54:00.449 [FXGL Background Thread 3 ] DEBUG Engine               - isSingleStep: false
09:54:00.449 [FXGL Background Thread 3 ] DEBUG Engine               - isUserProfileEnabled: false
09:54:00.449 [FXGL Background Thread 3 ] DEBUG Engine               - isWindows: true
09:54:00.449 [FXGL Background Thread 3 ] DEBUG Engine               - language: ObjectProperty [value: ENGLISH]
09:54:00.449 [FXGL Background Thread 3 ] DEBUG Engine               - menuKey: ESCAPE
09:54:00.449 [FXGL Background Thread 3 ] DEBUG Engine               - mouseSensitivity: 0.2
09:54:00.449 [FXGL Background Thread 3 ] DEBUG Engine               - notificationViewClass: class com.almasb.fxgl.notification.view.XboxNotificationView
09:54:00.449 [FXGL Background Thread 3 ] DEBUG Engine               - pixelsPerMeter: 50.0
09:54:00.449 [FXGL Background Thread 3 ] DEBUG Engine               - platform: WINDOWS
09:54:00.450 [FXGL Background Thread 3 ] DEBUG Engine               - prefHeightProperty: ReadOnlyDoubleProperty [value: 600.0]
09:54:00.450 [FXGL Background Thread 3 ] DEBUG Engine               - prefWidthProperty: ReadOnlyDoubleProperty [value: 800.0]
09:54:00.450 [FXGL Background Thread 3 ] DEBUG Engine               - profileDir: profiles/
09:54:00.450 [FXGL Background Thread 3 ] DEBUG Engine               - profileName: StringProperty [value: DEFAULT]
09:54:00.450 [FXGL Background Thread 3 ] DEBUG Engine               - randomSeed: -1
09:54:00.450 [FXGL Background Thread 3 ] DEBUG Engine               - runtimeInfo: RuntimeInfo(platform=WINDOWS, version=17.1, build=24.03.2022 17.34)
09:54:00.450 [FXGL Background Thread 3 ] DEBUG Engine               - saveFileExt: sav
09:54:00.450 [FXGL Background Thread 3 ] DEBUG Engine               - scaledHeightProp$fxgl: DoubleProperty [bound, value: 600.0]
09:54:00.450 [FXGL Background Thread 3 ] DEBUG Engine               - scaledWidthProp$fxgl: DoubleProperty [bound, value: 800.0]
09:54:00.450 [FXGL Background Thread 3 ] DEBUG Engine               - sceneFactory: com.almasb.fxgl.app.scene.SceneFactory@1a0e5f8a
09:54:00.450 [FXGL Background Thread 3 ] DEBUG Engine               - secondsIn24h: 60
09:54:00.450 [FXGL Background Thread 3 ] DEBUG Engine               - soundMenuBack: menu/back.wav
09:54:00.450 [FXGL Background Thread 3 ] DEBUG Engine               - soundMenuPress: menu/press.wav
09:54:00.450 [FXGL Background Thread 3 ] DEBUG Engine               - soundMenuSelect: menu/select.wav
09:54:00.450 [FXGL Background Thread 3 ] DEBUG Engine               - soundNotification: core/notification.wav
09:54:00.450 [FXGL Background Thread 3 ] DEBUG Engine               - stageStyle: DECORATED
09:54:00.450 [FXGL Background Thread 3 ] DEBUG Engine               - supportedLanguages: [ENGLISH, FRENCH, GERMAN, HUNGARIAN, RUSSIAN]
09:54:00.450 [FXGL Background Thread 3 ] DEBUG Engine               - ticksPerSecond: -1
09:54:00.450 [FXGL Background Thread 3 ] DEBUG Engine               - title: Teachers vs Students
09:54:00.450 [FXGL Background Thread 3 ] DEBUG Engine               - urlGithub: https://github.com/AlmasB/FXGL
09:54:00.450 [FXGL Background Thread 3 ] DEBUG Engine               - urlLeaderboard: http://fxgl-top.herokuapp.com/
09:54:00.450 [FXGL Background Thread 3 ] DEBUG Engine               - urlPOM: https://raw.githubusercontent.com/AlmasB/FXGL/release/README.md
09:54:00.450 [FXGL Background Thread 3 ] DEBUG Engine               - userAppClass: class org.hsleiden.challengeweek.docenten_vs_studenten.Game
09:54:00.450 [FXGL Background Thread 3 ] DEBUG Engine               - version: 0.0
09:54:00.450 [FXGL Background Thread 3 ] DEBUG Engine               - versionCheckDays: 7
09:54:00.451 [FXGL Background Thread 3 ] DEBUG Engine               - width: 800
09:54:00.451 [FXGL Background Thread 3 ] DEBUG Engine               - Logging services
09:54:00.451 [FXGL Background Thread 3 ] DEBUG Engine               - class com.almasb.fxgl.app.services.FXGLAssetLoaderService
09:54:00.451 [FXGL Background Thread 3 ] DEBUG Engine               - class com.almasb.fxgl.app.FXGLApplication$GameApplicationService
09:54:00.451 [FXGL Background Thread 3 ] DEBUG Engine               - class com.almasb.fxgl.app.services.FXGLDialogService
09:54:00.451 [FXGL Background Thread 3 ] DEBUG Engine               - class com.almasb.fxgl.app.services.IOTaskExecutorService
09:54:00.451 [FXGL Background Thread 3 ] DEBUG Engine               - class com.almasb.fxgl.io.FileSystemService
09:54:00.451 [FXGL Background Thread 3 ] DEBUG Engine               - class com.almasb.fxgl.localization.LocalizationService
09:54:00.451 [FXGL Background Thread 3 ] DEBUG Engine               - class com.almasb.fxgl.app.services.SystemBundleService
09:54:00.451 [FXGL Background Thread 3 ] DEBUG Engine               - class com.almasb.fxgl.profile.SaveLoadService
09:54:00.451 [FXGL Background Thread 3 ] DEBUG Engine               - class com.almasb.fxgl.ui.FXGLUIFactoryServiceProvider
09:54:00.451 [FXGL Background Thread 3 ] DEBUG Engine               - class com.almasb.fxgl.ui.FXGLDialogFactoryServiceProvider
09:54:00.451 [FXGL Background Thread 3 ] DEBUG Engine               - class com.almasb.fxgl.audio.AudioPlayer
09:54:00.451 [FXGL Background Thread 3 ] DEBUG Engine               - class com.almasb.fxgl.notification.impl.NotificationServiceProvider
09:54:00.451 [FXGL Background Thread 3 ] DEBUG Engine               - class com.almasb.fxgl.achievement.AchievementService
09:54:00.451 [FXGL Background Thread 3 ] DEBUG Engine               - class com.almasb.fxgl.cutscene.CutsceneService
09:54:00.451 [FXGL Background Thread 3 ] DEBUG Engine               - class com.almasb.fxgl.minigames.MiniGameService
09:54:00.451 [FXGL Background Thread 3 ] DEBUG Engine               - class com.almasb.fxgl.net.NetService
09:54:00.451 [FXGL Background Thread 3 ] DEBUG Engine               - class com.almasb.fxgl.app.services.UpdaterService
09:54:00.451 [FXGL Background Thread 3 ] DEBUG Engine               - class com.almasb.fxgl.dev.DevService
09:54:15.347 [JavaFX Application Thread] DEBUG FXGLApplication      - Exiting FXGL
09:54:15.347 [JavaFX Application Thread] DEBUG LoopRunner           - Stopping loop
09:54:15.347 [JavaFX Application Thread] DEBUG SystemBundleService  - Saving FXGL system data
09:54:15.362 [JavaFX Application Thread] DEBUG FileSystemAccess     - Writing to: C:\Users\Daniel\IdeaProjects\IPOSE_challengeweek\system\fxgl.bundle
09:54:15.364 [JavaFX Application Thread] DEBUG Async                - Shutting down background threads
09:54:15.364 [JavaFX Application Thread] DEBUG PrimaryStageWindow   - Closing main window
09:54:15.378 [JavaFX Application Thread] DEBUG Logger               - Closing Logger
