02:48:26.496 [main                     ] DEBUG Logger               - Configured Logger
02:48:26.520 [main                     ] DEBUG GameApplication      - Logging settings
Title: Untitled
Version: 0.0
Width: 1280
Height: 640
Fullscreen: false
Intro: false
Profiling: false
Single step:false
App Mode: DEVELOPER
Menu Key: ESCAPE
Stage Style: DECORATED
Scene Factory: class com.almasb.fxgl.app.scene.SceneFactory

02:48:26.787 [JavaFX Application Thread] DEBUG FXGLApplication      - Initializing FXGL
02:48:26.792 [JavaFX Application Thread] INFO  Engine               - FXGL-17.1 (24.03.2022 17.34) on WINDOWS (J:19.0.1 FX:19-ea)
02:48:26.792 [JavaFX Application Thread] DEBUG Engine               - JRE Vendor Name: Oracle Corporation
02:48:26.793 [JavaFX Application Thread] DEBUG Engine               - Running on OS: Windows 11 version 10.0
02:48:26.793 [JavaFX Application Thread] DEBUG Engine               - Architecture: amd64
02:48:26.793 [JavaFX Application Thread] INFO  Engine               - Source code and latest versions at: https://github.com/AlmasB/FXGL
02:48:26.793 [JavaFX Application Thread] INFO  Engine               -       Ask questions and discuss at: https://github.com/AlmasB/FXGL/discussions
02:48:26.793 [JavaFX Application Thread] INFO  Engine               -              Join the FXGL chat at: https://gitter.im/AlmasB/FXGL
02:48:26.859 [JavaFX Application Thread] DEBUG PrimaryStageWindow   - Creating a JavaFX scene
02:48:26.893 [JavaFX Application Thread] DEBUG PrimaryStageWindow   - Target settings size: 1280.0 x 640.0
02:48:26.894 [JavaFX Application Thread] DEBUG PrimaryStageWindow   - Scaled scene size:    1280.0 x 640.0
02:48:26.894 [JavaFX Application Thread] DEBUG PrimaryStageWindow   - Scaled ratio: (1.0, 1.0)
02:48:26.895 [JavaFX Application Thread] DEBUG PrimaryStageWindow   - Set initial scene to FXGLStartupScene
02:48:26.901 [JavaFX Application Thread] DEBUG PrimaryStageWindow   - Opening main window
02:48:26.960 [JavaFX Application Thread] DEBUG PrimaryStageWindow   - Window border size: (14.4000244140625, 37.5999755859375)
02:48:26.961 [JavaFX Application Thread] DEBUG PrimaryStageWindow   - Scaled size: 1280.0 x 640.0
02:48:26.961 [JavaFX Application Thread] DEBUG PrimaryStageWindow   - Scaled ratio: (1.0, 1.0)
02:48:26.961 [JavaFX Application Thread] DEBUG PrimaryStageWindow   - Scene size: 1280.0 x 640.0
02:48:26.961 [JavaFX Application Thread] DEBUG PrimaryStageWindow   - Stage size: 1294.4000244140625 x 677.5999755859375
02:48:26.969 [FXGL Background Thread 1 ] DEBUG Engine               - Initializing environment variables
02:48:27.017 [FXGL Background Thread 1 ] DEBUG FXGLAssetLoaderServi - User app class for loading assets: class org.hsleiden.challengeweek.docenten_vs_studenten.demo.PlantsApp
02:48:27.017 [FXGL Background Thread 1 ] DEBUG GameApplicationServi - Applying CSS: fxgl_dark.css
02:48:27.018 [FXGL Background Thread 1 ] DEBUG FXGLAssetLoaderServi - Loading from file system: jar:file:///C:/Users/Daniel/.m2/repository/com/github/almasb/fxgl/17.1/fxgl-17.1.jar!/fxglassets/ui/css/fxgl_dark.css
02:48:27.054 [FXGL Background Thread 1 ] DEBUG GameApplicationServi - Initializing application scenes
02:48:27.094 [FXGL Background Thread 1 ] DEBUG GameWorld            - Game world initialized
02:48:27.159 [FXGL Background Thread 1 ] DEBUG PhysicsWorld         - Physics world initialized: appHeight=640, physics.ppm=50,0
02:48:27.160 [FXGL Background Thread 1 ] DEBUG PhysicsWorld         - Using strategy: BRUTE_FORCE
02:48:27.164 [FXGL Background Thread 1 ] DEBUG GameScene            - Game scene initialized: 1280x640
02:48:27.176 [FXGL Background Thread 1 ] DEBUG FXGL.DefaultMenu     - createMenuBodyGameMenu()
02:48:27.186 [FXGL Background Thread 1 ] DEBUG FXGL.DefaultMenu     - createOptionsMenu()
02:48:27.195 [FXGL Background Thread 1 ] DEBUG FXGLAssetLoaderServi - Loading from file system: jar:file:///C:/Users/Daniel/.m2/repository/com/github/almasb/fxgl/17.1/fxgl-17.1.jar!/fxglassets/textures/particles/smoke.png
02:48:27.267 [FXGL Background Thread 1 ] DEBUG FXGLAssetLoaderServi - Loading from file system: jar:file:///C:/Users/Daniel/.m2/repository/com/github/almasb/fxgl/17.1/fxgl-17.1.jar!/fxglassets/textures/particles/trace_horizontal.png
02:48:27.291 [FXGL Background Thread 1 ] DEBUG GameApplicationServi - Application scenes initialized
02:48:27.305 [FXGL Background Thread 1 ] DEBUG SystemBundleService  - Loading FXGL system data
02:48:27.312 [FXGL Background Thread 1 ] DEBUG FileSystemAccess     - Reading from: C:\Users\Daniel\IdeaProjects\IPOSE_challengeweek\system\fxgl.bundle
02:48:27.321 [FXGL Background Thread 1 ] DEBUG SystemBundleService  - Bundle FXGL: {}
02:48:27.321 [FXGL Background Thread 1 ] DEBUG UpdaterService       - Checking for updates
02:48:27.325 [FXGL Background Thread 4 ] DEBUG FXGLApplication      - Loading fonts
02:48:27.325 [FXGL Background Thread 1 ] DEBUG FXGLApplication      - Loading default localization
02:48:27.325 [FXGL Background Thread 4 ] DEBUG FXGLAssetLoaderServi - Loading from file system: jar:file:///C:/Users/Daniel/.m2/repository/com/github/almasb/fxgl/17.1/fxgl-17.1.jar!/fxglassets/ui/fonts/VarelaRound-Regular.ttf
02:48:27.326 [FXGL Background Thread 1 ] DEBUG FXGLAssetLoaderServi - Loading from file system: jar:file:///C:/Users/Daniel/.m2/repository/com/github/almasb/fxgl/17.1/fxgl-17.1.jar!/fxglassets/languages/english.lang
02:48:27.345 [FXGL Background Thread 1 ] INFO  FXGLApplication      - FXGL initialization took: 0,376 sec
02:48:27.353 [JavaFX Application Thread] DEBUG Input                - Registered new binding: action0 - D
02:48:27.354 [JavaFX Application Thread] DEBUG Input                - Registered new binding: action1 - A
02:48:27.354 [JavaFX Application Thread] DEBUG Input                - Registered new binding: action2 - W
02:48:27.355 [JavaFX Application Thread] DEBUG Input                - Registered new binding: action3 - S
02:48:27.355 [JavaFX Application Thread] DEBUG FXGLAssetLoaderServi - Loading from file system: jar:file:///C:/Users/Daniel/.m2/repository/com/github/almasb/fxgl/17.1/fxgl-17.1.jar!/fxglassets/textures/fxgl_icon.png
02:48:27.371 [JavaFX Application Thread] DEBUG FXGLAssetLoaderServi - Loading from file system: jar:file:///C:/Users/Daniel/.m2/repository/com/github/almasb/fxgl/17.1/fxgl-17.1.jar!/fxglassets/textures/fxgl_default_cursor.png
02:48:27.373 [JavaFX Application Thread] DEBUG Input                - Registered new binding: Screenshot - CTRL+8
02:48:27.374 [JavaFX Application Thread] DEBUG Input                - Registered new binding: System info dump - CTRL+9
02:48:27.374 [JavaFX Application Thread] DEBUG Input                - Registered new binding: Restart - CTRL+R
02:48:27.375 [JavaFX Application Thread] DEBUG Input                - Registered new binding: Toggle Debug Camera - CTRL+7
02:48:27.376 [FXGL Background Thread 4 ] DEBUG FXGLAssetLoaderServi - Loading from file system: jar:file:///C:/Users/Daniel/.m2/repository/com/github/almasb/fxgl/17.1/fxgl-17.1.jar!/fxglassets/ui/fonts/Abel-Regular.ttf
02:48:27.378 [JavaFX Application Thread] DEBUG LoopRunner           - Starting loop
02:48:27.378 [JavaFX Application Thread] DEBUG LoopRunner           - Initializing JavaFX AnimationTimerLoop
02:48:27.381 [JavaFX Application Thread] DEBUG GameApplicationServi - Starting new game
02:48:27.381 [FXGL Background Thread 4 ] DEBUG FXGLAssetLoaderServi - Loading from file system: jar:file:///C:/Users/Daniel/.m2/repository/com/github/almasb/fxgl/17.1/fxgl-17.1.jar!/fxglassets/ui/fonts/TerminalLandMono-Regular.otf
02:48:27.387 [FXGL Background Thread 4 ] DEBUG FXGLAssetLoaderServi - Loading from file system: jar:file:///C:/Users/Daniel/.m2/repository/com/github/almasb/fxgl/17.1/fxgl-17.1.jar!/fxglassets/ui/fonts/Courier-Prime.ttf
02:48:27.395 [JavaFX Application Thread] DEBUG GameApplicationServi - Removing overlay from FXGLStartupScene and adding to FXGLLoadingScene
02:48:27.396 [JavaFX Application Thread] DEBUG PrimaryStageWindow   - FXGLStartupScene -> FXGLLoadingScene
02:48:27.396 [JavaFX Application Thread] DEBUG GameApplicationServi - Clearing previous game
02:48:27.396 [JavaFX Application Thread] DEBUG GameScene            - Clearing game scene
02:48:27.396 [JavaFX Application Thread] DEBUG GameWorld            - Clearing game world
02:48:27.396 [JavaFX Application Thread] DEBUG PhysicsWorld         - Clearing physics world
02:48:27.398 [FXGL Background Thread 4 ] DEBUG FXGLApplication      - Initializing game
02:48:27.411 [FXGL Background Thread 4 ] DEBUG FXGLAssetLoaderServi - Loading from file system: file:/C:/Users/Daniel/IdeaProjects/IPOSE_challengeweek/Docenten_vs_Studenten/target/classes/assets/textures/background_main_menu.jpg
02:48:27.440 [FXGL Background Thread 4 ] WARN  GameWorld            - Entity is already attached to world
02:48:27.442 [FXGL Background Thread 4 ] INFO  FXGLApplication      - Game initialization took: 0,044 sec
02:48:27.444 [JavaFX Application Thread] DEBUG FXGLApplication      - Registering font factories with UI factory
02:48:27.446 [JavaFX Application Thread] DEBUG Input                - Clearing active input actions
02:48:27.461 [JavaFX Application Thread] DEBUG GameApplicationServi - Removing overlay from FXGLLoadingScene and adding to GameScene
02:48:27.462 [JavaFX Application Thread] DEBUG PrimaryStageWindow   - FXGLLoadingScene -> GameScene
02:48:27.656 [FXGL Background Thread 2 ] INFO  UpdaterService       - Your current version:  17.1
02:48:27.656 [FXGL Background Thread 2 ] INFO  UpdaterService       - Latest stable version: 17.3
02:48:30.324 [FXGL Background Thread 3 ] DEBUG Engine               - Logging environment variables
02:48:30.325 [FXGL Background Thread 3 ] DEBUG Engine               - achievements: []
02:48:30.325 [FXGL Background Thread 3 ] DEBUG Engine               - actualHeight: 640.0
02:48:30.325 [FXGL Background Thread 3 ] DEBUG Engine               - actualHeightProperty: ReadOnlyDoubleProperty [value: 640.0]
02:48:30.325 [FXGL Background Thread 3 ] DEBUG Engine               - actualWidth: 1280.0
02:48:30.325 [FXGL Background Thread 3 ] DEBUG Engine               - actualWidthProperty: ReadOnlyDoubleProperty [value: 1280.0]
02:48:30.325 [FXGL Background Thread 3 ] DEBUG Engine               - appIcon: fxgl_icon.png
02:48:30.325 [FXGL Background Thread 3 ] DEBUG Engine               - applicationMode: DEVELOPER
02:48:30.326 [FXGL Background Thread 3 ] DEBUG Engine               - cSSList: [fxgl_dark.css]
02:48:30.326 [FXGL Background Thread 3 ] DEBUG Engine               - collisionDetectionStrategy: BRUTE_FORCE
02:48:30.326 [FXGL Background Thread 3 ] DEBUG Engine               - configClass: Optional.empty
02:48:30.326 [FXGL Background Thread 3 ] DEBUG Engine               - credits: []
02:48:30.327 [FXGL Background Thread 3 ] DEBUG Engine               - defaultCursor: CursorInfo(imageName=fxgl_default_cursor.png, hotspotX=7.0, hotspotY=6.0)
02:48:30.327 [FXGL Background Thread 3 ] DEBUG Engine               - devBBoxColorProperty: ObjectProperty [value: 0xff0000ff]
02:48:30.327 [FXGL Background Thread 3 ] DEBUG Engine               - devEnableDebugCameraProperty: BooleanProperty [value: false]
02:48:30.327 [FXGL Background Thread 3 ] DEBUG Engine               - devSensorColorProperty: ObjectProperty [value: 0xffff00ff]
02:48:30.327 [FXGL Background Thread 3 ] DEBUG Engine               - devShowBBoxProperty: BooleanProperty [value: false]
02:48:30.327 [FXGL Background Thread 3 ] DEBUG Engine               - devShowPositionProperty: BooleanProperty [value: false]
02:48:30.328 [FXGL Background Thread 3 ] DEBUG Engine               - enabledMenuItems: []
02:48:30.328 [FXGL Background Thread 3 ] DEBUG Engine               - engineServices: [class com.almasb.fxgl.app.services.FXGLAssetLoaderService, class com.almasb.fxgl.app.FXGLApplication$GameApplicationService, class com.almasb.fxgl.app.services.FXGLDialogService, class com.almasb.fxgl.app.services.IOTaskExecutorService, class com.almasb.fxgl.io.FileSystemService, class com.almasb.fxgl.localization.LocalizationService, class com.almasb.fxgl.app.services.SystemBundleService, class com.almasb.fxgl.profile.SaveLoadService, class com.almasb.fxgl.ui.FXGLUIFactoryServiceProvider, class com.almasb.fxgl.ui.FXGLDialogFactoryServiceProvider, class com.almasb.fxgl.audio.AudioPlayer, class com.almasb.fxgl.notification.impl.NotificationServiceProvider, class com.almasb.fxgl.achievement.AchievementService, class com.almasb.fxgl.cutscene.CutsceneService, class com.almasb.fxgl.minigames.MiniGameService, class com.almasb.fxgl.net.NetService, class com.almasb.fxgl.app.services.UpdaterService, class com.almasb.fxgl.dev.DevService]
02:48:30.328 [FXGL Background Thread 3 ] DEBUG Engine               - fontGame: Abel-Regular.ttf
02:48:30.328 [FXGL Background Thread 3 ] DEBUG Engine               - fontMono: TerminalLandMono-Regular.otf
02:48:30.328 [FXGL Background Thread 3 ] DEBUG Engine               - fontText: Courier-Prime.ttf
02:48:30.328 [FXGL Background Thread 3 ] DEBUG Engine               - fontUI: VarelaRound-Regular.ttf
02:48:30.328 [FXGL Background Thread 3 ] DEBUG Engine               - fullScreen: BooleanProperty [value: false]
02:48:30.328 [FXGL Background Thread 3 ] DEBUG Engine               - gameDifficulty: MEDIUM
02:48:30.328 [FXGL Background Thread 3 ] DEBUG Engine               - gameDifficultyProperty: ObjectProperty [value: MEDIUM]
02:48:30.328 [FXGL Background Thread 3 ] DEBUG Engine               - globalMusicVolume: 0.5
02:48:30.328 [FXGL Background Thread 3 ] DEBUG Engine               - globalMusicVolumeProperty: DoubleProperty [value: 0.5]
02:48:30.328 [FXGL Background Thread 3 ] DEBUG Engine               - globalSoundVolume: 0.5
02:48:30.328 [FXGL Background Thread 3 ] DEBUG Engine               - globalSoundVolumeProperty: DoubleProperty [value: 0.5]
02:48:30.328 [FXGL Background Thread 3 ] DEBUG Engine               - height: 640
02:48:30.328 [FXGL Background Thread 3 ] DEBUG Engine               - is3D: false
02:48:30.329 [FXGL Background Thread 3 ] DEBUG Engine               - isAndroid: false
02:48:30.329 [FXGL Background Thread 3 ] DEBUG Engine               - isBrowser: false
02:48:30.329 [FXGL Background Thread 3 ] DEBUG Engine               - isClickFeedbackEnabled: false
02:48:30.329 [FXGL Background Thread 3 ] DEBUG Engine               - isCloseConfirmation: false
02:48:30.329 [FXGL Background Thread 3 ] DEBUG Engine               - isDesktop: true
02:48:30.329 [FXGL Background Thread 3 ] DEBUG Engine               - isDeveloperMenuEnabled: false
02:48:30.329 [FXGL Background Thread 3 ] DEBUG Engine               - isEmbedded: false
02:48:30.329 [FXGL Background Thread 3 ] DEBUG Engine               - isEntityPreloadEnabled: true
02:48:30.329 [FXGL Background Thread 3 ] DEBUG Engine               - isExperimentalTiledLargeMap: false
02:48:30.329 [FXGL Background Thread 3 ] DEBUG Engine               - isFileSystemWriteAllowed: true
02:48:30.329 [FXGL Background Thread 3 ] DEBUG Engine               - isFullScreenAllowed: false
02:48:30.329 [FXGL Background Thread 3 ] DEBUG Engine               - isFullScreenFromStart: false
02:48:30.329 [FXGL Background Thread 3 ] DEBUG Engine               - isGameMenuEnabled: true
02:48:30.329 [FXGL Background Thread 3 ] DEBUG Engine               - isIOS: false
02:48:30.329 [FXGL Background Thread 3 ] DEBUG Engine               - isIntroEnabled: false
02:48:30.329 [FXGL Background Thread 3 ] DEBUG Engine               - isLinux: false
02:48:30.329 [FXGL Background Thread 3 ] DEBUG Engine               - isMac: false
02:48:30.329 [FXGL Background Thread 3 ] DEBUG Engine               - isMainMenuEnabled: false
02:48:30.330 [FXGL Background Thread 3 ] DEBUG Engine               - isManualResizeEnabled: false
02:48:30.330 [FXGL Background Thread 3 ] DEBUG Engine               - isMobile: false
02:48:30.330 [FXGL Background Thread 3 ] DEBUG Engine               - isNative: false
02:48:30.330 [FXGL Background Thread 3 ] DEBUG Engine               - isPauseMusicWhenMinimized: true
02:48:30.330 [FXGL Background Thread 3 ] DEBUG Engine               - isPreserveResizeRatio: false
02:48:30.330 [FXGL Background Thread 3 ] DEBUG Engine               - isProfilingEnabled: false
02:48:30.330 [FXGL Background Thread 3 ] DEBUG Engine               - isScaleAffectedOnResize: true
02:48:30.330 [FXGL Background Thread 3 ] DEBUG Engine               - isSingleStep: false
02:48:30.330 [FXGL Background Thread 3 ] DEBUG Engine               - isUserProfileEnabled: false
02:48:30.330 [FXGL Background Thread 3 ] DEBUG Engine               - isWindows: true
02:48:30.330 [FXGL Background Thread 3 ] DEBUG Engine               - language: ObjectProperty [value: ENGLISH]
02:48:30.330 [FXGL Background Thread 3 ] DEBUG Engine               - menuKey: ESCAPE
02:48:30.330 [FXGL Background Thread 3 ] DEBUG Engine               - mouseSensitivity: 0.2
02:48:30.330 [FXGL Background Thread 3 ] DEBUG Engine               - notificationViewClass: class com.almasb.fxgl.notification.view.XboxNotificationView
02:48:30.330 [FXGL Background Thread 3 ] DEBUG Engine               - pixelsPerMeter: 50.0
02:48:30.330 [FXGL Background Thread 3 ] DEBUG Engine               - platform: WINDOWS
02:48:30.330 [FXGL Background Thread 3 ] DEBUG Engine               - prefHeightProperty: ReadOnlyDoubleProperty [value: 640.0]
02:48:30.330 [FXGL Background Thread 3 ] DEBUG Engine               - prefWidthProperty: ReadOnlyDoubleProperty [value: 1280.0]
02:48:30.330 [FXGL Background Thread 3 ] DEBUG Engine               - profileDir: profiles/
02:48:30.331 [FXGL Background Thread 3 ] DEBUG Engine               - profileName: StringProperty [value: DEFAULT]
02:48:30.331 [FXGL Background Thread 3 ] DEBUG Engine               - randomSeed: -1
02:48:30.331 [FXGL Background Thread 3 ] DEBUG Engine               - runtimeInfo: RuntimeInfo(platform=WINDOWS, version=17.1, build=24.03.2022 17.34)
02:48:30.331 [FXGL Background Thread 3 ] DEBUG Engine               - saveFileExt: sav
02:48:30.331 [FXGL Background Thread 3 ] DEBUG Engine               - scaledHeightProp$fxgl: DoubleProperty [bound, value: 640.0]
02:48:30.331 [FXGL Background Thread 3 ] DEBUG Engine               - scaledWidthProp$fxgl: DoubleProperty [bound, value: 1280.0]
02:48:30.331 [FXGL Background Thread 3 ] DEBUG Engine               - sceneFactory: com.almasb.fxgl.app.scene.SceneFactory@3d09efd2
02:48:30.331 [FXGL Background Thread 3 ] DEBUG Engine               - secondsIn24h: 60
02:48:30.331 [FXGL Background Thread 3 ] DEBUG Engine               - soundMenuBack: menu/back.wav
02:48:30.331 [FXGL Background Thread 3 ] DEBUG Engine               - soundMenuPress: menu/press.wav
02:48:30.331 [FXGL Background Thread 3 ] DEBUG Engine               - soundMenuSelect: menu/select.wav
02:48:30.331 [FXGL Background Thread 3 ] DEBUG Engine               - soundNotification: core/notification.wav
02:48:30.331 [FXGL Background Thread 3 ] DEBUG Engine               - stageStyle: DECORATED
02:48:30.331 [FXGL Background Thread 3 ] DEBUG Engine               - supportedLanguages: [ENGLISH, FRENCH, GERMAN, HUNGARIAN, RUSSIAN]
02:48:30.332 [FXGL Background Thread 3 ] DEBUG Engine               - ticksPerSecond: -1
02:48:30.332 [FXGL Background Thread 3 ] DEBUG Engine               - title: Untitled
02:48:30.332 [FXGL Background Thread 3 ] DEBUG Engine               - urlGithub: https://github.com/AlmasB/FXGL
02:48:30.332 [FXGL Background Thread 3 ] DEBUG Engine               - urlLeaderboard: http://fxgl-top.herokuapp.com/
02:48:30.332 [FXGL Background Thread 3 ] DEBUG Engine               - urlPOM: https://raw.githubusercontent.com/AlmasB/FXGL/release/README.md
02:48:30.332 [FXGL Background Thread 3 ] DEBUG Engine               - userAppClass: class org.hsleiden.challengeweek.docenten_vs_studenten.demo.PlantsApp
02:48:30.332 [FXGL Background Thread 3 ] DEBUG Engine               - version: 0.0
02:48:30.332 [FXGL Background Thread 3 ] DEBUG Engine               - versionCheckDays: 7
02:48:30.332 [FXGL Background Thread 3 ] DEBUG Engine               - width: 1280
02:48:30.332 [FXGL Background Thread 3 ] DEBUG Engine               - Logging services
02:48:30.332 [FXGL Background Thread 3 ] DEBUG Engine               - class com.almasb.fxgl.app.services.FXGLAssetLoaderService
02:48:30.332 [FXGL Background Thread 3 ] DEBUG Engine               - class com.almasb.fxgl.app.FXGLApplication$GameApplicationService
02:48:30.332 [FXGL Background Thread 3 ] DEBUG Engine               - class com.almasb.fxgl.app.services.FXGLDialogService
02:48:30.332 [FXGL Background Thread 3 ] DEBUG Engine               - class com.almasb.fxgl.app.services.IOTaskExecutorService
02:48:30.332 [FXGL Background Thread 3 ] DEBUG Engine               - class com.almasb.fxgl.io.FileSystemService
02:48:30.332 [FXGL Background Thread 3 ] DEBUG Engine               - class com.almasb.fxgl.localization.LocalizationService
02:48:30.332 [FXGL Background Thread 3 ] DEBUG Engine               - class com.almasb.fxgl.app.services.SystemBundleService
02:48:30.332 [FXGL Background Thread 3 ] DEBUG Engine               - class com.almasb.fxgl.profile.SaveLoadService
02:48:30.332 [FXGL Background Thread 3 ] DEBUG Engine               - class com.almasb.fxgl.ui.FXGLUIFactoryServiceProvider
02:48:30.332 [FXGL Background Thread 3 ] DEBUG Engine               - class com.almasb.fxgl.ui.FXGLDialogFactoryServiceProvider
02:48:30.332 [FXGL Background Thread 3 ] DEBUG Engine               - class com.almasb.fxgl.audio.AudioPlayer
02:48:30.332 [FXGL Background Thread 3 ] DEBUG Engine               - class com.almasb.fxgl.notification.impl.NotificationServiceProvider
02:48:30.332 [FXGL Background Thread 3 ] DEBUG Engine               - class com.almasb.fxgl.achievement.AchievementService
02:48:30.332 [FXGL Background Thread 3 ] DEBUG Engine               - class com.almasb.fxgl.cutscene.CutsceneService
02:48:30.332 [FXGL Background Thread 3 ] DEBUG Engine               - class com.almasb.fxgl.minigames.MiniGameService
02:48:30.332 [FXGL Background Thread 3 ] DEBUG Engine               - class com.almasb.fxgl.net.NetService
02:48:30.332 [FXGL Background Thread 3 ] DEBUG Engine               - class com.almasb.fxgl.app.services.UpdaterService
02:48:30.332 [FXGL Background Thread 3 ] DEBUG Engine               - class com.almasb.fxgl.dev.DevService
02:48:30.550 [JavaFX Application Thread] WARN  TMXLevelLoader       - TiledMap generated from 1.10.1. Supported version: 1.4.2. Some features may not be parsed fully.
02:48:30.554 [JavaFX Application Thread] DEBUG TMXLevelLoader       - Parsed TiledMap: file:/C:/Users/Daniel/IdeaProjects/IPOSE_challengeweek/Docenten_vs_Studenten/target/classes/assets/levels/grid.tmx
02:48:30.555 [JavaFX Application Thread] DEBUG TMXLevelLoader       - Creating tile layer entities
02:48:30.556 [JavaFX Application Thread] DEBUG TilesetLoader        - Loading view for layer Tile Layer 1
02:48:30.557 [JavaFX Application Thread] DEBUG TilesetLoader        - Created buffer with size 1280.0x640.0
02:48:30.602 [JavaFX Application Thread] DEBUG TMXLevelLoader       - Creating object layer entities
02:48:30.615 [JavaFX Application Thread] DEBUG GameWorld            - Clearing removable entities
02:48:30.617 [JavaFX Application Thread] DEBUG GameWorld            - Setting level: com.almasb.fxgl.entity.level.Level@2aa6bc9a
02:48:30.623 [JavaFX Application Thread] DEBUG FXGLAssetLoaderServi - Loading from file system: file:/C:/Users/Daniel/IdeaProjects/IPOSE_challengeweek/Docenten_vs_Studenten/target/classes/assets/textures/vincent_zombie.png
02:48:30.643 [JavaFX Application Thread] DEBUG FXGLAssetLoaderServi - Loading from file system: file:/C:/Users/Daniel/IdeaProjects/IPOSE_challengeweek/Docenten_vs_Studenten/target/classes/assets/textures/charlotte_zombie.png
02:48:30.662 [JavaFX Application Thread] WARN  GameWorld            - Entity is already attached to world
02:48:30.663 [JavaFX Application Thread] WARN  GameWorld            - Entity is already attached to world
02:48:30.664 [JavaFX Application Thread] WARN  GameWorld            - Entity is already attached to world
02:48:30.665 [JavaFX Application Thread] WARN  GameWorld            - Entity is already attached to world
02:48:30.665 [JavaFX Application Thread] WARN  GameWorld            - Entity is already attached to world
02:48:30.666 [JavaFX Application Thread] WARN  GameWorld            - Entity is already attached to world
02:48:34.475 [JavaFX Application Thread] WARN  GameWorld            - Entity is already attached to world
02:48:34.475 [JavaFX Application Thread] WARN  GameWorld            - Entity is already attached to world
02:48:34.476 [JavaFX Application Thread] WARN  GameWorld            - Entity is already attached to world
02:48:36.620 [JavaFX Application Thread] WARN  GameWorld            - Entity is already attached to world
02:48:37.643 [JavaFX Application Thread] WARN  GameWorld            - Entity is already attached to world
02:48:37.644 [JavaFX Application Thread] WARN  GameWorld            - Entity is already attached to world
02:48:38.667 [JavaFX Application Thread] WARN  GameWorld            - Entity is already attached to world
02:48:38.669 [JavaFX Application Thread] WARN  GameWorld            - Entity is already attached to world
02:48:38.669 [JavaFX Application Thread] WARN  GameWorld            - Entity is already attached to world
02:48:42.603 [JavaFX Application Thread] WARN  GameWorld            - Entity is already attached to world
02:48:42.604 [JavaFX Application Thread] WARN  GameWorld            - Entity is already attached to world
02:48:42.604 [JavaFX Application Thread] WARN  GameWorld            - Entity is already attached to world
02:48:42.605 [JavaFX Application Thread] WARN  GameWorld            - Entity is already attached to world
02:48:44.620 [JavaFX Application Thread] WARN  GameWorld            - Entity is already attached to world
02:48:44.621 [JavaFX Application Thread] WARN  GameWorld            - Entity is already attached to world
02:48:44.670 [JavaFX Application Thread] DEBUG PrimaryStageWindow   - Push state: DialogSubScene
02:48:44.670 [JavaFX Application Thread] DEBUG Input                - Clearing active input actions
02:48:44.671 [JavaFX Application Thread] DEBUG GameApplicationServi - Removing overlay from GameScene and adding to DialogSubScene
02:48:44.671 [JavaFX Application Thread] DEBUG PrimaryStageWindow   - GameScene -> DialogSubScene
02:48:46.149 [JavaFX Application Thread] DEBUG PrimaryStageWindow   - Pop state: DialogSubScene
02:48:46.149 [JavaFX Application Thread] DEBUG Input                - Clearing active input actions
02:48:46.149 [JavaFX Application Thread] DEBUG GameApplicationServi - Removing overlay from DialogSubScene and adding to GameScene
02:48:46.150 [JavaFX Application Thread] DEBUG PrimaryStageWindow   - GameScene <- DialogSubScene
02:48:46.150 [JavaFX Application Thread] DEBUG GameApplicationServi - Starting new game
02:48:46.150 [JavaFX Application Thread] DEBUG Input                - Clearing active input actions
02:48:46.155 [JavaFX Application Thread] DEBUG GameApplicationServi - Removing overlay from GameScene and adding to FXGLLoadingScene
02:48:46.156 [JavaFX Application Thread] DEBUG PrimaryStageWindow   - GameScene -> FXGLLoadingScene
02:48:46.156 [JavaFX Application Thread] DEBUG GameApplicationServi - Clearing previous game
02:48:46.156 [JavaFX Application Thread] DEBUG GameScene            - Clearing game scene
02:48:46.156 [JavaFX Application Thread] DEBUG GameWorld            - Clearing game world
02:48:46.158 [JavaFX Application Thread] DEBUG PhysicsWorld         - Clearing physics world
02:48:46.158 [FXGL Background Thread 2 ] DEBUG FXGLApplication      - Initializing game
02:48:46.159 [FXGL Background Thread 2 ] WARN  GameWorld            - Entity is already attached to world
02:48:46.160 [FXGL Background Thread 2 ] INFO  FXGLApplication      - Game initialization took: 0,001 sec
02:48:46.162 [JavaFX Application Thread] DEBUG Input                - Clearing active input actions
02:48:46.166 [JavaFX Application Thread] DEBUG GameApplicationServi - Removing overlay from FXGLLoadingScene and adding to GameScene
02:48:46.167 [JavaFX Application Thread] DEBUG PrimaryStageWindow   - FXGLLoadingScene -> GameScene
02:49:00.523 [JavaFX Application Thread] DEBUG FXGLApplication      - Exiting FXGL
02:49:00.523 [JavaFX Application Thread] DEBUG LoopRunner           - Stopping loop
02:49:00.523 [JavaFX Application Thread] DEBUG SystemBundleService  - Saving FXGL system data
02:49:00.525 [JavaFX Application Thread] DEBUG FileSystemAccess     - Writing to: C:\Users\Daniel\IdeaProjects\IPOSE_challengeweek\system\fxgl.bundle
02:49:00.527 [JavaFX Application Thread] DEBUG Async                - Shutting down background threads
02:49:00.527 [JavaFX Application Thread] DEBUG PrimaryStageWindow   - Closing main window
02:49:00.539 [JavaFX Application Thread] DEBUG Logger               - Closing Logger
