13:07:01.013 [main                     ] DEBUG Logger               - Configured Logger
13:07:01.038 [main                     ] DEBUG GameApplication      - Logging settings
Title: Teachers vs Students
Version: 0.0
Width: 800
Height: 600
Fullscreen: false
Intro: false
Profiling: false
Single step:false
App Mode: DEVELOPER
Menu Key: ESCAPE
Stage Style: DECORATED
Scene Factory: class com.almasb.fxgl.app.scene.SceneFactory

13:07:01.317 [JavaFX Application Thread] DEBUG FXGLApplication      - Initializing FXGL
13:07:01.322 [JavaFX Application Thread] INFO  Engine               - FXGL-17.1 (24.03.2022 17.34) on WINDOWS (J:19.0.1 FX:19-ea)
13:07:01.322 [JavaFX Application Thread] DEBUG Engine               - JRE Vendor Name: Oracle Corporation
13:07:01.323 [JavaFX Application Thread] DEBUG Engine               - Running on OS: Windows 11 version 10.0
13:07:01.323 [JavaFX Application Thread] DEBUG Engine               - Architecture: amd64
13:07:01.323 [JavaFX Application Thread] INFO  Engine               - Source code and latest versions at: https://github.com/AlmasB/FXGL
13:07:01.323 [JavaFX Application Thread] INFO  Engine               -       Ask questions and discuss at: https://github.com/AlmasB/FXGL/discussions
13:07:01.323 [JavaFX Application Thread] INFO  Engine               -              Join the FXGL chat at: https://gitter.im/AlmasB/FXGL
13:07:01.390 [JavaFX Application Thread] DEBUG PrimaryStageWindow   - Creating a JavaFX scene
13:07:01.425 [JavaFX Application Thread] DEBUG PrimaryStageWindow   - Target settings size: 800.0 x 600.0
13:07:01.425 [JavaFX Application Thread] DEBUG PrimaryStageWindow   - Scaled scene size:    800.0 x 600.0
13:07:01.425 [JavaFX Application Thread] DEBUG PrimaryStageWindow   - Scaled ratio: (1.0, 1.0)
13:07:01.426 [JavaFX Application Thread] DEBUG PrimaryStageWindow   - Set initial scene to FXGLStartupScene
13:07:01.432 [JavaFX Application Thread] DEBUG PrimaryStageWindow   - Opening main window
13:07:01.494 [JavaFX Application Thread] DEBUG PrimaryStageWindow   - Window border size: (14.4000244140625, 37.5999755859375)
13:07:01.494 [JavaFX Application Thread] DEBUG PrimaryStageWindow   - Scaled size: 800.0 x 600.0
13:07:01.495 [JavaFX Application Thread] DEBUG PrimaryStageWindow   - Scaled ratio: (1.0, 1.0)
13:07:01.495 [JavaFX Application Thread] DEBUG PrimaryStageWindow   - Scene size: 800.0 x 600.0
13:07:01.495 [JavaFX Application Thread] DEBUG PrimaryStageWindow   - Stage size: 814.4000244140625 x 637.5999755859375
13:07:01.503 [FXGL Background Thread 1 ] DEBUG Engine               - Initializing environment variables
13:07:01.549 [FXGL Background Thread 1 ] DEBUG FXGLAssetLoaderServi - User app class for loading assets: class org.hsleiden.challengeweek.docenten_vs_studenten.Game
13:07:01.550 [FXGL Background Thread 1 ] DEBUG GameApplicationServi - Applying CSS: fxgl_dark.css
13:07:01.550 [FXGL Background Thread 1 ] DEBUG FXGLAssetLoaderServi - Loading from file system: jar:file:///C:/Users/Daniel/.m2/repository/com/github/almasb/fxgl/17.1/fxgl-17.1.jar!/fxglassets/ui/css/fxgl_dark.css
13:07:01.587 [FXGL Background Thread 1 ] DEBUG GameApplicationServi - Initializing application scenes
13:07:01.623 [FXGL Background Thread 1 ] DEBUG GameWorld            - Game world initialized
13:07:01.690 [FXGL Background Thread 1 ] DEBUG PhysicsWorld         - Physics world initialized: appHeight=600, physics.ppm=50,0
13:07:01.690 [FXGL Background Thread 1 ] DEBUG PhysicsWorld         - Using strategy: BRUTE_FORCE
13:07:01.695 [FXGL Background Thread 1 ] DEBUG GameScene            - Game scene initialized: 800x600
13:07:01.705 [FXGL Background Thread 1 ] DEBUG FXGL.DefaultMenu     - createMenuBodyGameMenu()
13:07:01.715 [FXGL Background Thread 1 ] DEBUG FXGL.DefaultMenu     - createOptionsMenu()
13:07:01.724 [FXGL Background Thread 1 ] DEBUG FXGLAssetLoaderServi - Loading from file system: jar:file:///C:/Users/Daniel/.m2/repository/com/github/almasb/fxgl/17.1/fxgl-17.1.jar!/fxglassets/textures/particles/smoke.png
13:07:01.797 [FXGL Background Thread 1 ] DEBUG FXGLAssetLoaderServi - Loading from file system: jar:file:///C:/Users/Daniel/.m2/repository/com/github/almasb/fxgl/17.1/fxgl-17.1.jar!/fxglassets/textures/particles/trace_horizontal.png
13:07:01.826 [FXGL Background Thread 1 ] DEBUG GameApplicationServi - Application scenes initialized
13:07:01.839 [FXGL Background Thread 1 ] DEBUG SystemBundleService  - Loading FXGL system data
13:07:01.842 [FXGL Background Thread 1 ] DEBUG FileSystemAccess     - Reading from: C:\Users\Daniel\IdeaProjects\IPOSE_challengeweek\system\fxgl.bundle
13:07:01.849 [FXGL Background Thread 1 ] DEBUG SystemBundleService  - Bundle FXGL: {}
13:07:01.850 [FXGL Background Thread 1 ] DEBUG UpdaterService       - Checking for updates
13:07:01.854 [FXGL Background Thread 4 ] DEBUG FXGLApplication      - Loading fonts
13:07:01.854 [FXGL Background Thread 4 ] DEBUG FXGLAssetLoaderServi - Loading from file system: jar:file:///C:/Users/Daniel/.m2/repository/com/github/almasb/fxgl/17.1/fxgl-17.1.jar!/fxglassets/ui/fonts/VarelaRound-Regular.ttf
13:07:01.854 [FXGL Background Thread 1 ] DEBUG FXGLApplication      - Loading default localization
13:07:01.855 [FXGL Background Thread 1 ] DEBUG FXGLAssetLoaderServi - Loading from file system: jar:file:///C:/Users/Daniel/.m2/repository/com/github/almasb/fxgl/17.1/fxgl-17.1.jar!/fxglassets/languages/english.lang
13:07:01.873 [FXGL Background Thread 1 ] INFO  FXGLApplication      - FXGL initialization took: 0,371 sec
13:07:01.882 [JavaFX Application Thread] DEBUG Input                - Registered new binding: action0 - D
13:07:01.883 [JavaFX Application Thread] DEBUG Input                - Registered new binding: action1 - A
13:07:01.884 [JavaFX Application Thread] DEBUG Input                - Registered new binding: action2 - W
13:07:01.885 [JavaFX Application Thread] DEBUG Input                - Registered new binding: action3 - S
13:07:01.885 [JavaFX Application Thread] DEBUG FXGLAssetLoaderServi - Loading from file system: jar:file:///C:/Users/Daniel/.m2/repository/com/github/almasb/fxgl/17.1/fxgl-17.1.jar!/fxglassets/textures/fxgl_icon.png
13:07:01.901 [JavaFX Application Thread] DEBUG FXGLAssetLoaderServi - Loading from file system: jar:file:///C:/Users/Daniel/.m2/repository/com/github/almasb/fxgl/17.1/fxgl-17.1.jar!/fxglassets/textures/fxgl_default_cursor.png
13:07:01.903 [JavaFX Application Thread] DEBUG Input                - Registered new binding: Screenshot - CTRL+8
13:07:01.904 [JavaFX Application Thread] DEBUG Input                - Registered new binding: System info dump - CTRL+9
13:07:01.905 [JavaFX Application Thread] DEBUG Input                - Registered new binding: Restart - CTRL+R
13:07:01.906 [JavaFX Application Thread] DEBUG Input                - Registered new binding: Toggle Debug Camera - CTRL+7
13:07:01.906 [FXGL Background Thread 4 ] DEBUG FXGLAssetLoaderServi - Loading from file system: jar:file:///C:/Users/Daniel/.m2/repository/com/github/almasb/fxgl/17.1/fxgl-17.1.jar!/fxglassets/ui/fonts/Abel-Regular.ttf
13:07:01.907 [JavaFX Application Thread] DEBUG LoopRunner           - Starting loop
13:07:01.908 [JavaFX Application Thread] DEBUG LoopRunner           - Initializing JavaFX AnimationTimerLoop
13:07:01.909 [JavaFX Application Thread] DEBUG GameApplicationServi - Starting new game
13:07:01.909 [JavaFX Application Thread] DEBUG Input                - Clearing active input actions
13:07:01.910 [FXGL Background Thread 4 ] DEBUG FXGLAssetLoaderServi - Loading from file system: jar:file:///C:/Users/Daniel/.m2/repository/com/github/almasb/fxgl/17.1/fxgl-17.1.jar!/fxglassets/ui/fonts/TerminalLandMono-Regular.otf
13:07:01.915 [FXGL Background Thread 4 ] DEBUG FXGLAssetLoaderServi - Loading from file system: jar:file:///C:/Users/Daniel/.m2/repository/com/github/almasb/fxgl/17.1/fxgl-17.1.jar!/fxglassets/ui/fonts/Courier-Prime.ttf
13:07:01.923 [JavaFX Application Thread] DEBUG GameApplicationServi - Removing overlay from FXGLStartupScene and adding to FXGLLoadingScene
13:07:01.923 [JavaFX Application Thread] DEBUG PrimaryStageWindow   - FXGLStartupScene -> FXGLLoadingScene
13:07:01.924 [JavaFX Application Thread] DEBUG GameApplicationServi - Clearing previous game
13:07:01.924 [JavaFX Application Thread] DEBUG GameScene            - Clearing game scene
13:07:01.924 [JavaFX Application Thread] DEBUG GameWorld            - Clearing game world
13:07:01.924 [JavaFX Application Thread] DEBUG PhysicsWorld         - Clearing physics world
13:07:01.926 [FXGL Background Thread 4 ] DEBUG FXGLApplication      - Initializing game
13:07:01.971 [FXGL Background Thread 4 ] INFO  FXGLApplication      - Game initialization took: 0,045 sec
13:07:01.974 [JavaFX Application Thread] DEBUG FXGLApplication      - Registering font factories with UI factory
13:07:01.978 [JavaFX Application Thread] DEBUG Input                - Clearing active input actions
13:07:01.990 [JavaFX Application Thread] DEBUG GameApplicationServi - Removing overlay from FXGLLoadingScene and adding to GameScene
13:07:01.990 [JavaFX Application Thread] DEBUG PrimaryStageWindow   - FXGLLoadingScene -> GameScene
13:07:02.227 [FXGL Background Thread 2 ] INFO  UpdaterService       - Your current version:  17.1
13:07:02.227 [FXGL Background Thread 2 ] INFO  UpdaterService       - Latest stable version: 17.3
13:07:04.854 [FXGL Background Thread 3 ] DEBUG Engine               - Logging environment variables
13:07:04.854 [FXGL Background Thread 3 ] DEBUG Engine               - achievements: []
13:07:04.854 [FXGL Background Thread 3 ] DEBUG Engine               - actualHeight: 600.0
13:07:04.854 [FXGL Background Thread 3 ] DEBUG Engine               - actualHeightProperty: ReadOnlyDoubleProperty [value: 600.0]
13:07:04.855 [FXGL Background Thread 3 ] DEBUG Engine               - actualWidth: 800.0
13:07:04.855 [FXGL Background Thread 3 ] DEBUG Engine               - actualWidthProperty: ReadOnlyDoubleProperty [value: 800.0]
13:07:04.855 [FXGL Background Thread 3 ] DEBUG Engine               - appIcon: fxgl_icon.png
13:07:04.855 [FXGL Background Thread 3 ] DEBUG Engine               - applicationMode: DEVELOPER
13:07:04.855 [FXGL Background Thread 3 ] DEBUG Engine               - cSSList: [fxgl_dark.css]
13:07:04.855 [FXGL Background Thread 3 ] DEBUG Engine               - collisionDetectionStrategy: BRUTE_FORCE
13:07:04.855 [FXGL Background Thread 3 ] DEBUG Engine               - configClass: Optional.empty
13:07:04.855 [FXGL Background Thread 3 ] DEBUG Engine               - credits: []
13:07:04.855 [FXGL Background Thread 3 ] DEBUG Engine               - defaultCursor: CursorInfo(imageName=fxgl_default_cursor.png, hotspotX=7.0, hotspotY=6.0)
13:07:04.856 [FXGL Background Thread 3 ] DEBUG Engine               - devBBoxColorProperty: ObjectProperty [value: 0xff0000ff]
13:07:04.856 [FXGL Background Thread 3 ] DEBUG Engine               - devEnableDebugCameraProperty: BooleanProperty [value: false]
13:07:04.856 [FXGL Background Thread 3 ] DEBUG Engine               - devSensorColorProperty: ObjectProperty [value: 0xffff00ff]
13:07:04.856 [FXGL Background Thread 3 ] DEBUG Engine               - devShowBBoxProperty: BooleanProperty [value: false]
13:07:04.856 [FXGL Background Thread 3 ] DEBUG Engine               - devShowPositionProperty: BooleanProperty [value: false]
13:07:04.856 [FXGL Background Thread 3 ] DEBUG Engine               - enabledMenuItems: []
13:07:04.856 [FXGL Background Thread 3 ] DEBUG Engine               - engineServices: [class com.almasb.fxgl.app.services.FXGLAssetLoaderService, class com.almasb.fxgl.app.FXGLApplication$GameApplicationService, class com.almasb.fxgl.app.services.FXGLDialogService, class com.almasb.fxgl.app.services.IOTaskExecutorService, class com.almasb.fxgl.io.FileSystemService, class com.almasb.fxgl.localization.LocalizationService, class com.almasb.fxgl.app.services.SystemBundleService, class com.almasb.fxgl.profile.SaveLoadService, class com.almasb.fxgl.ui.FXGLUIFactoryServiceProvider, class com.almasb.fxgl.ui.FXGLDialogFactoryServiceProvider, class com.almasb.fxgl.audio.AudioPlayer, class com.almasb.fxgl.notification.impl.NotificationServiceProvider, class com.almasb.fxgl.achievement.AchievementService, class com.almasb.fxgl.cutscene.CutsceneService, class com.almasb.fxgl.minigames.MiniGameService, class com.almasb.fxgl.net.NetService, class com.almasb.fxgl.app.services.UpdaterService, class com.almasb.fxgl.dev.DevService]
13:07:04.856 [FXGL Background Thread 3 ] DEBUG Engine               - fontGame: Abel-Regular.ttf
13:07:04.856 [FXGL Background Thread 3 ] DEBUG Engine               - fontMono: TerminalLandMono-Regular.otf
13:07:04.856 [FXGL Background Thread 3 ] DEBUG Engine               - fontText: Courier-Prime.ttf
13:07:04.856 [FXGL Background Thread 3 ] DEBUG Engine               - fontUI: VarelaRound-Regular.ttf
13:07:04.856 [FXGL Background Thread 3 ] DEBUG Engine               - fullScreen: BooleanProperty [value: false]
13:07:04.856 [FXGL Background Thread 3 ] DEBUG Engine               - gameDifficulty: MEDIUM
13:07:04.856 [FXGL Background Thread 3 ] DEBUG Engine               - gameDifficultyProperty: ObjectProperty [value: MEDIUM]
13:07:04.857 [FXGL Background Thread 3 ] DEBUG Engine               - globalMusicVolume: 0.5
13:07:04.857 [FXGL Background Thread 3 ] DEBUG Engine               - globalMusicVolumeProperty: DoubleProperty [value: 0.5]
13:07:04.857 [FXGL Background Thread 3 ] DEBUG Engine               - globalSoundVolume: 0.5
13:07:04.857 [FXGL Background Thread 3 ] DEBUG Engine               - globalSoundVolumeProperty: DoubleProperty [value: 0.5]
13:07:04.857 [FXGL Background Thread 3 ] DEBUG Engine               - height: 600
13:07:04.857 [FXGL Background Thread 3 ] DEBUG Engine               - is3D: false
13:07:04.857 [FXGL Background Thread 3 ] DEBUG Engine               - isAndroid: false
13:07:04.857 [FXGL Background Thread 3 ] DEBUG Engine               - isBrowser: false
13:07:04.857 [FXGL Background Thread 3 ] DEBUG Engine               - isClickFeedbackEnabled: false
13:07:04.857 [FXGL Background Thread 3 ] DEBUG Engine               - isCloseConfirmation: false
13:07:04.857 [FXGL Background Thread 3 ] DEBUG Engine               - isDesktop: true
13:07:04.857 [FXGL Background Thread 3 ] DEBUG Engine               - isDeveloperMenuEnabled: false
13:07:04.857 [FXGL Background Thread 3 ] DEBUG Engine               - isEmbedded: false
13:07:04.857 [FXGL Background Thread 3 ] DEBUG Engine               - isEntityPreloadEnabled: true
13:07:04.857 [FXGL Background Thread 3 ] DEBUG Engine               - isExperimentalTiledLargeMap: false
13:07:04.857 [FXGL Background Thread 3 ] DEBUG Engine               - isFileSystemWriteAllowed: true
13:07:04.857 [FXGL Background Thread 3 ] DEBUG Engine               - isFullScreenAllowed: false
13:07:04.858 [FXGL Background Thread 3 ] DEBUG Engine               - isFullScreenFromStart: false
13:07:04.858 [FXGL Background Thread 3 ] DEBUG Engine               - isGameMenuEnabled: true
13:07:04.858 [FXGL Background Thread 3 ] DEBUG Engine               - isIOS: false
13:07:04.858 [FXGL Background Thread 3 ] DEBUG Engine               - isIntroEnabled: false
13:07:04.858 [FXGL Background Thread 3 ] DEBUG Engine               - isLinux: false
13:07:04.858 [FXGL Background Thread 3 ] DEBUG Engine               - isMac: false
13:07:04.858 [FXGL Background Thread 3 ] DEBUG Engine               - isMainMenuEnabled: false
13:07:04.858 [FXGL Background Thread 3 ] DEBUG Engine               - isManualResizeEnabled: false
13:07:04.858 [FXGL Background Thread 3 ] DEBUG Engine               - isMobile: false
13:07:04.858 [FXGL Background Thread 3 ] DEBUG Engine               - isNative: false
13:07:04.858 [FXGL Background Thread 3 ] DEBUG Engine               - isPauseMusicWhenMinimized: true
13:07:04.858 [FXGL Background Thread 3 ] DEBUG Engine               - isPreserveResizeRatio: false
13:07:04.858 [FXGL Background Thread 3 ] DEBUG Engine               - isProfilingEnabled: false
13:07:04.858 [FXGL Background Thread 3 ] DEBUG Engine               - isScaleAffectedOnResize: true
13:07:04.858 [FXGL Background Thread 3 ] DEBUG Engine               - isSingleStep: false
13:07:04.858 [FXGL Background Thread 3 ] DEBUG Engine               - isUserProfileEnabled: false
13:07:04.858 [FXGL Background Thread 3 ] DEBUG Engine               - isWindows: true
13:07:04.858 [FXGL Background Thread 3 ] DEBUG Engine               - language: ObjectProperty [value: ENGLISH]
13:07:04.858 [FXGL Background Thread 3 ] DEBUG Engine               - menuKey: ESCAPE
13:07:04.858 [FXGL Background Thread 3 ] DEBUG Engine               - mouseSensitivity: 0.2
13:07:04.859 [FXGL Background Thread 3 ] DEBUG Engine               - notificationViewClass: class com.almasb.fxgl.notification.view.XboxNotificationView
13:07:04.859 [FXGL Background Thread 3 ] DEBUG Engine               - pixelsPerMeter: 50.0
13:07:04.859 [FXGL Background Thread 3 ] DEBUG Engine               - platform: WINDOWS
13:07:04.859 [FXGL Background Thread 3 ] DEBUG Engine               - prefHeightProperty: ReadOnlyDoubleProperty [value: 600.0]
13:07:04.859 [FXGL Background Thread 3 ] DEBUG Engine               - prefWidthProperty: ReadOnlyDoubleProperty [value: 800.0]
13:07:04.859 [FXGL Background Thread 3 ] DEBUG Engine               - profileDir: profiles/
13:07:04.859 [FXGL Background Thread 3 ] DEBUG Engine               - profileName: StringProperty [value: DEFAULT]
13:07:04.859 [FXGL Background Thread 3 ] DEBUG Engine               - randomSeed: -1
13:07:04.859 [FXGL Background Thread 3 ] DEBUG Engine               - runtimeInfo: RuntimeInfo(platform=WINDOWS, version=17.1, build=24.03.2022 17.34)
13:07:04.859 [FXGL Background Thread 3 ] DEBUG Engine               - saveFileExt: sav
13:07:04.859 [FXGL Background Thread 3 ] DEBUG Engine               - scaledHeightProp$fxgl: DoubleProperty [bound, value: 600.0]
13:07:04.859 [FXGL Background Thread 3 ] DEBUG Engine               - scaledWidthProp$fxgl: DoubleProperty [bound, value: 800.0]
13:07:04.859 [FXGL Background Thread 3 ] DEBUG Engine               - sceneFactory: com.almasb.fxgl.app.scene.SceneFactory@3d09efd2
13:07:04.859 [FXGL Background Thread 3 ] DEBUG Engine               - secondsIn24h: 60
13:07:04.860 [FXGL Background Thread 3 ] DEBUG Engine               - soundMenuBack: menu/back.wav
13:07:04.860 [FXGL Background Thread 3 ] DEBUG Engine               - soundMenuPress: menu/press.wav
13:07:04.860 [FXGL Background Thread 3 ] DEBUG Engine               - soundMenuSelect: menu/select.wav
13:07:04.860 [FXGL Background Thread 3 ] DEBUG Engine               - soundNotification: core/notification.wav
13:07:04.860 [FXGL Background Thread 3 ] DEBUG Engine               - stageStyle: DECORATED
13:07:04.860 [FXGL Background Thread 3 ] DEBUG Engine               - supportedLanguages: [ENGLISH, FRENCH, GERMAN, HUNGARIAN, RUSSIAN]
13:07:04.860 [FXGL Background Thread 3 ] DEBUG Engine               - ticksPerSecond: -1
13:07:04.860 [FXGL Background Thread 3 ] DEBUG Engine               - title: Teachers vs Students
13:07:04.860 [FXGL Background Thread 3 ] DEBUG Engine               - urlGithub: https://github.com/AlmasB/FXGL
13:07:04.860 [FXGL Background Thread 3 ] DEBUG Engine               - urlLeaderboard: http://fxgl-top.herokuapp.com/
13:07:04.860 [FXGL Background Thread 3 ] DEBUG Engine               - urlPOM: https://raw.githubusercontent.com/AlmasB/FXGL/release/README.md
13:07:04.860 [FXGL Background Thread 3 ] DEBUG Engine               - userAppClass: class org.hsleiden.challengeweek.docenten_vs_studenten.Game
13:07:04.860 [FXGL Background Thread 3 ] DEBUG Engine               - version: 0.0
13:07:04.860 [FXGL Background Thread 3 ] DEBUG Engine               - versionCheckDays: 7
13:07:04.860 [FXGL Background Thread 3 ] DEBUG Engine               - width: 800
13:07:04.860 [FXGL Background Thread 3 ] DEBUG Engine               - Logging services
13:07:04.860 [FXGL Background Thread 3 ] DEBUG Engine               - class com.almasb.fxgl.app.services.FXGLAssetLoaderService
13:07:04.860 [FXGL Background Thread 3 ] DEBUG Engine               - class com.almasb.fxgl.app.FXGLApplication$GameApplicationService
13:07:04.860 [FXGL Background Thread 3 ] DEBUG Engine               - class com.almasb.fxgl.app.services.FXGLDialogService
13:07:04.860 [FXGL Background Thread 3 ] DEBUG Engine               - class com.almasb.fxgl.app.services.IOTaskExecutorService
13:07:04.860 [FXGL Background Thread 3 ] DEBUG Engine               - class com.almasb.fxgl.io.FileSystemService
13:07:04.860 [FXGL Background Thread 3 ] DEBUG Engine               - class com.almasb.fxgl.localization.LocalizationService
13:07:04.860 [FXGL Background Thread 3 ] DEBUG Engine               - class com.almasb.fxgl.app.services.SystemBundleService
13:07:04.860 [FXGL Background Thread 3 ] DEBUG Engine               - class com.almasb.fxgl.profile.SaveLoadService
13:07:04.860 [FXGL Background Thread 3 ] DEBUG Engine               - class com.almasb.fxgl.ui.FXGLUIFactoryServiceProvider
13:07:04.860 [FXGL Background Thread 3 ] DEBUG Engine               - class com.almasb.fxgl.ui.FXGLDialogFactoryServiceProvider
13:07:04.861 [FXGL Background Thread 3 ] DEBUG Engine               - class com.almasb.fxgl.audio.AudioPlayer
13:07:04.861 [FXGL Background Thread 3 ] DEBUG Engine               - class com.almasb.fxgl.notification.impl.NotificationServiceProvider
13:07:04.861 [FXGL Background Thread 3 ] DEBUG Engine               - class com.almasb.fxgl.achievement.AchievementService
13:07:04.861 [FXGL Background Thread 3 ] DEBUG Engine               - class com.almasb.fxgl.cutscene.CutsceneService
13:07:04.861 [FXGL Background Thread 3 ] DEBUG Engine               - class com.almasb.fxgl.minigames.MiniGameService
13:07:04.861 [FXGL Background Thread 3 ] DEBUG Engine               - class com.almasb.fxgl.net.NetService
13:07:04.861 [FXGL Background Thread 3 ] DEBUG Engine               - class com.almasb.fxgl.app.services.UpdaterService
13:07:04.861 [FXGL Background Thread 3 ] DEBUG Engine               - class com.almasb.fxgl.dev.DevService
13:07:07.054 [JavaFX Application Thread] DEBUG FXGLApplication      - Exiting FXGL
13:07:07.054 [JavaFX Application Thread] DEBUG LoopRunner           - Stopping loop
13:07:07.054 [JavaFX Application Thread] DEBUG SystemBundleService  - Saving FXGL system data
13:07:07.056 [JavaFX Application Thread] DEBUG FileSystemAccess     - Writing to: C:\Users\Daniel\IdeaProjects\IPOSE_challengeweek\system\fxgl.bundle
13:07:07.058 [JavaFX Application Thread] DEBUG Async                - Shutting down background threads
13:07:07.059 [JavaFX Application Thread] DEBUG PrimaryStageWindow   - Closing main window
13:07:07.071 [JavaFX Application Thread] DEBUG Logger               - Closing Logger
