22:43:58.433 [main                     ] DEBUG Logger               - Configured Logger
22:43:58.474 [main                     ] DEBUG GameApplication      - Logging settings
Title: Teachers vs Students
Version: 0.0
Width: 800
Height: 600
Fullscreen: false
Intro: false
Profiling: false
Single step:false
App Mode: DEVELOPER
Menu Key: ESCAPE
Stage Style: DECORATED
Scene Factory: class com.almasb.fxgl.app.scene.SceneFactory

22:43:58.925 [JavaFX Application Thread] DEBUG FXGLApplication      - Initializing FXGL
22:43:58.932 [JavaFX Application Thread] INFO  Engine               - FXGL-17.1 (24.03.2022 17.34) on WINDOWS (J:19.0.1 FX:19-ea)
22:43:58.933 [JavaFX Application Thread] DEBUG Engine               - JRE Vendor Name: Oracle Corporation
22:43:58.934 [JavaFX Application Thread] DEBUG Engine               - Running on OS: Windows 11 version 10.0
22:43:58.934 [JavaFX Application Thread] DEBUG Engine               - Architecture: amd64
22:43:58.934 [JavaFX Application Thread] INFO  Engine               - Source code and latest versions at: https://github.com/AlmasB/FXGL
22:43:58.934 [JavaFX Application Thread] INFO  Engine               -       Ask questions and discuss at: https://github.com/AlmasB/FXGL/discussions
22:43:58.935 [JavaFX Application Thread] INFO  Engine               -              Join the FXGL chat at: https://gitter.im/AlmasB/FXGL
22:43:59.074 [JavaFX Application Thread] DEBUG PrimaryStageWindow   - Creating a JavaFX scene
22:43:59.129 [JavaFX Application Thread] DEBUG PrimaryStageWindow   - Target settings size: 800.0 x 600.0
22:43:59.130 [JavaFX Application Thread] DEBUG PrimaryStageWindow   - Scaled scene size:    800.0 x 600.0
22:43:59.130 [JavaFX Application Thread] DEBUG PrimaryStageWindow   - Scaled ratio: (1.0, 1.0)
22:43:59.131 [JavaFX Application Thread] DEBUG PrimaryStageWindow   - Set initial scene to FXGLStartupScene
22:43:59.143 [JavaFX Application Thread] DEBUG PrimaryStageWindow   - Opening main window
22:43:59.241 [JavaFX Application Thread] DEBUG PrimaryStageWindow   - Window border size: (14.4000244140625, 37.5999755859375)
22:43:59.241 [JavaFX Application Thread] DEBUG PrimaryStageWindow   - Scaled size: 800.0 x 600.0
22:43:59.241 [JavaFX Application Thread] DEBUG PrimaryStageWindow   - Scaled ratio: (1.0, 1.0)
22:43:59.241 [JavaFX Application Thread] DEBUG PrimaryStageWindow   - Scene size: 800.0 x 600.0
22:43:59.242 [JavaFX Application Thread] DEBUG PrimaryStageWindow   - Stage size: 814.4000244140625 x 637.5999755859375
22:43:59.255 [FXGL Background Thread 1 ] DEBUG Engine               - Initializing environment variables
22:43:59.324 [FXGL Background Thread 1 ] DEBUG FXGLAssetLoaderServi - User app class for loading assets: class org.hsleiden.challengeweek.docenten_vs_studenten.Game
22:43:59.325 [FXGL Background Thread 1 ] DEBUG GameApplicationServi - Applying CSS: fxgl_dark.css
22:43:59.326 [FXGL Background Thread 1 ] DEBUG FXGLAssetLoaderServi - Loading from file system: jar:file:///C:/Users/Daniel/.m2/repository/com/github/almasb/fxgl/17.1/fxgl-17.1.jar!/fxglassets/ui/css/fxgl_dark.css
22:43:59.387 [FXGL Background Thread 1 ] DEBUG GameApplicationServi - Initializing application scenes
22:43:59.444 [FXGL Background Thread 1 ] DEBUG GameWorld            - Game world initialized
22:43:59.541 [FXGL Background Thread 1 ] DEBUG PhysicsWorld         - Physics world initialized: appHeight=600, physics.ppm=50,0
22:43:59.542 [FXGL Background Thread 1 ] DEBUG PhysicsWorld         - Using strategy: BRUTE_FORCE
22:43:59.547 [FXGL Background Thread 1 ] DEBUG GameScene            - Game scene initialized: 800x600
22:43:59.563 [FXGL Background Thread 1 ] DEBUG FXGL.DefaultMenu     - createMenuBodyGameMenu()
22:43:59.580 [FXGL Background Thread 1 ] DEBUG FXGL.DefaultMenu     - createOptionsMenu()
22:43:59.594 [FXGL Background Thread 1 ] DEBUG FXGLAssetLoaderServi - Loading from file system: jar:file:///C:/Users/Daniel/.m2/repository/com/github/almasb/fxgl/17.1/fxgl-17.1.jar!/fxglassets/textures/particles/smoke.png
22:43:59.711 [FXGL Background Thread 1 ] DEBUG FXGLAssetLoaderServi - Loading from file system: jar:file:///C:/Users/Daniel/.m2/repository/com/github/almasb/fxgl/17.1/fxgl-17.1.jar!/fxglassets/textures/particles/trace_horizontal.png
22:43:59.749 [FXGL Background Thread 1 ] DEBUG GameApplicationServi - Application scenes initialized
22:43:59.768 [FXGL Background Thread 1 ] DEBUG SystemBundleService  - Loading FXGL system data
22:43:59.773 [FXGL Background Thread 1 ] DEBUG FileSystemAccess     - Reading from: C:\Users\Daniel\IdeaProjects\IPOSE_challengeweek\system\fxgl.bundle
22:43:59.785 [FXGL Background Thread 1 ] DEBUG SystemBundleService  - Bundle FXGL: {}
22:43:59.786 [FXGL Background Thread 1 ] DEBUG UpdaterService       - Checking for updates
22:43:59.791 [FXGL Background Thread 4 ] DEBUG FXGLApplication      - Loading fonts
22:43:59.792 [FXGL Background Thread 1 ] DEBUG FXGLApplication      - Loading default localization
22:43:59.792 [FXGL Background Thread 4 ] DEBUG FXGLAssetLoaderServi - Loading from file system: jar:file:///C:/Users/Daniel/.m2/repository/com/github/almasb/fxgl/17.1/fxgl-17.1.jar!/fxglassets/ui/fonts/VarelaRound-Regular.ttf
22:43:59.794 [FXGL Background Thread 1 ] DEBUG FXGLAssetLoaderServi - Loading from file system: jar:file:///C:/Users/Daniel/.m2/repository/com/github/almasb/fxgl/17.1/fxgl-17.1.jar!/fxglassets/languages/english.lang
22:43:59.823 [FXGL Background Thread 1 ] INFO  FXGLApplication      - FXGL initialization took: 0,567 sec
22:43:59.840 [JavaFX Application Thread] DEBUG Input                - Registered new binding: action0 - D
22:43:59.841 [JavaFX Application Thread] DEBUG Input                - Registered new binding: action1 - A
22:43:59.841 [JavaFX Application Thread] DEBUG Input                - Registered new binding: action2 - W
22:43:59.842 [JavaFX Application Thread] DEBUG Input                - Registered new binding: action3 - S
22:43:59.843 [JavaFX Application Thread] DEBUG FXGLAssetLoaderServi - Loading from file system: jar:file:///C:/Users/Daniel/.m2/repository/com/github/almasb/fxgl/17.1/fxgl-17.1.jar!/fxglassets/textures/fxgl_icon.png
22:43:59.872 [JavaFX Application Thread] DEBUG FXGLAssetLoaderServi - Loading from file system: jar:file:///C:/Users/Daniel/.m2/repository/com/github/almasb/fxgl/17.1/fxgl-17.1.jar!/fxglassets/textures/fxgl_default_cursor.png
22:43:59.877 [JavaFX Application Thread] DEBUG Input                - Registered new binding: Screenshot - CTRL+8
22:43:59.879 [JavaFX Application Thread] DEBUG Input                - Registered new binding: System info dump - CTRL+9
22:43:59.880 [JavaFX Application Thread] DEBUG Input                - Registered new binding: Restart - CTRL+R
22:43:59.881 [JavaFX Application Thread] DEBUG Input                - Registered new binding: Toggle Debug Camera - CTRL+7
22:43:59.882 [FXGL Background Thread 4 ] DEBUG FXGLAssetLoaderServi - Loading from file system: jar:file:///C:/Users/Daniel/.m2/repository/com/github/almasb/fxgl/17.1/fxgl-17.1.jar!/fxglassets/ui/fonts/Abel-Regular.ttf
22:43:59.885 [JavaFX Application Thread] DEBUG LoopRunner           - Starting loop
22:43:59.885 [JavaFX Application Thread] DEBUG LoopRunner           - Initializing JavaFX AnimationTimerLoop
22:43:59.887 [JavaFX Application Thread] DEBUG GameApplicationServi - Starting new game
22:43:59.888 [JavaFX Application Thread] DEBUG Input                - Clearing active input actions
22:43:59.888 [FXGL Background Thread 4 ] DEBUG FXGLAssetLoaderServi - Loading from file system: jar:file:///C:/Users/Daniel/.m2/repository/com/github/almasb/fxgl/17.1/fxgl-17.1.jar!/fxglassets/ui/fonts/TerminalLandMono-Regular.otf
22:43:59.897 [FXGL Background Thread 4 ] DEBUG FXGLAssetLoaderServi - Loading from file system: jar:file:///C:/Users/Daniel/.m2/repository/com/github/almasb/fxgl/17.1/fxgl-17.1.jar!/fxglassets/ui/fonts/Courier-Prime.ttf
22:43:59.915 [JavaFX Application Thread] DEBUG GameApplicationServi - Removing overlay from FXGLStartupScene and adding to FXGLLoadingScene
22:43:59.916 [JavaFX Application Thread] DEBUG PrimaryStageWindow   - FXGLStartupScene -> FXGLLoadingScene
22:43:59.916 [JavaFX Application Thread] DEBUG GameApplicationServi - Clearing previous game
22:43:59.917 [JavaFX Application Thread] DEBUG GameScene            - Clearing game scene
22:43:59.917 [JavaFX Application Thread] DEBUG GameWorld            - Clearing game world
22:43:59.917 [JavaFX Application Thread] DEBUG PhysicsWorld         - Clearing physics world
22:43:59.921 [FXGL Background Thread 4 ] DEBUG FXGLApplication      - Initializing game
22:43:59.997 [JavaFX Application Thread] DEBUG FXGLApplication      - Registering font factories with UI factory
22:44:00.003 [FXGL Background Thread 4 ] INFO  FXGLApplication      - Game initialization took: 0,082 sec
22:44:00.088 [JavaFX Application Thread] DEBUG Input                - Clearing active input actions
22:44:00.101 [JavaFX Application Thread] DEBUG GameApplicationServi - Removing overlay from FXGLLoadingScene and adding to GameScene
22:44:00.102 [JavaFX Application Thread] DEBUG PrimaryStageWindow   - FXGLLoadingScene -> GameScene
22:44:01.610 [FXGL Background Thread 2 ] INFO  UpdaterService       - Your current version:  17.1
22:44:01.611 [FXGL Background Thread 2 ] INFO  UpdaterService       - Latest stable version: 17.3
22:44:02.790 [FXGL Background Thread 3 ] DEBUG Engine               - Logging environment variables
22:44:02.791 [FXGL Background Thread 3 ] DEBUG Engine               - achievements: []
22:44:02.791 [FXGL Background Thread 3 ] DEBUG Engine               - actualHeight: 600.0
22:44:02.791 [FXGL Background Thread 3 ] DEBUG Engine               - actualHeightProperty: ReadOnlyDoubleProperty [value: 600.0]
22:44:02.792 [FXGL Background Thread 3 ] DEBUG Engine               - actualWidth: 800.0
22:44:02.792 [FXGL Background Thread 3 ] DEBUG Engine               - actualWidthProperty: ReadOnlyDoubleProperty [value: 800.0]
22:44:02.792 [FXGL Background Thread 3 ] DEBUG Engine               - appIcon: fxgl_icon.png
22:44:02.792 [FXGL Background Thread 3 ] DEBUG Engine               - applicationMode: DEVELOPER
22:44:02.793 [FXGL Background Thread 3 ] DEBUG Engine               - cSSList: [fxgl_dark.css]
22:44:02.793 [FXGL Background Thread 3 ] DEBUG Engine               - collisionDetectionStrategy: BRUTE_FORCE
22:44:02.793 [FXGL Background Thread 3 ] DEBUG Engine               - configClass: Optional.empty
22:44:02.793 [FXGL Background Thread 3 ] DEBUG Engine               - credits: []
22:44:02.795 [FXGL Background Thread 3 ] DEBUG Engine               - defaultCursor: CursorInfo(imageName=fxgl_default_cursor.png, hotspotX=7.0, hotspotY=6.0)
22:44:02.796 [FXGL Background Thread 3 ] DEBUG Engine               - devBBoxColorProperty: ObjectProperty [value: 0xff0000ff]
22:44:02.796 [FXGL Background Thread 3 ] DEBUG Engine               - devEnableDebugCameraProperty: BooleanProperty [value: false]
22:44:02.796 [FXGL Background Thread 3 ] DEBUG Engine               - devSensorColorProperty: ObjectProperty [value: 0xffff00ff]
22:44:02.796 [FXGL Background Thread 3 ] DEBUG Engine               - devShowBBoxProperty: BooleanProperty [value: false]
22:44:02.796 [FXGL Background Thread 3 ] DEBUG Engine               - devShowPositionProperty: BooleanProperty [value: false]
22:44:02.796 [FXGL Background Thread 3 ] DEBUG Engine               - enabledMenuItems: []
22:44:02.796 [FXGL Background Thread 3 ] DEBUG Engine               - engineServices: [class com.almasb.fxgl.app.services.FXGLAssetLoaderService, class com.almasb.fxgl.app.FXGLApplication$GameApplicationService, class com.almasb.fxgl.app.services.FXGLDialogService, class com.almasb.fxgl.app.services.IOTaskExecutorService, class com.almasb.fxgl.io.FileSystemService, class com.almasb.fxgl.localization.LocalizationService, class com.almasb.fxgl.app.services.SystemBundleService, class com.almasb.fxgl.profile.SaveLoadService, class com.almasb.fxgl.ui.FXGLUIFactoryServiceProvider, class com.almasb.fxgl.ui.FXGLDialogFactoryServiceProvider, class com.almasb.fxgl.audio.AudioPlayer, class com.almasb.fxgl.notification.impl.NotificationServiceProvider, class com.almasb.fxgl.achievement.AchievementService, class com.almasb.fxgl.cutscene.CutsceneService, class com.almasb.fxgl.minigames.MiniGameService, class com.almasb.fxgl.net.NetService, class com.almasb.fxgl.app.services.UpdaterService, class com.almasb.fxgl.dev.DevService]
22:44:02.797 [FXGL Background Thread 3 ] DEBUG Engine               - fontGame: Abel-Regular.ttf
22:44:02.797 [FXGL Background Thread 3 ] DEBUG Engine               - fontMono: TerminalLandMono-Regular.otf
22:44:02.797 [FXGL Background Thread 3 ] DEBUG Engine               - fontText: Courier-Prime.ttf
22:44:02.797 [FXGL Background Thread 3 ] DEBUG Engine               - fontUI: VarelaRound-Regular.ttf
22:44:02.797 [FXGL Background Thread 3 ] DEBUG Engine               - fullScreen: BooleanProperty [value: false]
22:44:02.797 [FXGL Background Thread 3 ] DEBUG Engine               - gameDifficulty: MEDIUM
22:44:02.797 [FXGL Background Thread 3 ] DEBUG Engine               - gameDifficultyProperty: ObjectProperty [value: MEDIUM]
22:44:02.798 [FXGL Background Thread 3 ] DEBUG Engine               - globalMusicVolume: 0.5
22:44:02.798 [FXGL Background Thread 3 ] DEBUG Engine               - globalMusicVolumeProperty: DoubleProperty [value: 0.5]
22:44:02.798 [FXGL Background Thread 3 ] DEBUG Engine               - globalSoundVolume: 0.5
22:44:02.798 [FXGL Background Thread 3 ] DEBUG Engine               - globalSoundVolumeProperty: DoubleProperty [value: 0.5]
22:44:02.798 [FXGL Background Thread 3 ] DEBUG Engine               - height: 600
22:44:02.798 [FXGL Background Thread 3 ] DEBUG Engine               - is3D: false
22:44:02.798 [FXGL Background Thread 3 ] DEBUG Engine               - isAndroid: false
22:44:02.798 [FXGL Background Thread 3 ] DEBUG Engine               - isBrowser: false
22:44:02.798 [FXGL Background Thread 3 ] DEBUG Engine               - isClickFeedbackEnabled: false
22:44:02.798 [FXGL Background Thread 3 ] DEBUG Engine               - isCloseConfirmation: false
22:44:02.799 [FXGL Background Thread 3 ] DEBUG Engine               - isDesktop: true
22:44:02.799 [FXGL Background Thread 3 ] DEBUG Engine               - isDeveloperMenuEnabled: false
22:44:02.799 [FXGL Background Thread 3 ] DEBUG Engine               - isEmbedded: false
22:44:02.799 [FXGL Background Thread 3 ] DEBUG Engine               - isEntityPreloadEnabled: true
22:44:02.799 [FXGL Background Thread 3 ] DEBUG Engine               - isExperimentalTiledLargeMap: false
22:44:02.799 [FXGL Background Thread 3 ] DEBUG Engine               - isFileSystemWriteAllowed: true
22:44:02.799 [FXGL Background Thread 3 ] DEBUG Engine               - isFullScreenAllowed: false
22:44:02.799 [FXGL Background Thread 3 ] DEBUG Engine               - isFullScreenFromStart: false
22:44:02.799 [FXGL Background Thread 3 ] DEBUG Engine               - isGameMenuEnabled: true
22:44:02.799 [FXGL Background Thread 3 ] DEBUG Engine               - isIOS: false
22:44:02.799 [FXGL Background Thread 3 ] DEBUG Engine               - isIntroEnabled: false
22:44:02.800 [FXGL Background Thread 3 ] DEBUG Engine               - isLinux: false
22:44:02.800 [FXGL Background Thread 3 ] DEBUG Engine               - isMac: false
22:44:02.800 [FXGL Background Thread 3 ] DEBUG Engine               - isMainMenuEnabled: false
22:44:02.800 [FXGL Background Thread 3 ] DEBUG Engine               - isManualResizeEnabled: false
22:44:02.800 [FXGL Background Thread 3 ] DEBUG Engine               - isMobile: false
22:44:02.800 [FXGL Background Thread 3 ] DEBUG Engine               - isNative: false
22:44:02.800 [FXGL Background Thread 3 ] DEBUG Engine               - isPauseMusicWhenMinimized: true
22:44:02.800 [FXGL Background Thread 3 ] DEBUG Engine               - isPreserveResizeRatio: false
22:44:02.800 [FXGL Background Thread 3 ] DEBUG Engine               - isProfilingEnabled: false
22:44:02.801 [FXGL Background Thread 3 ] DEBUG Engine               - isScaleAffectedOnResize: true
22:44:02.801 [FXGL Background Thread 3 ] DEBUG Engine               - isSingleStep: false
22:44:02.802 [FXGL Background Thread 3 ] DEBUG Engine               - isUserProfileEnabled: false
22:44:02.802 [FXGL Background Thread 3 ] DEBUG Engine               - isWindows: true
22:44:02.802 [FXGL Background Thread 3 ] DEBUG Engine               - language: ObjectProperty [value: ENGLISH]
22:44:02.802 [FXGL Background Thread 3 ] DEBUG Engine               - menuKey: ESCAPE
22:44:02.802 [FXGL Background Thread 3 ] DEBUG Engine               - mouseSensitivity: 0.2
22:44:02.802 [FXGL Background Thread 3 ] DEBUG Engine               - notificationViewClass: class com.almasb.fxgl.notification.view.XboxNotificationView
22:44:02.802 [FXGL Background Thread 3 ] DEBUG Engine               - pixelsPerMeter: 50.0
22:44:02.802 [FXGL Background Thread 3 ] DEBUG Engine               - platform: WINDOWS
22:44:02.802 [FXGL Background Thread 3 ] DEBUG Engine               - prefHeightProperty: ReadOnlyDoubleProperty [value: 600.0]
22:44:02.802 [FXGL Background Thread 3 ] DEBUG Engine               - prefWidthProperty: ReadOnlyDoubleProperty [value: 800.0]
22:44:02.802 [FXGL Background Thread 3 ] DEBUG Engine               - profileDir: profiles/
22:44:02.802 [FXGL Background Thread 3 ] DEBUG Engine               - profileName: StringProperty [value: DEFAULT]
22:44:02.802 [FXGL Background Thread 3 ] DEBUG Engine               - randomSeed: -1
22:44:02.803 [FXGL Background Thread 3 ] DEBUG Engine               - runtimeInfo: RuntimeInfo(platform=WINDOWS, version=17.1, build=24.03.2022 17.34)
22:44:02.803 [FXGL Background Thread 3 ] DEBUG Engine               - saveFileExt: sav
22:44:02.803 [FXGL Background Thread 3 ] DEBUG Engine               - scaledHeightProp$fxgl: DoubleProperty [bound, value: 600.0]
22:44:02.803 [FXGL Background Thread 3 ] DEBUG Engine               - scaledWidthProp$fxgl: DoubleProperty [bound, value: 800.0]
22:44:02.803 [FXGL Background Thread 3 ] DEBUG Engine               - sceneFactory: com.almasb.fxgl.app.scene.SceneFactory@48de6b1f
22:44:02.804 [FXGL Background Thread 3 ] DEBUG Engine               - secondsIn24h: 60
22:44:02.804 [FXGL Background Thread 3 ] DEBUG Engine               - soundMenuBack: menu/back.wav
22:44:02.804 [FXGL Background Thread 3 ] DEBUG Engine               - soundMenuPress: menu/press.wav
22:44:02.804 [FXGL Background Thread 3 ] DEBUG Engine               - soundMenuSelect: menu/select.wav
22:44:02.804 [FXGL Background Thread 3 ] DEBUG Engine               - soundNotification: core/notification.wav
22:44:02.804 [FXGL Background Thread 3 ] DEBUG Engine               - stageStyle: DECORATED
22:44:02.804 [FXGL Background Thread 3 ] DEBUG Engine               - supportedLanguages: [ENGLISH, FRENCH, GERMAN, HUNGARIAN, RUSSIAN]
22:44:02.804 [FXGL Background Thread 3 ] DEBUG Engine               - ticksPerSecond: -1
22:44:02.804 [FXGL Background Thread 3 ] DEBUG Engine               - title: Teachers vs Students
22:44:02.804 [FXGL Background Thread 3 ] DEBUG Engine               - urlGithub: https://github.com/AlmasB/FXGL
22:44:02.804 [FXGL Background Thread 3 ] DEBUG Engine               - urlLeaderboard: http://fxgl-top.herokuapp.com/
22:44:02.804 [FXGL Background Thread 3 ] DEBUG Engine               - urlPOM: https://raw.githubusercontent.com/AlmasB/FXGL/release/README.md
22:44:02.804 [FXGL Background Thread 3 ] DEBUG Engine               - userAppClass: class org.hsleiden.challengeweek.docenten_vs_studenten.Game
22:44:02.804 [FXGL Background Thread 3 ] DEBUG Engine               - version: 0.0
22:44:02.804 [FXGL Background Thread 3 ] DEBUG Engine               - versionCheckDays: 7
22:44:02.804 [FXGL Background Thread 3 ] DEBUG Engine               - width: 800
22:44:02.804 [FXGL Background Thread 3 ] DEBUG Engine               - Logging services
22:44:02.805 [FXGL Background Thread 3 ] DEBUG Engine               - class com.almasb.fxgl.app.services.FXGLAssetLoaderService
22:44:02.805 [FXGL Background Thread 3 ] DEBUG Engine               - class com.almasb.fxgl.app.FXGLApplication$GameApplicationService
22:44:02.805 [FXGL Background Thread 3 ] DEBUG Engine               - class com.almasb.fxgl.app.services.FXGLDialogService
22:44:02.805 [FXGL Background Thread 3 ] DEBUG Engine               - class com.almasb.fxgl.app.services.IOTaskExecutorService
22:44:02.805 [FXGL Background Thread 3 ] DEBUG Engine               - class com.almasb.fxgl.io.FileSystemService
22:44:02.805 [FXGL Background Thread 3 ] DEBUG Engine               - class com.almasb.fxgl.localization.LocalizationService
22:44:02.805 [FXGL Background Thread 3 ] DEBUG Engine               - class com.almasb.fxgl.app.services.SystemBundleService
22:44:02.805 [FXGL Background Thread 3 ] DEBUG Engine               - class com.almasb.fxgl.profile.SaveLoadService
22:44:02.805 [FXGL Background Thread 3 ] DEBUG Engine               - class com.almasb.fxgl.ui.FXGLUIFactoryServiceProvider
22:44:02.805 [FXGL Background Thread 3 ] DEBUG Engine               - class com.almasb.fxgl.ui.FXGLDialogFactoryServiceProvider
22:44:02.805 [FXGL Background Thread 3 ] DEBUG Engine               - class com.almasb.fxgl.audio.AudioPlayer
22:44:02.805 [FXGL Background Thread 3 ] DEBUG Engine               - class com.almasb.fxgl.notification.impl.NotificationServiceProvider
22:44:02.805 [FXGL Background Thread 3 ] DEBUG Engine               - class com.almasb.fxgl.achievement.AchievementService
22:44:02.805 [FXGL Background Thread 3 ] DEBUG Engine               - class com.almasb.fxgl.cutscene.CutsceneService
22:44:02.806 [FXGL Background Thread 3 ] DEBUG Engine               - class com.almasb.fxgl.minigames.MiniGameService
22:44:02.806 [FXGL Background Thread 3 ] DEBUG Engine               - class com.almasb.fxgl.net.NetService
22:44:02.806 [FXGL Background Thread 3 ] DEBUG Engine               - class com.almasb.fxgl.app.services.UpdaterService
22:44:02.806 [FXGL Background Thread 3 ] DEBUG Engine               - class com.almasb.fxgl.dev.DevService
22:44:32.592 [JavaFX Application Thread] DEBUG LoopRunner           - Pausing loop
22:44:34.126 [JavaFX Application Thread] DEBUG LoopRunner           - Resuming loop
22:44:37.554 [JavaFX Application Thread] DEBUG FXGLApplication      - Exiting FXGL
22:44:37.554 [JavaFX Application Thread] DEBUG LoopRunner           - Stopping loop
22:44:37.554 [JavaFX Application Thread] DEBUG SystemBundleService  - Saving FXGL system data
22:44:37.557 [JavaFX Application Thread] DEBUG FileSystemAccess     - Writing to: C:\Users\Daniel\IdeaProjects\IPOSE_challengeweek\system\fxgl.bundle
22:44:37.561 [JavaFX Application Thread] DEBUG Async                - Shutting down background threads
22:44:37.561 [JavaFX Application Thread] DEBUG PrimaryStageWindow   - Closing main window
22:44:37.582 [JavaFX Application Thread] DEBUG Logger               - Closing Logger
