11:27:47.841 [main                     ] DEBUG Logger               - Configured Logger
11:27:47.868 [main                     ] DEBUG GameApplication      - Logging settings
Title: Teachers vs Students
Version: 0.0
Width: 800
Height: 600
Fullscreen: false
Intro: false
Profiling: false
Single step:false
App Mode: DEVELOPER
Menu Key: ESCAPE
Stage Style: DECORATED
Scene Factory: class com.almasb.fxgl.app.scene.SceneFactory

11:27:48.144 [JavaFX Application Thread] DEBUG FXGLApplication      - Initializing FXGL
11:27:48.148 [JavaFX Application Thread] INFO  Engine               - FXGL-17.1 (24.03.2022 17.34) on WINDOWS (J:19.0.1 FX:19-ea)
11:27:48.149 [JavaFX Application Thread] DEBUG Engine               - JRE Vendor Name: Oracle Corporation
11:27:48.149 [JavaFX Application Thread] DEBUG Engine               - Running on OS: Windows 11 version 10.0
11:27:48.149 [JavaFX Application Thread] DEBUG Engine               - Architecture: amd64
11:27:48.149 [JavaFX Application Thread] INFO  Engine               - Source code and latest versions at: https://github.com/AlmasB/FXGL
11:27:48.149 [JavaFX Application Thread] INFO  Engine               -       Ask questions and discuss at: https://github.com/AlmasB/FXGL/discussions
11:27:48.149 [JavaFX Application Thread] INFO  Engine               -              Join the FXGL chat at: https://gitter.im/AlmasB/FXGL
11:27:48.210 [JavaFX Application Thread] DEBUG PrimaryStageWindow   - Creating a JavaFX scene
11:27:48.247 [JavaFX Application Thread] DEBUG PrimaryStageWindow   - Target settings size: 800.0 x 600.0
11:27:48.247 [JavaFX Application Thread] DEBUG PrimaryStageWindow   - Scaled scene size:    800.0 x 600.0
11:27:48.247 [JavaFX Application Thread] DEBUG PrimaryStageWindow   - Scaled ratio: (1.0, 1.0)
11:27:48.248 [JavaFX Application Thread] DEBUG PrimaryStageWindow   - Set initial scene to FXGLStartupScene
11:27:48.253 [JavaFX Application Thread] DEBUG PrimaryStageWindow   - Opening main window
11:27:48.312 [JavaFX Application Thread] DEBUG PrimaryStageWindow   - Window border size: (14.4000244140625, 37.5999755859375)
11:27:48.312 [JavaFX Application Thread] DEBUG PrimaryStageWindow   - Scaled size: 800.0 x 600.0
11:27:48.312 [JavaFX Application Thread] DEBUG PrimaryStageWindow   - Scaled ratio: (1.0, 1.0)
11:27:48.313 [JavaFX Application Thread] DEBUG PrimaryStageWindow   - Scene size: 800.0 x 600.0
11:27:48.313 [JavaFX Application Thread] DEBUG PrimaryStageWindow   - Stage size: 814.4000244140625 x 637.5999755859375
11:27:48.319 [FXGL Background Thread 1 ] DEBUG Engine               - Initializing environment variables
11:27:48.365 [FXGL Background Thread 1 ] DEBUG FXGLAssetLoaderServi - User app class for loading assets: class org.hsleiden.challengeweek.docenten_vs_studenten.Game
11:27:48.365 [FXGL Background Thread 1 ] DEBUG GameApplicationServi - Applying CSS: fxgl_dark.css
11:27:48.366 [FXGL Background Thread 1 ] DEBUG FXGLAssetLoaderServi - Loading from file system: jar:file:///C:/Users/Daniel/.m2/repository/com/github/almasb/fxgl/17.1/fxgl-17.1.jar!/fxglassets/ui/css/fxgl_dark.css
11:27:48.402 [FXGL Background Thread 1 ] DEBUG GameApplicationServi - Initializing application scenes
11:27:48.438 [FXGL Background Thread 1 ] DEBUG GameWorld            - Game world initialized
11:27:48.499 [FXGL Background Thread 1 ] DEBUG PhysicsWorld         - Physics world initialized: appHeight=600, physics.ppm=50,0
11:27:48.500 [FXGL Background Thread 1 ] DEBUG PhysicsWorld         - Using strategy: BRUTE_FORCE
11:27:48.505 [FXGL Background Thread 1 ] DEBUG GameScene            - Game scene initialized: 800x600
11:27:48.515 [FXGL Background Thread 1 ] DEBUG FXGL.DefaultMenu     - createMenuBodyGameMenu()
11:27:48.527 [FXGL Background Thread 1 ] DEBUG FXGL.DefaultMenu     - createOptionsMenu()
11:27:48.536 [FXGL Background Thread 1 ] DEBUG FXGLAssetLoaderServi - Loading from file system: jar:file:///C:/Users/Daniel/.m2/repository/com/github/almasb/fxgl/17.1/fxgl-17.1.jar!/fxglassets/textures/particles/smoke.png
11:27:48.620 [FXGL Background Thread 1 ] DEBUG FXGLAssetLoaderServi - Loading from file system: jar:file:///C:/Users/Daniel/.m2/repository/com/github/almasb/fxgl/17.1/fxgl-17.1.jar!/fxglassets/textures/particles/trace_horizontal.png
11:27:48.646 [FXGL Background Thread 1 ] DEBUG GameApplicationServi - Application scenes initialized
11:27:48.665 [FXGL Background Thread 1 ] DEBUG SystemBundleService  - Loading FXGL system data
11:27:48.672 [FXGL Background Thread 1 ] DEBUG FileSystemAccess     - Reading from: C:\Users\Daniel\IdeaProjects\IPOSE_challengeweek\system\fxgl.bundle
11:27:48.683 [FXGL Background Thread 1 ] DEBUG SystemBundleService  - Bundle FXGL: {}
11:27:48.683 [FXGL Background Thread 1 ] DEBUG UpdaterService       - Checking for updates
11:27:48.690 [FXGL Background Thread 4 ] DEBUG FXGLApplication      - Loading fonts
11:27:48.690 [FXGL Background Thread 1 ] DEBUG FXGLApplication      - Loading default localization
11:27:48.690 [FXGL Background Thread 4 ] DEBUG FXGLAssetLoaderServi - Loading from file system: jar:file:///C:/Users/Daniel/.m2/repository/com/github/almasb/fxgl/17.1/fxgl-17.1.jar!/fxglassets/ui/fonts/VarelaRound-Regular.ttf
11:27:48.690 [FXGL Background Thread 1 ] DEBUG FXGLAssetLoaderServi - Loading from file system: jar:file:///C:/Users/Daniel/.m2/repository/com/github/almasb/fxgl/17.1/fxgl-17.1.jar!/fxglassets/languages/english.lang
11:27:48.712 [FXGL Background Thread 1 ] INFO  FXGLApplication      - FXGL initialization took: 0,392 sec
11:27:48.722 [JavaFX Application Thread] DEBUG Input                - Registered new binding: action0 - D
11:27:48.723 [JavaFX Application Thread] DEBUG Input                - Registered new binding: action1 - A
11:27:48.724 [JavaFX Application Thread] DEBUG Input                - Registered new binding: action2 - W
11:27:48.724 [JavaFX Application Thread] DEBUG Input                - Registered new binding: action3 - S
11:27:48.725 [JavaFX Application Thread] DEBUG FXGLAssetLoaderServi - Loading from file system: jar:file:///C:/Users/Daniel/.m2/repository/com/github/almasb/fxgl/17.1/fxgl-17.1.jar!/fxglassets/textures/fxgl_icon.png
11:27:48.742 [JavaFX Application Thread] DEBUG FXGLAssetLoaderServi - Loading from file system: jar:file:///C:/Users/Daniel/.m2/repository/com/github/almasb/fxgl/17.1/fxgl-17.1.jar!/fxglassets/textures/fxgl_default_cursor.png
11:27:48.744 [JavaFX Application Thread] DEBUG Input                - Registered new binding: Screenshot - CTRL+8
11:27:48.745 [JavaFX Application Thread] DEBUG Input                - Registered new binding: System info dump - CTRL+9
11:27:48.745 [JavaFX Application Thread] DEBUG Input                - Registered new binding: Restart - CTRL+R
11:27:48.746 [JavaFX Application Thread] DEBUG Input                - Registered new binding: Toggle Debug Camera - CTRL+7
11:27:48.748 [JavaFX Application Thread] DEBUG LoopRunner           - Starting loop
11:27:48.748 [JavaFX Application Thread] DEBUG LoopRunner           - Initializing JavaFX AnimationTimerLoop
11:27:48.748 [FXGL Background Thread 4 ] DEBUG FXGLAssetLoaderServi - Loading from file system: jar:file:///C:/Users/Daniel/.m2/repository/com/github/almasb/fxgl/17.1/fxgl-17.1.jar!/fxglassets/ui/fonts/Abel-Regular.ttf
11:27:48.750 [JavaFX Application Thread] DEBUG GameApplicationServi - Starting new game
11:27:48.750 [JavaFX Application Thread] DEBUG Input                - Clearing active input actions
11:27:48.754 [FXGL Background Thread 4 ] DEBUG FXGLAssetLoaderServi - Loading from file system: jar:file:///C:/Users/Daniel/.m2/repository/com/github/almasb/fxgl/17.1/fxgl-17.1.jar!/fxglassets/ui/fonts/TerminalLandMono-Regular.otf
11:27:48.761 [FXGL Background Thread 4 ] DEBUG FXGLAssetLoaderServi - Loading from file system: jar:file:///C:/Users/Daniel/.m2/repository/com/github/almasb/fxgl/17.1/fxgl-17.1.jar!/fxglassets/ui/fonts/Courier-Prime.ttf
11:27:48.767 [JavaFX Application Thread] DEBUG GameApplicationServi - Removing overlay from FXGLStartupScene and adding to FXGLLoadingScene
11:27:48.768 [JavaFX Application Thread] DEBUG PrimaryStageWindow   - FXGLStartupScene -> FXGLLoadingScene
11:27:48.768 [JavaFX Application Thread] DEBUG GameApplicationServi - Clearing previous game
11:27:48.769 [JavaFX Application Thread] DEBUG GameScene            - Clearing game scene
11:27:48.769 [JavaFX Application Thread] DEBUG GameWorld            - Clearing game world
11:27:48.769 [JavaFX Application Thread] DEBUG PhysicsWorld         - Clearing physics world
11:27:48.772 [FXGL Background Thread 1 ] DEBUG FXGLApplication      - Initializing game
11:27:48.802 [FXGL Background Thread 1 ] DEBUG FXGLAssetLoaderServi - Loading from file system: file:/C:/Users/Daniel/IdeaProjects/IPOSE_challengeweek/Docenten_vs_Studenten/target/classes/assets/textures/vincent_zombie.png
11:27:48.814 [JavaFX Application Thread] DEBUG FXGLApplication      - Registering font factories with UI factory
11:27:48.877 [JavaFX Application Thread] DEBUG LoopRunner           - Stopping loop
11:27:48.880 [JavaFX Application Thread] FATAL FXGLApplication      - Uncaught Exception:
java.lang.RuntimeException: Initialization failed
	at com.almasb.fxgl.all@17.1/com.almasb.fxgl.app.FXGLApplication$InitAppTask.failed(FXGLApplication.kt:343)
	at javafx.graphics@19-ea/javafx.concurrent.Task.setState(Task.java:710)
	at javafx.graphics@19-ea/javafx.concurrent.Task$TaskCallable.lambda$call$2(Task.java:1456)
	at javafx.graphics@19-ea/com.sun.javafx.application.PlatformImpl.lambda$runLater$10(PlatformImpl.java:457)
	at java.base/java.security.AccessController.doPrivileged(AccessController.java:399)
	at javafx.graphics@19-ea/com.sun.javafx.application.PlatformImpl.lambda$runLater$11(PlatformImpl.java:456)
	at javafx.graphics@19-ea/com.sun.glass.ui.InvokeLaterDispatcher$Future.run(InvokeLaterDispatcher.java:96)
	at javafx.graphics@19-ea/com.sun.glass.ui.win.WinApplication._runLoop(Native Method)
	at javafx.graphics@19-ea/com.sun.glass.ui.win.WinApplication.lambda$runLoop$3(WinApplication.java:184)
	at java.base/java.lang.Thread.run(Thread.java:1589)
Caused by: java.lang.NullPointerException: Cannot invoke "com.almasb.fxgl.entity.Entity.isActive()" because "plant" is null
	at org.hsleiden.challengeweek.docenten_vs_studenten/org.hsleiden.challengeweek.docenten_vs_studenten.Game.initGame(Game.java:107)
	at com.almasb.fxgl.all@17.1/com.almasb.fxgl.app.FXGLApplication$InitAppTask.initGame(FXGLApplication.kt:339)
	at com.almasb.fxgl.all@17.1/com.almasb.fxgl.app.FXGLApplication$InitAppTask.call(FXGLApplication.kt:319)
	at com.almasb.fxgl.all@17.1/com.almasb.fxgl.app.FXGLApplication$InitAppTask.call(FXGLApplication.kt:311)
	at javafx.graphics@19-ea/javafx.concurrent.Task$TaskCallable.call(Task.java:1426)
	at java.base/java.util.concurrent.FutureTask.run(FutureTask.java:317)
	at java.base/java.util.concurrent.Executors$RunnableAdapter.call(Executors.java:577)
	at java.base/java.util.concurrent.FutureTask.run(FutureTask.java:317)
	at java.base/java.util.concurrent.ThreadPoolExecutor.runWorker(ThreadPoolExecutor.java:1144)
	at java.base/java.util.concurrent.ThreadPoolExecutor$Worker.run(ThreadPoolExecutor.java:642)
	... 1 more

11:27:48.881 [JavaFX Application Thread] FATAL FXGLApplication      - Application will now exit
11:27:48.900 [JavaFX Application Thread] DEBUG PrimaryStageWindow   - Push state: ErrorSubScene
11:27:48.900 [JavaFX Application Thread] DEBUG Input                - Clearing active input actions
11:27:48.905 [JavaFX Application Thread] DEBUG GameApplicationServi - Removing overlay from FXGLLoadingScene and adding to ErrorSubScene
11:27:48.906 [JavaFX Application Thread] DEBUG PrimaryStageWindow   - FXGLLoadingScene -> ErrorSubScene
11:27:49.091 [FXGL Background Thread 2 ] INFO  UpdaterService       - Your current version:  17.1
11:27:49.091 [FXGL Background Thread 2 ] INFO  UpdaterService       - Latest stable version: 17.3
11:27:51.495 [JavaFX Application Thread] DEBUG FXGLApplication      - Exiting FXGL
11:27:51.495 [JavaFX Application Thread] DEBUG Async                - Shutting down background threads
11:27:51.495 [JavaFX Application Thread] DEBUG PrimaryStageWindow   - Closing main window
11:27:51.508 [JavaFX Application Thread] DEBUG Logger               - Closing Logger
