14:41:29.893 [main                     ] DEBUG Logger               - Configured Logger
14:41:29.918 [main                     ] DEBUG GameApplication      - Logging settings
Title: Teachers vs Students
Version: 0.0
Width: 800
Height: 600
Fullscreen: false
Intro: false
Profiling: false
Single step:false
App Mode: DEVELOPER
Menu Key: ESCAPE
Stage Style: DECORATED
Scene Factory: class com.almasb.fxgl.app.scene.SceneFactory

14:41:30.206 [JavaFX Application Thread] DEBUG FXGLApplication      - Initializing FXGL
14:41:30.212 [JavaFX Application Thread] INFO  Engine               - FXGL-17.1 (24.03.2022 17.34) on WINDOWS (J:19.0.1 FX:19-ea)
14:41:30.212 [JavaFX Application Thread] DEBUG Engine               - JRE Vendor Name: Oracle Corporation
14:41:30.213 [JavaFX Application Thread] DEBUG Engine               - Running on OS: Windows 11 version 10.0
14:41:30.213 [JavaFX Application Thread] DEBUG Engine               - Architecture: amd64
14:41:30.213 [JavaFX Application Thread] INFO  Engine               - Source code and latest versions at: https://github.com/AlmasB/FXGL
14:41:30.213 [JavaFX Application Thread] INFO  Engine               -       Ask questions and discuss at: https://github.com/AlmasB/FXGL/discussions
14:41:30.213 [JavaFX Application Thread] INFO  Engine               -              Join the FXGL chat at: https://gitter.im/AlmasB/FXGL
14:41:30.301 [JavaFX Application Thread] DEBUG PrimaryStageWindow   - Creating a JavaFX scene
14:41:30.346 [JavaFX Application Thread] DEBUG PrimaryStageWindow   - Target settings size: 800.0 x 600.0
14:41:30.347 [JavaFX Application Thread] DEBUG PrimaryStageWindow   - Scaled scene size:    800.0 x 600.0
14:41:30.347 [JavaFX Application Thread] DEBUG PrimaryStageWindow   - Scaled ratio: (1.0, 1.0)
14:41:30.348 [JavaFX Application Thread] DEBUG PrimaryStageWindow   - Set initial scene to FXGLStartupScene
14:41:30.357 [JavaFX Application Thread] DEBUG PrimaryStageWindow   - Opening main window
14:41:30.443 [JavaFX Application Thread] DEBUG PrimaryStageWindow   - Window border size: (14.66668701171875, 37.33331298828125)
14:41:30.443 [JavaFX Application Thread] DEBUG PrimaryStageWindow   - Scaled size: 800.0 x 600.0
14:41:30.443 [JavaFX Application Thread] DEBUG PrimaryStageWindow   - Scaled ratio: (1.0, 1.0)
14:41:30.444 [JavaFX Application Thread] DEBUG PrimaryStageWindow   - Scene size: 800.0 x 600.0
14:41:30.444 [JavaFX Application Thread] DEBUG PrimaryStageWindow   - Stage size: 814.6666870117188 x 637.3333129882812
14:41:30.452 [FXGL Background Thread 1 ] DEBUG Engine               - Initializing environment variables
14:41:30.508 [FXGL Background Thread 1 ] DEBUG FXGLAssetLoaderServi - User app class for loading assets: class org.hsleiden.challengeweek.docenten_vs_studenten.Game
14:41:30.508 [FXGL Background Thread 1 ] DEBUG GameApplicationServi - Applying CSS: fxgl_dark.css
14:41:30.510 [FXGL Background Thread 1 ] DEBUG FXGLAssetLoaderServi - Loading from file system: jar:file:///C:/Users/tangu/.m2/repository/com/github/almasb/fxgl/17.1/fxgl-17.1.jar!/fxglassets/ui/css/fxgl_dark.css
14:41:30.557 [FXGL Background Thread 1 ] DEBUG GameApplicationServi - Initializing application scenes
14:41:30.597 [FXGL Background Thread 1 ] DEBUG GameWorld            - Game world initialized
14:41:30.688 [FXGL Background Thread 1 ] DEBUG PhysicsWorld         - Physics world initialized: appHeight=600, physics.ppm=50,0
14:41:30.688 [FXGL Background Thread 1 ] DEBUG PhysicsWorld         - Using strategy: BRUTE_FORCE
14:41:30.694 [FXGL Background Thread 1 ] DEBUG GameScene            - Game scene initialized: 800x600
14:41:30.711 [FXGL Background Thread 1 ] DEBUG FXGL.DefaultMenu     - createMenuBodyGameMenu()
14:41:30.729 [FXGL Background Thread 1 ] DEBUG FXGL.DefaultMenu     - createOptionsMenu()
14:41:30.742 [FXGL Background Thread 1 ] DEBUG FXGLAssetLoaderServi - Loading from file system: jar:file:///C:/Users/tangu/.m2/repository/com/github/almasb/fxgl/17.1/fxgl-17.1.jar!/fxglassets/textures/particles/smoke.png
14:41:30.852 [FXGL Background Thread 1 ] DEBUG FXGLAssetLoaderServi - Loading from file system: jar:file:///C:/Users/tangu/.m2/repository/com/github/almasb/fxgl/17.1/fxgl-17.1.jar!/fxglassets/textures/particles/trace_horizontal.png
14:41:30.890 [FXGL Background Thread 1 ] DEBUG GameApplicationServi - Application scenes initialized
14:41:30.901 [FXGL Background Thread 1 ] DEBUG SystemBundleService  - Loading FXGL system data
14:41:30.906 [FXGL Background Thread 1 ] DEBUG FileSystemAccess     - Reading from: C:\Users\tangu\Desktop\Challengeweek\IPOSE_challengeweek\Docenten_vs_Studenten\system\fxgl.bundle
14:41:30.916 [FXGL Background Thread 1 ] DEBUG SystemBundleService  - Bundle FXGL: {}
14:41:30.916 [FXGL Background Thread 1 ] DEBUG UpdaterService       - Checking for updates
14:41:30.921 [FXGL Background Thread 4 ] DEBUG FXGLApplication      - Loading fonts
14:41:30.921 [FXGL Background Thread 4 ] DEBUG FXGLAssetLoaderServi - Loading from file system: jar:file:///C:/Users/tangu/.m2/repository/com/github/almasb/fxgl/17.1/fxgl-17.1.jar!/fxglassets/ui/fonts/VarelaRound-Regular.ttf
14:41:30.921 [FXGL Background Thread 1 ] DEBUG FXGLApplication      - Loading default localization
14:41:30.922 [FXGL Background Thread 1 ] DEBUG FXGLAssetLoaderServi - Loading from file system: jar:file:///C:/Users/tangu/.m2/repository/com/github/almasb/fxgl/17.1/fxgl-17.1.jar!/fxglassets/languages/english.lang
14:41:30.947 [FXGL Background Thread 1 ] INFO  FXGLApplication      - FXGL initialization took: 0,496 sec
14:41:30.948 [JavaFX Application Thread] DEBUG FXGLAssetLoaderServi - Loading from file system: jar:file:///C:/Users/tangu/.m2/repository/com/github/almasb/fxgl/17.1/fxgl-17.1.jar!/fxglassets/textures/fxgl_icon.png
14:41:30.970 [JavaFX Application Thread] DEBUG FXGLAssetLoaderServi - Loading from file system: jar:file:///C:/Users/tangu/.m2/repository/com/github/almasb/fxgl/17.1/fxgl-17.1.jar!/fxglassets/textures/fxgl_default_cursor.png
14:41:30.984 [JavaFX Application Thread] DEBUG Input                - Registered new binding: Screenshot - CTRL+8
14:41:30.985 [JavaFX Application Thread] DEBUG Input                - Registered new binding: System info dump - CTRL+9
14:41:30.985 [JavaFX Application Thread] DEBUG Input                - Registered new binding: Restart - CTRL+R
14:41:30.986 [JavaFX Application Thread] DEBUG Input                - Registered new binding: Toggle Debug Camera - CTRL+7
14:41:30.988 [JavaFX Application Thread] DEBUG LoopRunner           - Starting loop
14:41:30.988 [JavaFX Application Thread] DEBUG LoopRunner           - Initializing JavaFX AnimationTimerLoop
14:41:30.989 [JavaFX Application Thread] DEBUG GameApplicationServi - Starting new game
14:41:30.990 [JavaFX Application Thread] DEBUG Input                - Clearing active input actions
14:41:31.003 [JavaFX Application Thread] DEBUG GameApplicationServi - Removing overlay from FXGLStartupScene and adding to FXGLLoadingScene
14:41:31.003 [JavaFX Application Thread] DEBUG PrimaryStageWindow   - FXGLStartupScene -> FXGLLoadingScene
14:41:31.003 [JavaFX Application Thread] DEBUG GameApplicationServi - Clearing previous game
14:41:31.003 [JavaFX Application Thread] DEBUG GameScene            - Clearing game scene
14:41:31.004 [JavaFX Application Thread] DEBUG GameWorld            - Clearing game world
14:41:31.004 [JavaFX Application Thread] DEBUG PhysicsWorld         - Clearing physics world
14:41:31.006 [FXGL Background Thread 1 ] DEBUG FXGLApplication      - Initializing game
14:41:31.008 [FXGL Background Thread 1 ] INFO  FXGLApplication      - Game initialization took: 0,001 sec
14:41:31.058 [JavaFX Application Thread] DEBUG Input                - Clearing active input actions
14:41:31.067 [JavaFX Application Thread] DEBUG GameApplicationServi - Removing overlay from FXGLLoadingScene and adding to GameScene
14:41:31.068 [JavaFX Application Thread] DEBUG PrimaryStageWindow   - FXGLLoadingScene -> GameScene
14:41:31.120 [FXGL Background Thread 4 ] DEBUG FXGLAssetLoaderServi - Loading from file system: jar:file:///C:/Users/tangu/.m2/repository/com/github/almasb/fxgl/17.1/fxgl-17.1.jar!/fxglassets/ui/fonts/Abel-Regular.ttf
14:41:31.133 [FXGL Background Thread 4 ] DEBUG FXGLAssetLoaderServi - Loading from file system: jar:file:///C:/Users/tangu/.m2/repository/com/github/almasb/fxgl/17.1/fxgl-17.1.jar!/fxglassets/ui/fonts/TerminalLandMono-Regular.otf
14:41:31.148 [FXGL Background Thread 4 ] DEBUG FXGLAssetLoaderServi - Loading from file system: jar:file:///C:/Users/tangu/.m2/repository/com/github/almasb/fxgl/17.1/fxgl-17.1.jar!/fxglassets/ui/fonts/Courier-Prime.ttf
14:41:31.168 [JavaFX Application Thread] DEBUG FXGLApplication      - Registering font factories with UI factory
14:41:31.286 [FXGL Background Thread 2 ] INFO  UpdaterService       - Your current version:  17.1
14:41:31.286 [FXGL Background Thread 2 ] INFO  UpdaterService       - Latest stable version: 17.3
14:41:33.921 [FXGL Background Thread 3 ] DEBUG Engine               - Logging environment variables
14:41:33.921 [FXGL Background Thread 3 ] DEBUG Engine               - achievements: []
14:41:33.922 [FXGL Background Thread 3 ] DEBUG Engine               - actualHeight: 600.0
14:41:33.922 [FXGL Background Thread 3 ] DEBUG Engine               - actualHeightProperty: ReadOnlyDoubleProperty [value: 600.0]
14:41:33.922 [FXGL Background Thread 3 ] DEBUG Engine               - actualWidth: 800.0
14:41:33.922 [FXGL Background Thread 3 ] DEBUG Engine               - actualWidthProperty: ReadOnlyDoubleProperty [value: 800.0]
14:41:33.922 [FXGL Background Thread 3 ] DEBUG Engine               - appIcon: fxgl_icon.png
14:41:33.922 [FXGL Background Thread 3 ] DEBUG Engine               - applicationMode: DEVELOPER
14:41:33.922 [FXGL Background Thread 3 ] DEBUG Engine               - cSSList: [fxgl_dark.css]
14:41:33.922 [FXGL Background Thread 3 ] DEBUG Engine               - collisionDetectionStrategy: BRUTE_FORCE
14:41:33.922 [FXGL Background Thread 3 ] DEBUG Engine               - configClass: Optional.empty
14:41:33.922 [FXGL Background Thread 3 ] DEBUG Engine               - credits: []
14:41:33.923 [FXGL Background Thread 3 ] DEBUG Engine               - defaultCursor: CursorInfo(imageName=fxgl_default_cursor.png, hotspotX=7.0, hotspotY=6.0)
14:41:33.923 [FXGL Background Thread 3 ] DEBUG Engine               - devBBoxColorProperty: ObjectProperty [value: 0xff0000ff]
14:41:33.923 [FXGL Background Thread 3 ] DEBUG Engine               - devEnableDebugCameraProperty: BooleanProperty [value: false]
14:41:33.923 [FXGL Background Thread 3 ] DEBUG Engine               - devSensorColorProperty: ObjectProperty [value: 0xffff00ff]
14:41:33.923 [FXGL Background Thread 3 ] DEBUG Engine               - devShowBBoxProperty: BooleanProperty [value: false]
14:41:33.923 [FXGL Background Thread 3 ] DEBUG Engine               - devShowPositionProperty: BooleanProperty [value: false]
14:41:33.923 [FXGL Background Thread 3 ] DEBUG Engine               - enabledMenuItems: []
14:41:33.923 [FXGL Background Thread 3 ] DEBUG Engine               - engineServices: [class com.almasb.fxgl.app.services.FXGLAssetLoaderService, class com.almasb.fxgl.app.FXGLApplication$GameApplicationService, class com.almasb.fxgl.app.services.FXGLDialogService, class com.almasb.fxgl.app.services.IOTaskExecutorService, class com.almasb.fxgl.io.FileSystemService, class com.almasb.fxgl.localization.LocalizationService, class com.almasb.fxgl.app.services.SystemBundleService, class com.almasb.fxgl.profile.SaveLoadService, class com.almasb.fxgl.ui.FXGLUIFactoryServiceProvider, class com.almasb.fxgl.ui.FXGLDialogFactoryServiceProvider, class com.almasb.fxgl.audio.AudioPlayer, class com.almasb.fxgl.notification.impl.NotificationServiceProvider, class com.almasb.fxgl.achievement.AchievementService, class com.almasb.fxgl.cutscene.CutsceneService, class com.almasb.fxgl.minigames.MiniGameService, class com.almasb.fxgl.net.NetService, class com.almasb.fxgl.app.services.UpdaterService, class com.almasb.fxgl.dev.DevService]
14:41:33.923 [FXGL Background Thread 3 ] DEBUG Engine               - fontGame: Abel-Regular.ttf
14:41:33.923 [FXGL Background Thread 3 ] DEBUG Engine               - fontMono: TerminalLandMono-Regular.otf
14:41:33.923 [FXGL Background Thread 3 ] DEBUG Engine               - fontText: Courier-Prime.ttf
14:41:33.923 [FXGL Background Thread 3 ] DEBUG Engine               - fontUI: VarelaRound-Regular.ttf
14:41:33.923 [FXGL Background Thread 3 ] DEBUG Engine               - fullScreen: BooleanProperty [value: true]
14:41:33.924 [FXGL Background Thread 3 ] DEBUG Engine               - gameDifficulty: MEDIUM
14:41:33.924 [FXGL Background Thread 3 ] DEBUG Engine               - gameDifficultyProperty: ObjectProperty [value: MEDIUM]
14:41:33.924 [FXGL Background Thread 3 ] DEBUG Engine               - globalMusicVolume: 0.5
14:41:33.924 [FXGL Background Thread 3 ] DEBUG Engine               - globalMusicVolumeProperty: DoubleProperty [value: 0.5]
14:41:33.924 [FXGL Background Thread 3 ] DEBUG Engine               - globalSoundVolume: 0.5
14:41:33.924 [FXGL Background Thread 3 ] DEBUG Engine               - globalSoundVolumeProperty: DoubleProperty [value: 0.5]
14:41:33.924 [FXGL Background Thread 3 ] DEBUG Engine               - height: 600
14:41:33.924 [FXGL Background Thread 3 ] DEBUG Engine               - is3D: false
14:41:33.924 [FXGL Background Thread 3 ] DEBUG Engine               - isAndroid: false
14:41:33.924 [FXGL Background Thread 3 ] DEBUG Engine               - isBrowser: false
14:41:33.924 [FXGL Background Thread 3 ] DEBUG Engine               - isClickFeedbackEnabled: false
14:41:33.924 [FXGL Background Thread 3 ] DEBUG Engine               - isCloseConfirmation: false
14:41:33.924 [FXGL Background Thread 3 ] DEBUG Engine               - isDesktop: true
14:41:33.924 [FXGL Background Thread 3 ] DEBUG Engine               - isDeveloperMenuEnabled: false
14:41:33.925 [FXGL Background Thread 3 ] DEBUG Engine               - isEmbedded: false
14:41:33.925 [FXGL Background Thread 3 ] DEBUG Engine               - isEntityPreloadEnabled: true
14:41:33.925 [FXGL Background Thread 3 ] DEBUG Engine               - isExperimentalTiledLargeMap: false
14:41:33.925 [FXGL Background Thread 3 ] DEBUG Engine               - isFileSystemWriteAllowed: true
14:41:33.925 [FXGL Background Thread 3 ] DEBUG Engine               - isFullScreenAllowed: false
14:41:33.925 [FXGL Background Thread 3 ] DEBUG Engine               - isFullScreenFromStart: true
14:41:33.925 [FXGL Background Thread 3 ] DEBUG Engine               - isGameMenuEnabled: true
14:41:33.925 [FXGL Background Thread 3 ] DEBUG Engine               - isIOS: false
14:41:33.925 [FXGL Background Thread 3 ] DEBUG Engine               - isIntroEnabled: false
14:41:33.925 [FXGL Background Thread 3 ] DEBUG Engine               - isLinux: false
14:41:33.925 [FXGL Background Thread 3 ] DEBUG Engine               - isMac: false
14:41:33.925 [FXGL Background Thread 3 ] DEBUG Engine               - isMainMenuEnabled: false
14:41:33.925 [FXGL Background Thread 3 ] DEBUG Engine               - isManualResizeEnabled: false
14:41:33.925 [FXGL Background Thread 3 ] DEBUG Engine               - isMobile: false
14:41:33.925 [FXGL Background Thread 3 ] DEBUG Engine               - isNative: false
14:41:33.925 [FXGL Background Thread 3 ] DEBUG Engine               - isPauseMusicWhenMinimized: true
14:41:33.925 [FXGL Background Thread 3 ] DEBUG Engine               - isPreserveResizeRatio: false
14:41:33.925 [FXGL Background Thread 3 ] DEBUG Engine               - isProfilingEnabled: false
14:41:33.925 [FXGL Background Thread 3 ] DEBUG Engine               - isScaleAffectedOnResize: true
14:41:33.926 [FXGL Background Thread 3 ] DEBUG Engine               - isSingleStep: false
14:41:33.926 [FXGL Background Thread 3 ] DEBUG Engine               - isUserProfileEnabled: false
14:41:33.926 [FXGL Background Thread 3 ] DEBUG Engine               - isWindows: true
14:41:33.926 [FXGL Background Thread 3 ] DEBUG Engine               - language: ObjectProperty [value: ENGLISH]
14:41:33.926 [FXGL Background Thread 3 ] DEBUG Engine               - menuKey: ESCAPE
14:41:33.926 [FXGL Background Thread 3 ] DEBUG Engine               - mouseSensitivity: 0.2
14:41:33.926 [FXGL Background Thread 3 ] DEBUG Engine               - notificationViewClass: class com.almasb.fxgl.notification.view.XboxNotificationView
14:41:33.926 [FXGL Background Thread 3 ] DEBUG Engine               - pixelsPerMeter: 50.0
14:41:33.926 [FXGL Background Thread 3 ] DEBUG Engine               - platform: WINDOWS
14:41:33.926 [FXGL Background Thread 3 ] DEBUG Engine               - prefHeightProperty: ReadOnlyDoubleProperty [value: 600.0]
14:41:33.926 [FXGL Background Thread 3 ] DEBUG Engine               - prefWidthProperty: ReadOnlyDoubleProperty [value: 800.0]
14:41:33.926 [FXGL Background Thread 3 ] DEBUG Engine               - profileDir: profiles/
14:41:33.926 [FXGL Background Thread 3 ] DEBUG Engine               - profileName: StringProperty [value: DEFAULT]
14:41:33.926 [FXGL Background Thread 3 ] DEBUG Engine               - randomSeed: -1
14:41:33.927 [FXGL Background Thread 3 ] DEBUG Engine               - runtimeInfo: RuntimeInfo(platform=WINDOWS, version=17.1, build=24.03.2022 17.34)
14:41:33.927 [FXGL Background Thread 3 ] DEBUG Engine               - saveFileExt: sav
14:41:33.927 [FXGL Background Thread 3 ] DEBUG Engine               - scaledHeightProp$fxgl: DoubleProperty [bound, value: 600.0]
14:41:33.927 [FXGL Background Thread 3 ] DEBUG Engine               - scaledWidthProp$fxgl: DoubleProperty [bound, value: 800.0]
14:41:33.927 [FXGL Background Thread 3 ] DEBUG Engine               - sceneFactory: com.almasb.fxgl.app.scene.SceneFactory@1906283e
14:41:33.927 [FXGL Background Thread 3 ] DEBUG Engine               - secondsIn24h: 60
14:41:33.927 [FXGL Background Thread 3 ] DEBUG Engine               - soundMenuBack: menu/back.wav
14:41:33.927 [FXGL Background Thread 3 ] DEBUG Engine               - soundMenuPress: menu/press.wav
14:41:33.927 [FXGL Background Thread 3 ] DEBUG Engine               - soundMenuSelect: menu/select.wav
14:41:33.927 [FXGL Background Thread 3 ] DEBUG Engine               - soundNotification: core/notification.wav
14:41:33.927 [FXGL Background Thread 3 ] DEBUG Engine               - stageStyle: DECORATED
14:41:33.927 [FXGL Background Thread 3 ] DEBUG Engine               - supportedLanguages: [ENGLISH, FRENCH, GERMAN, HUNGARIAN, RUSSIAN]
14:41:33.927 [FXGL Background Thread 3 ] DEBUG Engine               - ticksPerSecond: -1
14:41:33.927 [FXGL Background Thread 3 ] DEBUG Engine               - title: Teachers vs Students
14:41:33.928 [FXGL Background Thread 3 ] DEBUG Engine               - urlGithub: https://github.com/AlmasB/FXGL
14:41:33.928 [FXGL Background Thread 3 ] DEBUG Engine               - urlLeaderboard: http://fxgl-top.herokuapp.com/
14:41:33.928 [FXGL Background Thread 3 ] DEBUG Engine               - urlPOM: https://raw.githubusercontent.com/AlmasB/FXGL/release/README.md
14:41:33.928 [FXGL Background Thread 3 ] DEBUG Engine               - userAppClass: class org.hsleiden.challengeweek.docenten_vs_studenten.Game
14:41:33.928 [FXGL Background Thread 3 ] DEBUG Engine               - version: 0.0
14:41:33.928 [FXGL Background Thread 3 ] DEBUG Engine               - versionCheckDays: 7
14:41:33.928 [FXGL Background Thread 3 ] DEBUG Engine               - width: 800
14:41:33.928 [FXGL Background Thread 3 ] DEBUG Engine               - Logging services
14:41:33.928 [FXGL Background Thread 3 ] DEBUG Engine               - class com.almasb.fxgl.app.services.FXGLAssetLoaderService
14:41:33.928 [FXGL Background Thread 3 ] DEBUG Engine               - class com.almasb.fxgl.app.FXGLApplication$GameApplicationService
14:41:33.928 [FXGL Background Thread 3 ] DEBUG Engine               - class com.almasb.fxgl.app.services.FXGLDialogService
14:41:33.928 [FXGL Background Thread 3 ] DEBUG Engine               - class com.almasb.fxgl.app.services.IOTaskExecutorService
14:41:33.928 [FXGL Background Thread 3 ] DEBUG Engine               - class com.almasb.fxgl.io.FileSystemService
14:41:33.928 [FXGL Background Thread 3 ] DEBUG Engine               - class com.almasb.fxgl.localization.LocalizationService
14:41:33.929 [FXGL Background Thread 3 ] DEBUG Engine               - class com.almasb.fxgl.app.services.SystemBundleService
14:41:33.929 [FXGL Background Thread 3 ] DEBUG Engine               - class com.almasb.fxgl.profile.SaveLoadService
14:41:33.929 [FXGL Background Thread 3 ] DEBUG Engine               - class com.almasb.fxgl.ui.FXGLUIFactoryServiceProvider
14:41:33.929 [FXGL Background Thread 3 ] DEBUG Engine               - class com.almasb.fxgl.ui.FXGLDialogFactoryServiceProvider
14:41:33.929 [FXGL Background Thread 3 ] DEBUG Engine               - class com.almasb.fxgl.audio.AudioPlayer
14:41:33.929 [FXGL Background Thread 3 ] DEBUG Engine               - class com.almasb.fxgl.notification.impl.NotificationServiceProvider
14:41:33.929 [FXGL Background Thread 3 ] DEBUG Engine               - class com.almasb.fxgl.achievement.AchievementService
14:41:33.929 [FXGL Background Thread 3 ] DEBUG Engine               - class com.almasb.fxgl.cutscene.CutsceneService
14:41:33.929 [FXGL Background Thread 3 ] DEBUG Engine               - class com.almasb.fxgl.minigames.MiniGameService
14:41:33.929 [FXGL Background Thread 3 ] DEBUG Engine               - class com.almasb.fxgl.net.NetService
14:41:33.929 [FXGL Background Thread 3 ] DEBUG Engine               - class com.almasb.fxgl.app.services.UpdaterService
14:41:33.929 [FXGL Background Thread 3 ] DEBUG Engine               - class com.almasb.fxgl.dev.DevService
14:41:34.234 [JavaFX Application Thread] DEBUG FXGLApplication      - Exiting FXGL
14:41:34.234 [JavaFX Application Thread] DEBUG LoopRunner           - Stopping loop
14:41:34.234 [JavaFX Application Thread] DEBUG SystemBundleService  - Saving FXGL system data
14:41:34.237 [JavaFX Application Thread] DEBUG FileSystemAccess     - Writing to: C:\Users\tangu\Desktop\Challengeweek\IPOSE_challengeweek\Docenten_vs_Studenten\system\fxgl.bundle
14:41:34.239 [JavaFX Application Thread] DEBUG Async                - Shutting down background threads
14:41:34.240 [JavaFX Application Thread] DEBUG PrimaryStageWindow   - Closing main window
14:41:34.259 [JavaFX Application Thread] DEBUG Logger               - Closing Logger
