14:40:17.346 [main                     ] DEBUG Logger               - Configured Logger
14:40:17.377 [main                     ] DEBUG GameApplication      - Logging settings
Title: Teachers vs Students
Version: 0.0
Width: 800
Height: 800
Fullscreen: false
Intro: false
Profiling: false
Single step:false
App Mode: DEVELOPER
Menu Key: ESCAPE
Stage Style: DECORATED
Scene Factory: class com.almasb.fxgl.app.scene.SceneFactory

14:40:17.672 [JavaFX Application Thread] DEBUG FXGLApplication      - Initializing FXGL
14:40:17.677 [JavaFX Application Thread] INFO  Engine               - FXGL-17.1 (24.03.2022 17.34) on WINDOWS (J:19.0.1 FX:19-ea)
14:40:17.677 [JavaFX Application Thread] DEBUG Engine               - JRE Vendor Name: Oracle Corporation
14:40:17.678 [JavaFX Application Thread] DEBUG Engine               - Running on OS: Windows 11 version 10.0
14:40:17.678 [JavaFX Application Thread] DEBUG Engine               - Architecture: amd64
14:40:17.678 [JavaFX Application Thread] INFO  Engine               - Source code and latest versions at: https://github.com/AlmasB/FXGL
14:40:17.678 [JavaFX Application Thread] INFO  Engine               -       Ask questions and discuss at: https://github.com/AlmasB/FXGL/discussions
14:40:17.678 [JavaFX Application Thread] INFO  Engine               -              Join the FXGL chat at: https://gitter.im/AlmasB/FXGL
14:40:17.765 [JavaFX Application Thread] DEBUG PrimaryStageWindow   - Creating a JavaFX scene
14:40:17.765 [JavaFX Application Thread] DEBUG PrimaryStageWindow   - Target size > screen size
14:40:17.807 [JavaFX Application Thread] DEBUG PrimaryStageWindow   - Target settings size: 800.0 x 800.0
14:40:17.807 [JavaFX Application Thread] DEBUG PrimaryStageWindow   - Scaled scene size:    647.0 x 672.0
14:40:17.808 [JavaFX Application Thread] DEBUG PrimaryStageWindow   - Scaled ratio: (0.80875, 0.84)
14:40:17.809 [JavaFX Application Thread] DEBUG PrimaryStageWindow   - Set initial scene to FXGLStartupScene
14:40:17.815 [JavaFX Application Thread] DEBUG PrimaryStageWindow   - Opening main window
14:40:17.903 [JavaFX Application Thread] DEBUG PrimaryStageWindow   - Window border size: (15.0, 37.33331298828125)
14:40:17.904 [JavaFX Application Thread] DEBUG PrimaryStageWindow   - Scaled size: 647.0 x 672.0
14:40:17.904 [JavaFX Application Thread] DEBUG PrimaryStageWindow   - Scaled ratio: (0.80875, 0.84)
14:40:17.904 [JavaFX Application Thread] DEBUG PrimaryStageWindow   - Scene size: 647.0 x 672.0
14:40:17.905 [JavaFX Application Thread] DEBUG PrimaryStageWindow   - Stage size: 662.0 x 709.3333129882812
14:40:17.913 [FXGL Background Thread 1 ] DEBUG Engine               - Initializing environment variables
14:40:17.968 [FXGL Background Thread 1 ] DEBUG FXGLAssetLoaderServi - User app class for loading assets: class org.hsleiden.challengeweek.docenten_vs_studenten.Game
14:40:17.970 [FXGL Background Thread 1 ] DEBUG GameApplicationServi - Applying CSS: fxgl_dark.css
14:40:17.971 [FXGL Background Thread 1 ] DEBUG FXGLAssetLoaderServi - Loading from file system: jar:file:///C:/Users/tangu/.m2/repository/com/github/almasb/fxgl/17.1/fxgl-17.1.jar!/fxglassets/ui/css/fxgl_dark.css
14:40:18.024 [FXGL Background Thread 1 ] DEBUG GameApplicationServi - Initializing application scenes
14:40:18.066 [FXGL Background Thread 1 ] DEBUG GameWorld            - Game world initialized
14:40:18.151 [FXGL Background Thread 1 ] DEBUG PhysicsWorld         - Physics world initialized: appHeight=800, physics.ppm=50,0
14:40:18.152 [FXGL Background Thread 1 ] DEBUG PhysicsWorld         - Using strategy: BRUTE_FORCE
14:40:18.157 [FXGL Background Thread 1 ] DEBUG GameScene            - Game scene initialized: 800x800
14:40:18.172 [FXGL Background Thread 1 ] DEBUG FXGL.DefaultMenu     - createMenuBodyGameMenu()
14:40:18.188 [FXGL Background Thread 1 ] DEBUG FXGL.DefaultMenu     - createOptionsMenu()
14:40:18.199 [FXGL Background Thread 1 ] DEBUG FXGLAssetLoaderServi - Loading from file system: jar:file:///C:/Users/tangu/.m2/repository/com/github/almasb/fxgl/17.1/fxgl-17.1.jar!/fxglassets/textures/particles/smoke.png
14:40:18.300 [FXGL Background Thread 1 ] DEBUG FXGLAssetLoaderServi - Loading from file system: jar:file:///C:/Users/tangu/.m2/repository/com/github/almasb/fxgl/17.1/fxgl-17.1.jar!/fxglassets/textures/particles/trace_horizontal.png
14:40:18.349 [FXGL Background Thread 1 ] DEBUG GameApplicationServi - Application scenes initialized
14:40:18.361 [FXGL Background Thread 1 ] DEBUG SystemBundleService  - Loading FXGL system data
14:40:18.365 [FXGL Background Thread 1 ] DEBUG FileSystemAccess     - Reading from: C:\Users\tangu\Desktop\Challengeweek\IPOSE_challengeweek\Docenten_vs_Studenten\system\fxgl.bundle
14:40:18.375 [FXGL Background Thread 1 ] DEBUG SystemBundleService  - Bundle FXGL: {}
14:40:18.375 [FXGL Background Thread 1 ] DEBUG UpdaterService       - Checking for updates
14:40:18.380 [FXGL Background Thread 4 ] DEBUG FXGLApplication      - Loading fonts
14:40:18.380 [FXGL Background Thread 1 ] DEBUG FXGLApplication      - Loading default localization
14:40:18.381 [FXGL Background Thread 4 ] DEBUG FXGLAssetLoaderServi - Loading from file system: jar:file:///C:/Users/tangu/.m2/repository/com/github/almasb/fxgl/17.1/fxgl-17.1.jar!/fxglassets/ui/fonts/VarelaRound-Regular.ttf
14:40:18.381 [FXGL Background Thread 1 ] DEBUG FXGLAssetLoaderServi - Loading from file system: jar:file:///C:/Users/tangu/.m2/repository/com/github/almasb/fxgl/17.1/fxgl-17.1.jar!/fxglassets/languages/english.lang
14:40:18.402 [FXGL Background Thread 1 ] INFO  FXGLApplication      - FXGL initialization took: 0,489 sec
14:40:18.404 [JavaFX Application Thread] DEBUG FXGLAssetLoaderServi - Loading from file system: jar:file:///C:/Users/tangu/.m2/repository/com/github/almasb/fxgl/17.1/fxgl-17.1.jar!/fxglassets/textures/fxgl_icon.png
14:40:18.436 [JavaFX Application Thread] DEBUG FXGLAssetLoaderServi - Loading from file system: jar:file:///C:/Users/tangu/.m2/repository/com/github/almasb/fxgl/17.1/fxgl-17.1.jar!/fxglassets/textures/fxgl_default_cursor.png
14:40:18.450 [JavaFX Application Thread] DEBUG Input                - Registered new binding: Screenshot - CTRL+8
14:40:18.451 [JavaFX Application Thread] DEBUG Input                - Registered new binding: System info dump - CTRL+9
14:40:18.451 [JavaFX Application Thread] DEBUG Input                - Registered new binding: Restart - CTRL+R
14:40:18.452 [JavaFX Application Thread] DEBUG Input                - Registered new binding: Toggle Debug Camera - CTRL+7
14:40:18.456 [JavaFX Application Thread] DEBUG LoopRunner           - Starting loop
14:40:18.456 [JavaFX Application Thread] DEBUG LoopRunner           - Initializing JavaFX AnimationTimerLoop
14:40:18.458 [JavaFX Application Thread] DEBUG GameApplicationServi - Starting new game
14:40:18.459 [JavaFX Application Thread] DEBUG Input                - Clearing active input actions
14:40:18.471 [JavaFX Application Thread] DEBUG GameApplicationServi - Removing overlay from FXGLStartupScene and adding to FXGLLoadingScene
14:40:18.471 [JavaFX Application Thread] DEBUG PrimaryStageWindow   - FXGLStartupScene -> FXGLLoadingScene
14:40:18.471 [JavaFX Application Thread] DEBUG GameApplicationServi - Clearing previous game
14:40:18.471 [JavaFX Application Thread] DEBUG GameScene            - Clearing game scene
14:40:18.472 [JavaFX Application Thread] DEBUG GameWorld            - Clearing game world
14:40:18.472 [JavaFX Application Thread] DEBUG PhysicsWorld         - Clearing physics world
14:40:18.473 [FXGL Background Thread 1 ] DEBUG FXGLApplication      - Initializing game
14:40:18.474 [FXGL Background Thread 1 ] INFO  FXGLApplication      - Game initialization took: 0,001 sec
14:40:18.513 [JavaFX Application Thread] DEBUG Input                - Clearing active input actions
14:40:18.522 [JavaFX Application Thread] DEBUG GameApplicationServi - Removing overlay from FXGLLoadingScene and adding to GameScene
14:40:18.522 [JavaFX Application Thread] DEBUG PrimaryStageWindow   - FXGLLoadingScene -> GameScene
14:40:18.562 [FXGL Background Thread 4 ] DEBUG FXGLAssetLoaderServi - Loading from file system: jar:file:///C:/Users/tangu/.m2/repository/com/github/almasb/fxgl/17.1/fxgl-17.1.jar!/fxglassets/ui/fonts/Abel-Regular.ttf
14:40:18.592 [FXGL Background Thread 4 ] DEBUG FXGLAssetLoaderServi - Loading from file system: jar:file:///C:/Users/tangu/.m2/repository/com/github/almasb/fxgl/17.1/fxgl-17.1.jar!/fxglassets/ui/fonts/TerminalLandMono-Regular.otf
14:40:18.609 [FXGL Background Thread 4 ] DEBUG FXGLAssetLoaderServi - Loading from file system: jar:file:///C:/Users/tangu/.m2/repository/com/github/almasb/fxgl/17.1/fxgl-17.1.jar!/fxglassets/ui/fonts/Courier-Prime.ttf
14:40:18.624 [JavaFX Application Thread] DEBUG FXGLApplication      - Registering font factories with UI factory
14:40:18.757 [FXGL Background Thread 2 ] INFO  UpdaterService       - Your current version:  17.1
14:40:18.757 [FXGL Background Thread 2 ] INFO  UpdaterService       - Latest stable version: 17.3
14:40:21.380 [FXGL Background Thread 3 ] DEBUG Engine               - Logging environment variables
14:40:21.382 [FXGL Background Thread 3 ] DEBUG Engine               - achievements: []
14:40:21.382 [FXGL Background Thread 3 ] DEBUG Engine               - actualHeight: 672.0
14:40:21.383 [FXGL Background Thread 3 ] DEBUG Engine               - actualHeightProperty: ReadOnlyDoubleProperty [value: 672.0]
14:40:21.383 [FXGL Background Thread 3 ] DEBUG Engine               - actualWidth: 647.0
14:40:21.383 [FXGL Background Thread 3 ] DEBUG Engine               - actualWidthProperty: ReadOnlyDoubleProperty [value: 647.0]
14:40:21.383 [FXGL Background Thread 3 ] DEBUG Engine               - appIcon: fxgl_icon.png
14:40:21.384 [FXGL Background Thread 3 ] DEBUG Engine               - applicationMode: DEVELOPER
14:40:21.384 [FXGL Background Thread 3 ] DEBUG Engine               - cSSList: [fxgl_dark.css]
14:40:21.384 [FXGL Background Thread 3 ] DEBUG Engine               - collisionDetectionStrategy: BRUTE_FORCE
14:40:21.384 [FXGL Background Thread 3 ] DEBUG Engine               - configClass: Optional.empty
14:40:21.384 [FXGL Background Thread 3 ] DEBUG Engine               - credits: []
14:40:21.385 [FXGL Background Thread 3 ] DEBUG Engine               - defaultCursor: CursorInfo(imageName=fxgl_default_cursor.png, hotspotX=7.0, hotspotY=6.0)
14:40:21.386 [FXGL Background Thread 3 ] DEBUG Engine               - devBBoxColorProperty: ObjectProperty [value: 0xff0000ff]
14:40:21.386 [FXGL Background Thread 3 ] DEBUG Engine               - devEnableDebugCameraProperty: BooleanProperty [value: false]
14:40:21.387 [FXGL Background Thread 3 ] DEBUG Engine               - devSensorColorProperty: ObjectProperty [value: 0xffff00ff]
14:40:21.387 [FXGL Background Thread 3 ] DEBUG Engine               - devShowBBoxProperty: BooleanProperty [value: false]
14:40:21.387 [FXGL Background Thread 3 ] DEBUG Engine               - devShowPositionProperty: BooleanProperty [value: false]
14:40:21.387 [FXGL Background Thread 3 ] DEBUG Engine               - enabledMenuItems: []
14:40:21.388 [FXGL Background Thread 3 ] DEBUG Engine               - engineServices: [class com.almasb.fxgl.app.services.FXGLAssetLoaderService, class com.almasb.fxgl.app.FXGLApplication$GameApplicationService, class com.almasb.fxgl.app.services.FXGLDialogService, class com.almasb.fxgl.app.services.IOTaskExecutorService, class com.almasb.fxgl.io.FileSystemService, class com.almasb.fxgl.localization.LocalizationService, class com.almasb.fxgl.app.services.SystemBundleService, class com.almasb.fxgl.profile.SaveLoadService, class com.almasb.fxgl.ui.FXGLUIFactoryServiceProvider, class com.almasb.fxgl.ui.FXGLDialogFactoryServiceProvider, class com.almasb.fxgl.audio.AudioPlayer, class com.almasb.fxgl.notification.impl.NotificationServiceProvider, class com.almasb.fxgl.achievement.AchievementService, class com.almasb.fxgl.cutscene.CutsceneService, class com.almasb.fxgl.minigames.MiniGameService, class com.almasb.fxgl.net.NetService, class com.almasb.fxgl.app.services.UpdaterService, class com.almasb.fxgl.dev.DevService]
14:40:21.388 [FXGL Background Thread 3 ] DEBUG Engine               - fontGame: Abel-Regular.ttf
14:40:21.388 [FXGL Background Thread 3 ] DEBUG Engine               - fontMono: TerminalLandMono-Regular.otf
14:40:21.388 [FXGL Background Thread 3 ] DEBUG Engine               - fontText: Courier-Prime.ttf
14:40:21.388 [FXGL Background Thread 3 ] DEBUG Engine               - fontUI: VarelaRound-Regular.ttf
14:40:21.388 [FXGL Background Thread 3 ] DEBUG Engine               - fullScreen: BooleanProperty [value: false]
14:40:21.389 [FXGL Background Thread 3 ] DEBUG Engine               - gameDifficulty: MEDIUM
14:40:21.389 [FXGL Background Thread 3 ] DEBUG Engine               - gameDifficultyProperty: ObjectProperty [value: MEDIUM]
14:40:21.389 [FXGL Background Thread 3 ] DEBUG Engine               - globalMusicVolume: 0.5
14:40:21.390 [FXGL Background Thread 3 ] DEBUG Engine               - globalMusicVolumeProperty: DoubleProperty [value: 0.5]
14:40:21.390 [FXGL Background Thread 3 ] DEBUG Engine               - globalSoundVolume: 0.5
14:40:21.390 [FXGL Background Thread 3 ] DEBUG Engine               - globalSoundVolumeProperty: DoubleProperty [value: 0.5]
14:40:21.390 [FXGL Background Thread 3 ] DEBUG Engine               - height: 800
14:40:21.390 [FXGL Background Thread 3 ] DEBUG Engine               - is3D: false
14:40:21.390 [FXGL Background Thread 3 ] DEBUG Engine               - isAndroid: false
14:40:21.390 [FXGL Background Thread 3 ] DEBUG Engine               - isBrowser: false
14:40:21.390 [FXGL Background Thread 3 ] DEBUG Engine               - isClickFeedbackEnabled: false
14:40:21.391 [FXGL Background Thread 3 ] DEBUG Engine               - isCloseConfirmation: false
14:40:21.391 [FXGL Background Thread 3 ] DEBUG Engine               - isDesktop: true
14:40:21.391 [FXGL Background Thread 3 ] DEBUG Engine               - isDeveloperMenuEnabled: false
14:40:21.391 [FXGL Background Thread 3 ] DEBUG Engine               - isEmbedded: false
14:40:21.391 [FXGL Background Thread 3 ] DEBUG Engine               - isEntityPreloadEnabled: true
14:40:21.391 [FXGL Background Thread 3 ] DEBUG Engine               - isExperimentalTiledLargeMap: false
14:40:21.391 [FXGL Background Thread 3 ] DEBUG Engine               - isFileSystemWriteAllowed: true
14:40:21.391 [FXGL Background Thread 3 ] DEBUG Engine               - isFullScreenAllowed: false
14:40:21.391 [FXGL Background Thread 3 ] DEBUG Engine               - isFullScreenFromStart: false
14:40:21.391 [FXGL Background Thread 3 ] DEBUG Engine               - isGameMenuEnabled: true
14:40:21.392 [FXGL Background Thread 3 ] DEBUG Engine               - isIOS: false
14:40:21.392 [FXGL Background Thread 3 ] DEBUG Engine               - isIntroEnabled: false
14:40:21.392 [FXGL Background Thread 3 ] DEBUG Engine               - isLinux: false
14:40:21.392 [FXGL Background Thread 3 ] DEBUG Engine               - isMac: false
14:40:21.392 [FXGL Background Thread 3 ] DEBUG Engine               - isMainMenuEnabled: false
14:40:21.392 [FXGL Background Thread 3 ] DEBUG Engine               - isManualResizeEnabled: false
14:40:21.392 [FXGL Background Thread 3 ] DEBUG Engine               - isMobile: false
14:40:21.392 [FXGL Background Thread 3 ] DEBUG Engine               - isNative: false
14:40:21.392 [FXGL Background Thread 3 ] DEBUG Engine               - isPauseMusicWhenMinimized: true
14:40:21.392 [FXGL Background Thread 3 ] DEBUG Engine               - isPreserveResizeRatio: false
14:40:21.393 [FXGL Background Thread 3 ] DEBUG Engine               - isProfilingEnabled: false
14:40:21.393 [FXGL Background Thread 3 ] DEBUG Engine               - isScaleAffectedOnResize: true
14:40:21.393 [FXGL Background Thread 3 ] DEBUG Engine               - isSingleStep: false
14:40:21.393 [FXGL Background Thread 3 ] DEBUG Engine               - isUserProfileEnabled: false
14:40:21.393 [FXGL Background Thread 3 ] DEBUG Engine               - isWindows: true
14:40:21.393 [FXGL Background Thread 3 ] DEBUG Engine               - language: ObjectProperty [value: ENGLISH]
14:40:21.393 [FXGL Background Thread 3 ] DEBUG Engine               - menuKey: ESCAPE
14:40:21.393 [FXGL Background Thread 3 ] DEBUG Engine               - mouseSensitivity: 0.2
14:40:21.393 [FXGL Background Thread 3 ] DEBUG Engine               - notificationViewClass: class com.almasb.fxgl.notification.view.XboxNotificationView
14:40:21.393 [FXGL Background Thread 3 ] DEBUG Engine               - pixelsPerMeter: 50.0
14:40:21.393 [FXGL Background Thread 3 ] DEBUG Engine               - platform: WINDOWS
14:40:21.393 [FXGL Background Thread 3 ] DEBUG Engine               - prefHeightProperty: ReadOnlyDoubleProperty [value: 800.0]
14:40:21.394 [FXGL Background Thread 3 ] DEBUG Engine               - prefWidthProperty: ReadOnlyDoubleProperty [value: 800.0]
14:40:21.394 [FXGL Background Thread 3 ] DEBUG Engine               - profileDir: profiles/
14:40:21.394 [FXGL Background Thread 3 ] DEBUG Engine               - profileName: StringProperty [value: DEFAULT]
14:40:21.394 [FXGL Background Thread 3 ] DEBUG Engine               - randomSeed: -1
14:40:21.394 [FXGL Background Thread 3 ] DEBUG Engine               - runtimeInfo: RuntimeInfo(platform=WINDOWS, version=17.1, build=24.03.2022 17.34)
14:40:21.394 [FXGL Background Thread 3 ] DEBUG Engine               - saveFileExt: sav
14:40:21.394 [FXGL Background Thread 3 ] DEBUG Engine               - scaledHeightProp$fxgl: DoubleProperty [bound, value: 672.0]
14:40:21.394 [FXGL Background Thread 3 ] DEBUG Engine               - scaledWidthProp$fxgl: DoubleProperty [bound, value: 647.0]
14:40:21.394 [FXGL Background Thread 3 ] DEBUG Engine               - sceneFactory: com.almasb.fxgl.app.scene.SceneFactory@34003baf
14:40:21.395 [FXGL Background Thread 3 ] DEBUG Engine               - secondsIn24h: 60
14:40:21.395 [FXGL Background Thread 3 ] DEBUG Engine               - soundMenuBack: menu/back.wav
14:40:21.395 [FXGL Background Thread 3 ] DEBUG Engine               - soundMenuPress: menu/press.wav
14:40:21.395 [FXGL Background Thread 3 ] DEBUG Engine               - soundMenuSelect: menu/select.wav
14:40:21.395 [FXGL Background Thread 3 ] DEBUG Engine               - soundNotification: core/notification.wav
14:40:21.395 [FXGL Background Thread 3 ] DEBUG Engine               - stageStyle: DECORATED
14:40:21.395 [FXGL Background Thread 3 ] DEBUG Engine               - supportedLanguages: [ENGLISH, FRENCH, GERMAN, HUNGARIAN, RUSSIAN]
14:40:21.395 [FXGL Background Thread 3 ] DEBUG Engine               - ticksPerSecond: -1
14:40:21.395 [FXGL Background Thread 3 ] DEBUG Engine               - title: Teachers vs Students
14:40:21.395 [FXGL Background Thread 3 ] DEBUG Engine               - urlGithub: https://github.com/AlmasB/FXGL
14:40:21.395 [FXGL Background Thread 3 ] DEBUG Engine               - urlLeaderboard: http://fxgl-top.herokuapp.com/
14:40:21.395 [FXGL Background Thread 3 ] DEBUG Engine               - urlPOM: https://raw.githubusercontent.com/AlmasB/FXGL/release/README.md
14:40:21.395 [FXGL Background Thread 3 ] DEBUG Engine               - userAppClass: class org.hsleiden.challengeweek.docenten_vs_studenten.Game
14:40:21.395 [FXGL Background Thread 3 ] DEBUG Engine               - version: 0.0
14:40:21.395 [FXGL Background Thread 3 ] DEBUG Engine               - versionCheckDays: 7
14:40:21.396 [FXGL Background Thread 3 ] DEBUG Engine               - width: 800
14:40:21.396 [FXGL Background Thread 3 ] DEBUG Engine               - Logging services
14:40:21.396 [FXGL Background Thread 3 ] DEBUG Engine               - class com.almasb.fxgl.app.services.FXGLAssetLoaderService
14:40:21.396 [FXGL Background Thread 3 ] DEBUG Engine               - class com.almasb.fxgl.app.FXGLApplication$GameApplicationService
14:40:21.396 [FXGL Background Thread 3 ] DEBUG Engine               - class com.almasb.fxgl.app.services.FXGLDialogService
14:40:21.396 [FXGL Background Thread 3 ] DEBUG Engine               - class com.almasb.fxgl.app.services.IOTaskExecutorService
14:40:21.396 [FXGL Background Thread 3 ] DEBUG Engine               - class com.almasb.fxgl.io.FileSystemService
14:40:21.396 [FXGL Background Thread 3 ] DEBUG Engine               - class com.almasb.fxgl.localization.LocalizationService
14:40:21.396 [FXGL Background Thread 3 ] DEBUG Engine               - class com.almasb.fxgl.app.services.SystemBundleService
14:40:21.396 [FXGL Background Thread 3 ] DEBUG Engine               - class com.almasb.fxgl.profile.SaveLoadService
14:40:21.396 [FXGL Background Thread 3 ] DEBUG Engine               - class com.almasb.fxgl.ui.FXGLUIFactoryServiceProvider
14:40:21.396 [FXGL Background Thread 3 ] DEBUG Engine               - class com.almasb.fxgl.ui.FXGLDialogFactoryServiceProvider
14:40:21.396 [FXGL Background Thread 3 ] DEBUG Engine               - class com.almasb.fxgl.audio.AudioPlayer
14:40:21.396 [FXGL Background Thread 3 ] DEBUG Engine               - class com.almasb.fxgl.notification.impl.NotificationServiceProvider
14:40:21.396 [FXGL Background Thread 3 ] DEBUG Engine               - class com.almasb.fxgl.achievement.AchievementService
14:40:21.397 [FXGL Background Thread 3 ] DEBUG Engine               - class com.almasb.fxgl.cutscene.CutsceneService
14:40:21.397 [FXGL Background Thread 3 ] DEBUG Engine               - class com.almasb.fxgl.minigames.MiniGameService
14:40:21.397 [FXGL Background Thread 3 ] DEBUG Engine               - class com.almasb.fxgl.net.NetService
14:40:21.397 [FXGL Background Thread 3 ] DEBUG Engine               - class com.almasb.fxgl.app.services.UpdaterService
14:40:21.397 [FXGL Background Thread 3 ] DEBUG Engine               - class com.almasb.fxgl.dev.DevService
14:40:22.546 [JavaFX Application Thread] DEBUG FXGLApplication      - Exiting FXGL
14:40:22.546 [JavaFX Application Thread] DEBUG LoopRunner           - Stopping loop
14:40:22.546 [JavaFX Application Thread] DEBUG SystemBundleService  - Saving FXGL system data
14:40:22.549 [JavaFX Application Thread] DEBUG FileSystemAccess     - Writing to: C:\Users\tangu\Desktop\Challengeweek\IPOSE_challengeweek\Docenten_vs_Studenten\system\fxgl.bundle
14:40:22.552 [JavaFX Application Thread] DEBUG Async                - Shutting down background threads
14:40:22.552 [JavaFX Application Thread] DEBUG PrimaryStageWindow   - Closing main window
14:40:22.569 [JavaFX Application Thread] DEBUG Logger               - Closing Logger
