10:20:32.852 [main                     ] DEBUG Logger               - Configured Logger
10:20:32.876 [main                     ] DEBUG GameApplication      - Logging settings
Title: Teachers vs Students
Version: 0.0
Width: 800
Height: 600
Fullscreen: false
Intro: false
Profiling: false
Single step:false
App Mode: DEVELOPER
Menu Key: ESCAPE
Stage Style: DECORATED
Scene Factory: class com.almasb.fxgl.app.scene.SceneFactory

10:20:33.178 [JavaFX Application Thread] DEBUG FXGLApplication      - Initializing FXGL
10:20:33.183 [JavaFX Application Thread] INFO  Engine               - FXGL-17.1 (24.03.2022 17.34) on WINDOWS (J:19.0.1 FX:19-ea)
10:20:33.184 [JavaFX Application Thread] DEBUG Engine               - JRE Vendor Name: Oracle Corporation
10:20:33.184 [JavaFX Application Thread] DEBUG Engine               - Running on OS: Windows 11 version 10.0
10:20:33.184 [JavaFX Application Thread] DEBUG Engine               - Architecture: amd64
10:20:33.184 [JavaFX Application Thread] INFO  Engine               - Source code and latest versions at: https://github.com/AlmasB/FXGL
10:20:33.185 [JavaFX Application Thread] INFO  Engine               -       Ask questions and discuss at: https://github.com/AlmasB/FXGL/discussions
10:20:33.185 [JavaFX Application Thread] INFO  Engine               -              Join the FXGL chat at: https://gitter.im/AlmasB/FXGL
10:20:33.272 [JavaFX Application Thread] DEBUG PrimaryStageWindow   - Creating a JavaFX scene
10:20:33.316 [JavaFX Application Thread] DEBUG PrimaryStageWindow   - Target settings size: 800.0 x 600.0
10:20:33.317 [JavaFX Application Thread] DEBUG PrimaryStageWindow   - Scaled scene size:    800.0 x 600.0
10:20:33.317 [JavaFX Application Thread] DEBUG PrimaryStageWindow   - Scaled ratio: (1.0, 1.0)
10:20:33.318 [JavaFX Application Thread] DEBUG PrimaryStageWindow   - Set initial scene to FXGLStartupScene
10:20:33.325 [JavaFX Application Thread] DEBUG PrimaryStageWindow   - Opening main window
10:20:33.415 [JavaFX Application Thread] DEBUG PrimaryStageWindow   - Window border size: (14.66668701171875, 37.33331298828125)
10:20:33.415 [JavaFX Application Thread] DEBUG PrimaryStageWindow   - Scaled size: 800.0 x 600.0
10:20:33.415 [JavaFX Application Thread] DEBUG PrimaryStageWindow   - Scaled ratio: (1.0, 1.0)
10:20:33.416 [JavaFX Application Thread] DEBUG PrimaryStageWindow   - Scene size: 800.0 x 600.0
10:20:33.416 [JavaFX Application Thread] DEBUG PrimaryStageWindow   - Stage size: 814.6666870117188 x 637.3333129882812
10:20:33.425 [FXGL Background Thread 1 ] DEBUG Engine               - Initializing environment variables
10:20:33.484 [FXGL Background Thread 1 ] DEBUG FXGLAssetLoaderServi - User app class for loading assets: class org.hsleiden.challengeweek.docenten_vs_studenten.Game
10:20:33.484 [FXGL Background Thread 1 ] DEBUG GameApplicationServi - Applying CSS: fxgl_dark.css
10:20:33.485 [FXGL Background Thread 1 ] DEBUG FXGLAssetLoaderServi - Loading from file system: jar:file:///C:/Users/tangu/.m2/repository/com/github/almasb/fxgl/17.1/fxgl-17.1.jar!/fxglassets/ui/css/fxgl_dark.css
10:20:33.534 [FXGL Background Thread 1 ] DEBUG GameApplicationServi - Initializing application scenes
10:20:33.570 [FXGL Background Thread 1 ] DEBUG GameWorld            - Game world initialized
10:20:33.661 [FXGL Background Thread 1 ] DEBUG PhysicsWorld         - Physics world initialized: appHeight=600, physics.ppm=50,0
10:20:33.661 [FXGL Background Thread 1 ] DEBUG PhysicsWorld         - Using strategy: BRUTE_FORCE
10:20:33.666 [FXGL Background Thread 1 ] DEBUG GameScene            - Game scene initialized: 800x600
10:20:33.681 [FXGL Background Thread 1 ] DEBUG FXGL.DefaultMenu     - createMenuBodyGameMenu()
10:20:33.696 [FXGL Background Thread 1 ] DEBUG FXGL.DefaultMenu     - createOptionsMenu()
10:20:33.710 [FXGL Background Thread 1 ] DEBUG FXGLAssetLoaderServi - Loading from file system: jar:file:///C:/Users/tangu/.m2/repository/com/github/almasb/fxgl/17.1/fxgl-17.1.jar!/fxglassets/textures/particles/smoke.png
10:20:33.820 [FXGL Background Thread 1 ] DEBUG FXGLAssetLoaderServi - Loading from file system: jar:file:///C:/Users/tangu/.m2/repository/com/github/almasb/fxgl/17.1/fxgl-17.1.jar!/fxglassets/textures/particles/trace_horizontal.png
10:20:33.855 [FXGL Background Thread 1 ] DEBUG GameApplicationServi - Application scenes initialized
10:20:33.867 [FXGL Background Thread 1 ] DEBUG SystemBundleService  - Loading FXGL system data
10:20:33.872 [FXGL Background Thread 1 ] DEBUG FileSystemAccess     - Reading from: C:\Users\tangu\Desktop\Challengeweek\IPOSE_challengeweek\Docenten_vs_Studenten\system\fxgl.bundle
10:20:33.882 [FXGL Background Thread 1 ] DEBUG SystemBundleService  - Bundle FXGL: {}
10:20:33.882 [FXGL Background Thread 1 ] DEBUG UpdaterService       - Checking for updates
10:20:33.886 [FXGL Background Thread 4 ] DEBUG FXGLApplication      - Loading fonts
10:20:33.887 [FXGL Background Thread 4 ] DEBUG FXGLAssetLoaderServi - Loading from file system: jar:file:///C:/Users/tangu/.m2/repository/com/github/almasb/fxgl/17.1/fxgl-17.1.jar!/fxglassets/ui/fonts/VarelaRound-Regular.ttf
10:20:33.887 [FXGL Background Thread 1 ] DEBUG FXGLApplication      - Loading default localization
10:20:33.887 [FXGL Background Thread 1 ] DEBUG FXGLAssetLoaderServi - Loading from file system: jar:file:///C:/Users/tangu/.m2/repository/com/github/almasb/fxgl/17.1/fxgl-17.1.jar!/fxglassets/languages/english.lang
10:20:33.913 [FXGL Background Thread 1 ] INFO  FXGLApplication      - FXGL initialization took: 0,487 sec
10:20:33.926 [JavaFX Application Thread] DEBUG Input                - Registered new binding: action0 - D
10:20:33.927 [JavaFX Application Thread] DEBUG Input                - Registered new binding: action1 - A
10:20:33.927 [JavaFX Application Thread] DEBUG Input                - Registered new binding: action2 - W
10:20:33.928 [JavaFX Application Thread] DEBUG Input                - Registered new binding: action3 - S
10:20:33.928 [JavaFX Application Thread] DEBUG FXGLAssetLoaderServi - Loading from file system: jar:file:///C:/Users/tangu/.m2/repository/com/github/almasb/fxgl/17.1/fxgl-17.1.jar!/fxglassets/textures/fxgl_icon.png
10:20:33.949 [JavaFX Application Thread] DEBUG FXGLAssetLoaderServi - Loading from file system: jar:file:///C:/Users/tangu/.m2/repository/com/github/almasb/fxgl/17.1/fxgl-17.1.jar!/fxglassets/textures/fxgl_default_cursor.png
10:20:33.951 [JavaFX Application Thread] DEBUG Input                - Registered new binding: Screenshot - CTRL+8
10:20:33.952 [JavaFX Application Thread] DEBUG Input                - Registered new binding: System info dump - CTRL+9
10:20:33.952 [JavaFX Application Thread] DEBUG Input                - Registered new binding: Restart - CTRL+R
10:20:33.953 [JavaFX Application Thread] DEBUG Input                - Registered new binding: Toggle Debug Camera - CTRL+7
10:20:33.956 [JavaFX Application Thread] DEBUG LoopRunner           - Starting loop
10:20:33.956 [JavaFX Application Thread] DEBUG LoopRunner           - Initializing JavaFX AnimationTimerLoop
10:20:33.957 [JavaFX Application Thread] DEBUG GameApplicationServi - Starting new game
10:20:33.958 [JavaFX Application Thread] DEBUG Input                - Clearing active input actions
10:20:33.969 [JavaFX Application Thread] DEBUG GameApplicationServi - Removing overlay from FXGLStartupScene and adding to FXGLLoadingScene
10:20:33.969 [JavaFX Application Thread] DEBUG PrimaryStageWindow   - FXGLStartupScene -> FXGLLoadingScene
10:20:33.969 [JavaFX Application Thread] DEBUG GameApplicationServi - Clearing previous game
10:20:33.969 [JavaFX Application Thread] DEBUG GameScene            - Clearing game scene
10:20:33.970 [JavaFX Application Thread] DEBUG GameWorld            - Clearing game world
10:20:33.970 [JavaFX Application Thread] DEBUG PhysicsWorld         - Clearing physics world
10:20:33.971 [FXGL Background Thread 1 ] DEBUG FXGLApplication      - Initializing game
10:20:34.022 [FXGL Background Thread 4 ] DEBUG FXGLAssetLoaderServi - Loading from file system: jar:file:///C:/Users/tangu/.m2/repository/com/github/almasb/fxgl/17.1/fxgl-17.1.jar!/fxglassets/ui/fonts/Abel-Regular.ttf
10:20:34.075 [FXGL Background Thread 4 ] DEBUG FXGLAssetLoaderServi - Loading from file system: jar:file:///C:/Users/tangu/.m2/repository/com/github/almasb/fxgl/17.1/fxgl-17.1.jar!/fxglassets/ui/fonts/TerminalLandMono-Regular.otf
10:20:34.097 [FXGL Background Thread 4 ] DEBUG FXGLAssetLoaderServi - Loading from file system: jar:file:///C:/Users/tangu/.m2/repository/com/github/almasb/fxgl/17.1/fxgl-17.1.jar!/fxglassets/ui/fonts/Courier-Prime.ttf
10:20:34.119 [FXGL Background Thread 1 ] INFO  FXGLApplication      - Game initialization took: 0,147 sec
10:20:34.175 [JavaFX Application Thread] DEBUG Input                - Clearing active input actions
10:20:34.189 [JavaFX Application Thread] DEBUG GameApplicationServi - Removing overlay from FXGLLoadingScene and adding to GameScene
10:20:34.190 [JavaFX Application Thread] DEBUG PrimaryStageWindow   - FXGLLoadingScene -> GameScene
10:20:34.196 [JavaFX Application Thread] DEBUG FXGLApplication      - Registering font factories with UI factory
10:20:34.324 [FXGL Background Thread 2 ] INFO  UpdaterService       - Your current version:  17.1
10:20:34.324 [FXGL Background Thread 2 ] INFO  UpdaterService       - Latest stable version: 17.3
10:20:36.885 [FXGL Background Thread 3 ] DEBUG Engine               - Logging environment variables
10:20:36.887 [FXGL Background Thread 3 ] DEBUG Engine               - achievements: []
10:20:36.887 [FXGL Background Thread 3 ] DEBUG Engine               - actualHeight: 600.0
10:20:36.888 [FXGL Background Thread 3 ] DEBUG Engine               - actualHeightProperty: ReadOnlyDoubleProperty [value: 600.0]
10:20:36.888 [FXGL Background Thread 3 ] DEBUG Engine               - actualWidth: 800.0
10:20:36.888 [FXGL Background Thread 3 ] DEBUG Engine               - actualWidthProperty: ReadOnlyDoubleProperty [value: 800.0]
10:20:36.888 [FXGL Background Thread 3 ] DEBUG Engine               - appIcon: fxgl_icon.png
10:20:36.888 [FXGL Background Thread 3 ] DEBUG Engine               - applicationMode: DEVELOPER
10:20:36.888 [FXGL Background Thread 3 ] DEBUG Engine               - cSSList: [fxgl_dark.css]
10:20:36.888 [FXGL Background Thread 3 ] DEBUG Engine               - collisionDetectionStrategy: BRUTE_FORCE
10:20:36.889 [FXGL Background Thread 3 ] DEBUG Engine               - configClass: Optional.empty
10:20:36.889 [FXGL Background Thread 3 ] DEBUG Engine               - credits: []
10:20:36.889 [FXGL Background Thread 3 ] DEBUG Engine               - defaultCursor: CursorInfo(imageName=fxgl_default_cursor.png, hotspotX=7.0, hotspotY=6.0)
10:20:36.889 [FXGL Background Thread 3 ] DEBUG Engine               - devBBoxColorProperty: ObjectProperty [value: 0xff0000ff]
10:20:36.890 [FXGL Background Thread 3 ] DEBUG Engine               - devEnableDebugCameraProperty: BooleanProperty [value: false]
10:20:36.890 [FXGL Background Thread 3 ] DEBUG Engine               - devSensorColorProperty: ObjectProperty [value: 0xffff00ff]
10:20:36.890 [FXGL Background Thread 3 ] DEBUG Engine               - devShowBBoxProperty: BooleanProperty [value: false]
10:20:36.890 [FXGL Background Thread 3 ] DEBUG Engine               - devShowPositionProperty: BooleanProperty [value: false]
10:20:36.890 [FXGL Background Thread 3 ] DEBUG Engine               - enabledMenuItems: []
10:20:36.890 [FXGL Background Thread 3 ] DEBUG Engine               - engineServices: [class com.almasb.fxgl.app.services.FXGLAssetLoaderService, class com.almasb.fxgl.app.FXGLApplication$GameApplicationService, class com.almasb.fxgl.app.services.FXGLDialogService, class com.almasb.fxgl.app.services.IOTaskExecutorService, class com.almasb.fxgl.io.FileSystemService, class com.almasb.fxgl.localization.LocalizationService, class com.almasb.fxgl.app.services.SystemBundleService, class com.almasb.fxgl.profile.SaveLoadService, class com.almasb.fxgl.ui.FXGLUIFactoryServiceProvider, class com.almasb.fxgl.ui.FXGLDialogFactoryServiceProvider, class com.almasb.fxgl.audio.AudioPlayer, class com.almasb.fxgl.notification.impl.NotificationServiceProvider, class com.almasb.fxgl.achievement.AchievementService, class com.almasb.fxgl.cutscene.CutsceneService, class com.almasb.fxgl.minigames.MiniGameService, class com.almasb.fxgl.net.NetService, class com.almasb.fxgl.app.services.UpdaterService, class com.almasb.fxgl.dev.DevService]
10:20:36.890 [FXGL Background Thread 3 ] DEBUG Engine               - fontGame: Abel-Regular.ttf
10:20:36.890 [FXGL Background Thread 3 ] DEBUG Engine               - fontMono: TerminalLandMono-Regular.otf
10:20:36.890 [FXGL Background Thread 3 ] DEBUG Engine               - fontText: Courier-Prime.ttf
10:20:36.890 [FXGL Background Thread 3 ] DEBUG Engine               - fontUI: VarelaRound-Regular.ttf
10:20:36.890 [FXGL Background Thread 3 ] DEBUG Engine               - fullScreen: BooleanProperty [value: false]
10:20:36.890 [FXGL Background Thread 3 ] DEBUG Engine               - gameDifficulty: MEDIUM
10:20:36.890 [FXGL Background Thread 3 ] DEBUG Engine               - gameDifficultyProperty: ObjectProperty [value: MEDIUM]
10:20:36.891 [FXGL Background Thread 3 ] DEBUG Engine               - globalMusicVolume: 0.5
10:20:36.891 [FXGL Background Thread 3 ] DEBUG Engine               - globalMusicVolumeProperty: DoubleProperty [value: 0.5]
10:20:36.891 [FXGL Background Thread 3 ] DEBUG Engine               - globalSoundVolume: 0.5
10:20:36.891 [FXGL Background Thread 3 ] DEBUG Engine               - globalSoundVolumeProperty: DoubleProperty [value: 0.5]
10:20:36.891 [FXGL Background Thread 3 ] DEBUG Engine               - height: 600
10:20:36.891 [FXGL Background Thread 3 ] DEBUG Engine               - is3D: false
10:20:36.891 [FXGL Background Thread 3 ] DEBUG Engine               - isAndroid: false
10:20:36.891 [FXGL Background Thread 3 ] DEBUG Engine               - isBrowser: false
10:20:36.891 [FXGL Background Thread 3 ] DEBUG Engine               - isClickFeedbackEnabled: false
10:20:36.891 [FXGL Background Thread 3 ] DEBUG Engine               - isCloseConfirmation: false
10:20:36.891 [FXGL Background Thread 3 ] DEBUG Engine               - isDesktop: true
10:20:36.891 [FXGL Background Thread 3 ] DEBUG Engine               - isDeveloperMenuEnabled: false
10:20:36.891 [FXGL Background Thread 3 ] DEBUG Engine               - isEmbedded: false
10:20:36.891 [FXGL Background Thread 3 ] DEBUG Engine               - isEntityPreloadEnabled: true
10:20:36.891 [FXGL Background Thread 3 ] DEBUG Engine               - isExperimentalTiledLargeMap: false
10:20:36.891 [FXGL Background Thread 3 ] DEBUG Engine               - isFileSystemWriteAllowed: true
10:20:36.891 [FXGL Background Thread 3 ] DEBUG Engine               - isFullScreenAllowed: false
10:20:36.891 [FXGL Background Thread 3 ] DEBUG Engine               - isFullScreenFromStart: false
10:20:36.891 [FXGL Background Thread 3 ] DEBUG Engine               - isGameMenuEnabled: true
10:20:36.892 [FXGL Background Thread 3 ] DEBUG Engine               - isIOS: false
10:20:36.892 [FXGL Background Thread 3 ] DEBUG Engine               - isIntroEnabled: false
10:20:36.892 [FXGL Background Thread 3 ] DEBUG Engine               - isLinux: false
10:20:36.892 [FXGL Background Thread 3 ] DEBUG Engine               - isMac: false
10:20:36.892 [FXGL Background Thread 3 ] DEBUG Engine               - isMainMenuEnabled: false
10:20:36.892 [FXGL Background Thread 3 ] DEBUG Engine               - isManualResizeEnabled: false
10:20:36.892 [FXGL Background Thread 3 ] DEBUG Engine               - isMobile: false
10:20:36.892 [FXGL Background Thread 3 ] DEBUG Engine               - isNative: false
10:20:36.892 [FXGL Background Thread 3 ] DEBUG Engine               - isPauseMusicWhenMinimized: true
10:20:36.892 [FXGL Background Thread 3 ] DEBUG Engine               - isPreserveResizeRatio: false
10:20:36.892 [FXGL Background Thread 3 ] DEBUG Engine               - isProfilingEnabled: false
10:20:36.892 [FXGL Background Thread 3 ] DEBUG Engine               - isScaleAffectedOnResize: true
10:20:36.892 [FXGL Background Thread 3 ] DEBUG Engine               - isSingleStep: false
10:20:36.892 [FXGL Background Thread 3 ] DEBUG Engine               - isUserProfileEnabled: false
10:20:36.892 [FXGL Background Thread 3 ] DEBUG Engine               - isWindows: true
10:20:36.892 [FXGL Background Thread 3 ] DEBUG Engine               - language: ObjectProperty [value: ENGLISH]
10:20:36.892 [FXGL Background Thread 3 ] DEBUG Engine               - menuKey: ESCAPE
10:20:36.893 [FXGL Background Thread 3 ] DEBUG Engine               - mouseSensitivity: 0.2
10:20:36.893 [FXGL Background Thread 3 ] DEBUG Engine               - notificationViewClass: class com.almasb.fxgl.notification.view.XboxNotificationView
10:20:36.893 [FXGL Background Thread 3 ] DEBUG Engine               - pixelsPerMeter: 50.0
10:20:36.893 [FXGL Background Thread 3 ] DEBUG Engine               - platform: WINDOWS
10:20:36.893 [FXGL Background Thread 3 ] DEBUG Engine               - prefHeightProperty: ReadOnlyDoubleProperty [value: 600.0]
10:20:36.893 [FXGL Background Thread 3 ] DEBUG Engine               - prefWidthProperty: ReadOnlyDoubleProperty [value: 800.0]
10:20:36.893 [FXGL Background Thread 3 ] DEBUG Engine               - profileDir: profiles/
10:20:36.893 [FXGL Background Thread 3 ] DEBUG Engine               - profileName: StringProperty [value: DEFAULT]
10:20:36.893 [FXGL Background Thread 3 ] DEBUG Engine               - randomSeed: -1
10:20:36.893 [FXGL Background Thread 3 ] DEBUG Engine               - runtimeInfo: RuntimeInfo(platform=WINDOWS, version=17.1, build=24.03.2022 17.34)
10:20:36.893 [FXGL Background Thread 3 ] DEBUG Engine               - saveFileExt: sav
10:20:36.893 [FXGL Background Thread 3 ] DEBUG Engine               - scaledHeightProp$fxgl: DoubleProperty [bound, value: 600.0]
10:20:36.893 [FXGL Background Thread 3 ] DEBUG Engine               - scaledWidthProp$fxgl: DoubleProperty [bound, value: 800.0]
10:20:36.894 [FXGL Background Thread 3 ] DEBUG Engine               - sceneFactory: com.almasb.fxgl.app.scene.SceneFactory@6ec136b3
10:20:36.894 [FXGL Background Thread 3 ] DEBUG Engine               - secondsIn24h: 60
10:20:36.894 [FXGL Background Thread 3 ] DEBUG Engine               - soundMenuBack: menu/back.wav
10:20:36.894 [FXGL Background Thread 3 ] DEBUG Engine               - soundMenuPress: menu/press.wav
10:20:36.894 [FXGL Background Thread 3 ] DEBUG Engine               - soundMenuSelect: menu/select.wav
10:20:36.894 [FXGL Background Thread 3 ] DEBUG Engine               - soundNotification: core/notification.wav
10:20:36.894 [FXGL Background Thread 3 ] DEBUG Engine               - stageStyle: DECORATED
10:20:36.894 [FXGL Background Thread 3 ] DEBUG Engine               - supportedLanguages: [ENGLISH, FRENCH, GERMAN, HUNGARIAN, RUSSIAN]
10:20:36.894 [FXGL Background Thread 3 ] DEBUG Engine               - ticksPerSecond: -1
10:20:36.894 [FXGL Background Thread 3 ] DEBUG Engine               - title: Teachers vs Students
10:20:36.894 [FXGL Background Thread 3 ] DEBUG Engine               - urlGithub: https://github.com/AlmasB/FXGL
10:20:36.894 [FXGL Background Thread 3 ] DEBUG Engine               - urlLeaderboard: http://fxgl-top.herokuapp.com/
10:20:36.894 [FXGL Background Thread 3 ] DEBUG Engine               - urlPOM: https://raw.githubusercontent.com/AlmasB/FXGL/release/README.md
10:20:36.894 [FXGL Background Thread 3 ] DEBUG Engine               - userAppClass: class org.hsleiden.challengeweek.docenten_vs_studenten.Game
10:20:36.894 [FXGL Background Thread 3 ] DEBUG Engine               - version: 0.0
10:20:36.894 [FXGL Background Thread 3 ] DEBUG Engine               - versionCheckDays: 7
10:20:36.895 [FXGL Background Thread 3 ] DEBUG Engine               - width: 800
10:20:36.895 [FXGL Background Thread 3 ] DEBUG Engine               - Logging services
10:20:36.895 [FXGL Background Thread 3 ] DEBUG Engine               - class com.almasb.fxgl.app.services.FXGLAssetLoaderService
10:20:36.895 [FXGL Background Thread 3 ] DEBUG Engine               - class com.almasb.fxgl.app.FXGLApplication$GameApplicationService
10:20:36.895 [FXGL Background Thread 3 ] DEBUG Engine               - class com.almasb.fxgl.app.services.FXGLDialogService
10:20:36.895 [FXGL Background Thread 3 ] DEBUG Engine               - class com.almasb.fxgl.app.services.IOTaskExecutorService
10:20:36.895 [FXGL Background Thread 3 ] DEBUG Engine               - class com.almasb.fxgl.io.FileSystemService
10:20:36.895 [FXGL Background Thread 3 ] DEBUG Engine               - class com.almasb.fxgl.localization.LocalizationService
10:20:36.895 [FXGL Background Thread 3 ] DEBUG Engine               - class com.almasb.fxgl.app.services.SystemBundleService
10:20:36.895 [FXGL Background Thread 3 ] DEBUG Engine               - class com.almasb.fxgl.profile.SaveLoadService
10:20:36.895 [FXGL Background Thread 3 ] DEBUG Engine               - class com.almasb.fxgl.ui.FXGLUIFactoryServiceProvider
10:20:36.895 [FXGL Background Thread 3 ] DEBUG Engine               - class com.almasb.fxgl.ui.FXGLDialogFactoryServiceProvider
10:20:36.895 [FXGL Background Thread 3 ] DEBUG Engine               - class com.almasb.fxgl.audio.AudioPlayer
10:20:36.895 [FXGL Background Thread 3 ] DEBUG Engine               - class com.almasb.fxgl.notification.impl.NotificationServiceProvider
10:20:36.896 [FXGL Background Thread 3 ] DEBUG Engine               - class com.almasb.fxgl.achievement.AchievementService
10:20:36.896 [FXGL Background Thread 3 ] DEBUG Engine               - class com.almasb.fxgl.cutscene.CutsceneService
10:20:36.896 [FXGL Background Thread 3 ] DEBUG Engine               - class com.almasb.fxgl.minigames.MiniGameService
10:20:36.896 [FXGL Background Thread 3 ] DEBUG Engine               - class com.almasb.fxgl.net.NetService
10:20:36.896 [FXGL Background Thread 3 ] DEBUG Engine               - class com.almasb.fxgl.app.services.UpdaterService
10:20:36.896 [FXGL Background Thread 3 ] DEBUG Engine               - class com.almasb.fxgl.dev.DevService
10:21:05.473 [JavaFX Application Thread] DEBUG FXGLApplication      - Exiting FXGL
10:21:05.473 [JavaFX Application Thread] DEBUG LoopRunner           - Stopping loop
10:21:05.474 [JavaFX Application Thread] DEBUG SystemBundleService  - Saving FXGL system data
10:21:05.477 [JavaFX Application Thread] DEBUG FileSystemAccess     - Writing to: C:\Users\tangu\Desktop\Challengeweek\IPOSE_challengeweek\Docenten_vs_Studenten\system\fxgl.bundle
10:21:05.480 [JavaFX Application Thread] DEBUG Async                - Shutting down background threads
10:21:05.480 [JavaFX Application Thread] DEBUG PrimaryStageWindow   - Closing main window
10:21:05.501 [JavaFX Application Thread] DEBUG Logger               - Closing Logger
