10:24:58.017 [main                     ] DEBUG Logger               - Configured Logger
10:24:58.046 [main                     ] DEBUG GameApplication      - Logging settings
Title: Teachers vs Students
Version: 0.0
Width: 800
Height: 600
Fullscreen: false
Intro: false
Profiling: false
Single step:false
App Mode: DEVELOPER
Menu Key: ESCAPE
Stage Style: DECORATED
Scene Factory: class com.almasb.fxgl.app.scene.SceneFactory

10:24:58.331 [JavaFX Application Thread] DEBUG FXGLApplication      - Initializing FXGL
10:24:58.336 [JavaFX Application Thread] INFO  Engine               - FXGL-17.1 (24.03.2022 17.34) on WINDOWS (J:19.0.1 FX:19-ea)
10:24:58.336 [JavaFX Application Thread] DEBUG Engine               - JRE Vendor Name: Oracle Corporation
10:24:58.337 [JavaFX Application Thread] DEBUG Engine               - Running on OS: Windows 11 version 10.0
10:24:58.337 [JavaFX Application Thread] DEBUG Engine               - Architecture: amd64
10:24:58.337 [JavaFX Application Thread] INFO  Engine               - Source code and latest versions at: https://github.com/AlmasB/FXGL
10:24:58.337 [JavaFX Application Thread] INFO  Engine               -       Ask questions and discuss at: https://github.com/AlmasB/FXGL/discussions
10:24:58.337 [JavaFX Application Thread] INFO  Engine               -              Join the FXGL chat at: https://gitter.im/AlmasB/FXGL
10:24:58.422 [JavaFX Application Thread] DEBUG PrimaryStageWindow   - Creating a JavaFX scene
10:24:58.469 [JavaFX Application Thread] DEBUG PrimaryStageWindow   - Target settings size: 800.0 x 600.0
10:24:58.469 [JavaFX Application Thread] DEBUG PrimaryStageWindow   - Scaled scene size:    800.0 x 600.0
10:24:58.469 [JavaFX Application Thread] DEBUG PrimaryStageWindow   - Scaled ratio: (1.0, 1.0)
10:24:58.470 [JavaFX Application Thread] DEBUG PrimaryStageWindow   - Set initial scene to FXGLStartupScene
10:24:58.476 [JavaFX Application Thread] DEBUG PrimaryStageWindow   - Opening main window
10:24:58.559 [JavaFX Application Thread] DEBUG PrimaryStageWindow   - Window border size: (14.66668701171875, 37.33331298828125)
10:24:58.560 [JavaFX Application Thread] DEBUG PrimaryStageWindow   - Scaled size: 800.0 x 600.0
10:24:58.560 [JavaFX Application Thread] DEBUG PrimaryStageWindow   - Scaled ratio: (1.0, 1.0)
10:24:58.560 [JavaFX Application Thread] DEBUG PrimaryStageWindow   - Scene size: 800.0 x 600.0
10:24:58.561 [JavaFX Application Thread] DEBUG PrimaryStageWindow   - Stage size: 814.6666870117188 x 637.3333129882812
10:24:58.569 [FXGL Background Thread 1 ] DEBUG Engine               - Initializing environment variables
10:24:58.624 [FXGL Background Thread 1 ] DEBUG FXGLAssetLoaderServi - User app class for loading assets: class org.hsleiden.challengeweek.docenten_vs_studenten.Game
10:24:58.624 [FXGL Background Thread 1 ] DEBUG GameApplicationServi - Applying CSS: fxgl_dark.css
10:24:58.625 [FXGL Background Thread 1 ] DEBUG FXGLAssetLoaderServi - Loading from file system: jar:file:///C:/Users/tangu/.m2/repository/com/github/almasb/fxgl/17.1/fxgl-17.1.jar!/fxglassets/ui/css/fxgl_dark.css
10:24:58.670 [FXGL Background Thread 1 ] DEBUG GameApplicationServi - Initializing application scenes
10:24:58.710 [FXGL Background Thread 1 ] DEBUG GameWorld            - Game world initialized
10:24:58.798 [FXGL Background Thread 1 ] DEBUG PhysicsWorld         - Physics world initialized: appHeight=600, physics.ppm=50,0
10:24:58.799 [FXGL Background Thread 1 ] DEBUG PhysicsWorld         - Using strategy: BRUTE_FORCE
10:24:58.804 [FXGL Background Thread 1 ] DEBUG GameScene            - Game scene initialized: 800x600
10:24:58.820 [FXGL Background Thread 1 ] DEBUG FXGL.DefaultMenu     - createMenuBodyGameMenu()
10:24:58.838 [FXGL Background Thread 1 ] DEBUG FXGL.DefaultMenu     - createOptionsMenu()
10:24:58.853 [FXGL Background Thread 1 ] DEBUG FXGLAssetLoaderServi - Loading from file system: jar:file:///C:/Users/tangu/.m2/repository/com/github/almasb/fxgl/17.1/fxgl-17.1.jar!/fxglassets/textures/particles/smoke.png
10:24:58.957 [FXGL Background Thread 1 ] DEBUG FXGLAssetLoaderServi - Loading from file system: jar:file:///C:/Users/tangu/.m2/repository/com/github/almasb/fxgl/17.1/fxgl-17.1.jar!/fxglassets/textures/particles/trace_horizontal.png
10:24:59.005 [FXGL Background Thread 1 ] DEBUG GameApplicationServi - Application scenes initialized
10:24:59.017 [FXGL Background Thread 1 ] DEBUG SystemBundleService  - Loading FXGL system data
10:24:59.023 [FXGL Background Thread 1 ] DEBUG FileSystemAccess     - Reading from: C:\Users\tangu\Desktop\Challengeweek\IPOSE_challengeweek\Docenten_vs_Studenten\system\fxgl.bundle
10:24:59.032 [FXGL Background Thread 1 ] DEBUG SystemBundleService  - Bundle FXGL: {}
10:24:59.032 [FXGL Background Thread 1 ] DEBUG UpdaterService       - Checking for updates
10:24:59.037 [FXGL Background Thread 4 ] DEBUG FXGLApplication      - Loading fonts
10:24:59.037 [FXGL Background Thread 4 ] DEBUG FXGLAssetLoaderServi - Loading from file system: jar:file:///C:/Users/tangu/.m2/repository/com/github/almasb/fxgl/17.1/fxgl-17.1.jar!/fxglassets/ui/fonts/VarelaRound-Regular.ttf
10:24:59.037 [FXGL Background Thread 1 ] DEBUG FXGLApplication      - Loading default localization
10:24:59.038 [FXGL Background Thread 1 ] DEBUG FXGLAssetLoaderServi - Loading from file system: jar:file:///C:/Users/tangu/.m2/repository/com/github/almasb/fxgl/17.1/fxgl-17.1.jar!/fxglassets/languages/english.lang
10:24:59.062 [FXGL Background Thread 1 ] INFO  FXGLApplication      - FXGL initialization took: 0,494 sec
10:24:59.072 [JavaFX Application Thread] DEBUG Input                - Registered new binding: action0 - D
10:24:59.073 [JavaFX Application Thread] DEBUG Input                - Registered new binding: action1 - A
10:24:59.073 [JavaFX Application Thread] DEBUG Input                - Registered new binding: action2 - W
10:24:59.074 [JavaFX Application Thread] DEBUG Input                - Registered new binding: action3 - S
10:24:59.074 [JavaFX Application Thread] DEBUG FXGLAssetLoaderServi - Loading from file system: jar:file:///C:/Users/tangu/.m2/repository/com/github/almasb/fxgl/17.1/fxgl-17.1.jar!/fxglassets/textures/fxgl_icon.png
10:24:59.108 [JavaFX Application Thread] DEBUG FXGLAssetLoaderServi - Loading from file system: jar:file:///C:/Users/tangu/.m2/repository/com/github/almasb/fxgl/17.1/fxgl-17.1.jar!/fxglassets/textures/fxgl_default_cursor.png
10:24:59.111 [JavaFX Application Thread] DEBUG Input                - Registered new binding: Screenshot - CTRL+8
10:24:59.111 [JavaFX Application Thread] DEBUG Input                - Registered new binding: System info dump - CTRL+9
10:24:59.112 [JavaFX Application Thread] DEBUG Input                - Registered new binding: Restart - CTRL+R
10:24:59.113 [JavaFX Application Thread] DEBUG Input                - Registered new binding: Toggle Debug Camera - CTRL+7
10:24:59.116 [JavaFX Application Thread] DEBUG LoopRunner           - Starting loop
10:24:59.116 [JavaFX Application Thread] DEBUG LoopRunner           - Initializing JavaFX AnimationTimerLoop
10:24:59.119 [JavaFX Application Thread] DEBUG GameApplicationServi - Starting new game
10:24:59.119 [JavaFX Application Thread] DEBUG Input                - Clearing active input actions
10:24:59.131 [JavaFX Application Thread] DEBUG GameApplicationServi - Removing overlay from FXGLStartupScene and adding to FXGLLoadingScene
10:24:59.132 [JavaFX Application Thread] DEBUG PrimaryStageWindow   - FXGLStartupScene -> FXGLLoadingScene
10:24:59.132 [JavaFX Application Thread] DEBUG GameApplicationServi - Clearing previous game
10:24:59.132 [JavaFX Application Thread] DEBUG GameScene            - Clearing game scene
10:24:59.132 [JavaFX Application Thread] DEBUG GameWorld            - Clearing game world
10:24:59.132 [JavaFX Application Thread] DEBUG PhysicsWorld         - Clearing physics world
10:24:59.134 [FXGL Background Thread 1 ] DEBUG FXGLApplication      - Initializing game
10:24:59.177 [FXGL Background Thread 4 ] DEBUG FXGLAssetLoaderServi - Loading from file system: jar:file:///C:/Users/tangu/.m2/repository/com/github/almasb/fxgl/17.1/fxgl-17.1.jar!/fxglassets/ui/fonts/Abel-Regular.ttf
10:24:59.192 [FXGL Background Thread 4 ] DEBUG FXGLAssetLoaderServi - Loading from file system: jar:file:///C:/Users/tangu/.m2/repository/com/github/almasb/fxgl/17.1/fxgl-17.1.jar!/fxglassets/ui/fonts/TerminalLandMono-Regular.otf
10:24:59.228 [FXGL Background Thread 4 ] DEBUG FXGLAssetLoaderServi - Loading from file system: jar:file:///C:/Users/tangu/.m2/repository/com/github/almasb/fxgl/17.1/fxgl-17.1.jar!/fxglassets/ui/fonts/Courier-Prime.ttf
10:24:59.236 [FXGL Background Thread 1 ] INFO  FXGLApplication      - Game initialization took: 0,103 sec
10:24:59.315 [JavaFX Application Thread] DEBUG Input                - Clearing active input actions
10:24:59.334 [JavaFX Application Thread] DEBUG GameApplicationServi - Removing overlay from FXGLLoadingScene and adding to GameScene
10:24:59.334 [JavaFX Application Thread] DEBUG PrimaryStageWindow   - FXGLLoadingScene -> GameScene
10:24:59.335 [JavaFX Application Thread] DEBUG FXGLApplication      - Registering font factories with UI factory
10:24:59.479 [FXGL Background Thread 2 ] INFO  UpdaterService       - Your current version:  17.1
10:24:59.479 [FXGL Background Thread 2 ] INFO  UpdaterService       - Latest stable version: 17.3
10:25:02.036 [FXGL Background Thread 3 ] DEBUG Engine               - Logging environment variables
10:25:02.039 [FXGL Background Thread 3 ] DEBUG Engine               - achievements: []
10:25:02.039 [FXGL Background Thread 3 ] DEBUG Engine               - actualHeight: 600.0
10:25:02.039 [FXGL Background Thread 3 ] DEBUG Engine               - actualHeightProperty: ReadOnlyDoubleProperty [value: 600.0]
10:25:02.039 [FXGL Background Thread 3 ] DEBUG Engine               - actualWidth: 800.0
10:25:02.040 [FXGL Background Thread 3 ] DEBUG Engine               - actualWidthProperty: ReadOnlyDoubleProperty [value: 800.0]
10:25:02.040 [FXGL Background Thread 3 ] DEBUG Engine               - appIcon: fxgl_icon.png
10:25:02.040 [FXGL Background Thread 3 ] DEBUG Engine               - applicationMode: DEVELOPER
10:25:02.040 [FXGL Background Thread 3 ] DEBUG Engine               - cSSList: [fxgl_dark.css]
10:25:02.040 [FXGL Background Thread 3 ] DEBUG Engine               - collisionDetectionStrategy: BRUTE_FORCE
10:25:02.040 [FXGL Background Thread 3 ] DEBUG Engine               - configClass: Optional.empty
10:25:02.041 [FXGL Background Thread 3 ] DEBUG Engine               - credits: []
10:25:02.041 [FXGL Background Thread 3 ] DEBUG Engine               - defaultCursor: CursorInfo(imageName=fxgl_default_cursor.png, hotspotX=7.0, hotspotY=6.0)
10:25:02.042 [FXGL Background Thread 3 ] DEBUG Engine               - devBBoxColorProperty: ObjectProperty [value: 0xff0000ff]
10:25:02.042 [FXGL Background Thread 3 ] DEBUG Engine               - devEnableDebugCameraProperty: BooleanProperty [value: false]
10:25:02.042 [FXGL Background Thread 3 ] DEBUG Engine               - devSensorColorProperty: ObjectProperty [value: 0xffff00ff]
10:25:02.042 [FXGL Background Thread 3 ] DEBUG Engine               - devShowBBoxProperty: BooleanProperty [value: false]
10:25:02.042 [FXGL Background Thread 3 ] DEBUG Engine               - devShowPositionProperty: BooleanProperty [value: false]
10:25:02.042 [FXGL Background Thread 3 ] DEBUG Engine               - enabledMenuItems: []
10:25:02.043 [FXGL Background Thread 3 ] DEBUG Engine               - engineServices: [class com.almasb.fxgl.app.services.FXGLAssetLoaderService, class com.almasb.fxgl.app.FXGLApplication$GameApplicationService, class com.almasb.fxgl.app.services.FXGLDialogService, class com.almasb.fxgl.app.services.IOTaskExecutorService, class com.almasb.fxgl.io.FileSystemService, class com.almasb.fxgl.localization.LocalizationService, class com.almasb.fxgl.app.services.SystemBundleService, class com.almasb.fxgl.profile.SaveLoadService, class com.almasb.fxgl.ui.FXGLUIFactoryServiceProvider, class com.almasb.fxgl.ui.FXGLDialogFactoryServiceProvider, class com.almasb.fxgl.audio.AudioPlayer, class com.almasb.fxgl.notification.impl.NotificationServiceProvider, class com.almasb.fxgl.achievement.AchievementService, class com.almasb.fxgl.cutscene.CutsceneService, class com.almasb.fxgl.minigames.MiniGameService, class com.almasb.fxgl.net.NetService, class com.almasb.fxgl.app.services.UpdaterService, class com.almasb.fxgl.dev.DevService]
10:25:02.043 [FXGL Background Thread 3 ] DEBUG Engine               - fontGame: Abel-Regular.ttf
10:25:02.043 [FXGL Background Thread 3 ] DEBUG Engine               - fontMono: TerminalLandMono-Regular.otf
10:25:02.043 [FXGL Background Thread 3 ] DEBUG Engine               - fontText: Courier-Prime.ttf
10:25:02.043 [FXGL Background Thread 3 ] DEBUG Engine               - fontUI: VarelaRound-Regular.ttf
10:25:02.043 [FXGL Background Thread 3 ] DEBUG Engine               - fullScreen: BooleanProperty [value: false]
10:25:02.043 [FXGL Background Thread 3 ] DEBUG Engine               - gameDifficulty: MEDIUM
10:25:02.043 [FXGL Background Thread 3 ] DEBUG Engine               - gameDifficultyProperty: ObjectProperty [value: MEDIUM]
10:25:02.044 [FXGL Background Thread 3 ] DEBUG Engine               - globalMusicVolume: 0.5
10:25:02.044 [FXGL Background Thread 3 ] DEBUG Engine               - globalMusicVolumeProperty: DoubleProperty [value: 0.5]
10:25:02.044 [FXGL Background Thread 3 ] DEBUG Engine               - globalSoundVolume: 0.5
10:25:02.044 [FXGL Background Thread 3 ] DEBUG Engine               - globalSoundVolumeProperty: DoubleProperty [value: 0.5]
10:25:02.044 [FXGL Background Thread 3 ] DEBUG Engine               - height: 600
10:25:02.044 [FXGL Background Thread 3 ] DEBUG Engine               - is3D: false
10:25:02.044 [FXGL Background Thread 3 ] DEBUG Engine               - isAndroid: false
10:25:02.044 [FXGL Background Thread 3 ] DEBUG Engine               - isBrowser: false
10:25:02.044 [FXGL Background Thread 3 ] DEBUG Engine               - isClickFeedbackEnabled: false
10:25:02.044 [FXGL Background Thread 3 ] DEBUG Engine               - isCloseConfirmation: false
10:25:02.044 [FXGL Background Thread 3 ] DEBUG Engine               - isDesktop: true
10:25:02.044 [FXGL Background Thread 3 ] DEBUG Engine               - isDeveloperMenuEnabled: false
10:25:02.044 [FXGL Background Thread 3 ] DEBUG Engine               - isEmbedded: false
10:25:02.045 [FXGL Background Thread 3 ] DEBUG Engine               - isEntityPreloadEnabled: true
10:25:02.045 [FXGL Background Thread 3 ] DEBUG Engine               - isExperimentalTiledLargeMap: false
10:25:02.045 [FXGL Background Thread 3 ] DEBUG Engine               - isFileSystemWriteAllowed: true
10:25:02.045 [FXGL Background Thread 3 ] DEBUG Engine               - isFullScreenAllowed: false
10:25:02.045 [FXGL Background Thread 3 ] DEBUG Engine               - isFullScreenFromStart: false
10:25:02.045 [FXGL Background Thread 3 ] DEBUG Engine               - isGameMenuEnabled: true
10:25:02.045 [FXGL Background Thread 3 ] DEBUG Engine               - isIOS: false
10:25:02.045 [FXGL Background Thread 3 ] DEBUG Engine               - isIntroEnabled: false
10:25:02.045 [FXGL Background Thread 3 ] DEBUG Engine               - isLinux: false
10:25:02.045 [FXGL Background Thread 3 ] DEBUG Engine               - isMac: false
10:25:02.045 [FXGL Background Thread 3 ] DEBUG Engine               - isMainMenuEnabled: false
10:25:02.045 [FXGL Background Thread 3 ] DEBUG Engine               - isManualResizeEnabled: false
10:25:02.045 [FXGL Background Thread 3 ] DEBUG Engine               - isMobile: false
10:25:02.046 [FXGL Background Thread 3 ] DEBUG Engine               - isNative: false
10:25:02.046 [FXGL Background Thread 3 ] DEBUG Engine               - isPauseMusicWhenMinimized: true
10:25:02.046 [FXGL Background Thread 3 ] DEBUG Engine               - isPreserveResizeRatio: false
10:25:02.046 [FXGL Background Thread 3 ] DEBUG Engine               - isProfilingEnabled: false
10:25:02.046 [FXGL Background Thread 3 ] DEBUG Engine               - isScaleAffectedOnResize: true
10:25:02.046 [FXGL Background Thread 3 ] DEBUG Engine               - isSingleStep: false
10:25:02.047 [FXGL Background Thread 3 ] DEBUG Engine               - isUserProfileEnabled: false
10:25:02.047 [FXGL Background Thread 3 ] DEBUG Engine               - isWindows: true
10:25:02.047 [FXGL Background Thread 3 ] DEBUG Engine               - language: ObjectProperty [value: ENGLISH]
10:25:02.047 [FXGL Background Thread 3 ] DEBUG Engine               - menuKey: ESCAPE
10:25:02.047 [FXGL Background Thread 3 ] DEBUG Engine               - mouseSensitivity: 0.2
10:25:02.047 [FXGL Background Thread 3 ] DEBUG Engine               - notificationViewClass: class com.almasb.fxgl.notification.view.XboxNotificationView
10:25:02.047 [FXGL Background Thread 3 ] DEBUG Engine               - pixelsPerMeter: 50.0
10:25:02.048 [FXGL Background Thread 3 ] DEBUG Engine               - platform: WINDOWS
10:25:02.048 [FXGL Background Thread 3 ] DEBUG Engine               - prefHeightProperty: ReadOnlyDoubleProperty [value: 600.0]
10:25:02.048 [FXGL Background Thread 3 ] DEBUG Engine               - prefWidthProperty: ReadOnlyDoubleProperty [value: 800.0]
10:25:02.048 [FXGL Background Thread 3 ] DEBUG Engine               - profileDir: profiles/
10:25:02.048 [FXGL Background Thread 3 ] DEBUG Engine               - profileName: StringProperty [value: DEFAULT]
10:25:02.048 [FXGL Background Thread 3 ] DEBUG Engine               - randomSeed: -1
10:25:02.049 [FXGL Background Thread 3 ] DEBUG Engine               - runtimeInfo: RuntimeInfo(platform=WINDOWS, version=17.1, build=24.03.2022 17.34)
10:25:02.049 [FXGL Background Thread 3 ] DEBUG Engine               - saveFileExt: sav
10:25:02.049 [FXGL Background Thread 3 ] DEBUG Engine               - scaledHeightProp$fxgl: DoubleProperty [bound, value: 600.0]
10:25:02.049 [FXGL Background Thread 3 ] DEBUG Engine               - scaledWidthProp$fxgl: DoubleProperty [bound, value: 800.0]
10:25:02.050 [FXGL Background Thread 3 ] DEBUG Engine               - sceneFactory: com.almasb.fxgl.app.scene.SceneFactory@38e1393c
10:25:02.050 [FXGL Background Thread 3 ] DEBUG Engine               - secondsIn24h: 60
10:25:02.050 [FXGL Background Thread 3 ] DEBUG Engine               - soundMenuBack: menu/back.wav
10:25:02.050 [FXGL Background Thread 3 ] DEBUG Engine               - soundMenuPress: menu/press.wav
10:25:02.050 [FXGL Background Thread 3 ] DEBUG Engine               - soundMenuSelect: menu/select.wav
10:25:02.050 [FXGL Background Thread 3 ] DEBUG Engine               - soundNotification: core/notification.wav
10:25:02.050 [FXGL Background Thread 3 ] DEBUG Engine               - stageStyle: DECORATED
10:25:02.050 [FXGL Background Thread 3 ] DEBUG Engine               - supportedLanguages: [ENGLISH, FRENCH, GERMAN, HUNGARIAN, RUSSIAN]
10:25:02.050 [FXGL Background Thread 3 ] DEBUG Engine               - ticksPerSecond: -1
10:25:02.050 [FXGL Background Thread 3 ] DEBUG Engine               - title: Teachers vs Students
10:25:02.050 [FXGL Background Thread 3 ] DEBUG Engine               - urlGithub: https://github.com/AlmasB/FXGL
10:25:02.051 [FXGL Background Thread 3 ] DEBUG Engine               - urlLeaderboard: http://fxgl-top.herokuapp.com/
10:25:02.051 [FXGL Background Thread 3 ] DEBUG Engine               - urlPOM: https://raw.githubusercontent.com/AlmasB/FXGL/release/README.md
10:25:02.051 [FXGL Background Thread 3 ] DEBUG Engine               - userAppClass: class org.hsleiden.challengeweek.docenten_vs_studenten.Game
10:25:02.051 [FXGL Background Thread 3 ] DEBUG Engine               - version: 0.0
10:25:02.051 [FXGL Background Thread 3 ] DEBUG Engine               - versionCheckDays: 7
10:25:02.051 [FXGL Background Thread 3 ] DEBUG Engine               - width: 800
10:25:02.051 [FXGL Background Thread 3 ] DEBUG Engine               - Logging services
10:25:02.051 [FXGL Background Thread 3 ] DEBUG Engine               - class com.almasb.fxgl.app.services.FXGLAssetLoaderService
10:25:02.051 [FXGL Background Thread 3 ] DEBUG Engine               - class com.almasb.fxgl.app.FXGLApplication$GameApplicationService
10:25:02.051 [FXGL Background Thread 3 ] DEBUG Engine               - class com.almasb.fxgl.app.services.FXGLDialogService
10:25:02.052 [FXGL Background Thread 3 ] DEBUG Engine               - class com.almasb.fxgl.app.services.IOTaskExecutorService
10:25:02.052 [FXGL Background Thread 3 ] DEBUG Engine               - class com.almasb.fxgl.io.FileSystemService
10:25:02.052 [FXGL Background Thread 3 ] DEBUG Engine               - class com.almasb.fxgl.localization.LocalizationService
10:25:02.052 [FXGL Background Thread 3 ] DEBUG Engine               - class com.almasb.fxgl.app.services.SystemBundleService
10:25:02.052 [FXGL Background Thread 3 ] DEBUG Engine               - class com.almasb.fxgl.profile.SaveLoadService
10:25:02.052 [FXGL Background Thread 3 ] DEBUG Engine               - class com.almasb.fxgl.ui.FXGLUIFactoryServiceProvider
10:25:02.052 [FXGL Background Thread 3 ] DEBUG Engine               - class com.almasb.fxgl.ui.FXGLDialogFactoryServiceProvider
10:25:02.052 [FXGL Background Thread 3 ] DEBUG Engine               - class com.almasb.fxgl.audio.AudioPlayer
10:25:02.052 [FXGL Background Thread 3 ] DEBUG Engine               - class com.almasb.fxgl.notification.impl.NotificationServiceProvider
10:25:02.052 [FXGL Background Thread 3 ] DEBUG Engine               - class com.almasb.fxgl.achievement.AchievementService
10:25:02.052 [FXGL Background Thread 3 ] DEBUG Engine               - class com.almasb.fxgl.cutscene.CutsceneService
10:25:02.052 [FXGL Background Thread 3 ] DEBUG Engine               - class com.almasb.fxgl.minigames.MiniGameService
10:25:02.053 [FXGL Background Thread 3 ] DEBUG Engine               - class com.almasb.fxgl.net.NetService
10:25:02.053 [FXGL Background Thread 3 ] DEBUG Engine               - class com.almasb.fxgl.app.services.UpdaterService
10:25:02.053 [FXGL Background Thread 3 ] DEBUG Engine               - class com.almasb.fxgl.dev.DevService
10:25:07.605 [JavaFX Application Thread] DEBUG FXGLApplication      - Exiting FXGL
10:25:07.605 [JavaFX Application Thread] DEBUG LoopRunner           - Stopping loop
10:25:07.605 [JavaFX Application Thread] DEBUG SystemBundleService  - Saving FXGL system data
10:25:07.607 [JavaFX Application Thread] DEBUG FileSystemAccess     - Writing to: C:\Users\tangu\Desktop\Challengeweek\IPOSE_challengeweek\Docenten_vs_Studenten\system\fxgl.bundle
10:25:07.610 [JavaFX Application Thread] DEBUG Async                - Shutting down background threads
10:25:07.610 [JavaFX Application Thread] DEBUG PrimaryStageWindow   - Closing main window
10:25:07.631 [JavaFX Application Thread] DEBUG Logger               - Closing Logger
