10:22:20.356 [main                     ] DEBUG Logger               - Configured Logger
10:22:20.381 [main                     ] DEBUG GameApplication      - Logging settings
Title: Teachers vs Students
Version: 0.0
Width: 800
Height: 600
Fullscreen: false
Intro: false
Profiling: false
Single step:false
App Mode: DEVELOPER
Menu Key: ESCAPE
Stage Style: DECORATED
Scene Factory: class com.almasb.fxgl.app.scene.SceneFactory

10:22:20.663 [JavaFX Application Thread] DEBUG FXGLApplication      - Initializing FXGL
10:22:20.670 [JavaFX Application Thread] INFO  Engine               - FXGL-17.1 (24.03.2022 17.34) on WINDOWS (J:19.0.1 FX:19-ea)
10:22:20.671 [JavaFX Application Thread] DEBUG Engine               - JRE Vendor Name: Oracle Corporation
10:22:20.671 [JavaFX Application Thread] DEBUG Engine               - Running on OS: Windows 11 version 10.0
10:22:20.671 [JavaFX Application Thread] DEBUG Engine               - Architecture: amd64
10:22:20.671 [JavaFX Application Thread] INFO  Engine               - Source code and latest versions at: https://github.com/AlmasB/FXGL
10:22:20.672 [JavaFX Application Thread] INFO  Engine               -       Ask questions and discuss at: https://github.com/AlmasB/FXGL/discussions
10:22:20.672 [JavaFX Application Thread] INFO  Engine               -              Join the FXGL chat at: https://gitter.im/AlmasB/FXGL
10:22:20.752 [JavaFX Application Thread] DEBUG PrimaryStageWindow   - Creating a JavaFX scene
10:22:20.793 [JavaFX Application Thread] DEBUG PrimaryStageWindow   - Target settings size: 800.0 x 600.0
10:22:20.793 [JavaFX Application Thread] DEBUG PrimaryStageWindow   - Scaled scene size:    800.0 x 600.0
10:22:20.793 [JavaFX Application Thread] DEBUG PrimaryStageWindow   - Scaled ratio: (1.0, 1.0)
10:22:20.795 [JavaFX Application Thread] DEBUG PrimaryStageWindow   - Set initial scene to FXGLStartupScene
10:22:20.803 [JavaFX Application Thread] DEBUG PrimaryStageWindow   - Opening main window
10:22:20.883 [JavaFX Application Thread] DEBUG PrimaryStageWindow   - Window border size: (14.66668701171875, 37.33331298828125)
10:22:20.883 [JavaFX Application Thread] DEBUG PrimaryStageWindow   - Scaled size: 800.0 x 600.0
10:22:20.884 [JavaFX Application Thread] DEBUG PrimaryStageWindow   - Scaled ratio: (1.0, 1.0)
10:22:20.884 [JavaFX Application Thread] DEBUG PrimaryStageWindow   - Scene size: 800.0 x 600.0
10:22:20.884 [JavaFX Application Thread] DEBUG PrimaryStageWindow   - Stage size: 814.6666870117188 x 637.3333129882812
10:22:20.893 [FXGL Background Thread 1 ] DEBUG Engine               - Initializing environment variables
10:22:20.944 [FXGL Background Thread 1 ] DEBUG FXGLAssetLoaderServi - User app class for loading assets: class org.hsleiden.challengeweek.docenten_vs_studenten.Game
10:22:20.944 [FXGL Background Thread 1 ] DEBUG GameApplicationServi - Applying CSS: fxgl_dark.css
10:22:20.945 [FXGL Background Thread 1 ] DEBUG FXGLAssetLoaderServi - Loading from file system: jar:file:///C:/Users/tangu/.m2/repository/com/github/almasb/fxgl/17.1/fxgl-17.1.jar!/fxglassets/ui/css/fxgl_dark.css
10:22:20.992 [FXGL Background Thread 1 ] DEBUG GameApplicationServi - Initializing application scenes
10:22:21.037 [FXGL Background Thread 1 ] DEBUG GameWorld            - Game world initialized
10:22:21.119 [FXGL Background Thread 1 ] DEBUG PhysicsWorld         - Physics world initialized: appHeight=600, physics.ppm=50,0
10:22:21.119 [FXGL Background Thread 1 ] DEBUG PhysicsWorld         - Using strategy: BRUTE_FORCE
10:22:21.125 [FXGL Background Thread 1 ] DEBUG GameScene            - Game scene initialized: 800x600
10:22:21.139 [FXGL Background Thread 1 ] DEBUG FXGL.DefaultMenu     - createMenuBodyGameMenu()
10:22:21.150 [FXGL Background Thread 1 ] DEBUG FXGL.DefaultMenu     - createOptionsMenu()
10:22:21.163 [FXGL Background Thread 1 ] DEBUG FXGLAssetLoaderServi - Loading from file system: jar:file:///C:/Users/tangu/.m2/repository/com/github/almasb/fxgl/17.1/fxgl-17.1.jar!/fxglassets/textures/particles/smoke.png
10:22:21.266 [FXGL Background Thread 1 ] DEBUG FXGLAssetLoaderServi - Loading from file system: jar:file:///C:/Users/tangu/.m2/repository/com/github/almasb/fxgl/17.1/fxgl-17.1.jar!/fxglassets/textures/particles/trace_horizontal.png
10:22:21.312 [FXGL Background Thread 1 ] DEBUG GameApplicationServi - Application scenes initialized
10:22:21.326 [FXGL Background Thread 1 ] DEBUG SystemBundleService  - Loading FXGL system data
10:22:21.332 [FXGL Background Thread 1 ] DEBUG FileSystemAccess     - Reading from: C:\Users\tangu\Desktop\Challengeweek\IPOSE_challengeweek\Docenten_vs_Studenten\system\fxgl.bundle
10:22:21.344 [FXGL Background Thread 1 ] DEBUG SystemBundleService  - Bundle FXGL: {}
10:22:21.344 [FXGL Background Thread 1 ] DEBUG UpdaterService       - Checking for updates
10:22:21.349 [FXGL Background Thread 4 ] DEBUG FXGLApplication      - Loading fonts
10:22:21.349 [FXGL Background Thread 1 ] DEBUG FXGLApplication      - Loading default localization
10:22:21.352 [FXGL Background Thread 1 ] DEBUG FXGLAssetLoaderServi - Loading from file system: jar:file:///C:/Users/tangu/.m2/repository/com/github/almasb/fxgl/17.1/fxgl-17.1.jar!/fxglassets/languages/english.lang
10:22:21.352 [FXGL Background Thread 4 ] DEBUG FXGLAssetLoaderServi - Loading from file system: jar:file:///C:/Users/tangu/.m2/repository/com/github/almasb/fxgl/17.1/fxgl-17.1.jar!/fxglassets/ui/fonts/VarelaRound-Regular.ttf
10:22:21.381 [FXGL Background Thread 1 ] INFO  FXGLApplication      - FXGL initialization took: 0,488 sec
10:22:21.391 [JavaFX Application Thread] DEBUG Input                - Registered new binding: action0 - D
10:22:21.392 [JavaFX Application Thread] DEBUG Input                - Registered new binding: action1 - A
10:22:21.392 [JavaFX Application Thread] DEBUG Input                - Registered new binding: action2 - W
10:22:21.393 [JavaFX Application Thread] DEBUG Input                - Registered new binding: action3 - S
10:22:21.393 [JavaFX Application Thread] DEBUG FXGLAssetLoaderServi - Loading from file system: jar:file:///C:/Users/tangu/.m2/repository/com/github/almasb/fxgl/17.1/fxgl-17.1.jar!/fxglassets/textures/fxgl_icon.png
10:22:21.415 [JavaFX Application Thread] DEBUG FXGLAssetLoaderServi - Loading from file system: jar:file:///C:/Users/tangu/.m2/repository/com/github/almasb/fxgl/17.1/fxgl-17.1.jar!/fxglassets/textures/fxgl_default_cursor.png
10:22:21.420 [JavaFX Application Thread] DEBUG Input                - Registered new binding: Screenshot - CTRL+8
10:22:21.420 [JavaFX Application Thread] DEBUG Input                - Registered new binding: System info dump - CTRL+9
10:22:21.421 [JavaFX Application Thread] DEBUG Input                - Registered new binding: Restart - CTRL+R
10:22:21.422 [JavaFX Application Thread] DEBUG Input                - Registered new binding: Toggle Debug Camera - CTRL+7
10:22:21.425 [JavaFX Application Thread] DEBUG LoopRunner           - Starting loop
10:22:21.426 [JavaFX Application Thread] DEBUG LoopRunner           - Initializing JavaFX AnimationTimerLoop
10:22:21.427 [JavaFX Application Thread] DEBUG GameApplicationServi - Starting new game
10:22:21.427 [JavaFX Application Thread] DEBUG Input                - Clearing active input actions
10:22:21.443 [JavaFX Application Thread] DEBUG GameApplicationServi - Removing overlay from FXGLStartupScene and adding to FXGLLoadingScene
10:22:21.444 [JavaFX Application Thread] DEBUG PrimaryStageWindow   - FXGLStartupScene -> FXGLLoadingScene
10:22:21.444 [JavaFX Application Thread] DEBUG GameApplicationServi - Clearing previous game
10:22:21.444 [JavaFX Application Thread] DEBUG GameScene            - Clearing game scene
10:22:21.444 [JavaFX Application Thread] DEBUG GameWorld            - Clearing game world
10:22:21.444 [JavaFX Application Thread] DEBUG PhysicsWorld         - Clearing physics world
10:22:21.446 [FXGL Background Thread 1 ] DEBUG FXGLApplication      - Initializing game
10:22:21.553 [FXGL Background Thread 4 ] DEBUG FXGLAssetLoaderServi - Loading from file system: jar:file:///C:/Users/tangu/.m2/repository/com/github/almasb/fxgl/17.1/fxgl-17.1.jar!/fxglassets/ui/fonts/Abel-Regular.ttf
10:22:21.573 [FXGL Background Thread 1 ] INFO  FXGLApplication      - Game initialization took: 0,126 sec
10:22:21.596 [FXGL Background Thread 4 ] DEBUG FXGLAssetLoaderServi - Loading from file system: jar:file:///C:/Users/tangu/.m2/repository/com/github/almasb/fxgl/17.1/fxgl-17.1.jar!/fxglassets/ui/fonts/TerminalLandMono-Regular.otf
10:22:21.611 [FXGL Background Thread 4 ] DEBUG FXGLAssetLoaderServi - Loading from file system: jar:file:///C:/Users/tangu/.m2/repository/com/github/almasb/fxgl/17.1/fxgl-17.1.jar!/fxglassets/ui/fonts/Courier-Prime.ttf
10:22:21.647 [JavaFX Application Thread] DEBUG Input                - Clearing active input actions
10:22:21.663 [JavaFX Application Thread] DEBUG GameApplicationServi - Removing overlay from FXGLLoadingScene and adding to GameScene
10:22:21.663 [JavaFX Application Thread] DEBUG PrimaryStageWindow   - FXGLLoadingScene -> GameScene
10:22:21.663 [JavaFX Application Thread] DEBUG FXGLApplication      - Registering font factories with UI factory
10:22:21.860 [FXGL Background Thread 2 ] INFO  UpdaterService       - Your current version:  17.1
10:22:21.860 [FXGL Background Thread 2 ] INFO  UpdaterService       - Latest stable version: 17.3
10:22:24.348 [FXGL Background Thread 3 ] DEBUG Engine               - Logging environment variables
10:22:24.350 [FXGL Background Thread 3 ] DEBUG Engine               - achievements: []
10:22:24.351 [FXGL Background Thread 3 ] DEBUG Engine               - actualHeight: 600.0
10:22:24.351 [FXGL Background Thread 3 ] DEBUG Engine               - actualHeightProperty: ReadOnlyDoubleProperty [value: 600.0]
10:22:24.351 [FXGL Background Thread 3 ] DEBUG Engine               - actualWidth: 800.0
10:22:24.352 [FXGL Background Thread 3 ] DEBUG Engine               - actualWidthProperty: ReadOnlyDoubleProperty [value: 800.0]
10:22:24.352 [FXGL Background Thread 3 ] DEBUG Engine               - appIcon: fxgl_icon.png
10:22:24.352 [FXGL Background Thread 3 ] DEBUG Engine               - applicationMode: DEVELOPER
10:22:24.352 [FXGL Background Thread 3 ] DEBUG Engine               - cSSList: [fxgl_dark.css]
10:22:24.352 [FXGL Background Thread 3 ] DEBUG Engine               - collisionDetectionStrategy: BRUTE_FORCE
10:22:24.353 [FXGL Background Thread 3 ] DEBUG Engine               - configClass: Optional.empty
10:22:24.353 [FXGL Background Thread 3 ] DEBUG Engine               - credits: []
10:22:24.354 [FXGL Background Thread 3 ] DEBUG Engine               - defaultCursor: CursorInfo(imageName=fxgl_default_cursor.png, hotspotX=7.0, hotspotY=6.0)
10:22:24.354 [FXGL Background Thread 3 ] DEBUG Engine               - devBBoxColorProperty: ObjectProperty [value: 0xff0000ff]
10:22:24.355 [FXGL Background Thread 3 ] DEBUG Engine               - devEnableDebugCameraProperty: BooleanProperty [value: false]
10:22:24.355 [FXGL Background Thread 3 ] DEBUG Engine               - devSensorColorProperty: ObjectProperty [value: 0xffff00ff]
10:22:24.355 [FXGL Background Thread 3 ] DEBUG Engine               - devShowBBoxProperty: BooleanProperty [value: false]
10:22:24.355 [FXGL Background Thread 3 ] DEBUG Engine               - devShowPositionProperty: BooleanProperty [value: false]
10:22:24.356 [FXGL Background Thread 3 ] DEBUG Engine               - enabledMenuItems: []
10:22:24.356 [FXGL Background Thread 3 ] DEBUG Engine               - engineServices: [class com.almasb.fxgl.app.services.FXGLAssetLoaderService, class com.almasb.fxgl.app.FXGLApplication$GameApplicationService, class com.almasb.fxgl.app.services.FXGLDialogService, class com.almasb.fxgl.app.services.IOTaskExecutorService, class com.almasb.fxgl.io.FileSystemService, class com.almasb.fxgl.localization.LocalizationService, class com.almasb.fxgl.app.services.SystemBundleService, class com.almasb.fxgl.profile.SaveLoadService, class com.almasb.fxgl.ui.FXGLUIFactoryServiceProvider, class com.almasb.fxgl.ui.FXGLDialogFactoryServiceProvider, class com.almasb.fxgl.audio.AudioPlayer, class com.almasb.fxgl.notification.impl.NotificationServiceProvider, class com.almasb.fxgl.achievement.AchievementService, class com.almasb.fxgl.cutscene.CutsceneService, class com.almasb.fxgl.minigames.MiniGameService, class com.almasb.fxgl.net.NetService, class com.almasb.fxgl.app.services.UpdaterService, class com.almasb.fxgl.dev.DevService]
10:22:24.356 [FXGL Background Thread 3 ] DEBUG Engine               - fontGame: Abel-Regular.ttf
10:22:24.356 [FXGL Background Thread 3 ] DEBUG Engine               - fontMono: TerminalLandMono-Regular.otf
10:22:24.356 [FXGL Background Thread 3 ] DEBUG Engine               - fontText: Courier-Prime.ttf
10:22:24.357 [FXGL Background Thread 3 ] DEBUG Engine               - fontUI: VarelaRound-Regular.ttf
10:22:24.357 [FXGL Background Thread 3 ] DEBUG Engine               - fullScreen: BooleanProperty [value: false]
10:22:24.357 [FXGL Background Thread 3 ] DEBUG Engine               - gameDifficulty: MEDIUM
10:22:24.357 [FXGL Background Thread 3 ] DEBUG Engine               - gameDifficultyProperty: ObjectProperty [value: MEDIUM]
10:22:24.358 [FXGL Background Thread 3 ] DEBUG Engine               - globalMusicVolume: 0.5
10:22:24.358 [FXGL Background Thread 3 ] DEBUG Engine               - globalMusicVolumeProperty: DoubleProperty [value: 0.5]
10:22:24.358 [FXGL Background Thread 3 ] DEBUG Engine               - globalSoundVolume: 0.5
10:22:24.358 [FXGL Background Thread 3 ] DEBUG Engine               - globalSoundVolumeProperty: DoubleProperty [value: 0.5]
10:22:24.358 [FXGL Background Thread 3 ] DEBUG Engine               - height: 600
10:22:24.359 [FXGL Background Thread 3 ] DEBUG Engine               - is3D: false
10:22:24.359 [FXGL Background Thread 3 ] DEBUG Engine               - isAndroid: false
10:22:24.359 [FXGL Background Thread 3 ] DEBUG Engine               - isBrowser: false
10:22:24.359 [FXGL Background Thread 3 ] DEBUG Engine               - isClickFeedbackEnabled: false
10:22:24.359 [FXGL Background Thread 3 ] DEBUG Engine               - isCloseConfirmation: false
10:22:24.360 [FXGL Background Thread 3 ] DEBUG Engine               - isDesktop: true
10:22:24.360 [FXGL Background Thread 3 ] DEBUG Engine               - isDeveloperMenuEnabled: false
10:22:24.360 [FXGL Background Thread 3 ] DEBUG Engine               - isEmbedded: false
10:22:24.360 [FXGL Background Thread 3 ] DEBUG Engine               - isEntityPreloadEnabled: true
10:22:24.360 [FXGL Background Thread 3 ] DEBUG Engine               - isExperimentalTiledLargeMap: false
10:22:24.360 [FXGL Background Thread 3 ] DEBUG Engine               - isFileSystemWriteAllowed: true
10:22:24.361 [FXGL Background Thread 3 ] DEBUG Engine               - isFullScreenAllowed: false
10:22:24.361 [FXGL Background Thread 3 ] DEBUG Engine               - isFullScreenFromStart: false
10:22:24.361 [FXGL Background Thread 3 ] DEBUG Engine               - isGameMenuEnabled: true
10:22:24.361 [FXGL Background Thread 3 ] DEBUG Engine               - isIOS: false
10:22:24.361 [FXGL Background Thread 3 ] DEBUG Engine               - isIntroEnabled: false
10:22:24.361 [FXGL Background Thread 3 ] DEBUG Engine               - isLinux: false
10:22:24.361 [FXGL Background Thread 3 ] DEBUG Engine               - isMac: false
10:22:24.362 [FXGL Background Thread 3 ] DEBUG Engine               - isMainMenuEnabled: false
10:22:24.362 [FXGL Background Thread 3 ] DEBUG Engine               - isManualResizeEnabled: false
10:22:24.362 [FXGL Background Thread 3 ] DEBUG Engine               - isMobile: false
10:22:24.362 [FXGL Background Thread 3 ] DEBUG Engine               - isNative: false
10:22:24.362 [FXGL Background Thread 3 ] DEBUG Engine               - isPauseMusicWhenMinimized: true
10:22:24.363 [FXGL Background Thread 3 ] DEBUG Engine               - isPreserveResizeRatio: false
10:22:24.363 [FXGL Background Thread 3 ] DEBUG Engine               - isProfilingEnabled: false
10:22:24.363 [FXGL Background Thread 3 ] DEBUG Engine               - isScaleAffectedOnResize: true
10:22:24.363 [FXGL Background Thread 3 ] DEBUG Engine               - isSingleStep: false
10:22:24.363 [FXGL Background Thread 3 ] DEBUG Engine               - isUserProfileEnabled: false
10:22:24.363 [FXGL Background Thread 3 ] DEBUG Engine               - isWindows: true
10:22:24.363 [FXGL Background Thread 3 ] DEBUG Engine               - language: ObjectProperty [value: ENGLISH]
10:22:24.363 [FXGL Background Thread 3 ] DEBUG Engine               - menuKey: ESCAPE
10:22:24.363 [FXGL Background Thread 3 ] DEBUG Engine               - mouseSensitivity: 0.2
10:22:24.364 [FXGL Background Thread 3 ] DEBUG Engine               - notificationViewClass: class com.almasb.fxgl.notification.view.XboxNotificationView
10:22:24.364 [FXGL Background Thread 3 ] DEBUG Engine               - pixelsPerMeter: 50.0
10:22:24.364 [FXGL Background Thread 3 ] DEBUG Engine               - platform: WINDOWS
10:22:24.364 [FXGL Background Thread 3 ] DEBUG Engine               - prefHeightProperty: ReadOnlyDoubleProperty [value: 600.0]
10:22:24.364 [FXGL Background Thread 3 ] DEBUG Engine               - prefWidthProperty: ReadOnlyDoubleProperty [value: 800.0]
10:22:24.364 [FXGL Background Thread 3 ] DEBUG Engine               - profileDir: profiles/
10:22:24.364 [FXGL Background Thread 3 ] DEBUG Engine               - profileName: StringProperty [value: DEFAULT]
10:22:24.364 [FXGL Background Thread 3 ] DEBUG Engine               - randomSeed: -1
10:22:24.365 [FXGL Background Thread 3 ] DEBUG Engine               - runtimeInfo: RuntimeInfo(platform=WINDOWS, version=17.1, build=24.03.2022 17.34)
10:22:24.365 [FXGL Background Thread 3 ] DEBUG Engine               - saveFileExt: sav
10:22:24.365 [FXGL Background Thread 3 ] DEBUG Engine               - scaledHeightProp$fxgl: DoubleProperty [bound, value: 600.0]
10:22:24.365 [FXGL Background Thread 3 ] DEBUG Engine               - scaledWidthProp$fxgl: DoubleProperty [bound, value: 800.0]
10:22:24.365 [FXGL Background Thread 3 ] DEBUG Engine               - sceneFactory: com.almasb.fxgl.app.scene.SceneFactory@65163455
10:22:24.365 [FXGL Background Thread 3 ] DEBUG Engine               - secondsIn24h: 60
10:22:24.366 [FXGL Background Thread 3 ] DEBUG Engine               - soundMenuBack: menu/back.wav
10:22:24.366 [FXGL Background Thread 3 ] DEBUG Engine               - soundMenuPress: menu/press.wav
10:22:24.366 [FXGL Background Thread 3 ] DEBUG Engine               - soundMenuSelect: menu/select.wav
10:22:24.366 [FXGL Background Thread 3 ] DEBUG Engine               - soundNotification: core/notification.wav
10:22:24.366 [FXGL Background Thread 3 ] DEBUG Engine               - stageStyle: DECORATED
10:22:24.366 [FXGL Background Thread 3 ] DEBUG Engine               - supportedLanguages: [ENGLISH, FRENCH, GERMAN, HUNGARIAN, RUSSIAN]
10:22:24.366 [FXGL Background Thread 3 ] DEBUG Engine               - ticksPerSecond: -1
10:22:24.366 [FXGL Background Thread 3 ] DEBUG Engine               - title: Teachers vs Students
10:22:24.366 [FXGL Background Thread 3 ] DEBUG Engine               - urlGithub: https://github.com/AlmasB/FXGL
10:22:24.367 [FXGL Background Thread 3 ] DEBUG Engine               - urlLeaderboard: http://fxgl-top.herokuapp.com/
10:22:24.367 [FXGL Background Thread 3 ] DEBUG Engine               - urlPOM: https://raw.githubusercontent.com/AlmasB/FXGL/release/README.md
10:22:24.367 [FXGL Background Thread 3 ] DEBUG Engine               - userAppClass: class org.hsleiden.challengeweek.docenten_vs_studenten.Game
10:22:24.367 [FXGL Background Thread 3 ] DEBUG Engine               - version: 0.0
10:22:24.367 [FXGL Background Thread 3 ] DEBUG Engine               - versionCheckDays: 7
10:22:24.367 [FXGL Background Thread 3 ] DEBUG Engine               - width: 800
10:22:24.367 [FXGL Background Thread 3 ] DEBUG Engine               - Logging services
10:22:24.367 [FXGL Background Thread 3 ] DEBUG Engine               - class com.almasb.fxgl.app.services.FXGLAssetLoaderService
10:22:24.367 [FXGL Background Thread 3 ] DEBUG Engine               - class com.almasb.fxgl.app.FXGLApplication$GameApplicationService
10:22:24.368 [FXGL Background Thread 3 ] DEBUG Engine               - class com.almasb.fxgl.app.services.FXGLDialogService
10:22:24.368 [FXGL Background Thread 3 ] DEBUG Engine               - class com.almasb.fxgl.app.services.IOTaskExecutorService
10:22:24.368 [FXGL Background Thread 3 ] DEBUG Engine               - class com.almasb.fxgl.io.FileSystemService
10:22:24.368 [FXGL Background Thread 3 ] DEBUG Engine               - class com.almasb.fxgl.localization.LocalizationService
10:22:24.368 [FXGL Background Thread 3 ] DEBUG Engine               - class com.almasb.fxgl.app.services.SystemBundleService
10:22:24.368 [FXGL Background Thread 3 ] DEBUG Engine               - class com.almasb.fxgl.profile.SaveLoadService
10:22:24.368 [FXGL Background Thread 3 ] DEBUG Engine               - class com.almasb.fxgl.ui.FXGLUIFactoryServiceProvider
10:22:24.369 [FXGL Background Thread 3 ] DEBUG Engine               - class com.almasb.fxgl.ui.FXGLDialogFactoryServiceProvider
10:22:24.369 [FXGL Background Thread 3 ] DEBUG Engine               - class com.almasb.fxgl.audio.AudioPlayer
10:22:24.369 [FXGL Background Thread 3 ] DEBUG Engine               - class com.almasb.fxgl.notification.impl.NotificationServiceProvider
10:22:24.369 [FXGL Background Thread 3 ] DEBUG Engine               - class com.almasb.fxgl.achievement.AchievementService
10:22:24.369 [FXGL Background Thread 3 ] DEBUG Engine               - class com.almasb.fxgl.cutscene.CutsceneService
10:22:24.369 [FXGL Background Thread 3 ] DEBUG Engine               - class com.almasb.fxgl.minigames.MiniGameService
10:22:24.369 [FXGL Background Thread 3 ] DEBUG Engine               - class com.almasb.fxgl.net.NetService
10:22:24.369 [FXGL Background Thread 3 ] DEBUG Engine               - class com.almasb.fxgl.app.services.UpdaterService
10:22:24.369 [FXGL Background Thread 3 ] DEBUG Engine               - class com.almasb.fxgl.dev.DevService
10:22:37.584 [JavaFX Application Thread] DEBUG FXGLApplication      - Exiting FXGL
10:22:37.584 [JavaFX Application Thread] DEBUG LoopRunner           - Stopping loop
10:22:37.584 [JavaFX Application Thread] DEBUG SystemBundleService  - Saving FXGL system data
10:22:37.587 [JavaFX Application Thread] DEBUG FileSystemAccess     - Writing to: C:\Users\tangu\Desktop\Challengeweek\IPOSE_challengeweek\Docenten_vs_Studenten\system\fxgl.bundle
10:22:37.590 [JavaFX Application Thread] DEBUG Async                - Shutting down background threads
10:22:37.590 [JavaFX Application Thread] DEBUG PrimaryStageWindow   - Closing main window
10:22:37.611 [JavaFX Application Thread] DEBUG Logger               - Closing Logger
