14:39:46.090 [main                     ] DEBUG Logger               - Configured Logger
14:39:46.117 [main                     ] DEBUG GameApplication      - Logging settings
Title: Teachers vs Students
Version: 0.0
Width: 800
Height: 800
Fullscreen: false
Intro: false
Profiling: false
Single step:false
App Mode: DEVELOPER
Menu Key: ESCAPE
Stage Style: DECORATED
Scene Factory: class com.almasb.fxgl.app.scene.SceneFactory

14:39:46.419 [JavaFX Application Thread] DEBUG FXGLApplication      - Initializing FXGL
14:39:46.426 [JavaFX Application Thread] INFO  Engine               - FXGL-17.1 (24.03.2022 17.34) on WINDOWS (J:19.0.1 FX:19-ea)
14:39:46.426 [JavaFX Application Thread] DEBUG Engine               - JRE Vendor Name: Oracle Corporation
14:39:46.427 [JavaFX Application Thread] DEBUG Engine               - Running on OS: Windows 11 version 10.0
14:39:46.427 [JavaFX Application Thread] DEBUG Engine               - Architecture: amd64
14:39:46.427 [JavaFX Application Thread] INFO  Engine               - Source code and latest versions at: https://github.com/AlmasB/FXGL
14:39:46.428 [JavaFX Application Thread] INFO  Engine               -       Ask questions and discuss at: https://github.com/AlmasB/FXGL/discussions
14:39:46.428 [JavaFX Application Thread] INFO  Engine               -              Join the FXGL chat at: https://gitter.im/AlmasB/FXGL
14:39:46.514 [JavaFX Application Thread] DEBUG PrimaryStageWindow   - Creating a JavaFX scene
14:39:46.514 [JavaFX Application Thread] DEBUG PrimaryStageWindow   - Target size > screen size
14:39:46.556 [JavaFX Application Thread] DEBUG PrimaryStageWindow   - Target settings size: 800.0 x 800.0
14:39:46.556 [JavaFX Application Thread] DEBUG PrimaryStageWindow   - Scaled scene size:    647.0 x 672.0
14:39:46.556 [JavaFX Application Thread] DEBUG PrimaryStageWindow   - Scaled ratio: (0.80875, 0.84)
14:39:46.557 [JavaFX Application Thread] DEBUG PrimaryStageWindow   - Set initial scene to FXGLStartupScene
14:39:46.565 [JavaFX Application Thread] DEBUG PrimaryStageWindow   - Opening main window
14:39:46.651 [JavaFX Application Thread] DEBUG PrimaryStageWindow   - Window border size: (15.0, 37.33331298828125)
14:39:46.651 [JavaFX Application Thread] DEBUG PrimaryStageWindow   - Scaled size: 647.0 x 672.0
14:39:46.651 [JavaFX Application Thread] DEBUG PrimaryStageWindow   - Scaled ratio: (0.80875, 0.84)
14:39:46.651 [JavaFX Application Thread] DEBUG PrimaryStageWindow   - Scene size: 647.0 x 672.0
14:39:46.652 [JavaFX Application Thread] DEBUG PrimaryStageWindow   - Stage size: 662.0 x 709.3333129882812
14:39:46.660 [FXGL Background Thread 1 ] DEBUG Engine               - Initializing environment variables
14:39:46.716 [FXGL Background Thread 1 ] DEBUG FXGLAssetLoaderServi - User app class for loading assets: class org.hsleiden.challengeweek.docenten_vs_studenten.Game
14:39:46.716 [FXGL Background Thread 1 ] DEBUG GameApplicationServi - Applying CSS: fxgl_dark.css
14:39:46.717 [FXGL Background Thread 1 ] DEBUG FXGLAssetLoaderServi - Loading from file system: jar:file:///C:/Users/tangu/.m2/repository/com/github/almasb/fxgl/17.1/fxgl-17.1.jar!/fxglassets/ui/css/fxgl_dark.css
14:39:46.765 [FXGL Background Thread 1 ] DEBUG GameApplicationServi - Initializing application scenes
14:39:46.805 [FXGL Background Thread 1 ] DEBUG GameWorld            - Game world initialized
14:39:46.897 [FXGL Background Thread 1 ] DEBUG PhysicsWorld         - Physics world initialized: appHeight=800, physics.ppm=50,0
14:39:46.897 [FXGL Background Thread 1 ] DEBUG PhysicsWorld         - Using strategy: BRUTE_FORCE
14:39:46.901 [FXGL Background Thread 1 ] DEBUG GameScene            - Game scene initialized: 800x800
14:39:46.912 [FXGL Background Thread 1 ] DEBUG FXGL.DefaultMenu     - createMenuBodyGameMenu()
14:39:46.927 [FXGL Background Thread 1 ] DEBUG FXGL.DefaultMenu     - createOptionsMenu()
14:39:46.938 [FXGL Background Thread 1 ] DEBUG FXGLAssetLoaderServi - Loading from file system: jar:file:///C:/Users/tangu/.m2/repository/com/github/almasb/fxgl/17.1/fxgl-17.1.jar!/fxglassets/textures/particles/smoke.png
14:39:47.046 [FXGL Background Thread 1 ] DEBUG FXGLAssetLoaderServi - Loading from file system: jar:file:///C:/Users/tangu/.m2/repository/com/github/almasb/fxgl/17.1/fxgl-17.1.jar!/fxglassets/textures/particles/trace_horizontal.png
14:39:47.084 [FXGL Background Thread 1 ] DEBUG GameApplicationServi - Application scenes initialized
14:39:47.095 [FXGL Background Thread 1 ] DEBUG SystemBundleService  - Loading FXGL system data
14:39:47.099 [FXGL Background Thread 1 ] DEBUG FileSystemAccess     - Reading from: C:\Users\tangu\Desktop\Challengeweek\IPOSE_challengeweek\Docenten_vs_Studenten\system\fxgl.bundle
14:39:47.108 [FXGL Background Thread 1 ] DEBUG SystemBundleService  - Bundle FXGL: {}
14:39:47.108 [FXGL Background Thread 1 ] DEBUG UpdaterService       - Checking for updates
14:39:47.113 [FXGL Background Thread 4 ] DEBUG FXGLApplication      - Loading fonts
14:39:47.114 [FXGL Background Thread 1 ] DEBUG FXGLApplication      - Loading default localization
14:39:47.114 [FXGL Background Thread 4 ] DEBUG FXGLAssetLoaderServi - Loading from file system: jar:file:///C:/Users/tangu/.m2/repository/com/github/almasb/fxgl/17.1/fxgl-17.1.jar!/fxglassets/ui/fonts/VarelaRound-Regular.ttf
14:39:47.115 [FXGL Background Thread 1 ] DEBUG FXGLAssetLoaderServi - Loading from file system: jar:file:///C:/Users/tangu/.m2/repository/com/github/almasb/fxgl/17.1/fxgl-17.1.jar!/fxglassets/languages/english.lang
14:39:47.139 [FXGL Background Thread 1 ] INFO  FXGLApplication      - FXGL initialization took: 0,479 sec
14:39:47.141 [JavaFX Application Thread] DEBUG FXGLAssetLoaderServi - Loading from file system: jar:file:///C:/Users/tangu/.m2/repository/com/github/almasb/fxgl/17.1/fxgl-17.1.jar!/fxglassets/textures/fxgl_icon.png
14:39:47.166 [JavaFX Application Thread] DEBUG FXGLAssetLoaderServi - Loading from file system: jar:file:///C:/Users/tangu/.m2/repository/com/github/almasb/fxgl/17.1/fxgl-17.1.jar!/fxglassets/textures/fxgl_default_cursor.png
14:39:47.176 [JavaFX Application Thread] DEBUG Input                - Registered new binding: Screenshot - CTRL+8
14:39:47.177 [JavaFX Application Thread] DEBUG Input                - Registered new binding: System info dump - CTRL+9
14:39:47.179 [JavaFX Application Thread] DEBUG Input                - Registered new binding: Restart - CTRL+R
14:39:47.179 [JavaFX Application Thread] DEBUG Input                - Registered new binding: Toggle Debug Camera - CTRL+7
14:39:47.182 [JavaFX Application Thread] DEBUG LoopRunner           - Starting loop
14:39:47.183 [JavaFX Application Thread] DEBUG LoopRunner           - Initializing JavaFX AnimationTimerLoop
14:39:47.187 [JavaFX Application Thread] DEBUG GameApplicationServi - Starting new game
14:39:47.188 [JavaFX Application Thread] DEBUG Input                - Clearing active input actions
14:39:47.201 [JavaFX Application Thread] DEBUG GameApplicationServi - Removing overlay from FXGLStartupScene and adding to FXGLLoadingScene
14:39:47.201 [JavaFX Application Thread] DEBUG PrimaryStageWindow   - FXGLStartupScene -> FXGLLoadingScene
14:39:47.201 [JavaFX Application Thread] DEBUG GameApplicationServi - Clearing previous game
14:39:47.201 [JavaFX Application Thread] DEBUG GameScene            - Clearing game scene
14:39:47.201 [JavaFX Application Thread] DEBUG GameWorld            - Clearing game world
14:39:47.202 [JavaFX Application Thread] DEBUG PhysicsWorld         - Clearing physics world
14:39:47.204 [FXGL Background Thread 1 ] DEBUG FXGLApplication      - Initializing game
14:39:47.205 [FXGL Background Thread 1 ] INFO  FXGLApplication      - Game initialization took: 0,001 sec
14:39:47.245 [FXGL Background Thread 4 ] DEBUG FXGLAssetLoaderServi - Loading from file system: jar:file:///C:/Users/tangu/.m2/repository/com/github/almasb/fxgl/17.1/fxgl-17.1.jar!/fxglassets/ui/fonts/Abel-Regular.ttf
14:39:47.246 [JavaFX Application Thread] DEBUG Input                - Clearing active input actions
14:39:47.253 [JavaFX Application Thread] DEBUG GameApplicationServi - Removing overlay from FXGLLoadingScene and adding to GameScene
14:39:47.253 [JavaFX Application Thread] DEBUG PrimaryStageWindow   - FXGLLoadingScene -> GameScene
14:39:47.274 [FXGL Background Thread 4 ] DEBUG FXGLAssetLoaderServi - Loading from file system: jar:file:///C:/Users/tangu/.m2/repository/com/github/almasb/fxgl/17.1/fxgl-17.1.jar!/fxglassets/ui/fonts/TerminalLandMono-Regular.otf
14:39:47.330 [FXGL Background Thread 4 ] DEBUG FXGLAssetLoaderServi - Loading from file system: jar:file:///C:/Users/tangu/.m2/repository/com/github/almasb/fxgl/17.1/fxgl-17.1.jar!/fxglassets/ui/fonts/Courier-Prime.ttf
14:39:47.366 [JavaFX Application Thread] DEBUG FXGLApplication      - Registering font factories with UI factory
14:39:47.512 [FXGL Background Thread 2 ] INFO  UpdaterService       - Your current version:  17.1
14:39:47.513 [FXGL Background Thread 2 ] INFO  UpdaterService       - Latest stable version: 17.3
14:39:48.634 [JavaFX Application Thread] DEBUG FXGLApplication      - Exiting FXGL
14:39:48.634 [JavaFX Application Thread] DEBUG LoopRunner           - Stopping loop
14:39:48.634 [JavaFX Application Thread] DEBUG SystemBundleService  - Saving FXGL system data
14:39:48.637 [JavaFX Application Thread] DEBUG FileSystemAccess     - Writing to: C:\Users\tangu\Desktop\Challengeweek\IPOSE_challengeweek\Docenten_vs_Studenten\system\fxgl.bundle
14:39:48.639 [JavaFX Application Thread] DEBUG Async                - Shutting down background threads
14:39:48.639 [JavaFX Application Thread] DEBUG PrimaryStageWindow   - Closing main window
14:39:48.652 [JavaFX Application Thread] DEBUG Logger               - Closing Logger
