14:41:17.308 [main                     ] DEBUG Logger               - Configured Logger
14:41:17.333 [main                     ] DEBUG GameApplication      - Logging settings
Title: Teachers vs Students
Version: 0.0
Width: 1920
Height: 1080
Fullscreen: false
Intro: false
Profiling: false
Single step:false
App Mode: DEVELOPER
Menu Key: ESCAPE
Stage Style: DECORATED
Scene Factory: class com.almasb.fxgl.app.scene.SceneFactory

14:41:17.628 [JavaFX Application Thread] DEBUG FXGLApplication      - Initializing FXGL
14:41:17.633 [JavaFX Application Thread] INFO  Engine               - FXGL-17.1 (24.03.2022 17.34) on WINDOWS (J:19.0.1 FX:19-ea)
14:41:17.634 [JavaFX Application Thread] DEBUG Engine               - JRE Vendor Name: Oracle Corporation
14:41:17.634 [JavaFX Application Thread] DEBUG Engine               - Running on OS: Windows 11 version 10.0
14:41:17.634 [JavaFX Application Thread] DEBUG Engine               - Architecture: amd64
14:41:17.634 [JavaFX Application Thread] INFO  Engine               - Source code and latest versions at: https://github.com/AlmasB/FXGL
14:41:17.634 [JavaFX Application Thread] INFO  Engine               -       Ask questions and discuss at: https://github.com/AlmasB/FXGL/discussions
14:41:17.634 [JavaFX Application Thread] INFO  Engine               -              Join the FXGL chat at: https://gitter.im/AlmasB/FXGL
14:41:17.723 [JavaFX Application Thread] DEBUG PrimaryStageWindow   - Creating a JavaFX scene
14:41:17.723 [JavaFX Application Thread] DEBUG PrimaryStageWindow   - Target size > screen size
14:41:17.769 [JavaFX Application Thread] DEBUG PrimaryStageWindow   - Target settings size: 1920.0 x 1080.0
14:41:17.769 [JavaFX Application Thread] DEBUG PrimaryStageWindow   - Scaled scene size:    1169.0 x 671.0
14:41:17.770 [JavaFX Application Thread] DEBUG PrimaryStageWindow   - Scaled ratio: (0.6088541666666667, 0.6212962962962963)
14:41:17.771 [JavaFX Application Thread] DEBUG PrimaryStageWindow   - Set initial scene to FXGLStartupScene
14:41:17.777 [JavaFX Application Thread] DEBUG PrimaryStageWindow   - Opening main window
14:41:17.867 [JavaFX Application Thread] DEBUG PrimaryStageWindow   - Window border size: (15.0, 37.66668701171875)
14:41:17.868 [JavaFX Application Thread] DEBUG PrimaryStageWindow   - Scaled size: 1169.0 x 671.0
14:41:17.868 [JavaFX Application Thread] DEBUG PrimaryStageWindow   - Scaled ratio: (0.6088541666666667, 0.6212962962962963)
14:41:17.868 [JavaFX Application Thread] DEBUG PrimaryStageWindow   - Scene size: 1169.0 x 671.0
14:41:17.869 [JavaFX Application Thread] DEBUG PrimaryStageWindow   - Stage size: 1184.0 x 708.6666870117188
14:41:17.876 [FXGL Background Thread 1 ] DEBUG Engine               - Initializing environment variables
14:41:17.928 [FXGL Background Thread 1 ] DEBUG FXGLAssetLoaderServi - User app class for loading assets: class org.hsleiden.challengeweek.docenten_vs_studenten.Game
14:41:17.928 [FXGL Background Thread 1 ] DEBUG GameApplicationServi - Applying CSS: fxgl_dark.css
14:41:17.929 [FXGL Background Thread 1 ] DEBUG FXGLAssetLoaderServi - Loading from file system: jar:file:///C:/Users/tangu/.m2/repository/com/github/almasb/fxgl/17.1/fxgl-17.1.jar!/fxglassets/ui/css/fxgl_dark.css
14:41:17.991 [FXGL Background Thread 1 ] DEBUG GameApplicationServi - Initializing application scenes
14:41:18.039 [FXGL Background Thread 1 ] DEBUG GameWorld            - Game world initialized
14:41:18.120 [FXGL Background Thread 1 ] DEBUG PhysicsWorld         - Physics world initialized: appHeight=1080, physics.ppm=50,0
14:41:18.120 [FXGL Background Thread 1 ] DEBUG PhysicsWorld         - Using strategy: BRUTE_FORCE
14:41:18.124 [FXGL Background Thread 1 ] DEBUG GameScene            - Game scene initialized: 1920x1080
14:41:18.138 [FXGL Background Thread 1 ] DEBUG FXGL.DefaultMenu     - createMenuBodyGameMenu()
14:41:18.151 [FXGL Background Thread 1 ] DEBUG FXGL.DefaultMenu     - createOptionsMenu()
14:41:18.164 [FXGL Background Thread 1 ] DEBUG FXGLAssetLoaderServi - Loading from file system: jar:file:///C:/Users/tangu/.m2/repository/com/github/almasb/fxgl/17.1/fxgl-17.1.jar!/fxglassets/textures/particles/smoke.png
14:41:18.278 [FXGL Background Thread 1 ] DEBUG FXGLAssetLoaderServi - Loading from file system: jar:file:///C:/Users/tangu/.m2/repository/com/github/almasb/fxgl/17.1/fxgl-17.1.jar!/fxglassets/textures/particles/trace_horizontal.png
14:41:18.306 [FXGL Background Thread 1 ] DEBUG GameApplicationServi - Application scenes initialized
14:41:18.317 [FXGL Background Thread 1 ] DEBUG SystemBundleService  - Loading FXGL system data
14:41:18.322 [FXGL Background Thread 1 ] DEBUG FileSystemAccess     - Reading from: C:\Users\tangu\Desktop\Challengeweek\IPOSE_challengeweek\Docenten_vs_Studenten\system\fxgl.bundle
14:41:18.333 [FXGL Background Thread 1 ] DEBUG SystemBundleService  - Bundle FXGL: {}
14:41:18.333 [FXGL Background Thread 1 ] DEBUG UpdaterService       - Checking for updates
14:41:18.339 [FXGL Background Thread 1 ] DEBUG FXGLApplication      - Loading default localization
14:41:18.340 [FXGL Background Thread 1 ] DEBUG FXGLAssetLoaderServi - Loading from file system: jar:file:///C:/Users/tangu/.m2/repository/com/github/almasb/fxgl/17.1/fxgl-17.1.jar!/fxglassets/languages/english.lang
14:41:18.340 [FXGL Background Thread 4 ] DEBUG FXGLApplication      - Loading fonts
14:41:18.341 [FXGL Background Thread 4 ] DEBUG FXGLAssetLoaderServi - Loading from file system: jar:file:///C:/Users/tangu/.m2/repository/com/github/almasb/fxgl/17.1/fxgl-17.1.jar!/fxglassets/ui/fonts/VarelaRound-Regular.ttf
14:41:18.370 [FXGL Background Thread 1 ] INFO  FXGLApplication      - FXGL initialization took: 0,493 sec
14:41:18.372 [JavaFX Application Thread] DEBUG FXGLAssetLoaderServi - Loading from file system: jar:file:///C:/Users/tangu/.m2/repository/com/github/almasb/fxgl/17.1/fxgl-17.1.jar!/fxglassets/textures/fxgl_icon.png
14:41:18.393 [JavaFX Application Thread] DEBUG FXGLAssetLoaderServi - Loading from file system: jar:file:///C:/Users/tangu/.m2/repository/com/github/almasb/fxgl/17.1/fxgl-17.1.jar!/fxglassets/textures/fxgl_default_cursor.png
14:41:18.407 [JavaFX Application Thread] DEBUG Input                - Registered new binding: Screenshot - CTRL+8
14:41:18.408 [JavaFX Application Thread] DEBUG Input                - Registered new binding: System info dump - CTRL+9
14:41:18.408 [JavaFX Application Thread] DEBUG Input                - Registered new binding: Restart - CTRL+R
14:41:18.409 [JavaFX Application Thread] DEBUG Input                - Registered new binding: Toggle Debug Camera - CTRL+7
14:41:18.413 [JavaFX Application Thread] DEBUG LoopRunner           - Starting loop
14:41:18.414 [JavaFX Application Thread] DEBUG LoopRunner           - Initializing JavaFX AnimationTimerLoop
14:41:18.416 [JavaFX Application Thread] DEBUG GameApplicationServi - Starting new game
14:41:18.417 [JavaFX Application Thread] DEBUG Input                - Clearing active input actions
14:41:18.431 [JavaFX Application Thread] DEBUG GameApplicationServi - Removing overlay from FXGLStartupScene and adding to FXGLLoadingScene
14:41:18.431 [JavaFX Application Thread] DEBUG PrimaryStageWindow   - FXGLStartupScene -> FXGLLoadingScene
14:41:18.431 [JavaFX Application Thread] DEBUG GameApplicationServi - Clearing previous game
14:41:18.431 [JavaFX Application Thread] DEBUG GameScene            - Clearing game scene
14:41:18.431 [JavaFX Application Thread] DEBUG GameWorld            - Clearing game world
14:41:18.431 [JavaFX Application Thread] DEBUG PhysicsWorld         - Clearing physics world
14:41:18.433 [FXGL Background Thread 1 ] DEBUG FXGLApplication      - Initializing game
14:41:18.435 [FXGL Background Thread 1 ] INFO  FXGLApplication      - Game initialization took: 0,002 sec
14:41:18.481 [JavaFX Application Thread] DEBUG Input                - Clearing active input actions
14:41:18.492 [JavaFX Application Thread] DEBUG GameApplicationServi - Removing overlay from FXGLLoadingScene and adding to GameScene
14:41:18.492 [JavaFX Application Thread] DEBUG PrimaryStageWindow   - FXGLLoadingScene -> GameScene
14:41:18.495 [FXGL Background Thread 4 ] DEBUG FXGLAssetLoaderServi - Loading from file system: jar:file:///C:/Users/tangu/.m2/repository/com/github/almasb/fxgl/17.1/fxgl-17.1.jar!/fxglassets/ui/fonts/Abel-Regular.ttf
14:41:18.523 [FXGL Background Thread 4 ] DEBUG FXGLAssetLoaderServi - Loading from file system: jar:file:///C:/Users/tangu/.m2/repository/com/github/almasb/fxgl/17.1/fxgl-17.1.jar!/fxglassets/ui/fonts/TerminalLandMono-Regular.otf
14:41:18.538 [FXGL Background Thread 4 ] DEBUG FXGLAssetLoaderServi - Loading from file system: jar:file:///C:/Users/tangu/.m2/repository/com/github/almasb/fxgl/17.1/fxgl-17.1.jar!/fxglassets/ui/fonts/Courier-Prime.ttf
14:41:18.596 [JavaFX Application Thread] DEBUG FXGLApplication      - Registering font factories with UI factory
14:41:18.723 [FXGL Background Thread 2 ] INFO  UpdaterService       - Your current version:  17.1
14:41:18.723 [FXGL Background Thread 2 ] INFO  UpdaterService       - Latest stable version: 17.3
14:41:21.338 [FXGL Background Thread 3 ] DEBUG Engine               - Logging environment variables
14:41:21.339 [FXGL Background Thread 3 ] DEBUG Engine               - achievements: []
14:41:21.340 [FXGL Background Thread 3 ] DEBUG Engine               - actualHeight: 671.0
14:41:21.340 [FXGL Background Thread 3 ] DEBUG Engine               - actualHeightProperty: ReadOnlyDoubleProperty [value: 671.0]
14:41:21.340 [FXGL Background Thread 3 ] DEBUG Engine               - actualWidth: 1169.0
14:41:21.340 [FXGL Background Thread 3 ] DEBUG Engine               - actualWidthProperty: ReadOnlyDoubleProperty [value: 1169.0]
14:41:21.341 [FXGL Background Thread 3 ] DEBUG Engine               - appIcon: fxgl_icon.png
14:41:21.341 [FXGL Background Thread 3 ] DEBUG Engine               - applicationMode: DEVELOPER
14:41:21.341 [FXGL Background Thread 3 ] DEBUG Engine               - cSSList: [fxgl_dark.css]
14:41:21.341 [FXGL Background Thread 3 ] DEBUG Engine               - collisionDetectionStrategy: BRUTE_FORCE
14:41:21.341 [FXGL Background Thread 3 ] DEBUG Engine               - configClass: Optional.empty
14:41:21.341 [FXGL Background Thread 3 ] DEBUG Engine               - credits: []
14:41:21.342 [FXGL Background Thread 3 ] DEBUG Engine               - defaultCursor: CursorInfo(imageName=fxgl_default_cursor.png, hotspotX=7.0, hotspotY=6.0)
14:41:21.343 [FXGL Background Thread 3 ] DEBUG Engine               - devBBoxColorProperty: ObjectProperty [value: 0xff0000ff]
14:41:21.343 [FXGL Background Thread 3 ] DEBUG Engine               - devEnableDebugCameraProperty: BooleanProperty [value: false]
14:41:21.343 [FXGL Background Thread 3 ] DEBUG Engine               - devSensorColorProperty: ObjectProperty [value: 0xffff00ff]
14:41:21.344 [FXGL Background Thread 3 ] DEBUG Engine               - devShowBBoxProperty: BooleanProperty [value: false]
14:41:21.344 [FXGL Background Thread 3 ] DEBUG Engine               - devShowPositionProperty: BooleanProperty [value: false]
14:41:21.344 [FXGL Background Thread 3 ] DEBUG Engine               - enabledMenuItems: []
14:41:21.344 [FXGL Background Thread 3 ] DEBUG Engine               - engineServices: [class com.almasb.fxgl.app.services.FXGLAssetLoaderService, class com.almasb.fxgl.app.FXGLApplication$GameApplicationService, class com.almasb.fxgl.app.services.FXGLDialogService, class com.almasb.fxgl.app.services.IOTaskExecutorService, class com.almasb.fxgl.io.FileSystemService, class com.almasb.fxgl.localization.LocalizationService, class com.almasb.fxgl.app.services.SystemBundleService, class com.almasb.fxgl.profile.SaveLoadService, class com.almasb.fxgl.ui.FXGLUIFactoryServiceProvider, class com.almasb.fxgl.ui.FXGLDialogFactoryServiceProvider, class com.almasb.fxgl.audio.AudioPlayer, class com.almasb.fxgl.notification.impl.NotificationServiceProvider, class com.almasb.fxgl.achievement.AchievementService, class com.almasb.fxgl.cutscene.CutsceneService, class com.almasb.fxgl.minigames.MiniGameService, class com.almasb.fxgl.net.NetService, class com.almasb.fxgl.app.services.UpdaterService, class com.almasb.fxgl.dev.DevService]
14:41:21.344 [FXGL Background Thread 3 ] DEBUG Engine               - fontGame: Abel-Regular.ttf
14:41:21.345 [FXGL Background Thread 3 ] DEBUG Engine               - fontMono: TerminalLandMono-Regular.otf
14:41:21.345 [FXGL Background Thread 3 ] DEBUG Engine               - fontText: Courier-Prime.ttf
14:41:21.345 [FXGL Background Thread 3 ] DEBUG Engine               - fontUI: VarelaRound-Regular.ttf
14:41:21.345 [FXGL Background Thread 3 ] DEBUG Engine               - fullScreen: BooleanProperty [value: true]
14:41:21.345 [FXGL Background Thread 3 ] DEBUG Engine               - gameDifficulty: MEDIUM
14:41:21.346 [FXGL Background Thread 3 ] DEBUG Engine               - gameDifficultyProperty: ObjectProperty [value: MEDIUM]
14:41:21.346 [FXGL Background Thread 3 ] DEBUG Engine               - globalMusicVolume: 0.5
14:41:21.346 [FXGL Background Thread 3 ] DEBUG Engine               - globalMusicVolumeProperty: DoubleProperty [value: 0.5]
14:41:21.346 [FXGL Background Thread 3 ] DEBUG Engine               - globalSoundVolume: 0.5
14:41:21.346 [FXGL Background Thread 3 ] DEBUG Engine               - globalSoundVolumeProperty: DoubleProperty [value: 0.5]
14:41:21.348 [FXGL Background Thread 3 ] DEBUG Engine               - height: 1080
14:41:21.348 [FXGL Background Thread 3 ] DEBUG Engine               - is3D: false
14:41:21.348 [FXGL Background Thread 3 ] DEBUG Engine               - isAndroid: false
14:41:21.349 [FXGL Background Thread 3 ] DEBUG Engine               - isBrowser: false
14:41:21.349 [FXGL Background Thread 3 ] DEBUG Engine               - isClickFeedbackEnabled: false
14:41:21.349 [FXGL Background Thread 3 ] DEBUG Engine               - isCloseConfirmation: false
14:41:21.349 [FXGL Background Thread 3 ] DEBUG Engine               - isDesktop: true
14:41:21.349 [FXGL Background Thread 3 ] DEBUG Engine               - isDeveloperMenuEnabled: false
14:41:21.349 [FXGL Background Thread 3 ] DEBUG Engine               - isEmbedded: false
14:41:21.350 [FXGL Background Thread 3 ] DEBUG Engine               - isEntityPreloadEnabled: true
14:41:21.350 [FXGL Background Thread 3 ] DEBUG Engine               - isExperimentalTiledLargeMap: false
14:41:21.350 [FXGL Background Thread 3 ] DEBUG Engine               - isFileSystemWriteAllowed: true
14:41:21.350 [FXGL Background Thread 3 ] DEBUG Engine               - isFullScreenAllowed: false
14:41:21.350 [FXGL Background Thread 3 ] DEBUG Engine               - isFullScreenFromStart: true
14:41:21.350 [FXGL Background Thread 3 ] DEBUG Engine               - isGameMenuEnabled: true
14:41:21.350 [FXGL Background Thread 3 ] DEBUG Engine               - isIOS: false
14:41:21.351 [FXGL Background Thread 3 ] DEBUG Engine               - isIntroEnabled: false
14:41:21.351 [FXGL Background Thread 3 ] DEBUG Engine               - isLinux: false
14:41:21.351 [FXGL Background Thread 3 ] DEBUG Engine               - isMac: false
14:41:21.351 [FXGL Background Thread 3 ] DEBUG Engine               - isMainMenuEnabled: false
14:41:21.351 [FXGL Background Thread 3 ] DEBUG Engine               - isManualResizeEnabled: false
14:41:21.351 [FXGL Background Thread 3 ] DEBUG Engine               - isMobile: false
14:41:21.351 [FXGL Background Thread 3 ] DEBUG Engine               - isNative: false
14:41:21.352 [FXGL Background Thread 3 ] DEBUG Engine               - isPauseMusicWhenMinimized: true
14:41:21.352 [FXGL Background Thread 3 ] DEBUG Engine               - isPreserveResizeRatio: false
14:41:21.352 [FXGL Background Thread 3 ] DEBUG Engine               - isProfilingEnabled: false
14:41:21.352 [FXGL Background Thread 3 ] DEBUG Engine               - isScaleAffectedOnResize: true
14:41:21.352 [FXGL Background Thread 3 ] DEBUG Engine               - isSingleStep: false
14:41:21.352 [FXGL Background Thread 3 ] DEBUG Engine               - isUserProfileEnabled: false
14:41:21.352 [FXGL Background Thread 3 ] DEBUG Engine               - isWindows: true
14:41:21.352 [FXGL Background Thread 3 ] DEBUG Engine               - language: ObjectProperty [value: ENGLISH]
14:41:21.353 [FXGL Background Thread 3 ] DEBUG Engine               - menuKey: ESCAPE
14:41:21.353 [FXGL Background Thread 3 ] DEBUG Engine               - mouseSensitivity: 0.2
14:41:21.353 [FXGL Background Thread 3 ] DEBUG Engine               - notificationViewClass: class com.almasb.fxgl.notification.view.XboxNotificationView
14:41:21.353 [FXGL Background Thread 3 ] DEBUG Engine               - pixelsPerMeter: 50.0
14:41:21.353 [FXGL Background Thread 3 ] DEBUG Engine               - platform: WINDOWS
14:41:21.353 [FXGL Background Thread 3 ] DEBUG Engine               - prefHeightProperty: ReadOnlyDoubleProperty [value: 1080.0]
14:41:21.353 [FXGL Background Thread 3 ] DEBUG Engine               - prefWidthProperty: ReadOnlyDoubleProperty [value: 1920.0]
14:41:21.353 [FXGL Background Thread 3 ] DEBUG Engine               - profileDir: profiles/
14:41:21.354 [FXGL Background Thread 3 ] DEBUG Engine               - profileName: StringProperty [value: DEFAULT]
14:41:21.354 [FXGL Background Thread 3 ] DEBUG Engine               - randomSeed: -1
14:41:21.354 [FXGL Background Thread 3 ] DEBUG Engine               - runtimeInfo: RuntimeInfo(platform=WINDOWS, version=17.1, build=24.03.2022 17.34)
14:41:21.354 [FXGL Background Thread 3 ] DEBUG Engine               - saveFileExt: sav
14:41:21.354 [FXGL Background Thread 3 ] DEBUG Engine               - scaledHeightProp$fxgl: DoubleProperty [bound, value: 671.0]
14:41:21.355 [FXGL Background Thread 3 ] DEBUG Engine               - scaledWidthProp$fxgl: DoubleProperty [bound, value: 1169.0]
14:41:21.355 [FXGL Background Thread 3 ] DEBUG Engine               - sceneFactory: com.almasb.fxgl.app.scene.SceneFactory@5b614f9d
14:41:21.355 [FXGL Background Thread 3 ] DEBUG Engine               - secondsIn24h: 60
14:41:21.355 [FXGL Background Thread 3 ] DEBUG Engine               - soundMenuBack: menu/back.wav
14:41:21.355 [FXGL Background Thread 3 ] DEBUG Engine               - soundMenuPress: menu/press.wav
14:41:21.355 [FXGL Background Thread 3 ] DEBUG Engine               - soundMenuSelect: menu/select.wav
14:41:21.355 [FXGL Background Thread 3 ] DEBUG Engine               - soundNotification: core/notification.wav
14:41:21.355 [FXGL Background Thread 3 ] DEBUG Engine               - stageStyle: DECORATED
14:41:21.355 [FXGL Background Thread 3 ] DEBUG Engine               - supportedLanguages: [ENGLISH, FRENCH, GERMAN, HUNGARIAN, RUSSIAN]
14:41:21.356 [FXGL Background Thread 3 ] DEBUG Engine               - ticksPerSecond: -1
14:41:21.356 [FXGL Background Thread 3 ] DEBUG Engine               - title: Teachers vs Students
14:41:21.356 [FXGL Background Thread 3 ] DEBUG Engine               - urlGithub: https://github.com/AlmasB/FXGL
14:41:21.356 [FXGL Background Thread 3 ] DEBUG Engine               - urlLeaderboard: http://fxgl-top.herokuapp.com/
14:41:21.356 [FXGL Background Thread 3 ] DEBUG Engine               - urlPOM: https://raw.githubusercontent.com/AlmasB/FXGL/release/README.md
14:41:21.356 [FXGL Background Thread 3 ] DEBUG Engine               - userAppClass: class org.hsleiden.challengeweek.docenten_vs_studenten.Game
14:41:21.356 [FXGL Background Thread 3 ] DEBUG Engine               - version: 0.0
14:41:21.356 [FXGL Background Thread 3 ] DEBUG Engine               - versionCheckDays: 7
14:41:21.356 [FXGL Background Thread 3 ] DEBUG Engine               - width: 1920
14:41:21.356 [FXGL Background Thread 3 ] DEBUG Engine               - Logging services
14:41:21.356 [FXGL Background Thread 3 ] DEBUG Engine               - class com.almasb.fxgl.app.services.FXGLAssetLoaderService
14:41:21.356 [FXGL Background Thread 3 ] DEBUG Engine               - class com.almasb.fxgl.app.FXGLApplication$GameApplicationService
14:41:21.356 [FXGL Background Thread 3 ] DEBUG Engine               - class com.almasb.fxgl.app.services.FXGLDialogService
14:41:21.356 [FXGL Background Thread 3 ] DEBUG Engine               - class com.almasb.fxgl.app.services.IOTaskExecutorService
14:41:21.357 [FXGL Background Thread 3 ] DEBUG Engine               - class com.almasb.fxgl.io.FileSystemService
14:41:21.357 [FXGL Background Thread 3 ] DEBUG Engine               - class com.almasb.fxgl.localization.LocalizationService
14:41:21.357 [FXGL Background Thread 3 ] DEBUG Engine               - class com.almasb.fxgl.app.services.SystemBundleService
14:41:21.357 [FXGL Background Thread 3 ] DEBUG Engine               - class com.almasb.fxgl.profile.SaveLoadService
14:41:21.357 [FXGL Background Thread 3 ] DEBUG Engine               - class com.almasb.fxgl.ui.FXGLUIFactoryServiceProvider
14:41:21.357 [FXGL Background Thread 3 ] DEBUG Engine               - class com.almasb.fxgl.ui.FXGLDialogFactoryServiceProvider
14:41:21.357 [FXGL Background Thread 3 ] DEBUG Engine               - class com.almasb.fxgl.audio.AudioPlayer
14:41:21.357 [FXGL Background Thread 3 ] DEBUG Engine               - class com.almasb.fxgl.notification.impl.NotificationServiceProvider
14:41:21.357 [FXGL Background Thread 3 ] DEBUG Engine               - class com.almasb.fxgl.achievement.AchievementService
14:41:21.357 [FXGL Background Thread 3 ] DEBUG Engine               - class com.almasb.fxgl.cutscene.CutsceneService
14:41:21.357 [FXGL Background Thread 3 ] DEBUG Engine               - class com.almasb.fxgl.minigames.MiniGameService
14:41:21.357 [FXGL Background Thread 3 ] DEBUG Engine               - class com.almasb.fxgl.net.NetService
14:41:21.357 [FXGL Background Thread 3 ] DEBUG Engine               - class com.almasb.fxgl.app.services.UpdaterService
14:41:21.357 [FXGL Background Thread 3 ] DEBUG Engine               - class com.almasb.fxgl.dev.DevService
14:41:24.664 [JavaFX Application Thread] DEBUG FXGLApplication      - Exiting FXGL
14:41:24.664 [JavaFX Application Thread] DEBUG LoopRunner           - Stopping loop
14:41:24.664 [JavaFX Application Thread] DEBUG SystemBundleService  - Saving FXGL system data
14:41:24.666 [JavaFX Application Thread] DEBUG FileSystemAccess     - Writing to: C:\Users\tangu\Desktop\Challengeweek\IPOSE_challengeweek\Docenten_vs_Studenten\system\fxgl.bundle
14:41:24.669 [JavaFX Application Thread] DEBUG Async                - Shutting down background threads
14:41:24.669 [JavaFX Application Thread] DEBUG PrimaryStageWindow   - Closing main window
14:41:24.686 [JavaFX Application Thread] DEBUG Logger               - Closing Logger
