15:36:47.653 [main                     ] DEBUG Logger               - Configured Logger
15:36:47.675 [main                     ] DEBUG GameApplication      - Logging settings
Title: Teachers vs Students
Version: 0.0
Width: 800
Height: 600
Fullscreen: true
Intro: false
Profiling: false
Single step:false
App Mode: DEVELOPER
Menu Key: ESCAPE
Stage Style: DECORATED
Scene Factory: class com.almasb.fxgl.app.scene.SceneFactory

15:36:47.935 [JavaFX Application Thread] DEBUG FXGLApplication      - Initializing FXGL
15:36:47.941 [JavaFX Application Thread] INFO  Engine               - FXGL-17.1 (24.03.2022 17.34) on WINDOWS (J:19.0.1 FX:19-ea)
15:36:47.941 [JavaFX Application Thread] DEBUG Engine               - JRE Vendor Name: Oracle Corporation
15:36:47.941 [JavaFX Application Thread] DEBUG Engine               - Running on OS: Windows 11 version 10.0
15:36:47.942 [JavaFX Application Thread] DEBUG Engine               - Architecture: amd64
15:36:47.942 [JavaFX Application Thread] INFO  Engine               - Source code and latest versions at: https://github.com/AlmasB/FXGL
15:36:47.942 [JavaFX Application Thread] INFO  Engine               -       Ask questions and discuss at: https://github.com/AlmasB/FXGL/discussions
15:36:47.942 [JavaFX Application Thread] INFO  Engine               -              Join the FXGL chat at: https://gitter.im/AlmasB/FXGL
15:36:48.018 [JavaFX Application Thread] DEBUG PrimaryStageWindow   - Creating a JavaFX scene
15:36:48.056 [JavaFX Application Thread] DEBUG PrimaryStageWindow   - Target settings size: 800.0 x 600.0
15:36:48.056 [JavaFX Application Thread] DEBUG PrimaryStageWindow   - Scaled scene size:    800.0 x 600.0
15:36:48.056 [JavaFX Application Thread] DEBUG PrimaryStageWindow   - Scaled ratio: (1.0, 1.0)
15:36:48.057 [JavaFX Application Thread] DEBUG PrimaryStageWindow   - Set initial scene to FXGLStartupScene
15:36:48.064 [JavaFX Application Thread] DEBUG PrimaryStageWindow   - Opening main window
15:36:48.131 [JavaFX Application Thread] DEBUG PrimaryStageWindow   - Window border size: (14.66668701171875, 37.33331298828125)
15:36:48.132 [JavaFX Application Thread] DEBUG PrimaryStageWindow   - Scaled size: 800.0 x 600.0
15:36:48.132 [JavaFX Application Thread] DEBUG PrimaryStageWindow   - Scaled ratio: (1.0, 1.0)
15:36:48.132 [JavaFX Application Thread] DEBUG PrimaryStageWindow   - Scene size: 800.0 x 600.0
15:36:48.133 [JavaFX Application Thread] DEBUG PrimaryStageWindow   - Stage size: 814.6666870117188 x 637.3333129882812
15:36:48.210 [JavaFX Application Thread] DEBUG PrimaryStageWindow   - Going fullscreen
15:36:48.218 [FXGL Background Thread 1 ] DEBUG Engine               - Initializing environment variables
15:36:48.261 [FXGL Background Thread 1 ] DEBUG FXGLAssetLoaderServi - User app class for loading assets: class org.hsleiden.challengeweek.docenten_vs_studenten.Game
15:36:48.262 [FXGL Background Thread 1 ] DEBUG GameApplicationServi - Applying CSS: fxgl_dark.css
15:36:48.262 [FXGL Background Thread 1 ] DEBUG FXGLAssetLoaderServi - Loading from file system: jar:file:///C:/Users/tangu/.m2/repository/com/github/almasb/fxgl/17.1/fxgl-17.1.jar!/fxglassets/ui/css/fxgl_dark.css
15:36:48.304 [FXGL Background Thread 1 ] DEBUG GameApplicationServi - Initializing application scenes
15:36:48.340 [FXGL Background Thread 1 ] DEBUG GameWorld            - Game world initialized
15:36:48.428 [FXGL Background Thread 1 ] DEBUG PhysicsWorld         - Physics world initialized: appHeight=600, physics.ppm=50,0
15:36:48.428 [FXGL Background Thread 1 ] DEBUG PhysicsWorld         - Using strategy: BRUTE_FORCE
15:36:48.435 [FXGL Background Thread 1 ] DEBUG GameScene            - Game scene initialized: 800x600
15:36:48.448 [FXGL Background Thread 1 ] DEBUG FXGL.DefaultMenu     - createMenuBodyGameMenu()
15:36:48.465 [FXGL Background Thread 1 ] DEBUG FXGL.DefaultMenu     - createOptionsMenu()
15:36:48.478 [FXGL Background Thread 1 ] DEBUG FXGLAssetLoaderServi - Loading from file system: jar:file:///C:/Users/tangu/.m2/repository/com/github/almasb/fxgl/17.1/fxgl-17.1.jar!/fxglassets/textures/particles/smoke.png
15:36:48.578 [FXGL Background Thread 1 ] DEBUG FXGLAssetLoaderServi - Loading from file system: jar:file:///C:/Users/tangu/.m2/repository/com/github/almasb/fxgl/17.1/fxgl-17.1.jar!/fxglassets/textures/particles/trace_horizontal.png
15:36:48.608 [FXGL Background Thread 1 ] DEBUG GameApplicationServi - Application scenes initialized
15:36:48.623 [FXGL Background Thread 1 ] DEBUG SystemBundleService  - Loading FXGL system data
15:36:48.628 [FXGL Background Thread 1 ] DEBUG FileSystemAccess     - Reading from: C:\Users\tangu\Desktop\Challengeweek\IPOSE_challengeweek\Docenten_vs_Studenten\system\fxgl.bundle
15:36:48.637 [FXGL Background Thread 1 ] DEBUG SystemBundleService  - Bundle FXGL: {}
15:36:48.637 [FXGL Background Thread 1 ] DEBUG UpdaterService       - Checking for updates
15:36:48.641 [FXGL Background Thread 4 ] DEBUG FXGLApplication      - Loading fonts
15:36:48.641 [FXGL Background Thread 1 ] DEBUG FXGLApplication      - Loading default localization
15:36:48.642 [FXGL Background Thread 4 ] DEBUG FXGLAssetLoaderServi - Loading from file system: jar:file:///C:/Users/tangu/.m2/repository/com/github/almasb/fxgl/17.1/fxgl-17.1.jar!/fxglassets/ui/fonts/VarelaRound-Regular.ttf
15:36:48.642 [FXGL Background Thread 1 ] DEBUG FXGLAssetLoaderServi - Loading from file system: jar:file:///C:/Users/tangu/.m2/repository/com/github/almasb/fxgl/17.1/fxgl-17.1.jar!/fxglassets/languages/english.lang
15:36:48.666 [FXGL Background Thread 1 ] INFO  FXGLApplication      - FXGL initialization took: 0,447 sec
15:36:48.677 [JavaFX Application Thread] DEBUG Input                - Registered new binding: action0 - D
15:36:48.678 [JavaFX Application Thread] DEBUG Input                - Registered new binding: action1 - A
15:36:48.678 [JavaFX Application Thread] DEBUG Input                - Registered new binding: action2 - W
15:36:48.678 [JavaFX Application Thread] DEBUG Input                - Registered new binding: action3 - S
15:36:48.679 [JavaFX Application Thread] DEBUG FXGLAssetLoaderServi - Loading from file system: jar:file:///C:/Users/tangu/.m2/repository/com/github/almasb/fxgl/17.1/fxgl-17.1.jar!/fxglassets/textures/fxgl_icon.png
15:36:48.701 [JavaFX Application Thread] DEBUG FXGLAssetLoaderServi - Loading from file system: jar:file:///C:/Users/tangu/.m2/repository/com/github/almasb/fxgl/17.1/fxgl-17.1.jar!/fxglassets/textures/fxgl_default_cursor.png
15:36:48.704 [JavaFX Application Thread] DEBUG Input                - Registered new binding: Screenshot - CTRL+8
15:36:48.704 [JavaFX Application Thread] DEBUG Input                - Registered new binding: System info dump - CTRL+9
15:36:48.705 [JavaFX Application Thread] DEBUG Input                - Registered new binding: Restart - CTRL+R
15:36:48.706 [JavaFX Application Thread] DEBUG Input                - Registered new binding: Toggle Debug Camera - CTRL+7
15:36:48.709 [JavaFX Application Thread] DEBUG LoopRunner           - Starting loop
15:36:48.710 [JavaFX Application Thread] DEBUG LoopRunner           - Initializing JavaFX AnimationTimerLoop
15:36:48.712 [JavaFX Application Thread] DEBUG GameApplicationServi - Starting new game
15:36:48.713 [JavaFX Application Thread] DEBUG Input                - Clearing active input actions
15:36:48.725 [JavaFX Application Thread] DEBUG GameApplicationServi - Removing overlay from FXGLStartupScene and adding to FXGLLoadingScene
15:36:48.726 [JavaFX Application Thread] DEBUG PrimaryStageWindow   - FXGLStartupScene -> FXGLLoadingScene
15:36:48.726 [JavaFX Application Thread] DEBUG GameApplicationServi - Clearing previous game
15:36:48.726 [JavaFX Application Thread] DEBUG GameScene            - Clearing game scene
15:36:48.726 [JavaFX Application Thread] DEBUG GameWorld            - Clearing game world
15:36:48.726 [JavaFX Application Thread] DEBUG PhysicsWorld         - Clearing physics world
15:36:48.728 [FXGL Background Thread 1 ] DEBUG FXGLApplication      - Initializing game
15:36:48.737 [FXGL Background Thread 1 ] INFO  FXGLApplication      - Game initialization took: 0,008 sec
15:36:48.776 [JavaFX Application Thread] DEBUG Input                - Clearing active input actions
15:36:48.791 [JavaFX Application Thread] DEBUG GameApplicationServi - Removing overlay from FXGLLoadingScene and adding to GameScene
15:36:48.792 [JavaFX Application Thread] DEBUG PrimaryStageWindow   - FXGLLoadingScene -> GameScene
15:36:48.820 [FXGL Background Thread 4 ] DEBUG FXGLAssetLoaderServi - Loading from file system: jar:file:///C:/Users/tangu/.m2/repository/com/github/almasb/fxgl/17.1/fxgl-17.1.jar!/fxglassets/ui/fonts/Abel-Regular.ttf
15:36:48.842 [FXGL Background Thread 4 ] DEBUG FXGLAssetLoaderServi - Loading from file system: jar:file:///C:/Users/tangu/.m2/repository/com/github/almasb/fxgl/17.1/fxgl-17.1.jar!/fxglassets/ui/fonts/TerminalLandMono-Regular.otf
15:36:48.857 [FXGL Background Thread 4 ] DEBUG FXGLAssetLoaderServi - Loading from file system: jar:file:///C:/Users/tangu/.m2/repository/com/github/almasb/fxgl/17.1/fxgl-17.1.jar!/fxglassets/ui/fonts/Courier-Prime.ttf
15:36:48.888 [JavaFX Application Thread] DEBUG FXGLApplication      - Registering font factories with UI factory
15:36:49.085 [FXGL Background Thread 2 ] INFO  UpdaterService       - Your current version:  17.1
15:36:49.085 [FXGL Background Thread 2 ] INFO  UpdaterService       - Latest stable version: 17.3
15:36:51.640 [FXGL Background Thread 3 ] DEBUG Engine               - Logging environment variables
15:36:51.641 [FXGL Background Thread 3 ] DEBUG Engine               - achievements: []
15:36:51.641 [FXGL Background Thread 3 ] DEBUG Engine               - actualHeight: 720.0
15:36:51.641 [FXGL Background Thread 3 ] DEBUG Engine               - actualHeightProperty: ReadOnlyDoubleProperty [value: 720.0]
15:36:51.641 [FXGL Background Thread 3 ] DEBUG Engine               - actualWidth: 1280.0
15:36:51.641 [FXGL Background Thread 3 ] DEBUG Engine               - actualWidthProperty: ReadOnlyDoubleProperty [value: 1280.0]
15:36:51.641 [FXGL Background Thread 3 ] DEBUG Engine               - appIcon: fxgl_icon.png
15:36:51.641 [FXGL Background Thread 3 ] DEBUG Engine               - applicationMode: DEVELOPER
15:36:51.641 [FXGL Background Thread 3 ] DEBUG Engine               - cSSList: [fxgl_dark.css]
15:36:51.642 [FXGL Background Thread 3 ] DEBUG Engine               - collisionDetectionStrategy: BRUTE_FORCE
15:36:51.642 [FXGL Background Thread 3 ] DEBUG Engine               - configClass: Optional.empty
15:36:51.642 [FXGL Background Thread 3 ] DEBUG Engine               - credits: []
15:36:51.642 [FXGL Background Thread 3 ] DEBUG Engine               - defaultCursor: CursorInfo(imageName=fxgl_default_cursor.png, hotspotX=7.0, hotspotY=6.0)
15:36:51.643 [FXGL Background Thread 3 ] DEBUG Engine               - devBBoxColorProperty: ObjectProperty [value: 0xff0000ff]
15:36:51.643 [FXGL Background Thread 3 ] DEBUG Engine               - devEnableDebugCameraProperty: BooleanProperty [value: false]
15:36:51.643 [FXGL Background Thread 3 ] DEBUG Engine               - devSensorColorProperty: ObjectProperty [value: 0xffff00ff]
15:36:51.643 [FXGL Background Thread 3 ] DEBUG Engine               - devShowBBoxProperty: BooleanProperty [value: false]
15:36:51.643 [FXGL Background Thread 3 ] DEBUG Engine               - devShowPositionProperty: BooleanProperty [value: false]
15:36:51.643 [FXGL Background Thread 3 ] DEBUG Engine               - enabledMenuItems: []
15:36:51.643 [FXGL Background Thread 3 ] DEBUG Engine               - engineServices: [class com.almasb.fxgl.app.services.FXGLAssetLoaderService, class com.almasb.fxgl.app.FXGLApplication$GameApplicationService, class com.almasb.fxgl.app.services.FXGLDialogService, class com.almasb.fxgl.app.services.IOTaskExecutorService, class com.almasb.fxgl.io.FileSystemService, class com.almasb.fxgl.localization.LocalizationService, class com.almasb.fxgl.app.services.SystemBundleService, class com.almasb.fxgl.profile.SaveLoadService, class com.almasb.fxgl.ui.FXGLUIFactoryServiceProvider, class com.almasb.fxgl.ui.FXGLDialogFactoryServiceProvider, class com.almasb.fxgl.audio.AudioPlayer, class com.almasb.fxgl.notification.impl.NotificationServiceProvider, class com.almasb.fxgl.achievement.AchievementService, class com.almasb.fxgl.cutscene.CutsceneService, class com.almasb.fxgl.minigames.MiniGameService, class com.almasb.fxgl.net.NetService, class com.almasb.fxgl.app.services.UpdaterService, class com.almasb.fxgl.dev.DevService]
15:36:51.643 [FXGL Background Thread 3 ] DEBUG Engine               - fontGame: Abel-Regular.ttf
15:36:51.643 [FXGL Background Thread 3 ] DEBUG Engine               - fontMono: TerminalLandMono-Regular.otf
15:36:51.643 [FXGL Background Thread 3 ] DEBUG Engine               - fontText: Courier-Prime.ttf
15:36:51.643 [FXGL Background Thread 3 ] DEBUG Engine               - fontUI: VarelaRound-Regular.ttf
15:36:51.643 [FXGL Background Thread 3 ] DEBUG Engine               - fullScreen: BooleanProperty [value: true]
15:36:51.644 [FXGL Background Thread 3 ] DEBUG Engine               - gameDifficulty: MEDIUM
15:36:51.644 [FXGL Background Thread 3 ] DEBUG Engine               - gameDifficultyProperty: ObjectProperty [value: MEDIUM]
15:36:51.644 [FXGL Background Thread 3 ] DEBUG Engine               - globalMusicVolume: 0.5
15:36:51.644 [FXGL Background Thread 3 ] DEBUG Engine               - globalMusicVolumeProperty: DoubleProperty [value: 0.5]
15:36:51.644 [FXGL Background Thread 3 ] DEBUG Engine               - globalSoundVolume: 0.5
15:36:51.644 [FXGL Background Thread 3 ] DEBUG Engine               - globalSoundVolumeProperty: DoubleProperty [value: 0.5]
15:36:51.644 [FXGL Background Thread 3 ] DEBUG Engine               - height: 600
15:36:51.644 [FXGL Background Thread 3 ] DEBUG Engine               - is3D: false
15:36:51.644 [FXGL Background Thread 3 ] DEBUG Engine               - isAndroid: false
15:36:51.644 [FXGL Background Thread 3 ] DEBUG Engine               - isBrowser: false
15:36:51.644 [FXGL Background Thread 3 ] DEBUG Engine               - isClickFeedbackEnabled: false
15:36:51.644 [FXGL Background Thread 3 ] DEBUG Engine               - isCloseConfirmation: false
15:36:51.645 [FXGL Background Thread 3 ] DEBUG Engine               - isDesktop: true
15:36:51.645 [FXGL Background Thread 3 ] DEBUG Engine               - isDeveloperMenuEnabled: false
15:36:51.645 [FXGL Background Thread 3 ] DEBUG Engine               - isEmbedded: false
15:36:51.645 [FXGL Background Thread 3 ] DEBUG Engine               - isEntityPreloadEnabled: true
15:36:51.645 [FXGL Background Thread 3 ] DEBUG Engine               - isExperimentalTiledLargeMap: false
15:36:51.645 [FXGL Background Thread 3 ] DEBUG Engine               - isFileSystemWriteAllowed: true
15:36:51.645 [FXGL Background Thread 3 ] DEBUG Engine               - isFullScreenAllowed: true
15:36:51.645 [FXGL Background Thread 3 ] DEBUG Engine               - isFullScreenFromStart: true
15:36:51.645 [FXGL Background Thread 3 ] DEBUG Engine               - isGameMenuEnabled: true
15:36:51.645 [FXGL Background Thread 3 ] DEBUG Engine               - isIOS: false
15:36:51.645 [FXGL Background Thread 3 ] DEBUG Engine               - isIntroEnabled: false
15:36:51.645 [FXGL Background Thread 3 ] DEBUG Engine               - isLinux: false
15:36:51.645 [FXGL Background Thread 3 ] DEBUG Engine               - isMac: false
15:36:51.645 [FXGL Background Thread 3 ] DEBUG Engine               - isMainMenuEnabled: false
15:36:51.646 [FXGL Background Thread 3 ] DEBUG Engine               - isManualResizeEnabled: false
15:36:51.646 [FXGL Background Thread 3 ] DEBUG Engine               - isMobile: false
15:36:51.646 [FXGL Background Thread 3 ] DEBUG Engine               - isNative: false
15:36:51.646 [FXGL Background Thread 3 ] DEBUG Engine               - isPauseMusicWhenMinimized: true
15:36:51.646 [FXGL Background Thread 3 ] DEBUG Engine               - isPreserveResizeRatio: false
15:36:51.646 [FXGL Background Thread 3 ] DEBUG Engine               - isProfilingEnabled: false
15:36:51.646 [FXGL Background Thread 3 ] DEBUG Engine               - isScaleAffectedOnResize: true
15:36:51.646 [FXGL Background Thread 3 ] DEBUG Engine               - isSingleStep: false
15:36:51.646 [FXGL Background Thread 3 ] DEBUG Engine               - isUserProfileEnabled: false
15:36:51.646 [FXGL Background Thread 3 ] DEBUG Engine               - isWindows: true
15:36:51.646 [FXGL Background Thread 3 ] DEBUG Engine               - language: ObjectProperty [value: ENGLISH]
15:36:51.646 [FXGL Background Thread 3 ] DEBUG Engine               - menuKey: ESCAPE
15:36:51.646 [FXGL Background Thread 3 ] DEBUG Engine               - mouseSensitivity: 0.2
15:36:51.646 [FXGL Background Thread 3 ] DEBUG Engine               - notificationViewClass: class com.almasb.fxgl.notification.view.XboxNotificationView
15:36:51.646 [FXGL Background Thread 3 ] DEBUG Engine               - pixelsPerMeter: 50.0
15:36:51.646 [FXGL Background Thread 3 ] DEBUG Engine               - platform: WINDOWS
15:36:51.646 [FXGL Background Thread 3 ] DEBUG Engine               - prefHeightProperty: ReadOnlyDoubleProperty [value: 600.0]
15:36:51.647 [FXGL Background Thread 3 ] DEBUG Engine               - prefWidthProperty: ReadOnlyDoubleProperty [value: 800.0]
15:36:51.647 [FXGL Background Thread 3 ] DEBUG Engine               - profileDir: profiles/
15:36:51.647 [FXGL Background Thread 3 ] DEBUG Engine               - profileName: StringProperty [value: DEFAULT]
15:36:51.647 [FXGL Background Thread 3 ] DEBUG Engine               - randomSeed: -1
15:36:51.647 [FXGL Background Thread 3 ] DEBUG Engine               - runtimeInfo: RuntimeInfo(platform=WINDOWS, version=17.1, build=24.03.2022 17.34)
15:36:51.647 [FXGL Background Thread 3 ] DEBUG Engine               - saveFileExt: sav
15:36:51.647 [FXGL Background Thread 3 ] DEBUG Engine               - scaledHeightProp$fxgl: DoubleProperty [bound, value: 720.0]
15:36:51.647 [FXGL Background Thread 3 ] DEBUG Engine               - scaledWidthProp$fxgl: DoubleProperty [bound, value: 1280.0]
15:36:51.647 [FXGL Background Thread 3 ] DEBUG Engine               - sceneFactory: com.almasb.fxgl.app.scene.SceneFactory@281deb91
15:36:51.647 [FXGL Background Thread 3 ] DEBUG Engine               - secondsIn24h: 60
15:36:51.647 [FXGL Background Thread 3 ] DEBUG Engine               - soundMenuBack: menu/back.wav
15:36:51.647 [FXGL Background Thread 3 ] DEBUG Engine               - soundMenuPress: menu/press.wav
15:36:51.647 [FXGL Background Thread 3 ] DEBUG Engine               - soundMenuSelect: menu/select.wav
15:36:51.647 [FXGL Background Thread 3 ] DEBUG Engine               - soundNotification: core/notification.wav
15:36:51.647 [FXGL Background Thread 3 ] DEBUG Engine               - stageStyle: DECORATED
15:36:51.647 [FXGL Background Thread 3 ] DEBUG Engine               - supportedLanguages: [ENGLISH, FRENCH, GERMAN, HUNGARIAN, RUSSIAN]
15:36:51.648 [FXGL Background Thread 3 ] DEBUG Engine               - ticksPerSecond: -1
15:36:51.648 [FXGL Background Thread 3 ] DEBUG Engine               - title: Teachers vs Students
15:36:51.648 [FXGL Background Thread 3 ] DEBUG Engine               - urlGithub: https://github.com/AlmasB/FXGL
15:36:51.648 [FXGL Background Thread 3 ] DEBUG Engine               - urlLeaderboard: http://fxgl-top.herokuapp.com/
15:36:51.648 [FXGL Background Thread 3 ] DEBUG Engine               - urlPOM: https://raw.githubusercontent.com/AlmasB/FXGL/release/README.md
15:36:51.648 [FXGL Background Thread 3 ] DEBUG Engine               - userAppClass: class org.hsleiden.challengeweek.docenten_vs_studenten.Game
15:36:51.648 [FXGL Background Thread 3 ] DEBUG Engine               - version: 0.0
15:36:51.648 [FXGL Background Thread 3 ] DEBUG Engine               - versionCheckDays: 7
15:36:51.648 [FXGL Background Thread 3 ] DEBUG Engine               - width: 800
15:36:51.648 [FXGL Background Thread 3 ] DEBUG Engine               - Logging services
15:36:51.648 [FXGL Background Thread 3 ] DEBUG Engine               - class com.almasb.fxgl.app.services.FXGLAssetLoaderService
15:36:51.648 [FXGL Background Thread 3 ] DEBUG Engine               - class com.almasb.fxgl.app.FXGLApplication$GameApplicationService
15:36:51.648 [FXGL Background Thread 3 ] DEBUG Engine               - class com.almasb.fxgl.app.services.FXGLDialogService
15:36:51.648 [FXGL Background Thread 3 ] DEBUG Engine               - class com.almasb.fxgl.app.services.IOTaskExecutorService
15:36:51.648 [FXGL Background Thread 3 ] DEBUG Engine               - class com.almasb.fxgl.io.FileSystemService
15:36:51.648 [FXGL Background Thread 3 ] DEBUG Engine               - class com.almasb.fxgl.localization.LocalizationService
15:36:51.648 [FXGL Background Thread 3 ] DEBUG Engine               - class com.almasb.fxgl.app.services.SystemBundleService
15:36:51.648 [FXGL Background Thread 3 ] DEBUG Engine               - class com.almasb.fxgl.profile.SaveLoadService
15:36:51.648 [FXGL Background Thread 3 ] DEBUG Engine               - class com.almasb.fxgl.ui.FXGLUIFactoryServiceProvider
15:36:51.648 [FXGL Background Thread 3 ] DEBUG Engine               - class com.almasb.fxgl.ui.FXGLDialogFactoryServiceProvider
15:36:51.648 [FXGL Background Thread 3 ] DEBUG Engine               - class com.almasb.fxgl.audio.AudioPlayer
15:36:51.648 [FXGL Background Thread 3 ] DEBUG Engine               - class com.almasb.fxgl.notification.impl.NotificationServiceProvider
15:36:51.648 [FXGL Background Thread 3 ] DEBUG Engine               - class com.almasb.fxgl.achievement.AchievementService
15:36:51.648 [FXGL Background Thread 3 ] DEBUG Engine               - class com.almasb.fxgl.cutscene.CutsceneService
15:36:51.648 [FXGL Background Thread 3 ] DEBUG Engine               - class com.almasb.fxgl.minigames.MiniGameService
15:36:51.648 [FXGL Background Thread 3 ] DEBUG Engine               - class com.almasb.fxgl.net.NetService
15:36:51.648 [FXGL Background Thread 3 ] DEBUG Engine               - class com.almasb.fxgl.app.services.UpdaterService
15:36:51.648 [FXGL Background Thread 3 ] DEBUG Engine               - class com.almasb.fxgl.dev.DevService
15:37:04.088 [JavaFX Application Thread] DEBUG FXGLApplication      - Exiting FXGL
15:37:04.088 [JavaFX Application Thread] DEBUG LoopRunner           - Stopping loop
15:37:04.088 [JavaFX Application Thread] DEBUG SystemBundleService  - Saving FXGL system data
15:37:04.090 [JavaFX Application Thread] DEBUG FileSystemAccess     - Writing to: C:\Users\tangu\Desktop\Challengeweek\IPOSE_challengeweek\Docenten_vs_Studenten\system\fxgl.bundle
15:37:04.093 [JavaFX Application Thread] DEBUG Async                - Shutting down background threads
15:37:04.093 [JavaFX Application Thread] DEBUG PrimaryStageWindow   - Closing main window
15:37:04.116 [JavaFX Application Thread] DEBUG Logger               - Closing Logger
