14:47:33.443 [main                     ] DEBUG Logger               - Configured Logger
14:47:33.475 [main                     ] DEBUG GameApplication      - Logging settings
Title: Teachers vs Students
Version: 0.0
Width: 1920
Height: 1080
Fullscreen: false
Intro: false
Profiling: false
Single step:false
App Mode: DEVELOPER
Menu Key: ESCAPE
Stage Style: DECORATED
Scene Factory: class com.almasb.fxgl.app.scene.SceneFactory

14:47:33.826 [JavaFX Application Thread] DEBUG FXGLApplication      - Initializing FXGL
14:47:33.835 [JavaFX Application Thread] INFO  Engine               - FXGL-17.1 (24.03.2022 17.34) on WINDOWS (J:19.0.1 FX:19-ea)
14:47:33.836 [JavaFX Application Thread] DEBUG Engine               - JRE Vendor Name: Oracle Corporation
14:47:33.837 [JavaFX Application Thread] DEBUG Engine               - Running on OS: Windows 11 version 10.0
14:47:33.837 [JavaFX Application Thread] DEBUG Engine               - Architecture: amd64
14:47:33.837 [JavaFX Application Thread] INFO  Engine               - Source code and latest versions at: https://github.com/AlmasB/FXGL
14:47:33.837 [JavaFX Application Thread] INFO  Engine               -       Ask questions and discuss at: https://github.com/AlmasB/FXGL/discussions
14:47:33.837 [JavaFX Application Thread] INFO  Engine               -              Join the FXGL chat at: https://gitter.im/AlmasB/FXGL
14:47:33.959 [JavaFX Application Thread] DEBUG PrimaryStageWindow   - Creating a JavaFX scene
14:47:33.960 [JavaFX Application Thread] DEBUG PrimaryStageWindow   - Target size > screen size
14:47:34.015 [JavaFX Application Thread] DEBUG PrimaryStageWindow   - Target settings size: 1920.0 x 1080.0
14:47:34.016 [JavaFX Application Thread] DEBUG PrimaryStageWindow   - Scaled scene size:    1169.0 x 671.0
14:47:34.016 [JavaFX Application Thread] DEBUG PrimaryStageWindow   - Scaled ratio: (0.6088541666666667, 0.6212962962962963)
14:47:34.018 [JavaFX Application Thread] DEBUG PrimaryStageWindow   - Set initial scene to FXGLStartupScene
14:47:34.027 [JavaFX Application Thread] DEBUG PrimaryStageWindow   - Opening main window
14:47:34.147 [JavaFX Application Thread] DEBUG PrimaryStageWindow   - Window border size: (15.0, 37.66668701171875)
14:47:34.147 [JavaFX Application Thread] DEBUG PrimaryStageWindow   - Scaled size: 1169.0 x 671.0
14:47:34.148 [JavaFX Application Thread] DEBUG PrimaryStageWindow   - Scaled ratio: (0.6088541666666667, 0.6212962962962963)
14:47:34.148 [JavaFX Application Thread] DEBUG PrimaryStageWindow   - Scene size: 1169.0 x 671.0
14:47:34.148 [JavaFX Application Thread] DEBUG PrimaryStageWindow   - Stage size: 1184.0 x 708.6666870117188
14:47:34.158 [FXGL Background Thread 1 ] DEBUG Engine               - Initializing environment variables
14:47:34.225 [FXGL Background Thread 1 ] DEBUG FXGLAssetLoaderServi - User app class for loading assets: class org.hsleiden.challengeweek.docenten_vs_studenten.Game
14:47:34.225 [FXGL Background Thread 1 ] DEBUG GameApplicationServi - Applying CSS: fxgl_dark.css
14:47:34.226 [FXGL Background Thread 1 ] DEBUG FXGLAssetLoaderServi - Loading from file system: jar:file:///C:/Users/tangu/.m2/repository/com/github/almasb/fxgl/17.1/fxgl-17.1.jar!/fxglassets/ui/css/fxgl_dark.css
14:47:34.280 [FXGL Background Thread 1 ] DEBUG GameApplicationServi - Initializing application scenes
14:47:34.323 [FXGL Background Thread 1 ] DEBUG GameWorld            - Game world initialized
14:47:34.408 [FXGL Background Thread 1 ] DEBUG PhysicsWorld         - Physics world initialized: appHeight=1080, physics.ppm=50,0
14:47:34.408 [FXGL Background Thread 1 ] DEBUG PhysicsWorld         - Using strategy: BRUTE_FORCE
14:47:34.414 [FXGL Background Thread 1 ] DEBUG GameScene            - Game scene initialized: 1920x1080
14:47:34.429 [FXGL Background Thread 1 ] DEBUG FXGL.DefaultMenu     - createMenuBodyGameMenu()
14:47:34.445 [FXGL Background Thread 1 ] DEBUG FXGL.DefaultMenu     - createOptionsMenu()
14:47:34.459 [FXGL Background Thread 1 ] DEBUG FXGLAssetLoaderServi - Loading from file system: jar:file:///C:/Users/tangu/.m2/repository/com/github/almasb/fxgl/17.1/fxgl-17.1.jar!/fxglassets/textures/particles/smoke.png
14:47:34.577 [FXGL Background Thread 1 ] DEBUG FXGLAssetLoaderServi - Loading from file system: jar:file:///C:/Users/tangu/.m2/repository/com/github/almasb/fxgl/17.1/fxgl-17.1.jar!/fxglassets/textures/particles/trace_horizontal.png
14:47:34.614 [FXGL Background Thread 1 ] DEBUG GameApplicationServi - Application scenes initialized
14:47:34.630 [FXGL Background Thread 1 ] DEBUG SystemBundleService  - Loading FXGL system data
14:47:34.636 [FXGL Background Thread 1 ] DEBUG FileSystemAccess     - Reading from: C:\Users\tangu\Desktop\Challengeweek\IPOSE_challengeweek\Docenten_vs_Studenten\system\fxgl.bundle
14:47:34.649 [FXGL Background Thread 1 ] DEBUG SystemBundleService  - Bundle FXGL: {}
14:47:34.649 [FXGL Background Thread 1 ] DEBUG UpdaterService       - Checking for updates
14:47:34.656 [FXGL Background Thread 1 ] DEBUG FXGLApplication      - Loading default localization
14:47:34.656 [FXGL Background Thread 4 ] DEBUG FXGLApplication      - Loading fonts
14:47:34.657 [FXGL Background Thread 4 ] DEBUG FXGLAssetLoaderServi - Loading from file system: jar:file:///C:/Users/tangu/.m2/repository/com/github/almasb/fxgl/17.1/fxgl-17.1.jar!/fxglassets/ui/fonts/VarelaRound-Regular.ttf
14:47:34.658 [FXGL Background Thread 1 ] DEBUG FXGLAssetLoaderServi - Loading from file system: jar:file:///C:/Users/tangu/.m2/repository/com/github/almasb/fxgl/17.1/fxgl-17.1.jar!/fxglassets/languages/english.lang
14:47:34.689 [FXGL Background Thread 1 ] INFO  FXGLApplication      - FXGL initialization took: 0,532 sec
14:47:34.693 [JavaFX Application Thread] DEBUG FXGLAssetLoaderServi - Loading from file system: jar:file:///C:/Users/tangu/.m2/repository/com/github/almasb/fxgl/17.1/fxgl-17.1.jar!/fxglassets/textures/fxgl_icon.png
14:47:34.718 [JavaFX Application Thread] DEBUG FXGLAssetLoaderServi - Loading from file system: jar:file:///C:/Users/tangu/.m2/repository/com/github/almasb/fxgl/17.1/fxgl-17.1.jar!/fxglassets/textures/fxgl_default_cursor.png
14:47:34.738 [JavaFX Application Thread] DEBUG Input                - Registered new binding: Screenshot - CTRL+8
14:47:34.742 [JavaFX Application Thread] DEBUG Input                - Registered new binding: System info dump - CTRL+9
14:47:34.742 [JavaFX Application Thread] DEBUG Input                - Registered new binding: Restart - CTRL+R
14:47:34.743 [JavaFX Application Thread] DEBUG Input                - Registered new binding: Toggle Debug Camera - CTRL+7
14:47:34.749 [JavaFX Application Thread] DEBUG LoopRunner           - Starting loop
14:47:34.749 [JavaFX Application Thread] DEBUG LoopRunner           - Initializing JavaFX AnimationTimerLoop
14:47:34.752 [JavaFX Application Thread] DEBUG GameApplicationServi - Starting new game
14:47:34.753 [JavaFX Application Thread] DEBUG Input                - Clearing active input actions
14:47:34.779 [JavaFX Application Thread] DEBUG GameApplicationServi - Removing overlay from FXGLStartupScene and adding to FXGLLoadingScene
14:47:34.780 [JavaFX Application Thread] DEBUG PrimaryStageWindow   - FXGLStartupScene -> FXGLLoadingScene
14:47:34.780 [JavaFX Application Thread] DEBUG GameApplicationServi - Clearing previous game
14:47:34.780 [JavaFX Application Thread] DEBUG GameScene            - Clearing game scene
14:47:34.780 [JavaFX Application Thread] DEBUG GameWorld            - Clearing game world
14:47:34.780 [JavaFX Application Thread] DEBUG PhysicsWorld         - Clearing physics world
14:47:34.782 [FXGL Background Thread 1 ] DEBUG FXGLApplication      - Initializing game
14:47:34.783 [FXGL Background Thread 1 ] INFO  FXGLApplication      - Game initialization took: 0,001 sec
14:47:34.855 [FXGL Background Thread 4 ] DEBUG FXGLAssetLoaderServi - Loading from file system: jar:file:///C:/Users/tangu/.m2/repository/com/github/almasb/fxgl/17.1/fxgl-17.1.jar!/fxglassets/ui/fonts/Abel-Regular.ttf
14:47:34.859 [JavaFX Application Thread] DEBUG Input                - Clearing active input actions
14:47:34.869 [JavaFX Application Thread] DEBUG GameApplicationServi - Removing overlay from FXGLLoadingScene and adding to GameScene
14:47:34.869 [JavaFX Application Thread] DEBUG PrimaryStageWindow   - FXGLLoadingScene -> GameScene
14:47:34.900 [FXGL Background Thread 4 ] DEBUG FXGLAssetLoaderServi - Loading from file system: jar:file:///C:/Users/tangu/.m2/repository/com/github/almasb/fxgl/17.1/fxgl-17.1.jar!/fxglassets/ui/fonts/TerminalLandMono-Regular.otf
14:47:34.916 [FXGL Background Thread 4 ] DEBUG FXGLAssetLoaderServi - Loading from file system: jar:file:///C:/Users/tangu/.m2/repository/com/github/almasb/fxgl/17.1/fxgl-17.1.jar!/fxglassets/ui/fonts/Courier-Prime.ttf
14:47:34.976 [JavaFX Application Thread] DEBUG FXGLApplication      - Registering font factories with UI factory
14:47:35.117 [FXGL Background Thread 2 ] INFO  UpdaterService       - Your current version:  17.1
14:47:35.117 [FXGL Background Thread 2 ] INFO  UpdaterService       - Latest stable version: 17.3
14:47:36.798 [JavaFX Application Thread] DEBUG FXGLApplication      - Exiting FXGL
14:47:36.798 [JavaFX Application Thread] DEBUG LoopRunner           - Stopping loop
14:47:36.799 [JavaFX Application Thread] DEBUG SystemBundleService  - Saving FXGL system data
14:47:36.801 [JavaFX Application Thread] DEBUG FileSystemAccess     - Writing to: C:\Users\tangu\Desktop\Challengeweek\IPOSE_challengeweek\Docenten_vs_Studenten\system\fxgl.bundle
14:47:36.805 [JavaFX Application Thread] DEBUG Async                - Shutting down background threads
14:47:36.805 [JavaFX Application Thread] DEBUG PrimaryStageWindow   - Closing main window
14:47:36.822 [JavaFX Application Thread] DEBUG Logger               - Closing Logger
