14:40:03.036 [main                     ] DEBUG Logger               - Configured Logger
14:40:03.067 [main                     ] DEBUG GameApplication      - Logging settings
Title: Teachers vs Students
Version: 0.0
Width: 800
Height: 800
Fullscreen: false
Intro: false
Profiling: false
Single step:false
App Mode: DEVELOPER
Menu Key: ESCAPE
Stage Style: DECORATED
Scene Factory: class com.almasb.fxgl.app.scene.SceneFactory

14:40:03.380 [JavaFX Application Thread] DEBUG FXGLApplication      - Initializing FXGL
14:40:03.386 [JavaFX Application Thread] INFO  Engine               - FXGL-17.1 (24.03.2022 17.34) on WINDOWS (J:19.0.1 FX:19-ea)
14:40:03.387 [JavaFX Application Thread] DEBUG Engine               - JRE Vendor Name: Oracle Corporation
14:40:03.387 [JavaFX Application Thread] DEBUG Engine               - Running on OS: Windows 11 version 10.0
14:40:03.387 [JavaFX Application Thread] DEBUG Engine               - Architecture: amd64
14:40:03.387 [JavaFX Application Thread] INFO  Engine               - Source code and latest versions at: https://github.com/AlmasB/FXGL
14:40:03.387 [JavaFX Application Thread] INFO  Engine               -       Ask questions and discuss at: https://github.com/AlmasB/FXGL/discussions
14:40:03.388 [JavaFX Application Thread] INFO  Engine               -              Join the FXGL chat at: https://gitter.im/AlmasB/FXGL
14:40:03.474 [JavaFX Application Thread] DEBUG PrimaryStageWindow   - Creating a JavaFX scene
14:40:03.475 [JavaFX Application Thread] DEBUG PrimaryStageWindow   - Target size > screen size
14:40:03.516 [JavaFX Application Thread] DEBUG PrimaryStageWindow   - Target settings size: 800.0 x 800.0
14:40:03.517 [JavaFX Application Thread] DEBUG PrimaryStageWindow   - Scaled scene size:    647.0 x 672.0
14:40:03.517 [JavaFX Application Thread] DEBUG PrimaryStageWindow   - Scaled ratio: (0.80875, 0.84)
14:40:03.518 [JavaFX Application Thread] DEBUG PrimaryStageWindow   - Set initial scene to FXGLStartupScene
14:40:03.525 [JavaFX Application Thread] DEBUG PrimaryStageWindow   - Opening main window
14:40:03.615 [JavaFX Application Thread] DEBUG PrimaryStageWindow   - Window border size: (15.0, 37.33331298828125)
14:40:03.615 [JavaFX Application Thread] DEBUG PrimaryStageWindow   - Scaled size: 647.0 x 672.0
14:40:03.615 [JavaFX Application Thread] DEBUG PrimaryStageWindow   - Scaled ratio: (0.80875, 0.84)
14:40:03.616 [JavaFX Application Thread] DEBUG PrimaryStageWindow   - Scene size: 647.0 x 672.0
14:40:03.616 [JavaFX Application Thread] DEBUG PrimaryStageWindow   - Stage size: 662.0 x 709.3333129882812
14:40:03.624 [FXGL Background Thread 1 ] DEBUG Engine               - Initializing environment variables
14:40:03.684 [FXGL Background Thread 1 ] DEBUG FXGLAssetLoaderServi - User app class for loading assets: class org.hsleiden.challengeweek.docenten_vs_studenten.Game
14:40:03.684 [FXGL Background Thread 1 ] DEBUG GameApplicationServi - Applying CSS: fxgl_dark.css
14:40:03.685 [FXGL Background Thread 1 ] DEBUG FXGLAssetLoaderServi - Loading from file system: jar:file:///C:/Users/tangu/.m2/repository/com/github/almasb/fxgl/17.1/fxgl-17.1.jar!/fxglassets/ui/css/fxgl_dark.css
14:40:03.745 [FXGL Background Thread 1 ] DEBUG GameApplicationServi - Initializing application scenes
14:40:03.795 [FXGL Background Thread 1 ] DEBUG GameWorld            - Game world initialized
14:40:03.872 [FXGL Background Thread 1 ] DEBUG PhysicsWorld         - Physics world initialized: appHeight=800, physics.ppm=50,0
14:40:03.872 [FXGL Background Thread 1 ] DEBUG PhysicsWorld         - Using strategy: BRUTE_FORCE
14:40:03.876 [FXGL Background Thread 1 ] DEBUG GameScene            - Game scene initialized: 800x800
14:40:03.890 [FXGL Background Thread 1 ] DEBUG FXGL.DefaultMenu     - createMenuBodyGameMenu()
14:40:03.903 [FXGL Background Thread 1 ] DEBUG FXGL.DefaultMenu     - createOptionsMenu()
14:40:03.917 [FXGL Background Thread 1 ] DEBUG FXGLAssetLoaderServi - Loading from file system: jar:file:///C:/Users/tangu/.m2/repository/com/github/almasb/fxgl/17.1/fxgl-17.1.jar!/fxglassets/textures/particles/smoke.png
14:40:04.021 [FXGL Background Thread 1 ] DEBUG FXGLAssetLoaderServi - Loading from file system: jar:file:///C:/Users/tangu/.m2/repository/com/github/almasb/fxgl/17.1/fxgl-17.1.jar!/fxglassets/textures/particles/trace_horizontal.png
14:40:04.060 [FXGL Background Thread 1 ] DEBUG GameApplicationServi - Application scenes initialized
14:40:04.073 [FXGL Background Thread 1 ] DEBUG SystemBundleService  - Loading FXGL system data
14:40:04.080 [FXGL Background Thread 1 ] DEBUG FileSystemAccess     - Reading from: C:\Users\tangu\Desktop\Challengeweek\IPOSE_challengeweek\Docenten_vs_Studenten\system\fxgl.bundle
14:40:04.091 [FXGL Background Thread 1 ] DEBUG SystemBundleService  - Bundle FXGL: {}
14:40:04.091 [FXGL Background Thread 1 ] DEBUG UpdaterService       - Checking for updates
14:40:04.098 [FXGL Background Thread 4 ] DEBUG FXGLApplication      - Loading fonts
14:40:04.098 [FXGL Background Thread 1 ] DEBUG FXGLApplication      - Loading default localization
14:40:04.098 [FXGL Background Thread 4 ] DEBUG FXGLAssetLoaderServi - Loading from file system: jar:file:///C:/Users/tangu/.m2/repository/com/github/almasb/fxgl/17.1/fxgl-17.1.jar!/fxglassets/ui/fonts/VarelaRound-Regular.ttf
14:40:04.099 [FXGL Background Thread 1 ] DEBUG FXGLAssetLoaderServi - Loading from file system: jar:file:///C:/Users/tangu/.m2/repository/com/github/almasb/fxgl/17.1/fxgl-17.1.jar!/fxglassets/languages/english.lang
14:40:04.122 [FXGL Background Thread 1 ] INFO  FXGLApplication      - FXGL initialization took: 0,497 sec
14:40:04.124 [JavaFX Application Thread] DEBUG FXGLAssetLoaderServi - Loading from file system: jar:file:///C:/Users/tangu/.m2/repository/com/github/almasb/fxgl/17.1/fxgl-17.1.jar!/fxglassets/textures/fxgl_icon.png
14:40:04.147 [JavaFX Application Thread] DEBUG FXGLAssetLoaderServi - Loading from file system: jar:file:///C:/Users/tangu/.m2/repository/com/github/almasb/fxgl/17.1/fxgl-17.1.jar!/fxglassets/textures/fxgl_default_cursor.png
14:40:04.159 [JavaFX Application Thread] DEBUG Input                - Registered new binding: Screenshot - CTRL+8
14:40:04.159 [JavaFX Application Thread] DEBUG Input                - Registered new binding: System info dump - CTRL+9
14:40:04.159 [JavaFX Application Thread] DEBUG Input                - Registered new binding: Restart - CTRL+R
14:40:04.160 [JavaFX Application Thread] DEBUG Input                - Registered new binding: Toggle Debug Camera - CTRL+7
14:40:04.163 [JavaFX Application Thread] DEBUG LoopRunner           - Starting loop
14:40:04.163 [JavaFX Application Thread] DEBUG LoopRunner           - Initializing JavaFX AnimationTimerLoop
14:40:04.164 [JavaFX Application Thread] DEBUG GameApplicationServi - Starting new game
14:40:04.165 [JavaFX Application Thread] DEBUG Input                - Clearing active input actions
14:40:04.179 [JavaFX Application Thread] DEBUG GameApplicationServi - Removing overlay from FXGLStartupScene and adding to FXGLLoadingScene
14:40:04.179 [JavaFX Application Thread] DEBUG PrimaryStageWindow   - FXGLStartupScene -> FXGLLoadingScene
14:40:04.179 [JavaFX Application Thread] DEBUG GameApplicationServi - Clearing previous game
14:40:04.180 [JavaFX Application Thread] DEBUG GameScene            - Clearing game scene
14:40:04.180 [JavaFX Application Thread] DEBUG GameWorld            - Clearing game world
14:40:04.180 [JavaFX Application Thread] DEBUG PhysicsWorld         - Clearing physics world
14:40:04.181 [FXGL Background Thread 1 ] DEBUG FXGLApplication      - Initializing game
14:40:04.184 [FXGL Background Thread 1 ] INFO  FXGLApplication      - Game initialization took: 0,001 sec
14:40:04.227 [JavaFX Application Thread] DEBUG Input                - Clearing active input actions
14:40:04.237 [JavaFX Application Thread] DEBUG GameApplicationServi - Removing overlay from FXGLLoadingScene and adding to GameScene
14:40:04.237 [JavaFX Application Thread] DEBUG PrimaryStageWindow   - FXGLLoadingScene -> GameScene
14:40:04.289 [FXGL Background Thread 4 ] DEBUG FXGLAssetLoaderServi - Loading from file system: jar:file:///C:/Users/tangu/.m2/repository/com/github/almasb/fxgl/17.1/fxgl-17.1.jar!/fxglassets/ui/fonts/Abel-Regular.ttf
14:40:04.328 [FXGL Background Thread 4 ] DEBUG FXGLAssetLoaderServi - Loading from file system: jar:file:///C:/Users/tangu/.m2/repository/com/github/almasb/fxgl/17.1/fxgl-17.1.jar!/fxglassets/ui/fonts/TerminalLandMono-Regular.otf
14:40:04.347 [FXGL Background Thread 4 ] DEBUG FXGLAssetLoaderServi - Loading from file system: jar:file:///C:/Users/tangu/.m2/repository/com/github/almasb/fxgl/17.1/fxgl-17.1.jar!/fxglassets/ui/fonts/Courier-Prime.ttf
14:40:04.371 [JavaFX Application Thread] DEBUG FXGLApplication      - Registering font factories with UI factory
14:40:04.524 [FXGL Background Thread 2 ] INFO  UpdaterService       - Your current version:  17.1
14:40:04.525 [FXGL Background Thread 2 ] INFO  UpdaterService       - Latest stable version: 17.3
14:40:05.745 [JavaFX Application Thread] DEBUG FXGLApplication      - Exiting FXGL
14:40:05.746 [JavaFX Application Thread] DEBUG LoopRunner           - Stopping loop
14:40:05.746 [JavaFX Application Thread] DEBUG SystemBundleService  - Saving FXGL system data
14:40:05.748 [JavaFX Application Thread] DEBUG FileSystemAccess     - Writing to: C:\Users\tangu\Desktop\Challengeweek\IPOSE_challengeweek\Docenten_vs_Studenten\system\fxgl.bundle
14:40:05.751 [JavaFX Application Thread] DEBUG Async                - Shutting down background threads
14:40:05.751 [JavaFX Application Thread] DEBUG PrimaryStageWindow   - Closing main window
14:40:05.763 [JavaFX Application Thread] DEBUG Logger               - Closing Logger
