11:13:44.485 [main                     ] DEBUG Logger               - Configured Logger
11:13:44.510 [main                     ] DEBUG GameApplication      - Logging settings
Title: Teachers vs Students
Version: 0.0
Width: 800
Height: 600
Fullscreen: false
Intro: false
Profiling: false
Single step:false
App Mode: DEVELOPER
Menu Key: ESCAPE
Stage Style: DECORATED
Scene Factory: class com.almasb.fxgl.app.scene.SceneFactory

11:13:44.750 [JavaFX Application Thread] DEBUG FXGLApplication      - Initializing FXGL
11:13:44.754 [JavaFX Application Thread] INFO  Engine               - FXGL-17.1 (24.03.2022 17.34) on WINDOWS (J:19.0.1 FX:19-ea)
11:13:44.754 [JavaFX Application Thread] DEBUG Engine               - JRE Vendor Name: Oracle Corporation
11:13:44.755 [JavaFX Application Thread] DEBUG Engine               - Running on OS: Windows 11 version 10.0
11:13:44.755 [JavaFX Application Thread] DEBUG Engine               - Architecture: amd64
11:13:44.755 [JavaFX Application Thread] INFO  Engine               - Source code and latest versions at: https://github.com/AlmasB/FXGL
11:13:44.755 [JavaFX Application Thread] INFO  Engine               -       Ask questions and discuss at: https://github.com/AlmasB/FXGL/discussions
11:13:44.755 [JavaFX Application Thread] INFO  Engine               -              Join the FXGL chat at: https://gitter.im/AlmasB/FXGL
11:13:44.826 [JavaFX Application Thread] DEBUG PrimaryStageWindow   - Creating a JavaFX scene
11:13:44.865 [JavaFX Application Thread] DEBUG PrimaryStageWindow   - Target settings size: 800.0 x 600.0
11:13:44.865 [JavaFX Application Thread] DEBUG PrimaryStageWindow   - Scaled scene size:    800.0 x 600.0
11:13:44.865 [JavaFX Application Thread] DEBUG PrimaryStageWindow   - Scaled ratio: (1.0, 1.0)
11:13:44.866 [JavaFX Application Thread] DEBUG PrimaryStageWindow   - Set initial scene to FXGLStartupScene
11:13:44.871 [JavaFX Application Thread] DEBUG PrimaryStageWindow   - Opening main window
11:13:44.938 [JavaFX Application Thread] DEBUG PrimaryStageWindow   - Window border size: (14.66668701171875, 37.33331298828125)
11:13:44.939 [JavaFX Application Thread] DEBUG PrimaryStageWindow   - Scaled size: 800.0 x 600.0
11:13:44.939 [JavaFX Application Thread] DEBUG PrimaryStageWindow   - Scaled ratio: (1.0, 1.0)
11:13:44.939 [JavaFX Application Thread] DEBUG PrimaryStageWindow   - Scene size: 800.0 x 600.0
11:13:44.939 [JavaFX Application Thread] DEBUG PrimaryStageWindow   - Stage size: 814.6666870117188 x 637.3333129882812
11:13:44.945 [FXGL Background Thread 1 ] DEBUG Engine               - Initializing environment variables
11:13:44.995 [FXGL Background Thread 1 ] DEBUG FXGLAssetLoaderServi - User app class for loading assets: class org.hsleiden.challengeweek.docenten_vs_studenten.Game
11:13:44.995 [FXGL Background Thread 1 ] DEBUG GameApplicationServi - Applying CSS: fxgl_dark.css
11:13:44.996 [FXGL Background Thread 1 ] DEBUG FXGLAssetLoaderServi - Loading from file system: jar:file:///C:/Users/tangu/.m2/repository/com/github/almasb/fxgl/17.1/fxgl-17.1.jar!/fxglassets/ui/css/fxgl_dark.css
11:13:45.036 [FXGL Background Thread 1 ] DEBUG GameApplicationServi - Initializing application scenes
11:13:45.069 [FXGL Background Thread 1 ] DEBUG GameWorld            - Game world initialized
11:13:45.147 [FXGL Background Thread 1 ] DEBUG PhysicsWorld         - Physics world initialized: appHeight=600, physics.ppm=50,0
11:13:45.147 [FXGL Background Thread 1 ] DEBUG PhysicsWorld         - Using strategy: BRUTE_FORCE
11:13:45.152 [FXGL Background Thread 1 ] DEBUG GameScene            - Game scene initialized: 800x600
11:13:45.163 [FXGL Background Thread 1 ] DEBUG FXGL.DefaultMenu     - createMenuBodyGameMenu()
11:13:45.174 [FXGL Background Thread 1 ] DEBUG FXGL.DefaultMenu     - createOptionsMenu()
11:13:45.183 [FXGL Background Thread 1 ] DEBUG FXGLAssetLoaderServi - Loading from file system: jar:file:///C:/Users/tangu/.m2/repository/com/github/almasb/fxgl/17.1/fxgl-17.1.jar!/fxglassets/textures/particles/smoke.png
11:13:45.265 [FXGL Background Thread 1 ] DEBUG FXGLAssetLoaderServi - Loading from file system: jar:file:///C:/Users/tangu/.m2/repository/com/github/almasb/fxgl/17.1/fxgl-17.1.jar!/fxglassets/textures/particles/trace_horizontal.png
11:13:45.301 [FXGL Background Thread 1 ] DEBUG GameApplicationServi - Application scenes initialized
11:13:45.318 [FXGL Background Thread 1 ] DEBUG SystemBundleService  - Loading FXGL system data
11:13:45.324 [FXGL Background Thread 1 ] DEBUG FileSystemAccess     - Reading from: C:\Users\tangu\Desktop\Challengeweek\IPOSE_challengeweek\Docenten_vs_Studenten\system\fxgl.bundle
11:13:45.333 [FXGL Background Thread 1 ] DEBUG SystemBundleService  - Bundle FXGL: {}
11:13:45.333 [FXGL Background Thread 1 ] DEBUG UpdaterService       - Checking for updates
11:13:45.338 [FXGL Background Thread 4 ] DEBUG FXGLApplication      - Loading fonts
11:13:45.338 [FXGL Background Thread 4 ] DEBUG FXGLAssetLoaderServi - Loading from file system: jar:file:///C:/Users/tangu/.m2/repository/com/github/almasb/fxgl/17.1/fxgl-17.1.jar!/fxglassets/ui/fonts/VarelaRound-Regular.ttf
11:13:45.339 [FXGL Background Thread 1 ] DEBUG FXGLApplication      - Loading default localization
11:13:45.340 [FXGL Background Thread 1 ] DEBUG FXGLAssetLoaderServi - Loading from file system: jar:file:///C:/Users/tangu/.m2/repository/com/github/almasb/fxgl/17.1/fxgl-17.1.jar!/fxglassets/languages/english.lang
11:13:45.366 [FXGL Background Thread 1 ] INFO  FXGLApplication      - FXGL initialization took: 0,420 sec
11:13:45.377 [JavaFX Application Thread] DEBUG Input                - Registered new binding: action0 - D
11:13:45.378 [JavaFX Application Thread] DEBUG Input                - Registered new binding: action1 - A
11:13:45.378 [JavaFX Application Thread] DEBUG Input                - Registered new binding: action2 - W
11:13:45.378 [JavaFX Application Thread] DEBUG Input                - Registered new binding: action3 - S
11:13:45.379 [JavaFX Application Thread] DEBUG FXGLAssetLoaderServi - Loading from file system: jar:file:///C:/Users/tangu/.m2/repository/com/github/almasb/fxgl/17.1/fxgl-17.1.jar!/fxglassets/textures/fxgl_icon.png
11:13:45.403 [JavaFX Application Thread] DEBUG FXGLAssetLoaderServi - Loading from file system: jar:file:///C:/Users/tangu/.m2/repository/com/github/almasb/fxgl/17.1/fxgl-17.1.jar!/fxglassets/textures/fxgl_default_cursor.png
11:13:45.406 [JavaFX Application Thread] DEBUG Input                - Registered new binding: Screenshot - CTRL+8
11:13:45.406 [JavaFX Application Thread] DEBUG Input                - Registered new binding: System info dump - CTRL+9
11:13:45.407 [JavaFX Application Thread] DEBUG Input                - Registered new binding: Restart - CTRL+R
11:13:45.408 [JavaFX Application Thread] DEBUG Input                - Registered new binding: Toggle Debug Camera - CTRL+7
11:13:45.410 [JavaFX Application Thread] DEBUG LoopRunner           - Starting loop
11:13:45.412 [JavaFX Application Thread] DEBUG LoopRunner           - Initializing JavaFX AnimationTimerLoop
11:13:45.415 [JavaFX Application Thread] DEBUG GameApplicationServi - Starting new game
11:13:45.415 [JavaFX Application Thread] DEBUG Input                - Clearing active input actions
11:13:45.428 [JavaFX Application Thread] DEBUG GameApplicationServi - Removing overlay from FXGLStartupScene and adding to FXGLLoadingScene
11:13:45.429 [JavaFX Application Thread] DEBUG PrimaryStageWindow   - FXGLStartupScene -> FXGLLoadingScene
11:13:45.429 [JavaFX Application Thread] DEBUG GameApplicationServi - Clearing previous game
11:13:45.431 [JavaFX Application Thread] DEBUG GameScene            - Clearing game scene
11:13:45.431 [JavaFX Application Thread] DEBUG GameWorld            - Clearing game world
11:13:45.431 [JavaFX Application Thread] DEBUG PhysicsWorld         - Clearing physics world
11:13:45.433 [FXGL Background Thread 1 ] DEBUG FXGLApplication      - Initializing game
11:13:45.505 [FXGL Background Thread 1 ] INFO  FXGLApplication      - Game initialization took: 0,071 sec
11:13:45.512 [FXGL Background Thread 4 ] DEBUG FXGLAssetLoaderServi - Loading from file system: jar:file:///C:/Users/tangu/.m2/repository/com/github/almasb/fxgl/17.1/fxgl-17.1.jar!/fxglassets/ui/fonts/Abel-Regular.ttf
11:13:45.525 [FXGL Background Thread 4 ] DEBUG FXGLAssetLoaderServi - Loading from file system: jar:file:///C:/Users/tangu/.m2/repository/com/github/almasb/fxgl/17.1/fxgl-17.1.jar!/fxglassets/ui/fonts/TerminalLandMono-Regular.otf
11:13:45.552 [JavaFX Application Thread] DEBUG Input                - Clearing active input actions
11:13:45.561 [JavaFX Application Thread] DEBUG GameApplicationServi - Removing overlay from FXGLLoadingScene and adding to GameScene
11:13:45.561 [JavaFX Application Thread] DEBUG PrimaryStageWindow   - FXGLLoadingScene -> GameScene
11:13:45.607 [FXGL Background Thread 4 ] DEBUG FXGLAssetLoaderServi - Loading from file system: jar:file:///C:/Users/tangu/.m2/repository/com/github/almasb/fxgl/17.1/fxgl-17.1.jar!/fxglassets/ui/fonts/Courier-Prime.ttf
11:13:45.629 [JavaFX Application Thread] DEBUG FXGLApplication      - Registering font factories with UI factory
11:13:45.739 [FXGL Background Thread 2 ] INFO  UpdaterService       - Your current version:  17.1
11:13:45.740 [FXGL Background Thread 2 ] INFO  UpdaterService       - Latest stable version: 17.3
11:13:48.336 [FXGL Background Thread 3 ] DEBUG Engine               - Logging environment variables
11:13:48.336 [FXGL Background Thread 3 ] DEBUG Engine               - achievements: []
11:13:48.336 [FXGL Background Thread 3 ] DEBUG Engine               - actualHeight: 600.0
11:13:48.337 [FXGL Background Thread 3 ] DEBUG Engine               - actualHeightProperty: ReadOnlyDoubleProperty [value: 600.0]
11:13:48.337 [FXGL Background Thread 3 ] DEBUG Engine               - actualWidth: 800.0
11:13:48.337 [FXGL Background Thread 3 ] DEBUG Engine               - actualWidthProperty: ReadOnlyDoubleProperty [value: 800.0]
11:13:48.337 [FXGL Background Thread 3 ] DEBUG Engine               - appIcon: fxgl_icon.png
11:13:48.337 [FXGL Background Thread 3 ] DEBUG Engine               - applicationMode: DEVELOPER
11:13:48.337 [FXGL Background Thread 3 ] DEBUG Engine               - cSSList: [fxgl_dark.css]
11:13:48.337 [FXGL Background Thread 3 ] DEBUG Engine               - collisionDetectionStrategy: BRUTE_FORCE
11:13:48.337 [FXGL Background Thread 3 ] DEBUG Engine               - configClass: Optional.empty
11:13:48.337 [FXGL Background Thread 3 ] DEBUG Engine               - credits: []
11:13:48.337 [FXGL Background Thread 3 ] DEBUG Engine               - defaultCursor: CursorInfo(imageName=fxgl_default_cursor.png, hotspotX=7.0, hotspotY=6.0)
11:13:48.337 [FXGL Background Thread 3 ] DEBUG Engine               - devBBoxColorProperty: ObjectProperty [value: 0xff0000ff]
11:13:48.337 [FXGL Background Thread 3 ] DEBUG Engine               - devEnableDebugCameraProperty: BooleanProperty [value: false]
11:13:48.337 [FXGL Background Thread 3 ] DEBUG Engine               - devSensorColorProperty: ObjectProperty [value: 0xffff00ff]
11:13:48.337 [FXGL Background Thread 3 ] DEBUG Engine               - devShowBBoxProperty: BooleanProperty [value: false]
11:13:48.338 [FXGL Background Thread 3 ] DEBUG Engine               - devShowPositionProperty: BooleanProperty [value: false]
11:13:48.338 [FXGL Background Thread 3 ] DEBUG Engine               - enabledMenuItems: []
11:13:48.338 [FXGL Background Thread 3 ] DEBUG Engine               - engineServices: [class com.almasb.fxgl.app.services.FXGLAssetLoaderService, class com.almasb.fxgl.app.FXGLApplication$GameApplicationService, class com.almasb.fxgl.app.services.FXGLDialogService, class com.almasb.fxgl.app.services.IOTaskExecutorService, class com.almasb.fxgl.io.FileSystemService, class com.almasb.fxgl.localization.LocalizationService, class com.almasb.fxgl.app.services.SystemBundleService, class com.almasb.fxgl.profile.SaveLoadService, class com.almasb.fxgl.ui.FXGLUIFactoryServiceProvider, class com.almasb.fxgl.ui.FXGLDialogFactoryServiceProvider, class com.almasb.fxgl.audio.AudioPlayer, class com.almasb.fxgl.notification.impl.NotificationServiceProvider, class com.almasb.fxgl.achievement.AchievementService, class com.almasb.fxgl.cutscene.CutsceneService, class com.almasb.fxgl.minigames.MiniGameService, class com.almasb.fxgl.net.NetService, class com.almasb.fxgl.app.services.UpdaterService, class com.almasb.fxgl.dev.DevService]
11:13:48.338 [FXGL Background Thread 3 ] DEBUG Engine               - fontGame: Abel-Regular.ttf
11:13:48.338 [FXGL Background Thread 3 ] DEBUG Engine               - fontMono: TerminalLandMono-Regular.otf
11:13:48.338 [FXGL Background Thread 3 ] DEBUG Engine               - fontText: Courier-Prime.ttf
11:13:48.338 [FXGL Background Thread 3 ] DEBUG Engine               - fontUI: VarelaRound-Regular.ttf
11:13:48.338 [FXGL Background Thread 3 ] DEBUG Engine               - fullScreen: BooleanProperty [value: false]
11:13:48.338 [FXGL Background Thread 3 ] DEBUG Engine               - gameDifficulty: MEDIUM
11:13:48.338 [FXGL Background Thread 3 ] DEBUG Engine               - gameDifficultyProperty: ObjectProperty [value: MEDIUM]
11:13:48.338 [FXGL Background Thread 3 ] DEBUG Engine               - globalMusicVolume: 0.5
11:13:48.338 [FXGL Background Thread 3 ] DEBUG Engine               - globalMusicVolumeProperty: DoubleProperty [value: 0.5]
11:13:48.338 [FXGL Background Thread 3 ] DEBUG Engine               - globalSoundVolume: 0.5
11:13:48.338 [FXGL Background Thread 3 ] DEBUG Engine               - globalSoundVolumeProperty: DoubleProperty [value: 0.5]
11:13:48.338 [FXGL Background Thread 3 ] DEBUG Engine               - height: 600
11:13:48.338 [FXGL Background Thread 3 ] DEBUG Engine               - is3D: false
11:13:48.338 [FXGL Background Thread 3 ] DEBUG Engine               - isAndroid: false
11:13:48.338 [FXGL Background Thread 3 ] DEBUG Engine               - isBrowser: false
11:13:48.338 [FXGL Background Thread 3 ] DEBUG Engine               - isClickFeedbackEnabled: false
11:13:48.338 [FXGL Background Thread 3 ] DEBUG Engine               - isCloseConfirmation: false
11:13:48.338 [FXGL Background Thread 3 ] DEBUG Engine               - isDesktop: true
11:13:48.338 [FXGL Background Thread 3 ] DEBUG Engine               - isDeveloperMenuEnabled: false
11:13:48.338 [FXGL Background Thread 3 ] DEBUG Engine               - isEmbedded: false
11:13:48.338 [FXGL Background Thread 3 ] DEBUG Engine               - isEntityPreloadEnabled: true
11:13:48.339 [FXGL Background Thread 3 ] DEBUG Engine               - isExperimentalTiledLargeMap: false
11:13:48.339 [FXGL Background Thread 3 ] DEBUG Engine               - isFileSystemWriteAllowed: true
11:13:48.339 [FXGL Background Thread 3 ] DEBUG Engine               - isFullScreenAllowed: false
11:13:48.339 [FXGL Background Thread 3 ] DEBUG Engine               - isFullScreenFromStart: false
11:13:48.339 [FXGL Background Thread 3 ] DEBUG Engine               - isGameMenuEnabled: true
11:13:48.339 [FXGL Background Thread 3 ] DEBUG Engine               - isIOS: false
11:13:48.339 [FXGL Background Thread 3 ] DEBUG Engine               - isIntroEnabled: false
11:13:48.339 [FXGL Background Thread 3 ] DEBUG Engine               - isLinux: false
11:13:48.339 [FXGL Background Thread 3 ] DEBUG Engine               - isMac: false
11:13:48.339 [FXGL Background Thread 3 ] DEBUG Engine               - isMainMenuEnabled: false
11:13:48.339 [FXGL Background Thread 3 ] DEBUG Engine               - isManualResizeEnabled: false
11:13:48.339 [FXGL Background Thread 3 ] DEBUG Engine               - isMobile: false
11:13:48.339 [FXGL Background Thread 3 ] DEBUG Engine               - isNative: false
11:13:48.339 [FXGL Background Thread 3 ] DEBUG Engine               - isPauseMusicWhenMinimized: true
11:13:48.339 [FXGL Background Thread 3 ] DEBUG Engine               - isPreserveResizeRatio: false
11:13:48.339 [FXGL Background Thread 3 ] DEBUG Engine               - isProfilingEnabled: false
11:13:48.339 [FXGL Background Thread 3 ] DEBUG Engine               - isScaleAffectedOnResize: true
11:13:48.339 [FXGL Background Thread 3 ] DEBUG Engine               - isSingleStep: false
11:13:48.339 [FXGL Background Thread 3 ] DEBUG Engine               - isUserProfileEnabled: false
11:13:48.339 [FXGL Background Thread 3 ] DEBUG Engine               - isWindows: true
11:13:48.339 [FXGL Background Thread 3 ] DEBUG Engine               - language: ObjectProperty [value: ENGLISH]
11:13:48.339 [FXGL Background Thread 3 ] DEBUG Engine               - menuKey: ESCAPE
11:13:48.339 [FXGL Background Thread 3 ] DEBUG Engine               - mouseSensitivity: 0.2
11:13:48.339 [FXGL Background Thread 3 ] DEBUG Engine               - notificationViewClass: class com.almasb.fxgl.notification.view.XboxNotificationView
11:13:48.339 [FXGL Background Thread 3 ] DEBUG Engine               - pixelsPerMeter: 50.0
11:13:48.340 [FXGL Background Thread 3 ] DEBUG Engine               - platform: WINDOWS
11:13:48.340 [FXGL Background Thread 3 ] DEBUG Engine               - prefHeightProperty: ReadOnlyDoubleProperty [value: 600.0]
11:13:48.340 [FXGL Background Thread 3 ] DEBUG Engine               - prefWidthProperty: ReadOnlyDoubleProperty [value: 800.0]
11:13:48.340 [FXGL Background Thread 3 ] DEBUG Engine               - profileDir: profiles/
11:13:48.340 [FXGL Background Thread 3 ] DEBUG Engine               - profileName: StringProperty [value: DEFAULT]
11:13:48.340 [FXGL Background Thread 3 ] DEBUG Engine               - randomSeed: -1
11:13:48.341 [FXGL Background Thread 3 ] DEBUG Engine               - runtimeInfo: RuntimeInfo(platform=WINDOWS, version=17.1, build=24.03.2022 17.34)
11:13:48.341 [FXGL Background Thread 3 ] DEBUG Engine               - saveFileExt: sav
11:13:48.341 [FXGL Background Thread 3 ] DEBUG Engine               - scaledHeightProp$fxgl: DoubleProperty [bound, value: 600.0]
11:13:48.341 [FXGL Background Thread 3 ] DEBUG Engine               - scaledWidthProp$fxgl: DoubleProperty [bound, value: 800.0]
11:13:48.341 [FXGL Background Thread 3 ] DEBUG Engine               - sceneFactory: com.almasb.fxgl.app.scene.SceneFactory@3591fd32
11:13:48.341 [FXGL Background Thread 3 ] DEBUG Engine               - secondsIn24h: 60
11:13:48.341 [FXGL Background Thread 3 ] DEBUG Engine               - soundMenuBack: menu/back.wav
11:13:48.341 [FXGL Background Thread 3 ] DEBUG Engine               - soundMenuPress: menu/press.wav
11:13:48.341 [FXGL Background Thread 3 ] DEBUG Engine               - soundMenuSelect: menu/select.wav
11:13:48.341 [FXGL Background Thread 3 ] DEBUG Engine               - soundNotification: core/notification.wav
11:13:48.341 [FXGL Background Thread 3 ] DEBUG Engine               - stageStyle: DECORATED
11:13:48.341 [FXGL Background Thread 3 ] DEBUG Engine               - supportedLanguages: [ENGLISH, FRENCH, GERMAN, HUNGARIAN, RUSSIAN]
11:13:48.341 [FXGL Background Thread 3 ] DEBUG Engine               - ticksPerSecond: -1
11:13:48.341 [FXGL Background Thread 3 ] DEBUG Engine               - title: Teachers vs Students
11:13:48.341 [FXGL Background Thread 3 ] DEBUG Engine               - urlGithub: https://github.com/AlmasB/FXGL
11:13:48.341 [FXGL Background Thread 3 ] DEBUG Engine               - urlLeaderboard: http://fxgl-top.herokuapp.com/
11:13:48.341 [FXGL Background Thread 3 ] DEBUG Engine               - urlPOM: https://raw.githubusercontent.com/AlmasB/FXGL/release/README.md
11:13:48.341 [FXGL Background Thread 3 ] DEBUG Engine               - userAppClass: class org.hsleiden.challengeweek.docenten_vs_studenten.Game
11:13:48.341 [FXGL Background Thread 3 ] DEBUG Engine               - version: 0.0
11:13:48.341 [FXGL Background Thread 3 ] DEBUG Engine               - versionCheckDays: 7
11:13:48.341 [FXGL Background Thread 3 ] DEBUG Engine               - width: 800
11:13:48.341 [FXGL Background Thread 3 ] DEBUG Engine               - Logging services
11:13:48.342 [FXGL Background Thread 3 ] DEBUG Engine               - class com.almasb.fxgl.app.services.FXGLAssetLoaderService
11:13:48.342 [FXGL Background Thread 3 ] DEBUG Engine               - class com.almasb.fxgl.app.FXGLApplication$GameApplicationService
11:13:48.342 [FXGL Background Thread 3 ] DEBUG Engine               - class com.almasb.fxgl.app.services.FXGLDialogService
11:13:48.342 [FXGL Background Thread 3 ] DEBUG Engine               - class com.almasb.fxgl.app.services.IOTaskExecutorService
11:13:48.342 [FXGL Background Thread 3 ] DEBUG Engine               - class com.almasb.fxgl.io.FileSystemService
11:13:48.342 [FXGL Background Thread 3 ] DEBUG Engine               - class com.almasb.fxgl.localization.LocalizationService
11:13:48.342 [FXGL Background Thread 3 ] DEBUG Engine               - class com.almasb.fxgl.app.services.SystemBundleService
11:13:48.342 [FXGL Background Thread 3 ] DEBUG Engine               - class com.almasb.fxgl.profile.SaveLoadService
11:13:48.342 [FXGL Background Thread 3 ] DEBUG Engine               - class com.almasb.fxgl.ui.FXGLUIFactoryServiceProvider
11:13:48.342 [FXGL Background Thread 3 ] DEBUG Engine               - class com.almasb.fxgl.ui.FXGLDialogFactoryServiceProvider
11:13:48.342 [FXGL Background Thread 3 ] DEBUG Engine               - class com.almasb.fxgl.audio.AudioPlayer
11:13:48.342 [FXGL Background Thread 3 ] DEBUG Engine               - class com.almasb.fxgl.notification.impl.NotificationServiceProvider
11:13:48.342 [FXGL Background Thread 3 ] DEBUG Engine               - class com.almasb.fxgl.achievement.AchievementService
11:13:48.342 [FXGL Background Thread 3 ] DEBUG Engine               - class com.almasb.fxgl.cutscene.CutsceneService
11:13:48.342 [FXGL Background Thread 3 ] DEBUG Engine               - class com.almasb.fxgl.minigames.MiniGameService
11:13:48.342 [FXGL Background Thread 3 ] DEBUG Engine               - class com.almasb.fxgl.net.NetService
11:13:48.342 [FXGL Background Thread 3 ] DEBUG Engine               - class com.almasb.fxgl.app.services.UpdaterService
11:13:48.342 [FXGL Background Thread 3 ] DEBUG Engine               - class com.almasb.fxgl.dev.DevService
11:14:01.959 [JavaFX Application Thread] DEBUG FXGLApplication      - Exiting FXGL
11:14:01.959 [JavaFX Application Thread] DEBUG LoopRunner           - Stopping loop
11:14:01.959 [JavaFX Application Thread] DEBUG SystemBundleService  - Saving FXGL system data
11:14:01.962 [JavaFX Application Thread] DEBUG FileSystemAccess     - Writing to: C:\Users\tangu\Desktop\Challengeweek\IPOSE_challengeweek\Docenten_vs_Studenten\system\fxgl.bundle
11:14:01.965 [JavaFX Application Thread] DEBUG Async                - Shutting down background threads
11:14:01.965 [JavaFX Application Thread] DEBUG PrimaryStageWindow   - Closing main window
11:14:01.977 [JavaFX Application Thread] DEBUG Logger               - Closing Logger
